2025-05-27 13:49:00.867 [info] Extension host with pid 96728 started
2025-05-27 13:49:00.870 [info] Lock '/home/prachighatge/.vscode-server/data/User/workspaceStorage/f9f0e80ace99e668b3e867bcad2b6309/vscode.lock': Lock acquired.
2025-05-27 13:49:00.949 [info] ExtensionService#_doActivateExtension vscode.emmet, startup: false, activationEvent: 'onLanguage'
2025-05-27 13:49:00.951 [info] ExtensionService#_doActivateExtension vscode.configuration-editing, startup: false, activationEvent: 'onLanguage:json'
2025-05-27 13:49:00.951 [info] ExtensionService#_doActivateExtension vscode.extension-editing, startup: false, activationEvent: 'onLanguage:json'
2025-05-27 13:49:00.952 [info] ExtensionService#_doActivateExtension vscode.json-language-features, startup: false, activationEvent: 'onLanguage:json'
2025-05-27 13:49:00.952 [info] ExtensionService#_doActivateExtension vscode.npm, startup: false, activationEvent: 'onLanguage:json'
2025-05-27 13:49:01.581 [info] ExtensionService#_doActivateExtension vscode.git-base, startup: true, activationEvent: '*', root cause: vscode.git
2025-05-27 13:49:01.613 [info] ExtensionService#_doActivateExtension vscode.git, startup: true, activationEvent: '*'
2025-05-27 13:49:01.613 [info] ExtensionService#_doActivateExtension vscode.github, startup: true, activationEvent: '*'
2025-05-27 13:49:01.819 [info] Eager extensions activated
2025-05-27 13:49:01.820 [info] ExtensionService#_doActivateExtension vscode.debug-auto-launch, startup: false, activationEvent: 'onStartupFinished'
2025-05-27 13:49:01.820 [info] ExtensionService#_doActivateExtension vscode.merge-conflict, startup: false, activationEvent: 'onStartupFinished'
2025-05-27 13:49:02.579 [info] ExtensionService#_doActivateExtension vscode.tunnel-forwarding, startup: false, activationEvent: 'onTunnel'
2025-05-27 13:49:18.060 [warning] [Decorations] CAPPING events from decorations provider vscode.git 263
2025-05-27 13:49:23.130 [warning] [Decorations] CAPPING events from decorations provider vscode.git 263
2025-05-27 13:49:28.305 [warning] [Decorations] CAPPING events from decorations provider vscode.git 263
2025-05-27 13:49:33.366 [warning] [Decorations] CAPPING events from decorations provider vscode.git 263
2025-05-27 13:49:38.427 [warning] [Decorations] CAPPING events from decorations provider vscode.git 263
2025-05-27 13:49:43.495 [warning] [Decorations] CAPPING events from decorations provider vscode.git 263
2025-05-27 13:49:48.558 [warning] [Decorations] CAPPING events from decorations provider vscode.git 263
2025-05-27 13:49:53.612 [warning] [Decorations] CAPPING events from decorations provider vscode.git 263
2025-05-27 13:49:58.790 [warning] [Decorations] CAPPING events from decorations provider vscode.git 263
2025-05-27 13:50:03.850 [warning] [Decorations] CAPPING events from decorations provider vscode.git 263
2025-05-27 13:50:09.818 [warning] [Decorations] CAPPING events from decorations provider vscode.git 263
2025-05-27 13:50:14.880 [warning] [Decorations] CAPPING events from decorations provider vscode.git 263
2025-05-27 13:50:20.311 [warning] [Decorations] CAPPING events from decorations provider vscode.git 263
2025-05-27 13:50:25.487 [warning] [Decorations] CAPPING events from decorations provider vscode.git 263
2025-05-27 13:50:30.546 [warning] [Decorations] CAPPING events from decorations provider vscode.git 263
2025-05-27 13:50:35.612 [warning] [Decorations] CAPPING events from decorations provider vscode.git 263
2025-05-27 13:50:40.670 [warning] [Decorations] CAPPING events from decorations provider vscode.git 263
2025-05-27 13:50:45.734 [warning] [Decorations] CAPPING events from decorations provider vscode.git 263
2025-05-27 13:50:50.797 [warning] [Decorations] CAPPING events from decorations provider vscode.git 263
2025-05-27 13:50:55.973 [warning] [Decorations] CAPPING events from decorations provider vscode.git 263
2025-05-27 13:51:01.036 [warning] [Decorations] CAPPING events from decorations provider vscode.git 263
2025-05-27 13:51:06.094 [warning] [Decorations] CAPPING events from decorations provider vscode.git 263
2025-05-27 13:51:12.591 [warning] [Decorations] CAPPING events from decorations provider vscode.git 263
2025-05-27 13:51:17.653 [warning] [Decorations] CAPPING events from decorations provider vscode.git 263
2025-05-27 13:51:22.715 [warning] [Decorations] CAPPING events from decorations provider vscode.git 263
2025-05-27 13:51:27.902 [warning] [Decorations] CAPPING events from decorations provider vscode.git 263
2025-05-27 13:51:32.964 [warning] [Decorations] CAPPING events from decorations provider vscode.git 263
2025-05-27 13:51:38.025 [warning] [Decorations] CAPPING events from decorations provider vscode.git 263
2025-05-27 13:51:43.088 [warning] [Decorations] CAPPING events from decorations provider vscode.git 263
2025-05-27 13:51:48.147 [warning] [Decorations] CAPPING events from decorations provider vscode.git 263
2025-05-27 13:51:53.213 [warning] [Decorations] CAPPING events from decorations provider vscode.git 263
2025-05-27 13:51:58.406 [warning] [Decorations] CAPPING events from decorations provider vscode.git 263
2025-05-27 13:52:03.468 [warning] [Decorations] CAPPING events from decorations provider vscode.git 263
2025-05-27 13:52:08.524 [warning] [Decorations] CAPPING events from decorations provider vscode.git 263
2025-05-27 13:52:13.581 [warning] [Decorations] CAPPING events from decorations provider vscode.git 263
2025-05-27 13:52:18.638 [warning] [Decorations] CAPPING events from decorations provider vscode.git 263
2025-05-27 13:52:23.708 [warning] [Decorations] CAPPING events from decorations provider vscode.git 263
2025-05-27 13:52:28.905 [warning] [Decorations] CAPPING events from decorations provider vscode.git 263
2025-05-27 13:52:33.964 [warning] [Decorations] CAPPING events from decorations provider vscode.git 263
2025-05-27 13:52:39.024 [warning] [Decorations] CAPPING events from decorations provider vscode.git 263
2025-05-27 13:52:44.093 [warning] [Decorations] CAPPING events from decorations provider vscode.git 263
2025-05-27 13:52:49.157 [warning] [Decorations] CAPPING events from decorations provider vscode.git 263
2025-05-27 13:52:54.217 [warning] [Decorations] CAPPING events from decorations provider vscode.git 263
2025-05-27 13:52:59.397 [warning] [Decorations] CAPPING events from decorations provider vscode.git 263
2025-05-27 13:53:04.461 [warning] [Decorations] CAPPING events from decorations provider vscode.git 263
2025-05-27 13:53:09.518 [warning] [Decorations] CAPPING events from decorations provider vscode.git 263
2025-05-27 13:53:14.575 [warning] [Decorations] CAPPING events from decorations provider vscode.git 263
2025-05-27 13:53:19.634 [warning] [Decorations] CAPPING events from decorations provider vscode.git 263
2025-05-27 13:53:24.691 [warning] [Decorations] CAPPING events from decorations provider vscode.git 263
2025-05-27 13:53:29.876 [warning] [Decorations] CAPPING events from decorations provider vscode.git 263
2025-05-27 13:53:34.935 [warning] [Decorations] CAPPING events from decorations provider vscode.git 263
2025-05-27 13:53:39.994 [warning] [Decorations] CAPPING events from decorations provider vscode.git 263
2025-05-27 13:53:45.059 [warning] [Decorations] CAPPING events from decorations provider vscode.git 263
2025-05-27 13:53:50.119 [warning] [Decorations] CAPPING events from decorations provider vscode.git 263
2025-05-27 13:53:55.311 [warning] [Decorations] CAPPING events from decorations provider vscode.git 263
2025-05-27 13:54:00.376 [warning] [Decorations] CAPPING events from decorations provider vscode.git 263
2025-05-27 13:54:05.436 [warning] [Decorations] CAPPING events from decorations provider vscode.git 263
2025-05-27 13:54:10.493 [warning] [Decorations] CAPPING events from decorations provider vscode.git 263
2025-05-27 13:54:15.556 [warning] [Decorations] CAPPING events from decorations provider vscode.git 263
2025-05-27 13:59:15.644 [warning] [Decorations] CAPPING events from decorations provider vscode.git 263
2025-05-27 13:59:15.647 [info] Extension host terminating: received terminate message from renderer
2025-05-27 13:59:15.648 [info] Lock '/home/prachighatge/.vscode-server/data/User/workspaceStorage/f9f0e80ace99e668b3e867bcad2b6309/vscode.lock': Marking the lockfile as scheduled to be released in 6000 ms.
2025-05-27 13:59:15.680 [info] Extension host with pid 96728 exiting with code 0
