2025-05-23 10:38:41.649 [info] Extension host with pid 37534 started
2025-05-23 10:38:41.650 [info] Lock '/home/prachighatge/.vscode-server/data/User/workspaceStorage/f9f0e80ace99e668b3e867bcad2b6309/vscode.lock': Lock acquired.
2025-05-23 10:38:41.803 [info] ExtensionService#_doActivateExtension vscode.emmet, startup: false, activationEvent: 'onLanguage'
2025-05-23 10:38:41.804 [info] ExtensionService#_doActivateExtension vscode.typescript-language-features, startup: false, activationEvent: 'onLanguage:javascript'
2025-05-23 10:38:42.158 [info] ExtensionService#_doActivateExtension vscode.git-base, startup: true, activationEvent: '*', root cause: vscode.git
2025-05-23 10:38:42.235 [info] ExtensionService#_doActivateExtension vscode.git, startup: true, activationEvent: '*'
2025-05-23 10:38:42.235 [info] ExtensionService#_doActivateExtension vscode.github, startup: true, activationEvent: '*'
2025-05-23 10:38:42.566 [info] Eager extensions activated
2025-05-23 10:38:42.566 [info] ExtensionService#_doActivateExtension vscode.debug-auto-launch, startup: false, activationEvent: 'onStartupFinished'
2025-05-23 10:38:42.567 [info] ExtensionService#_doActivateExtension vscode.merge-conflict, startup: false, activationEvent: 'onStartupFinished'
2025-05-23 10:38:43.422 [info] ExtensionService#_doActivateExtension vscode.tunnel-forwarding, startup: false, activationEvent: 'onTunnel'
2025-05-23 10:39:58.220 [info] ExtensionService#_doActivateExtension ms-azuretools.vscode-docker, startup: false, activationEvent: 'onLanguage:dockerfile'
2025-05-23 11:14:16.842 [info] ExtensionService#_doActivateExtension vscode.configuration-editing, startup: false, activationEvent: 'onLanguage:json'
2025-05-23 11:14:16.844 [info] ExtensionService#_doActivateExtension vscode.extension-editing, startup: false, activationEvent: 'onLanguage:json'
2025-05-23 11:14:16.845 [info] ExtensionService#_doActivateExtension vscode.json-language-features, startup: false, activationEvent: 'onLanguage:json'
2025-05-23 11:14:16.845 [info] ExtensionService#_doActivateExtension vscode.npm, startup: false, activationEvent: 'onLanguage:json'
2025-05-23 11:18:48.202 [info] ExtensionService#_doActivateExtension vscode.css-language-features, startup: false, activationEvent: 'onLanguage:css'
2025-05-23 13:10:55.306 [info] Extension host terminating: received terminate message from renderer
2025-05-23 13:10:55.307 [info] Lock '/home/prachighatge/.vscode-server/data/User/workspaceStorage/f9f0e80ace99e668b3e867bcad2b6309/vscode.lock': Marking the lockfile as scheduled to be released in 6000 ms.
2025-05-23 13:10:55.462 [info] Extension host with pid 37534 exiting with code 0
