2025-06-04 13:03:34.914 [info] [main] Log level: Info
2025-06-04 13:03:34.914 [info] [main] Validating found git in: "git"
2025-06-04 13:03:34.914 [info] [main] Using git "2.43.0" from "git"
2025-06-04 13:03:34.914 [info] [Model][doInitialScan] Initial repository scan started
2025-06-04 13:03:34.914 [info] > git rev-parse --show-toplevel [98ms]
2025-06-04 13:03:34.914 [info] > git rev-parse --git-dir --git-common-dir [7ms]
2025-06-04 13:03:34.914 [info] [Model][openRepository] Opened repository (path): /home/prachighatge
2025-06-04 13:03:34.914 [info] [Model][openRepository] Opened repository (real path): /home/prachighatge
2025-06-04 13:03:34.917 [info] > git rev-parse --show-toplevel [6ms]
2025-06-04 13:03:34.919 [info] > git config --get commit.template [19ms]
2025-06-04 13:03:34.967 [info] > git for-each-ref --format=%(refname)%00%(upstream:short)%00%(objectname)%00%(upstream:track)%00%(upstream:remotename)%00%(upstream:remoteref) refs/heads/main refs/remotes/main [31ms]
2025-06-04 13:03:34.971 [info] > git rev-parse --show-toplevel [19ms]
2025-06-04 13:03:34.985 [info] > git rev-parse --show-toplevel [1ms]
2025-06-04 13:03:35.002 [info] > git for-each-ref --sort -committerdate --format %(refname)%00%(objectname)%00%(*objectname) [7ms]
2025-06-04 13:03:35.008 [info] > git rev-parse --show-toplevel [8ms]
2025-06-04 13:03:35.016 [info] > git rev-parse --show-toplevel [2ms]
2025-06-04 13:03:35.031 [info] > git rev-parse --show-toplevel [10ms]
2025-06-04 13:03:35.038 [info] > git rev-parse --show-toplevel [2ms]
2025-06-04 13:03:35.044 [info] > git rev-parse --show-toplevel [1ms]
2025-06-04 13:03:35.074 [info] > git rev-parse --show-toplevel [1ms]
2025-06-04 13:03:35.092 [info] > git rev-parse --show-toplevel [5ms]
2025-06-04 13:03:35.105 [info] [Model][doInitialScan] Initial repository scan completed - repositories (1), closed repositories (0), parent repositories (0), unsafe repositories (0)
2025-06-04 13:03:35.244 [info] > git show --textconv :my-first-app/src/App.css [27ms]
2025-06-04 13:03:35.245 [info] > git ls-files --stage -- my-first-app/src/App.css [19ms]
2025-06-04 13:03:35.252 [info] > git cat-file -s 46b201bdff1f51cb8b6f9cb8407a435f1dc6d27f [3ms]
2025-06-04 13:03:35.352 [info] > git blame --root --incremental d3c7720d9f7688abda10b211b568db785dc4a43a -- my-first-app/src/App.css [29ms]
2025-06-04 13:03:35.514 [info] > git status -z -uall [524ms]
2025-06-04 13:03:35.597 [info] > git check-ignore -v -z --stdin [129ms]
2025-06-04 13:03:35.599 [info] > git for-each-ref --format=%(refname)%00%(upstream:short)%00%(objectname)%00%(upstream:track)%00%(upstream:remotename)%00%(upstream:remoteref) refs/heads/main refs/remotes/main [14ms]
2025-06-04 13:03:35.605 [info] > git config --get --local branch.main.vscode-merge-base [1ms]
2025-06-04 13:03:35.605 [warning] [Git][config] git config failed: Failed to execute git
2025-06-04 13:03:35.609 [info] > git config --get commit.template [13ms]
2025-06-04 13:03:35.623 [info] > git for-each-ref --format=%(refname)%00%(upstream:short)%00%(objectname)%00%(upstream:track)%00%(upstream:remotename)%00%(upstream:remoteref) refs/heads/main refs/remotes/main [9ms]
2025-06-04 13:03:35.623 [info] > git reflog main --grep-reflog=branch: Created from *. [15ms]
2025-06-04 13:03:35.775 [info] > git symbolic-ref --short refs/remotes/origin/HEAD [149ms]
2025-06-04 13:03:35.775 [info] fatal: ref refs/remotes/origin/HEAD is not a symbolic ref
2025-06-04 13:03:35.775 [warning] [Repository][getDefaultBranch] Failed to get default branch details: Failed to execute git.
2025-06-04 13:03:35.782 [info] > git merge-base refs/heads/main refs/remotes/origin/main [3ms]
2025-06-04 13:03:35.796 [info] > git diff --name-status -z --diff-filter=ADMR d3c7720d9f7688abda10b211b568db785dc4a43a...refs/remotes/origin/main [10ms]
2025-06-04 13:03:35.798 [info] > git for-each-ref --sort -committerdate --format %(refname)%00%(objectname)%00%(*objectname) [4ms]
2025-06-04 13:03:36.063 [info] > git status -z -uall [273ms]
2025-06-04 13:04:01.966 [info] > git config --get commit.template [4ms]
2025-06-04 13:04:01.967 [info] > git for-each-ref --format=%(refname)%00%(upstream:short)%00%(objectname)%00%(upstream:track)%00%(upstream:remotename)%00%(upstream:remoteref) refs/heads/main refs/remotes/main [2ms]
2025-06-04 13:04:01.977 [info] > git for-each-ref --sort -committerdate --format %(refname)%00%(objectname)%00%(*objectname) [1ms]
2025-06-04 13:04:02.110 [info] > git status -z -uall [138ms]
2025-06-04 13:04:07.129 [info] > git config --get commit.template [4ms]
2025-06-04 13:04:07.130 [info] > git for-each-ref --format=%(refname)%00%(upstream:short)%00%(objectname)%00%(upstream:track)%00%(upstream:remotename)%00%(upstream:remoteref) refs/heads/main refs/remotes/main [2ms]
2025-06-04 13:04:07.138 [info] > git for-each-ref --sort -committerdate --format %(refname)%00%(objectname)%00%(*objectname) [2ms]
2025-06-04 13:04:07.266 [info] > git status -z -uall [133ms]
2025-06-04 13:04:14.550 [info] > git config --get commit.template [3ms]
2025-06-04 13:04:14.556 [info] > git for-each-ref --format=%(refname)%00%(upstream:short)%00%(objectname)%00%(upstream:track)%00%(upstream:remotename)%00%(upstream:remoteref) refs/heads/main refs/remotes/main [3ms]
2025-06-04 13:04:14.569 [info] > git for-each-ref --sort -committerdate --format %(refname)%00%(objectname)%00%(*objectname) [4ms]
2025-06-04 13:04:14.658 [info] > git status -z -uall [98ms]
2025-06-04 13:05:47.326 [info] > git config --get commit.template [2ms]
2025-06-04 13:05:47.326 [info] > git for-each-ref --format=%(refname)%00%(upstream:short)%00%(objectname)%00%(upstream:track)%00%(upstream:remotename)%00%(upstream:remoteref) refs/heads/main refs/remotes/main [1ms]
2025-06-04 13:05:47.331 [info] > git for-each-ref --sort -committerdate --format %(refname)%00%(objectname)%00%(*objectname) [0ms]
2025-06-04 13:05:47.391 [info] > git status -z -uall [63ms]
2025-06-04 13:05:47.743 [info] > git show --textconv :my-first-app/package.json [14ms]
2025-06-04 13:05:47.743 [info] > git ls-files --stage -- my-first-app/package.json [10ms]
2025-06-04 13:05:47.747 [info] > git cat-file -s daf9d8223d91f6477301a66800b6ee03ee8f4101 [1ms]
2025-06-04 13:05:47.761 [info] > git blame --root --incremental d3c7720d9f7688abda10b211b568db785dc4a43a -- my-first-app/package.json [3ms]
2025-06-04 13:05:54.734 [info] > git config --get commit.template [3ms]
2025-06-04 13:05:54.734 [info] > git for-each-ref --format=%(refname)%00%(upstream:short)%00%(objectname)%00%(upstream:track)%00%(upstream:remotename)%00%(upstream:remoteref) refs/heads/main refs/remotes/main [1ms]
2025-06-04 13:05:54.741 [info] > git for-each-ref --sort -committerdate --format %(refname)%00%(objectname)%00%(*objectname) [1ms]
2025-06-04 13:05:54.813 [info] > git status -z -uall [76ms]
2025-06-04 13:05:59.827 [info] > git config --get commit.template [2ms]
2025-06-04 13:05:59.827 [info] > git for-each-ref --format=%(refname)%00%(upstream:short)%00%(objectname)%00%(upstream:track)%00%(upstream:remotename)%00%(upstream:remoteref) refs/heads/main refs/remotes/main [1ms]
2025-06-04 13:05:59.835 [info] > git for-each-ref --sort -committerdate --format %(refname)%00%(objectname)%00%(*objectname) [1ms]
2025-06-04 13:05:59.898 [info] > git status -z -uall [68ms]
2025-06-04 13:06:04.923 [info] > git config --get commit.template [5ms]
2025-06-04 13:06:04.923 [info] > git for-each-ref --format=%(refname)%00%(upstream:short)%00%(objectname)%00%(upstream:track)%00%(upstream:remotename)%00%(upstream:remoteref) refs/heads/main refs/remotes/main [1ms]
2025-06-04 13:06:04.930 [info] > git for-each-ref --sort -committerdate --format %(refname)%00%(objectname)%00%(*objectname) [1ms]
2025-06-04 13:06:04.990 [info] > git status -z -uall [63ms]
2025-06-04 13:06:10.048 [info] > git config --get commit.template [2ms]
2025-06-04 13:06:10.048 [info] > git for-each-ref --format=%(refname)%00%(upstream:short)%00%(objectname)%00%(upstream:track)%00%(upstream:remotename)%00%(upstream:remoteref) refs/heads/main refs/remotes/main [1ms]
2025-06-04 13:06:10.053 [info] > git for-each-ref --sort -committerdate --format %(refname)%00%(objectname)%00%(*objectname) [0ms]
2025-06-04 13:06:10.109 [info] > git status -z -uall [58ms]
2025-06-04 13:06:15.135 [info] > git config --get commit.template [1ms]
2025-06-04 13:06:15.139 [info] > git for-each-ref --format=%(refname)%00%(upstream:short)%00%(objectname)%00%(upstream:track)%00%(upstream:remotename)%00%(upstream:remoteref) refs/heads/main refs/remotes/main [1ms]
2025-06-04 13:06:15.147 [info] > git for-each-ref --sort -committerdate --format %(refname)%00%(objectname)%00%(*objectname) [2ms]
2025-06-04 13:06:15.207 [info] > git status -z -uall [65ms]
2025-06-04 13:06:20.219 [info] > git config --get commit.template [1ms]
2025-06-04 13:06:20.222 [info] > git for-each-ref --format=%(refname)%00%(upstream:short)%00%(objectname)%00%(upstream:track)%00%(upstream:remotename)%00%(upstream:remoteref) refs/heads/main refs/remotes/main [1ms]
2025-06-04 13:06:20.227 [info] > git for-each-ref --sort -committerdate --format %(refname)%00%(objectname)%00%(*objectname) [1ms]
2025-06-04 13:06:20.282 [info] > git status -z -uall [58ms]
2025-06-04 13:06:23.852 [info] > git config --get commit.template [2ms]
2025-06-04 13:06:23.857 [info] > git for-each-ref --format=%(refname)%00%(upstream:short)%00%(objectname)%00%(upstream:track)%00%(upstream:remotename)%00%(upstream:remoteref) refs/heads/main refs/remotes/main [1ms]
2025-06-04 13:06:23.864 [info] > git for-each-ref --sort -committerdate --format %(refname)%00%(objectname)%00%(*objectname) [1ms]
2025-06-04 13:06:23.925 [info] > git status -z -uall [63ms]
2025-06-04 13:06:28.935 [info] > git config --get commit.template [1ms]
2025-06-04 13:06:28.938 [info] > git for-each-ref --format=%(refname)%00%(upstream:short)%00%(objectname)%00%(upstream:track)%00%(upstream:remotename)%00%(upstream:remoteref) refs/heads/main refs/remotes/main [1ms]
2025-06-04 13:06:28.944 [info] > git for-each-ref --sort -committerdate --format %(refname)%00%(objectname)%00%(*objectname) [1ms]
2025-06-04 13:06:29.011 [info] > git status -z -uall [70ms]
2025-06-04 13:06:34.032 [info] > git config --get commit.template [5ms]
2025-06-04 13:06:34.038 [info] > git for-each-ref --format=%(refname)%00%(upstream:short)%00%(objectname)%00%(upstream:track)%00%(upstream:remotename)%00%(upstream:remoteref) refs/heads/main refs/remotes/main [1ms]
2025-06-04 13:06:34.047 [info] > git for-each-ref --sort -committerdate --format %(refname)%00%(objectname)%00%(*objectname) [1ms]
2025-06-04 13:06:34.108 [info] > git status -z -uall [67ms]
2025-06-04 13:07:34.848 [info] > git config --get commit.template [7ms]
2025-06-04 13:07:34.849 [info] > git for-each-ref --format=%(refname)%00%(upstream:short)%00%(objectname)%00%(upstream:track)%00%(upstream:remotename)%00%(upstream:remoteref) refs/heads/main refs/remotes/main [3ms]
2025-06-04 13:07:34.860 [info] > git for-each-ref --sort -committerdate --format %(refname)%00%(objectname)%00%(*objectname) [3ms]
2025-06-04 13:07:34.930 [info] > git status -z -uall [77ms]
2025-06-04 13:07:35.357 [info] > git show --textconv :my-first-app/src/App.css [6ms]
2025-06-04 13:07:35.358 [info] > git ls-files --stage -- my-first-app/src/App.css [5ms]
2025-06-04 13:07:35.362 [info] > git cat-file -s 46b201bdff1f51cb8b6f9cb8407a435f1dc6d27f [1ms]
2025-06-04 13:07:39.946 [info] > git config --get commit.template [1ms]
2025-06-04 13:07:39.950 [info] > git for-each-ref --format=%(refname)%00%(upstream:short)%00%(objectname)%00%(upstream:track)%00%(upstream:remotename)%00%(upstream:remoteref) refs/heads/main refs/remotes/main [2ms]
2025-06-04 13:07:39.955 [info] > git for-each-ref --sort -committerdate --format %(refname)%00%(objectname)%00%(*objectname) [1ms]
2025-06-04 13:07:40.008 [info] > git status -z -uall [55ms]
2025-06-04 13:07:45.023 [info] > git config --get commit.template [1ms]
2025-06-04 13:07:45.026 [info] > git for-each-ref --format=%(refname)%00%(upstream:short)%00%(objectname)%00%(upstream:track)%00%(upstream:remotename)%00%(upstream:remoteref) refs/heads/main refs/remotes/main [1ms]
2025-06-04 13:07:45.032 [info] > git for-each-ref --sort -committerdate --format %(refname)%00%(objectname)%00%(*objectname) [1ms]
2025-06-04 13:07:45.087 [info] > git status -z -uall [58ms]
2025-06-04 13:07:48.742 [info] > git config --get commit.template [2ms]
2025-06-04 13:07:48.744 [info] > git for-each-ref --format=%(refname)%00%(upstream:short)%00%(objectname)%00%(upstream:track)%00%(upstream:remotename)%00%(upstream:remoteref) refs/heads/main refs/remotes/main [2ms]
2025-06-04 13:07:48.749 [info] > git for-each-ref --sort -committerdate --format %(refname)%00%(objectname)%00%(*objectname) [1ms]
2025-06-04 13:07:48.805 [info] > git status -z -uall [59ms]
2025-06-04 13:07:53.821 [info] > git config --get commit.template [1ms]
2025-06-04 13:07:53.825 [info] > git for-each-ref --format=%(refname)%00%(upstream:short)%00%(objectname)%00%(upstream:track)%00%(upstream:remotename)%00%(upstream:remoteref) refs/heads/main refs/remotes/main [2ms]
2025-06-04 13:07:53.829 [info] > git for-each-ref --sort -committerdate --format %(refname)%00%(objectname)%00%(*objectname) [0ms]
2025-06-04 13:07:53.887 [info] > git status -z -uall [60ms]
2025-06-04 13:07:58.909 [info] > git config --get commit.template [2ms]
2025-06-04 13:07:58.909 [info] > git for-each-ref --format=%(refname)%00%(upstream:short)%00%(objectname)%00%(upstream:track)%00%(upstream:remotename)%00%(upstream:remoteref) refs/heads/main refs/remotes/main [1ms]
2025-06-04 13:07:58.918 [info] > git for-each-ref --sort -committerdate --format %(refname)%00%(objectname)%00%(*objectname) [6ms]
2025-06-04 13:07:58.982 [info] > git status -z -uall [70ms]
2025-06-04 13:08:03.993 [info] > git config --get commit.template [2ms]
2025-06-04 13:08:03.994 [info] > git for-each-ref --format=%(refname)%00%(upstream:short)%00%(objectname)%00%(upstream:track)%00%(upstream:remotename)%00%(upstream:remoteref) refs/heads/main refs/remotes/main [1ms]
2025-06-04 13:08:03.999 [info] > git for-each-ref --sort -committerdate --format %(refname)%00%(objectname)%00%(*objectname) [1ms]
2025-06-04 13:08:04.064 [info] > git status -z -uall [68ms]
2025-06-04 13:08:09.084 [info] > git config --get commit.template [1ms]
2025-06-04 13:08:09.087 [info] > git for-each-ref --format=%(refname)%00%(upstream:short)%00%(objectname)%00%(upstream:track)%00%(upstream:remotename)%00%(upstream:remoteref) refs/heads/main refs/remotes/main [1ms]
2025-06-04 13:08:09.092 [info] > git for-each-ref --sort -committerdate --format %(refname)%00%(objectname)%00%(*objectname) [1ms]
2025-06-04 13:08:09.159 [info] > git status -z -uall [70ms]
2025-06-04 13:08:14.190 [info] > git config --get commit.template [3ms]
2025-06-04 13:08:14.191 [info] > git for-each-ref --format=%(refname)%00%(upstream:short)%00%(objectname)%00%(upstream:track)%00%(upstream:remotename)%00%(upstream:remoteref) refs/heads/main refs/remotes/main [1ms]
2025-06-04 13:08:14.196 [info] > git for-each-ref --sort -committerdate --format %(refname)%00%(objectname)%00%(*objectname) [1ms]
2025-06-04 13:08:14.255 [info] > git status -z -uall [62ms]
2025-06-04 13:08:16.547 [info] > git check-ignore -v -z --stdin [12ms]
2025-06-04 13:08:18.013 [info] > git config --get commit.template [2ms]
2025-06-04 13:08:18.013 [info] > git for-each-ref --format=%(refname)%00%(upstream:short)%00%(objectname)%00%(upstream:track)%00%(upstream:remotename)%00%(upstream:remoteref) refs/heads/main refs/remotes/main [0ms]
2025-06-04 13:08:18.019 [info] > git for-each-ref --sort -committerdate --format %(refname)%00%(objectname)%00%(*objectname) [0ms]
2025-06-04 13:08:18.062 [info] > git status -z -uall [46ms]
2025-06-04 13:08:21.386 [info] > git ls-files --stage -- my-first-app/package-lock.json [11ms]
2025-06-04 13:08:21.390 [info] > git show --textconv :my-first-app/package-lock.json [19ms]
2025-06-04 13:08:21.391 [info] > git cat-file -s f40e5388295ef208a4e3bee92f52af911a998626 [2ms]
2025-06-04 13:08:21.735 [info] > git show --textconv :my-first-app/README.md [7ms]
2025-06-04 13:08:21.743 [info] > git ls-files --stage -- my-first-app/README.md [12ms]
2025-06-04 13:08:21.746 [info] > git cat-file -s 58beeaccd87e230076cab531b8f418f40b6d1aeb [1ms]
2025-06-04 13:08:22.150 [info] > git show --textconv :my-first-app/package.json [6ms]
2025-06-04 13:08:22.151 [info] > git ls-files --stage -- my-first-app/package.json [6ms]
2025-06-04 13:08:22.153 [info] > git cat-file -s daf9d8223d91f6477301a66800b6ee03ee8f4101 [0ms]
2025-06-04 13:08:23.078 [info] > git config --get commit.template [2ms]
2025-06-04 13:08:23.082 [info] > git for-each-ref --format=%(refname)%00%(upstream:short)%00%(objectname)%00%(upstream:track)%00%(upstream:remotename)%00%(upstream:remoteref) refs/heads/main refs/remotes/main [1ms]
2025-06-04 13:08:23.088 [info] > git for-each-ref --sort -committerdate --format %(refname)%00%(objectname)%00%(*objectname) [1ms]
2025-06-04 13:08:23.134 [info] > git status -z -uall [49ms]
2025-06-04 13:08:29.585 [info] > git config --get commit.template [4ms]
2025-06-04 13:08:29.586 [info] > git for-each-ref --format=%(refname)%00%(upstream:short)%00%(objectname)%00%(upstream:track)%00%(upstream:remotename)%00%(upstream:remoteref) refs/heads/main refs/remotes/main [2ms]
2025-06-04 13:08:29.595 [info] > git for-each-ref --sort -committerdate --format %(refname)%00%(objectname)%00%(*objectname) [1ms]
2025-06-04 13:08:29.653 [info] > git status -z -uall [63ms]
2025-06-04 13:08:34.667 [info] > git config --get commit.template [0ms]
2025-06-04 13:08:34.669 [info] > git for-each-ref --format=%(refname)%00%(upstream:short)%00%(objectname)%00%(upstream:track)%00%(upstream:remotename)%00%(upstream:remoteref) refs/heads/main refs/remotes/main [1ms]
2025-06-04 13:08:34.673 [info] > git for-each-ref --sort -committerdate --format %(refname)%00%(objectname)%00%(*objectname) [1ms]
2025-06-04 13:08:34.717 [info] > git status -z -uall [46ms]
2025-06-04 13:08:39.744 [info] > git config --get commit.template [6ms]
2025-06-04 13:08:39.746 [info] > git for-each-ref --format=%(refname)%00%(upstream:short)%00%(objectname)%00%(upstream:track)%00%(upstream:remotename)%00%(upstream:remoteref) refs/heads/main refs/remotes/main [3ms]
2025-06-04 13:08:39.763 [info] > git for-each-ref --sort -committerdate --format %(refname)%00%(objectname)%00%(*objectname) [2ms]
2025-06-04 13:08:39.806 [info] > git status -z -uall [55ms]
2025-06-04 13:08:43.454 [info] > git config --get commit.template [1ms]
2025-06-04 13:08:43.458 [info] > git for-each-ref --format=%(refname)%00%(upstream:short)%00%(objectname)%00%(upstream:track)%00%(upstream:remotename)%00%(upstream:remoteref) refs/heads/main refs/remotes/main [1ms]
2025-06-04 13:08:43.464 [info] > git for-each-ref --sort -committerdate --format %(refname)%00%(objectname)%00%(*objectname) [1ms]
2025-06-04 13:08:43.502 [info] > git status -z -uall [41ms]
2025-06-04 13:08:48.527 [info] > git config --get commit.template [4ms]
2025-06-04 13:08:48.528 [info] > git for-each-ref --format=%(refname)%00%(upstream:short)%00%(objectname)%00%(upstream:track)%00%(upstream:remotename)%00%(upstream:remoteref) refs/heads/main refs/remotes/main [1ms]
2025-06-04 13:08:48.536 [info] > git for-each-ref --sort -committerdate --format %(refname)%00%(objectname)%00%(*objectname) [2ms]
2025-06-04 13:08:48.578 [info] > git status -z -uall [46ms]
2025-06-04 13:08:53.595 [info] > git config --get commit.template [4ms]
2025-06-04 13:08:53.596 [info] > git for-each-ref --format=%(refname)%00%(upstream:short)%00%(objectname)%00%(upstream:track)%00%(upstream:remotename)%00%(upstream:remoteref) refs/heads/main refs/remotes/main [2ms]
2025-06-04 13:08:53.602 [info] > git for-each-ref --sort -committerdate --format %(refname)%00%(objectname)%00%(*objectname) [1ms]
2025-06-04 13:08:53.646 [info] > git status -z -uall [47ms]
2025-06-04 13:08:58.662 [info] > git config --get commit.template [4ms]
2025-06-04 13:08:58.663 [info] > git for-each-ref --format=%(refname)%00%(upstream:short)%00%(objectname)%00%(upstream:track)%00%(upstream:remotename)%00%(upstream:remoteref) refs/heads/main refs/remotes/main [1ms]
2025-06-04 13:08:58.669 [info] > git for-each-ref --sort -committerdate --format %(refname)%00%(objectname)%00%(*objectname) [1ms]
2025-06-04 13:08:58.706 [info] > git status -z -uall [40ms]
2025-06-04 13:09:03.725 [info] > git config --get commit.template [6ms]
2025-06-04 13:09:03.726 [info] > git for-each-ref --format=%(refname)%00%(upstream:short)%00%(objectname)%00%(upstream:track)%00%(upstream:remotename)%00%(upstream:remoteref) refs/heads/main refs/remotes/main [2ms]
2025-06-04 13:09:03.735 [info] > git for-each-ref --sort -committerdate --format %(refname)%00%(objectname)%00%(*objectname) [2ms]
2025-06-04 13:09:03.779 [info] > git status -z -uall [49ms]
2025-06-04 13:10:21.378 [info] > git config --get commit.template [1ms]
2025-06-04 13:10:21.382 [info] > git for-each-ref --format=%(refname)%00%(upstream:short)%00%(objectname)%00%(upstream:track)%00%(upstream:remotename)%00%(upstream:remoteref) refs/heads/main refs/remotes/main [1ms]
2025-06-04 13:10:21.391 [info] > git for-each-ref --sort -committerdate --format %(refname)%00%(objectname)%00%(*objectname) [1ms]
2025-06-04 13:10:21.454 [info] > git status -z -uall [68ms]
2025-06-04 13:10:26.823 [info] > git config --get commit.template [1ms]
2025-06-04 13:10:26.827 [info] > git for-each-ref --format=%(refname)%00%(upstream:short)%00%(objectname)%00%(upstream:track)%00%(upstream:remotename)%00%(upstream:remoteref) refs/heads/main refs/remotes/main [1ms]
2025-06-04 13:10:26.836 [info] > git for-each-ref --sort -committerdate --format %(refname)%00%(objectname)%00%(*objectname) [1ms]
2025-06-04 13:10:26.884 [info] > git status -z -uall [53ms]
2025-06-04 13:10:31.117 [info] > git check-ignore -v -z --stdin [7ms]
2025-06-04 13:10:37.769 [info] > git config --get commit.template [1ms]
2025-06-04 13:10:37.772 [info] > git for-each-ref --format=%(refname)%00%(upstream:short)%00%(objectname)%00%(upstream:track)%00%(upstream:remotename)%00%(upstream:remoteref) refs/heads/main refs/remotes/main [1ms]
2025-06-04 13:10:37.780 [info] > git for-each-ref --sort -committerdate --format %(refname)%00%(objectname)%00%(*objectname) [1ms]
2025-06-04 13:10:37.822 [info] > git status -z -uall [46ms]
2025-06-04 13:10:42.837 [info] > git config --get commit.template [3ms]
2025-06-04 13:10:42.837 [info] > git for-each-ref --format=%(refname)%00%(upstream:short)%00%(objectname)%00%(upstream:track)%00%(upstream:remotename)%00%(upstream:remoteref) refs/heads/main refs/remotes/main [0ms]
2025-06-04 13:10:42.842 [info] > git for-each-ref --sort -committerdate --format %(refname)%00%(objectname)%00%(*objectname) [1ms]
2025-06-04 13:10:42.883 [info] > git status -z -uall [43ms]
2025-06-04 13:10:47.903 [info] > git config --get commit.template [5ms]
2025-06-04 13:10:47.904 [info] > git for-each-ref --format=%(refname)%00%(upstream:short)%00%(objectname)%00%(upstream:track)%00%(upstream:remotename)%00%(upstream:remoteref) refs/heads/main refs/remotes/main [2ms]
2025-06-04 13:10:47.912 [info] > git for-each-ref --sort -committerdate --format %(refname)%00%(objectname)%00%(*objectname) [1ms]
2025-06-04 13:10:47.952 [info] > git status -z -uall [44ms]
2025-06-04 13:12:18.861 [info] > git config --get commit.template [2ms]
2025-06-04 13:12:18.861 [info] > git for-each-ref --format=%(refname)%00%(upstream:short)%00%(objectname)%00%(upstream:track)%00%(upstream:remotename)%00%(upstream:remoteref) refs/heads/main refs/remotes/main [1ms]
2025-06-04 13:12:18.867 [info] > git for-each-ref --sort -committerdate --format %(refname)%00%(objectname)%00%(*objectname) [1ms]
2025-06-04 13:12:18.919 [info] > git status -z -uall [54ms]
2025-06-04 13:12:19.303 [info] > git show --textconv :my-first-app/src/App.css [6ms]
2025-06-04 13:12:19.305 [info] > git ls-files --stage -- my-first-app/src/App.css [5ms]
2025-06-04 13:12:19.307 [info] > git cat-file -s 46b201bdff1f51cb8b6f9cb8407a435f1dc6d27f [1ms]
2025-06-04 13:12:22.453 [info] > git ls-files --stage -- my-first-app/src/styles.css [7ms]
2025-06-04 13:12:22.455 [info] > git show --textconv :my-first-app/src/styles.css [11ms]
2025-06-04 13:12:22.456 [info] > git cat-file -s 4e4127778560fb88745158549b832f4e1c376d4f [1ms]
2025-06-04 13:12:22.467 [info] > git blame --root --incremental d3c7720d9f7688abda10b211b568db785dc4a43a -- my-first-app/src/styles.css [1ms]
2025-06-04 13:12:23.953 [info] > git config --get commit.template [5ms]
2025-06-04 13:12:23.954 [info] > git for-each-ref --format=%(refname)%00%(upstream:short)%00%(objectname)%00%(upstream:track)%00%(upstream:remotename)%00%(upstream:remoteref) refs/heads/main refs/remotes/main [2ms]
2025-06-04 13:12:23.960 [info] > git for-each-ref --sort -committerdate --format %(refname)%00%(objectname)%00%(*objectname) [1ms]
2025-06-04 13:12:24.001 [info] > git status -z -uall [44ms]
2025-06-04 13:12:29.037 [info] > git config --get commit.template [5ms]
2025-06-04 13:12:29.038 [info] > git for-each-ref --format=%(refname)%00%(upstream:short)%00%(objectname)%00%(upstream:track)%00%(upstream:remotename)%00%(upstream:remoteref) refs/heads/main refs/remotes/main [2ms]
2025-06-04 13:12:29.044 [info] > git for-each-ref --sort -committerdate --format %(refname)%00%(objectname)%00%(*objectname) [1ms]
2025-06-04 13:12:29.083 [info] > git status -z -uall [42ms]
2025-06-04 13:12:33.169 [info] > git config --get commit.template [1ms]
2025-06-04 13:12:33.173 [info] > git for-each-ref --format=%(refname)%00%(upstream:short)%00%(objectname)%00%(upstream:track)%00%(upstream:remotename)%00%(upstream:remoteref) refs/heads/main refs/remotes/main [1ms]
2025-06-04 13:12:33.179 [info] > git for-each-ref --sort -committerdate --format %(refname)%00%(objectname)%00%(*objectname) [1ms]
2025-06-04 13:12:33.217 [info] > git status -z -uall [41ms]
2025-06-04 13:12:38.243 [info] > git config --get commit.template [5ms]
2025-06-04 13:12:38.244 [info] > git for-each-ref --format=%(refname)%00%(upstream:short)%00%(objectname)%00%(upstream:track)%00%(upstream:remotename)%00%(upstream:remoteref) refs/heads/main refs/remotes/main [2ms]
2025-06-04 13:12:38.251 [info] > git for-each-ref --sort -committerdate --format %(refname)%00%(objectname)%00%(*objectname) [1ms]
2025-06-04 13:12:38.294 [info] > git status -z -uall [46ms]
2025-06-04 13:12:43.304 [info] > git config --get commit.template [3ms]
2025-06-04 13:12:43.304 [info] > git for-each-ref --format=%(refname)%00%(upstream:short)%00%(objectname)%00%(upstream:track)%00%(upstream:remotename)%00%(upstream:remoteref) refs/heads/main refs/remotes/main [1ms]
2025-06-04 13:12:43.309 [info] > git for-each-ref --sort -committerdate --format %(refname)%00%(objectname)%00%(*objectname) [0ms]
2025-06-04 13:12:43.346 [info] > git status -z -uall [39ms]
2025-06-04 13:12:48.367 [info] > git config --get commit.template [3ms]
2025-06-04 13:12:48.368 [info] > git for-each-ref --format=%(refname)%00%(upstream:short)%00%(objectname)%00%(upstream:track)%00%(upstream:remotename)%00%(upstream:remoteref) refs/heads/main refs/remotes/main [1ms]
2025-06-04 13:12:48.373 [info] > git for-each-ref --sort -committerdate --format %(refname)%00%(objectname)%00%(*objectname) [0ms]
2025-06-04 13:12:48.414 [info] > git status -z -uall [43ms]
2025-06-04 13:12:53.436 [info] > git config --get commit.template [2ms]
2025-06-04 13:12:53.441 [info] > git for-each-ref --format=%(refname)%00%(upstream:short)%00%(objectname)%00%(upstream:track)%00%(upstream:remotename)%00%(upstream:remoteref) refs/heads/main refs/remotes/main [1ms]
2025-06-04 13:12:53.447 [info] > git for-each-ref --sort -committerdate --format %(refname)%00%(objectname)%00%(*objectname) [1ms]
2025-06-04 13:12:53.488 [info] > git status -z -uall [44ms]
2025-06-04 13:13:44.965 [info] > git config --get commit.template [4ms]
2025-06-04 13:13:44.965 [info] > git for-each-ref --format=%(refname)%00%(upstream:short)%00%(objectname)%00%(upstream:track)%00%(upstream:remotename)%00%(upstream:remoteref) refs/heads/main refs/remotes/main [1ms]
2025-06-04 13:13:44.977 [info] > git for-each-ref --sort -committerdate --format %(refname)%00%(objectname)%00%(*objectname) [1ms]
2025-06-04 13:13:45.029 [info] > git status -z -uall [59ms]
2025-06-04 13:13:50.057 [info] > git config --get commit.template [4ms]
2025-06-04 13:13:50.058 [info] > git for-each-ref --format=%(refname)%00%(upstream:short)%00%(objectname)%00%(upstream:track)%00%(upstream:remotename)%00%(upstream:remoteref) refs/heads/main refs/remotes/main [1ms]
2025-06-04 13:13:50.065 [info] > git for-each-ref --sort -committerdate --format %(refname)%00%(objectname)%00%(*objectname) [1ms]
2025-06-04 13:13:50.112 [info] > git status -z -uall [50ms]
2025-06-04 13:13:50.544 [info] > git show --textconv :my-first-app/src/App.css [5ms]
2025-06-04 13:13:50.546 [info] > git ls-files --stage -- my-first-app/src/App.css [5ms]
2025-06-04 13:13:50.549 [info] > git cat-file -s 46b201bdff1f51cb8b6f9cb8407a435f1dc6d27f [1ms]
2025-06-04 13:13:55.146 [info] > git config --get commit.template [11ms]
2025-06-04 13:13:55.150 [info] > git for-each-ref --format=%(refname)%00%(upstream:short)%00%(objectname)%00%(upstream:track)%00%(upstream:remotename)%00%(upstream:remoteref) refs/heads/main refs/remotes/main [11ms]
2025-06-04 13:13:55.155 [info] > git for-each-ref --sort -committerdate --format %(refname)%00%(objectname)%00%(*objectname) [0ms]
2025-06-04 13:13:56.092 [info] > git status -z -uall [940ms]
2025-06-04 13:13:59.105 [info] > git ls-files --stage -- my-first-app/src/styles.css [7ms]
2025-06-04 13:13:59.108 [info] > git show --textconv :my-first-app/src/styles.css [11ms]
2025-06-04 13:13:59.109 [info] > git cat-file -s 4e4127778560fb88745158549b832f4e1c376d4f [1ms]
2025-06-04 13:13:59.679 [info] > git config --get commit.template [3ms]
2025-06-04 13:13:59.680 [info] > git for-each-ref --format=%(refname)%00%(upstream:short)%00%(objectname)%00%(upstream:track)%00%(upstream:remotename)%00%(upstream:remoteref) refs/heads/main refs/remotes/main [1ms]
2025-06-04 13:13:59.686 [info] > git for-each-ref --sort -committerdate --format %(refname)%00%(objectname)%00%(*objectname) [1ms]
2025-06-04 13:13:59.725 [info] > git status -z -uall [42ms]
