2025-06-02 08:44:02.621 [info] Extension host with pid 1694 started
2025-06-02 08:44:02.624 [info] Lock '/home/prachighatge/.vscode-server/data/User/workspaceStorage/f9f0e80ace99e668b3e867bcad2b6309/vscode.lock': Lock acquired.
2025-06-02 08:44:02.692 [info] ExtensionService#_doActivateExtension vscode.emmet, startup: false, activationEvent: 'onLanguage'
2025-06-02 08:44:02.693 [info] ExtensionService#_doActivateExtension vscode.configuration-editing, startup: false, activationEvent: 'onLanguage:json'
2025-06-02 08:44:02.694 [info] ExtensionService#_doActivateExtension vscode.extension-editing, startup: false, activationEvent: 'onLanguage:json'
2025-06-02 08:44:02.694 [info] ExtensionService#_doActivateExtension vscode.json-language-features, startup: false, activationEvent: 'onLanguage:json'
2025-06-02 08:44:02.694 [info] ExtensionService#_doActivateExtension vscode.npm, startup: false, activationEvent: 'onLanguage:json'
2025-06-02 08:44:03.238 [info] ExtensionService#_doActivateExtension vscode.git-base, startup: true, activationEvent: '*', root cause: vscode.git
2025-06-02 08:44:03.256 [info] ExtensionService#_doActivateExtension vscode.git, startup: true, activationEvent: '*'
2025-06-02 08:44:03.257 [info] ExtensionService#_doActivateExtension vscode.github, startup: true, activationEvent: '*'
2025-06-02 08:44:03.440 [info] Eager extensions activated
2025-06-02 08:44:03.441 [info] ExtensionService#_doActivateExtension vscode.debug-auto-launch, startup: false, activationEvent: 'onStartupFinished'
2025-06-02 08:44:03.441 [info] ExtensionService#_doActivateExtension vscode.merge-conflict, startup: false, activationEvent: 'onStartupFinished'
2025-06-02 08:44:03.933 [warning] [Decorations] CAPPING events from decorations provider vscode.git 273
2025-06-02 08:44:04.080 [warning] [Decorations] CAPPING events from decorations provider vscode.git 273
2025-06-02 08:44:04.405 [info] ExtensionService#_doActivateExtension vscode.tunnel-forwarding, startup: false, activationEvent: 'onTunnel'
2025-06-02 08:44:06.168 [info] ExtensionService#_doActivateExtension vscode.typescript-language-features, startup: false, activationEvent: 'onLanguage:javascript'
2025-06-02 09:00:07.899 [warning] [Decorations] CAPPING events from decorations provider vscode.git 364
2025-06-02 14:30:42.782 [warning] [Decorations] CAPPING events from decorations provider vscode.git 363
2025-06-02 14:30:43.527 [info] Extension host terminating: received terminate message from renderer
2025-06-02 14:30:43.527 [info] Lock '/home/prachighatge/.vscode-server/data/User/workspaceStorage/f9f0e80ace99e668b3e867bcad2b6309/vscode.lock': Marking the lockfile as scheduled to be released in 6000 ms.
2025-06-02 14:30:43.592 [info] Extension host with pid 1694 exiting with code 0
