2025-06-05 06:56:43.430 [info] [main] Log level: Info
2025-06-05 06:56:43.430 [info] [main] Validating found git in: "git"
2025-06-05 06:56:43.430 [info] [main] Using git "2.43.0" from "git"
2025-06-05 06:56:43.430 [info] [Model][doInitialScan] Initial repository scan started
2025-06-05 06:56:43.430 [info] > git rev-parse --show-toplevel [31ms]
2025-06-05 06:56:43.430 [info] > git rev-parse --git-dir --git-common-dir [21ms]
2025-06-05 06:56:43.430 [info] [Model][openRepository] Opened repository (path): /home/prachighatge
2025-06-05 06:56:43.430 [info] [Model][openRepository] Opened repository (real path): /home/prachighatge
2025-06-05 06:56:43.430 [info] > git rev-parse --show-toplevel [5ms]
2025-06-05 06:56:43.430 [info] > git config --get commit.template [8ms]
2025-06-05 06:56:43.434 [info] > git rev-parse --show-toplevel [2ms]
2025-06-05 06:56:43.441 [info] > git for-each-ref --format=%(refname)%00%(upstream:short)%00%(objectname)%00%(upstream:track)%00%(upstream:remotename)%00%(upstream:remoteref) refs/heads/main refs/remotes/main [12ms]
2025-06-05 06:56:43.441 [info] > git rev-parse --show-toplevel [4ms]
2025-06-05 06:56:43.446 [info] > git rev-parse --show-toplevel [1ms]
2025-06-05 06:56:43.463 [info] > git rev-parse --show-toplevel [7ms]
2025-06-05 06:56:43.463 [info] > git for-each-ref --sort -committerdate --format %(refname)%00%(objectname)%00%(*objectname) [10ms]
2025-06-05 06:56:43.468 [info] > git rev-parse --show-toplevel [1ms]
2025-06-05 06:56:43.472 [info] > git rev-parse --show-toplevel [2ms]
2025-06-05 06:56:43.477 [info] > git rev-parse --show-toplevel [1ms]
2025-06-05 06:56:43.488 [info] > git rev-parse --show-toplevel [5ms]
2025-06-05 06:56:43.504 [info] > git rev-parse --show-toplevel [1ms]
2025-06-05 06:56:43.520 [info] [Model][doInitialScan] Initial repository scan completed - repositories (1), closed repositories (0), parent repositories (0), unsafe repositories (0)
2025-06-05 06:56:43.733 [info] > git status -z -uall [283ms]
2025-06-05 06:56:44.112 [info] > git for-each-ref --format=%(refname)%00%(upstream:short)%00%(objectname)%00%(upstream:track)%00%(upstream:remotename)%00%(upstream:remoteref) refs/heads/main refs/remotes/main [244ms]
2025-06-05 06:56:44.130 [info] > git config --get --local branch.main.vscode-merge-base [14ms]
2025-06-05 06:56:44.130 [warning] [Git][config] git config failed: Failed to execute git
2025-06-05 06:56:44.135 [info] > git config --get commit.template [42ms]
2025-06-05 06:56:44.144 [info] > git for-each-ref --format=%(refname)%00%(upstream:short)%00%(objectname)%00%(upstream:track)%00%(upstream:remotename)%00%(upstream:remoteref) refs/heads/main refs/remotes/main [2ms]
2025-06-05 06:56:44.160 [info] > git for-each-ref --sort -committerdate --format %(refname)%00%(objectname)%00%(*objectname) [10ms]
2025-06-05 06:56:44.161 [info] > git reflog main --grep-reflog=branch: Created from *. [27ms]
2025-06-05 06:56:44.166 [info] > git symbolic-ref --short refs/remotes/origin/HEAD [2ms]
2025-06-05 06:56:44.166 [info] fatal: ref refs/remotes/origin/HEAD is not a symbolic ref
2025-06-05 06:56:44.166 [warning] [Repository][getDefaultBranch] Failed to get default branch details: Failed to execute git.
2025-06-05 06:56:44.172 [info] > git merge-base refs/heads/main refs/remotes/origin/main [1ms]
2025-06-05 06:56:44.177 [info] > git diff --name-status -z --diff-filter=ADMR 59204c9d12ffb86cea5cab90732dfe40b5996211...refs/remotes/origin/main [2ms]
2025-06-05 06:56:44.187 [info] > git check-ignore -v -z --stdin [69ms]
2025-06-05 06:56:44.214 [info] > git status -z -uall [67ms]
2025-06-05 06:56:44.292 [info] > git show --textconv :my-first-app/src/styles.css [15ms]
2025-06-05 06:56:44.292 [info] > git ls-files --stage -- my-first-app/src/styles.css [12ms]
2025-06-05 06:56:44.299 [info] > git cat-file -s bfa7e4318bd43bd83971eee9dcc5566cb86238c6 [4ms]
2025-06-05 06:56:44.652 [info] > git blame --root --incremental 59204c9d12ffb86cea5cab90732dfe40b5996211 -- my-first-app/src/styles.css [68ms]
2025-06-05 07:01:27.692 [info] > git config --get commit.template [8ms]
2025-06-05 07:01:27.697 [info] > git for-each-ref --format=%(refname)%00%(upstream:short)%00%(objectname)%00%(upstream:track)%00%(upstream:remotename)%00%(upstream:remoteref) refs/heads/main refs/remotes/main [9ms]
2025-06-05 07:01:27.704 [info] > git for-each-ref --sort -committerdate --format %(refname)%00%(objectname)%00%(*objectname) [2ms]
2025-06-05 07:01:28.856 [info] > git status -z -uall [1155ms]
2025-06-05 07:01:31.116 [info] > git show --textconv :my-first-app/src/App.js [12ms]
2025-06-05 07:01:31.116 [info] > git ls-files --stage -- my-first-app/src/App.js [9ms]
2025-06-05 07:01:31.121 [info] > git cat-file -s 498f68dc2b2f7658ce24d1a1aa7a29c211e7ca07 [2ms]
2025-06-05 07:01:31.207 [info] > git blame --root --incremental 59204c9d12ffb86cea5cab90732dfe40b5996211 -- my-first-app/src/App.js [21ms]
2025-06-05 07:01:33.966 [info] > git config --get commit.template [5ms]
2025-06-05 07:01:33.966 [info] > git for-each-ref --format=%(refname)%00%(upstream:short)%00%(objectname)%00%(upstream:track)%00%(upstream:remotename)%00%(upstream:remoteref) refs/heads/main refs/remotes/main [1ms]
2025-06-05 07:01:33.973 [info] > git for-each-ref --sort -committerdate --format %(refname)%00%(objectname)%00%(*objectname) [1ms]
2025-06-05 07:01:34.021 [info] > git status -z -uall [51ms]
2025-06-05 07:01:39.076 [info] > git config --get commit.template [1ms]
2025-06-05 07:01:39.078 [info] > git for-each-ref --format=%(refname)%00%(upstream:short)%00%(objectname)%00%(upstream:track)%00%(upstream:remotename)%00%(upstream:remoteref) refs/heads/main refs/remotes/main [1ms]
2025-06-05 07:01:39.084 [info] > git for-each-ref --sort -committerdate --format %(refname)%00%(objectname)%00%(*objectname) [1ms]
2025-06-05 07:01:39.133 [info] > git status -z -uall [53ms]
2025-06-05 07:01:44.186 [info] > git config --get commit.template [1ms]
2025-06-05 07:01:44.191 [info] > git for-each-ref --format=%(refname)%00%(upstream:short)%00%(objectname)%00%(upstream:track)%00%(upstream:remotename)%00%(upstream:remoteref) refs/heads/main refs/remotes/main [2ms]
2025-06-05 07:01:44.203 [info] > git for-each-ref --sort -committerdate --format %(refname)%00%(objectname)%00%(*objectname) [2ms]
2025-06-05 07:01:44.254 [info] > git status -z -uall [58ms]
2025-06-05 07:02:09.239 [info] > git config --get commit.template [3ms]
2025-06-05 07:02:09.240 [info] > git for-each-ref --format=%(refname)%00%(upstream:short)%00%(objectname)%00%(upstream:track)%00%(upstream:remotename)%00%(upstream:remoteref) refs/heads/main refs/remotes/main [2ms]
2025-06-05 07:02:09.247 [info] > git for-each-ref --sort -committerdate --format %(refname)%00%(objectname)%00%(*objectname) [1ms]
2025-06-05 07:02:09.307 [info] > git status -z -uall [65ms]
2025-06-05 07:02:11.486 [info] > git show --textconv :my-first-app/src/App.css [12ms]
2025-06-05 07:02:11.486 [info] > git ls-files --stage -- my-first-app/src/App.css [8ms]
2025-06-05 07:02:11.490 [info] > git cat-file -s 5030e1332e32e12169c257e1e7e26fda07b0f3eb [1ms]
2025-06-05 07:02:11.550 [info] > git blame --root --incremental 59204c9d12ffb86cea5cab90732dfe40b5996211 -- my-first-app/src/App.css [5ms]
2025-06-05 07:02:14.397 [info] > git config --get commit.template [2ms]
2025-06-05 07:02:14.401 [info] > git for-each-ref --format=%(refname)%00%(upstream:short)%00%(objectname)%00%(upstream:track)%00%(upstream:remotename)%00%(upstream:remoteref) refs/heads/main refs/remotes/main [1ms]
2025-06-05 07:02:14.409 [info] > git for-each-ref --sort -committerdate --format %(refname)%00%(objectname)%00%(*objectname) [0ms]
2025-06-05 07:02:14.462 [info] > git status -z -uall [57ms]
2025-06-05 07:02:47.822 [info] > git config --get commit.template [10ms]
2025-06-05 07:02:47.828 [info] > git for-each-ref --format=%(refname)%00%(upstream:short)%00%(objectname)%00%(upstream:track)%00%(upstream:remotename)%00%(upstream:remoteref) refs/heads/main refs/remotes/main [12ms]
2025-06-05 07:02:47.844 [info] > git for-each-ref --sort -committerdate --format %(refname)%00%(objectname)%00%(*objectname) [9ms]
2025-06-05 07:02:48.798 [info] > git status -z -uall [966ms]
2025-06-05 07:02:50.066 [info] > git show --textconv :my-first-app/src/styles.css [9ms]
2025-06-05 07:02:50.067 [info] > git ls-files --stage -- my-first-app/src/styles.css [7ms]
2025-06-05 07:02:50.069 [info] > git cat-file -s bfa7e4318bd43bd83971eee9dcc5566cb86238c6 [0ms]
2025-06-05 07:02:53.879 [info] > git config --get commit.template [0ms]
2025-06-05 07:02:53.882 [info] > git for-each-ref --format=%(refname)%00%(upstream:short)%00%(objectname)%00%(upstream:track)%00%(upstream:remotename)%00%(upstream:remoteref) refs/heads/main refs/remotes/main [1ms]
2025-06-05 07:02:53.888 [info] > git for-each-ref --sort -committerdate --format %(refname)%00%(objectname)%00%(*objectname) [1ms]
2025-06-05 07:02:53.932 [info] > git status -z -uall [48ms]
2025-06-05 07:02:58.977 [info] > git config --get commit.template [1ms]
2025-06-05 07:02:58.981 [info] > git for-each-ref --format=%(refname)%00%(upstream:short)%00%(objectname)%00%(upstream:track)%00%(upstream:remotename)%00%(upstream:remoteref) refs/heads/main refs/remotes/main [1ms]
2025-06-05 07:02:58.987 [info] > git for-each-ref --sort -committerdate --format %(refname)%00%(objectname)%00%(*objectname) [1ms]
2025-06-05 07:02:59.031 [info] > git status -z -uall [47ms]
2025-06-05 07:17:24.501 [info] > git config --get commit.template [4ms]
2025-06-05 07:17:24.502 [info] > git for-each-ref --format=%(refname)%00%(upstream:short)%00%(objectname)%00%(upstream:track)%00%(upstream:remotename)%00%(upstream:remoteref) refs/heads/main refs/remotes/main [1ms]
2025-06-05 07:17:24.512 [info] > git for-each-ref --sort -committerdate --format %(refname)%00%(objectname)%00%(*objectname) [2ms]
2025-06-05 07:17:24.574 [info] > git status -z -uall [69ms]
2025-06-05 07:17:29.644 [info] > git config --get commit.template [3ms]
2025-06-05 07:17:29.645 [info] > git for-each-ref --format=%(refname)%00%(upstream:short)%00%(objectname)%00%(upstream:track)%00%(upstream:remotename)%00%(upstream:remoteref) refs/heads/main refs/remotes/main [1ms]
2025-06-05 07:17:29.650 [info] > git for-each-ref --sort -committerdate --format %(refname)%00%(objectname)%00%(*objectname) [1ms]
2025-06-05 07:17:29.694 [info] > git status -z -uall [46ms]
2025-06-05 07:17:30.774 [info] > git check-ignore -v -z --stdin [9ms]
2025-06-05 07:17:32.445 [info] > git show --textconv :my-first-app/public/index.html [10ms]
2025-06-05 07:17:32.448 [info] > git ls-files --stage -- my-first-app/public/index.html [7ms]
2025-06-05 07:17:32.452 [info] > git cat-file -s aa069f27cbd9d53394428171c3989fd03db73c76 [2ms]
2025-06-05 07:17:35.532 [info] > git config --get commit.template [2ms]
2025-06-05 07:17:35.533 [info] > git for-each-ref --format=%(refname)%00%(upstream:short)%00%(objectname)%00%(upstream:track)%00%(upstream:remotename)%00%(upstream:remoteref) refs/heads/main refs/remotes/main [1ms]
2025-06-05 07:17:35.538 [info] > git for-each-ref --sort -committerdate --format %(refname)%00%(objectname)%00%(*objectname) [1ms]
2025-06-05 07:17:35.582 [info] > git status -z -uall [47ms]
2025-06-05 07:21:18.917 [info] > git config --get commit.template [3ms]
2025-06-05 07:21:18.917 [info] > git for-each-ref --format=%(refname)%00%(upstream:short)%00%(objectname)%00%(upstream:track)%00%(upstream:remotename)%00%(upstream:remoteref) refs/heads/main refs/remotes/main [1ms]
2025-06-05 07:21:18.924 [info] > git for-each-ref --sort -committerdate --format %(refname)%00%(objectname)%00%(*objectname) [1ms]
2025-06-05 07:21:18.982 [info] > git status -z -uall [61ms]
2025-06-05 07:21:19.272 [info] > git blame --root --incremental 59204c9d12ffb86cea5cab90732dfe40b5996211 -- my-first-app/public/index.html [294ms]
2025-06-05 07:21:24.099 [info] > git config --get commit.template [3ms]
2025-06-05 07:21:24.100 [info] > git for-each-ref --format=%(refname)%00%(upstream:short)%00%(objectname)%00%(upstream:track)%00%(upstream:remotename)%00%(upstream:remoteref) refs/heads/main refs/remotes/main [1ms]
2025-06-05 07:21:24.107 [info] > git for-each-ref --sort -committerdate --format %(refname)%00%(objectname)%00%(*objectname) [1ms]
2025-06-05 07:21:24.155 [info] > git status -z -uall [51ms]
2025-06-05 07:23:21.881 [info] > git config --get commit.template [1ms]
2025-06-05 07:23:21.886 [info] > git for-each-ref --format=%(refname)%00%(upstream:short)%00%(objectname)%00%(upstream:track)%00%(upstream:remotename)%00%(upstream:remoteref) refs/heads/main refs/remotes/main [1ms]
2025-06-05 07:23:21.895 [info] > git for-each-ref --sort -committerdate --format %(refname)%00%(objectname)%00%(*objectname) [2ms]
2025-06-05 07:23:21.952 [info] > git status -z -uall [63ms]
2025-06-05 07:23:27.047 [info] > git config --get commit.template [4ms]
2025-06-05 07:23:27.048 [info] > git for-each-ref --format=%(refname)%00%(upstream:short)%00%(objectname)%00%(upstream:track)%00%(upstream:remotename)%00%(upstream:remoteref) refs/heads/main refs/remotes/main [1ms]
2025-06-05 07:23:27.053 [info] > git for-each-ref --sort -committerdate --format %(refname)%00%(objectname)%00%(*objectname) [0ms]
2025-06-05 07:23:27.097 [info] > git status -z -uall [46ms]
2025-06-05 07:23:33.998 [info] > git config --get commit.template [2ms]
2025-06-05 07:23:34.002 [info] > git for-each-ref --format=%(refname)%00%(upstream:short)%00%(objectname)%00%(upstream:track)%00%(upstream:remotename)%00%(upstream:remoteref) refs/heads/main refs/remotes/main [1ms]
2025-06-05 07:23:34.008 [info] > git for-each-ref --sort -committerdate --format %(refname)%00%(objectname)%00%(*objectname) [1ms]
2025-06-05 07:23:34.051 [info] > git status -z -uall [46ms]
2025-06-05 07:23:50.575 [info] > git config --get commit.template [3ms]
2025-06-05 07:23:50.576 [info] > git for-each-ref --format=%(refname)%00%(upstream:short)%00%(objectname)%00%(upstream:track)%00%(upstream:remotename)%00%(upstream:remoteref) refs/heads/main refs/remotes/main [1ms]
2025-06-05 07:23:50.582 [info] > git for-each-ref --sort -committerdate --format %(refname)%00%(objectname)%00%(*objectname) [1ms]
2025-06-05 07:23:50.635 [info] > git status -z -uall [57ms]
2025-06-05 07:23:50.984 [info] > git show --textconv :my-first-app/src/styles.css [5ms]
2025-06-05 07:23:50.987 [info] > git ls-files --stage -- my-first-app/src/styles.css [6ms]
2025-06-05 07:23:50.990 [info] > git cat-file -s bfa7e4318bd43bd83971eee9dcc5566cb86238c6 [1ms]
2025-06-05 07:23:55.694 [info] > git config --get commit.template [6ms]
2025-06-05 07:23:55.696 [info] > git for-each-ref --format=%(refname)%00%(upstream:short)%00%(objectname)%00%(upstream:track)%00%(upstream:remotename)%00%(upstream:remoteref) refs/heads/main refs/remotes/main [2ms]
2025-06-05 07:23:55.704 [info] > git for-each-ref --sort -committerdate --format %(refname)%00%(objectname)%00%(*objectname) [1ms]
2025-06-05 07:23:55.746 [info] > git status -z -uall [45ms]
2025-06-05 07:24:00.796 [info] > git config --get commit.template [5ms]
2025-06-05 07:24:00.797 [info] > git for-each-ref --format=%(refname)%00%(upstream:short)%00%(objectname)%00%(upstream:track)%00%(upstream:remotename)%00%(upstream:remoteref) refs/heads/main refs/remotes/main [2ms]
2025-06-05 07:24:00.803 [info] > git for-each-ref --sort -committerdate --format %(refname)%00%(objectname)%00%(*objectname) [1ms]
2025-06-05 07:24:00.844 [info] > git status -z -uall [44ms]
2025-06-05 07:24:05.896 [info] > git config --get commit.template [5ms]
2025-06-05 07:24:05.897 [info] > git for-each-ref --format=%(refname)%00%(upstream:short)%00%(objectname)%00%(upstream:track)%00%(upstream:remotename)%00%(upstream:remoteref) refs/heads/main refs/remotes/main [2ms]
2025-06-05 07:24:05.906 [info] > git for-each-ref --sort -committerdate --format %(refname)%00%(objectname)%00%(*objectname) [1ms]
2025-06-05 07:24:05.945 [info] > git status -z -uall [44ms]
2025-06-05 07:24:13.122 [info] > git config --get commit.template [1ms]
2025-06-05 07:24:13.125 [info] > git for-each-ref --format=%(refname)%00%(upstream:short)%00%(objectname)%00%(upstream:track)%00%(upstream:remotename)%00%(upstream:remoteref) refs/heads/main refs/remotes/main [1ms]
2025-06-05 07:24:13.134 [info] > git for-each-ref --sort -committerdate --format %(refname)%00%(objectname)%00%(*objectname) [2ms]
2025-06-05 07:24:13.182 [info] > git status -z -uall [54ms]
2025-06-05 07:24:18.234 [info] > git config --get commit.template [1ms]
2025-06-05 07:24:18.237 [info] > git for-each-ref --format=%(refname)%00%(upstream:short)%00%(objectname)%00%(upstream:track)%00%(upstream:remotename)%00%(upstream:remoteref) refs/heads/main refs/remotes/main [1ms]
2025-06-05 07:24:18.241 [info] > git for-each-ref --sort -committerdate --format %(refname)%00%(objectname)%00%(*objectname) [0ms]
2025-06-05 07:24:18.287 [info] > git status -z -uall [48ms]
2025-06-05 07:24:23.337 [info] > git config --get commit.template [2ms]
2025-06-05 07:24:23.338 [info] > git for-each-ref --format=%(refname)%00%(upstream:short)%00%(objectname)%00%(upstream:track)%00%(upstream:remotename)%00%(upstream:remoteref) refs/heads/main refs/remotes/main [1ms]
2025-06-05 07:24:23.342 [info] > git for-each-ref --sort -committerdate --format %(refname)%00%(objectname)%00%(*objectname) [0ms]
2025-06-05 07:24:23.389 [info] > git status -z -uall [49ms]
2025-06-05 07:24:57.250 [info] > git config --get commit.template [3ms]
2025-06-05 07:24:57.250 [info] > git for-each-ref --format=%(refname)%00%(upstream:short)%00%(objectname)%00%(upstream:track)%00%(upstream:remotename)%00%(upstream:remoteref) refs/heads/main refs/remotes/main [1ms]
2025-06-05 07:24:57.259 [info] > git for-each-ref --sort -committerdate --format %(refname)%00%(objectname)%00%(*objectname) [2ms]
2025-06-05 07:24:57.311 [info] > git status -z -uall [58ms]
2025-06-05 07:25:23.996 [info] > git config --get commit.template [1ms]
2025-06-05 07:25:24.000 [info] > git for-each-ref --format=%(refname)%00%(upstream:short)%00%(objectname)%00%(upstream:track)%00%(upstream:remotename)%00%(upstream:remoteref) refs/heads/main refs/remotes/main [1ms]
2025-06-05 07:25:24.010 [info] > git for-each-ref --sort -committerdate --format %(refname)%00%(objectname)%00%(*objectname) [2ms]
2025-06-05 07:25:24.055 [info] > git status -z -uall [51ms]
2025-06-05 07:25:29.125 [info] > git config --get commit.template [3ms]
2025-06-05 07:25:29.125 [info] > git for-each-ref --format=%(refname)%00%(upstream:short)%00%(objectname)%00%(upstream:track)%00%(upstream:remotename)%00%(upstream:remoteref) refs/heads/main refs/remotes/main [0ms]
2025-06-05 07:25:29.131 [info] > git for-each-ref --sort -committerdate --format %(refname)%00%(objectname)%00%(*objectname) [1ms]
2025-06-05 07:25:29.179 [info] > git status -z -uall [51ms]
2025-06-05 07:25:34.234 [info] > git config --get commit.template [4ms]
2025-06-05 07:25:34.234 [info] > git for-each-ref --format=%(refname)%00%(upstream:short)%00%(objectname)%00%(upstream:track)%00%(upstream:remotename)%00%(upstream:remoteref) refs/heads/main refs/remotes/main [1ms]
2025-06-05 07:25:34.240 [info] > git for-each-ref --sort -committerdate --format %(refname)%00%(objectname)%00%(*objectname) [1ms]
2025-06-05 07:25:34.281 [info] > git status -z -uall [44ms]
2025-06-05 07:25:40.623 [info] > git config --get commit.template [3ms]
2025-06-05 07:25:40.623 [info] > git for-each-ref --format=%(refname)%00%(upstream:short)%00%(objectname)%00%(upstream:track)%00%(upstream:remotename)%00%(upstream:remoteref) refs/heads/main refs/remotes/main [1ms]
2025-06-05 07:25:40.628 [info] > git for-each-ref --sort -committerdate --format %(refname)%00%(objectname)%00%(*objectname) [1ms]
2025-06-05 07:25:40.667 [info] > git status -z -uall [42ms]
2025-06-05 07:25:45.715 [info] > git config --get commit.template [5ms]
2025-06-05 07:25:45.716 [info] > git for-each-ref --format=%(refname)%00%(upstream:short)%00%(objectname)%00%(upstream:track)%00%(upstream:remotename)%00%(upstream:remoteref) refs/heads/main refs/remotes/main [2ms]
2025-06-05 07:25:45.724 [info] > git for-each-ref --sort -committerdate --format %(refname)%00%(objectname)%00%(*objectname) [1ms]
2025-06-05 07:25:45.763 [info] > git status -z -uall [43ms]
2025-06-05 07:25:50.813 [info] > git config --get commit.template [5ms]
2025-06-05 07:25:50.813 [info] > git for-each-ref --format=%(refname)%00%(upstream:short)%00%(objectname)%00%(upstream:track)%00%(upstream:remotename)%00%(upstream:remoteref) refs/heads/main refs/remotes/main [0ms]
2025-06-05 07:25:50.819 [info] > git for-each-ref --sort -committerdate --format %(refname)%00%(objectname)%00%(*objectname) [1ms]
2025-06-05 07:25:50.860 [info] > git status -z -uall [44ms]
2025-06-05 07:26:09.600 [info] > git config --get commit.template [1ms]
2025-06-05 07:26:09.606 [info] > git for-each-ref --format=%(refname)%00%(upstream:short)%00%(objectname)%00%(upstream:track)%00%(upstream:remotename)%00%(upstream:remoteref) refs/heads/main refs/remotes/main [2ms]
2025-06-05 07:26:09.615 [info] > git for-each-ref --sort -committerdate --format %(refname)%00%(objectname)%00%(*objectname) [1ms]
2025-06-05 07:26:09.668 [info] > git status -z -uall [58ms]
2025-06-05 07:26:14.764 [info] > git config --get commit.template [4ms]
2025-06-05 07:26:14.764 [info] > git for-each-ref --format=%(refname)%00%(upstream:short)%00%(objectname)%00%(upstream:track)%00%(upstream:remotename)%00%(upstream:remoteref) refs/heads/main refs/remotes/main [1ms]
2025-06-05 07:26:14.769 [info] > git for-each-ref --sort -committerdate --format %(refname)%00%(objectname)%00%(*objectname) [0ms]
2025-06-05 07:26:14.812 [info] > git status -z -uall [45ms]
2025-06-05 07:26:19.855 [info] > git config --get commit.template [2ms]
2025-06-05 07:26:19.856 [info] > git for-each-ref --format=%(refname)%00%(upstream:short)%00%(objectname)%00%(upstream:track)%00%(upstream:remotename)%00%(upstream:remoteref) refs/heads/main refs/remotes/main [1ms]
2025-06-05 07:26:19.860 [info] > git for-each-ref --sort -committerdate --format %(refname)%00%(objectname)%00%(*objectname) [0ms]
2025-06-05 07:26:19.900 [info] > git status -z -uall [42ms]
2025-06-05 07:26:24.944 [info] > git config --get commit.template [1ms]
2025-06-05 07:26:24.948 [info] > git for-each-ref --format=%(refname)%00%(upstream:short)%00%(objectname)%00%(upstream:track)%00%(upstream:remotename)%00%(upstream:remoteref) refs/heads/main refs/remotes/main [1ms]
2025-06-05 07:26:24.953 [info] > git for-each-ref --sort -committerdate --format %(refname)%00%(objectname)%00%(*objectname) [1ms]
2025-06-05 07:26:24.993 [info] > git status -z -uall [43ms]
2025-06-05 07:26:30.043 [info] > git config --get commit.template [4ms]
2025-06-05 07:26:30.044 [info] > git for-each-ref --format=%(refname)%00%(upstream:short)%00%(objectname)%00%(upstream:track)%00%(upstream:remotename)%00%(upstream:remoteref) refs/heads/main refs/remotes/main [1ms]
2025-06-05 07:26:30.051 [info] > git for-each-ref --sort -committerdate --format %(refname)%00%(objectname)%00%(*objectname) [1ms]
2025-06-05 07:26:30.091 [info] > git status -z -uall [43ms]
2025-06-05 07:26:35.694 [info] > git config --get commit.template [1ms]
2025-06-05 07:26:35.699 [info] > git for-each-ref --format=%(refname)%00%(upstream:short)%00%(objectname)%00%(upstream:track)%00%(upstream:remotename)%00%(upstream:remoteref) refs/heads/main refs/remotes/main [1ms]
2025-06-05 07:26:35.705 [info] > git for-each-ref --sort -committerdate --format %(refname)%00%(objectname)%00%(*objectname) [0ms]
2025-06-05 07:26:35.751 [info] > git status -z -uall [49ms]
2025-06-05 07:26:40.830 [info] > git config --get commit.template [2ms]
2025-06-05 07:26:40.833 [info] > git for-each-ref --format=%(refname)%00%(upstream:short)%00%(objectname)%00%(upstream:track)%00%(upstream:remotename)%00%(upstream:remoteref) refs/heads/main refs/remotes/main [1ms]
2025-06-05 07:26:40.841 [info] > git for-each-ref --sort -committerdate --format %(refname)%00%(objectname)%00%(*objectname) [2ms]
2025-06-05 07:26:40.889 [info] > git status -z -uall [53ms]
2025-06-05 07:26:45.944 [info] > git config --get commit.template [1ms]
2025-06-05 07:26:45.947 [info] > git for-each-ref --format=%(refname)%00%(upstream:short)%00%(objectname)%00%(upstream:track)%00%(upstream:remotename)%00%(upstream:remoteref) refs/heads/main refs/remotes/main [1ms]
2025-06-05 07:26:45.952 [info] > git for-each-ref --sort -committerdate --format %(refname)%00%(objectname)%00%(*objectname) [0ms]
2025-06-05 07:26:45.994 [info] > git status -z -uall [44ms]
2025-06-05 07:26:51.042 [info] > git config --get commit.template [3ms]
2025-06-05 07:26:51.043 [info] > git for-each-ref --format=%(refname)%00%(upstream:short)%00%(objectname)%00%(upstream:track)%00%(upstream:remotename)%00%(upstream:remoteref) refs/heads/main refs/remotes/main [1ms]
2025-06-05 07:26:51.048 [info] > git for-each-ref --sort -committerdate --format %(refname)%00%(objectname)%00%(*objectname) [1ms]
2025-06-05 07:26:51.094 [info] > git status -z -uall [49ms]
2025-06-05 07:27:36.536 [info] > git for-each-ref --format=%(refname)%00%(upstream:short)%00%(objectname)%00%(upstream:track)%00%(upstream:remotename)%00%(upstream:remoteref) refs/heads/main refs/remotes/main [2ms]
2025-06-05 07:27:36.537 [info] > git config --get commit.template [5ms]
2025-06-05 07:27:36.543 [info] > git for-each-ref --sort -committerdate --format %(refname)%00%(objectname)%00%(*objectname) [1ms]
2025-06-05 07:27:36.596 [info] > git status -z -uall [57ms]
2025-06-05 07:27:41.683 [info] > git config --get commit.template [0ms]
2025-06-05 07:27:41.685 [info] > git for-each-ref --format=%(refname)%00%(upstream:short)%00%(objectname)%00%(upstream:track)%00%(upstream:remotename)%00%(upstream:remoteref) refs/heads/main refs/remotes/main [1ms]
2025-06-05 07:27:41.690 [info] > git for-each-ref --sort -committerdate --format %(refname)%00%(objectname)%00%(*objectname) [1ms]
2025-06-05 07:27:41.731 [info] > git status -z -uall [44ms]
2025-06-05 07:27:46.781 [info] > git config --get commit.template [4ms]
2025-06-05 07:27:46.781 [info] > git for-each-ref --format=%(refname)%00%(upstream:short)%00%(objectname)%00%(upstream:track)%00%(upstream:remotename)%00%(upstream:remoteref) refs/heads/main refs/remotes/main [0ms]
2025-06-05 07:27:46.786 [info] > git for-each-ref --sort -committerdate --format %(refname)%00%(objectname)%00%(*objectname) [0ms]
2025-06-05 07:27:46.827 [info] > git status -z -uall [43ms]
2025-06-05 07:27:51.876 [info] > git config --get commit.template [3ms]
2025-06-05 07:27:51.877 [info] > git for-each-ref --format=%(refname)%00%(upstream:short)%00%(objectname)%00%(upstream:track)%00%(upstream:remotename)%00%(upstream:remoteref) refs/heads/main refs/remotes/main [1ms]
2025-06-05 07:27:51.882 [info] > git for-each-ref --sort -committerdate --format %(refname)%00%(objectname)%00%(*objectname) [1ms]
2025-06-05 07:27:51.931 [info] > git status -z -uall [52ms]
2025-06-05 07:28:01.097 [info] > git config --get commit.template [1ms]
2025-06-05 07:28:01.102 [info] > git for-each-ref --format=%(refname)%00%(upstream:short)%00%(objectname)%00%(upstream:track)%00%(upstream:remotename)%00%(upstream:remoteref) refs/heads/main refs/remotes/main [2ms]
2025-06-05 07:28:01.107 [info] > git for-each-ref --sort -committerdate --format %(refname)%00%(objectname)%00%(*objectname) [1ms]
2025-06-05 07:28:01.161 [info] > git status -z -uall [57ms]
2025-06-05 07:28:06.216 [info] > git config --get commit.template [2ms]
2025-06-05 07:28:06.222 [info] > git for-each-ref --format=%(refname)%00%(upstream:short)%00%(objectname)%00%(upstream:track)%00%(upstream:remotename)%00%(upstream:remoteref) refs/heads/main refs/remotes/main [2ms]
2025-06-05 07:28:06.228 [info] > git for-each-ref --sort -committerdate --format %(refname)%00%(objectname)%00%(*objectname) [1ms]
2025-06-05 07:28:06.268 [info] > git status -z -uall [43ms]
2025-06-05 07:28:11.838 [info] > git config --get commit.template [3ms]
2025-06-05 07:28:11.839 [info] > git for-each-ref --format=%(refname)%00%(upstream:short)%00%(objectname)%00%(upstream:track)%00%(upstream:remotename)%00%(upstream:remoteref) refs/heads/main refs/remotes/main [1ms]
2025-06-05 07:28:11.844 [info] > git for-each-ref --sort -committerdate --format %(refname)%00%(objectname)%00%(*objectname) [1ms]
2025-06-05 07:28:11.884 [info] > git status -z -uall [42ms]
2025-06-05 07:28:16.927 [info] > git config --get commit.template [0ms]
2025-06-05 07:28:16.931 [info] > git for-each-ref --format=%(refname)%00%(upstream:short)%00%(objectname)%00%(upstream:track)%00%(upstream:remotename)%00%(upstream:remoteref) refs/heads/main refs/remotes/main [0ms]
2025-06-05 07:28:16.936 [info] > git for-each-ref --sort -committerdate --format %(refname)%00%(objectname)%00%(*objectname) [0ms]
2025-06-05 07:28:16.982 [info] > git status -z -uall [48ms]
2025-06-05 07:28:22.038 [info] > git config --get commit.template [6ms]
2025-06-05 07:28:22.039 [info] > git for-each-ref --format=%(refname)%00%(upstream:short)%00%(objectname)%00%(upstream:track)%00%(upstream:remotename)%00%(upstream:remoteref) refs/heads/main refs/remotes/main [2ms]
2025-06-05 07:28:22.048 [info] > git for-each-ref --sort -committerdate --format %(refname)%00%(objectname)%00%(*objectname) [0ms]
2025-06-05 07:28:22.093 [info] > git status -z -uall [49ms]
2025-06-05 07:28:34.336 [info] > git config --get commit.template [3ms]
2025-06-05 07:28:34.337 [info] > git for-each-ref --format=%(refname)%00%(upstream:short)%00%(objectname)%00%(upstream:track)%00%(upstream:remotename)%00%(upstream:remoteref) refs/heads/main refs/remotes/main [1ms]
2025-06-05 07:28:34.345 [info] > git for-each-ref --sort -committerdate --format %(refname)%00%(objectname)%00%(*objectname) [1ms]
2025-06-05 07:28:34.397 [info] > git status -z -uall [56ms]
2025-06-05 07:28:34.746 [info] > git show --textconv :my-first-app/src/App.js [5ms]
2025-06-05 07:28:34.750 [info] > git ls-files --stage -- my-first-app/src/App.js [7ms]
2025-06-05 07:28:34.753 [info] > git cat-file -s 498f68dc2b2f7658ce24d1a1aa7a29c211e7ca07 [1ms]
2025-06-05 07:28:39.454 [info] > git config --get commit.template [4ms]
2025-06-05 07:28:39.455 [info] > git for-each-ref --format=%(refname)%00%(upstream:short)%00%(objectname)%00%(upstream:track)%00%(upstream:remotename)%00%(upstream:remoteref) refs/heads/main refs/remotes/main [1ms]
2025-06-05 07:28:39.462 [info] > git for-each-ref --sort -committerdate --format %(refname)%00%(objectname)%00%(*objectname) [1ms]
2025-06-05 07:28:39.524 [info] > git status -z -uall [66ms]
2025-06-05 07:28:44.577 [info] > git config --get commit.template [5ms]
2025-06-05 07:28:44.578 [info] > git for-each-ref --format=%(refname)%00%(upstream:short)%00%(objectname)%00%(upstream:track)%00%(upstream:remotename)%00%(upstream:remoteref) refs/heads/main refs/remotes/main [1ms]
2025-06-05 07:28:44.586 [info] > git for-each-ref --sort -committerdate --format %(refname)%00%(objectname)%00%(*objectname) [1ms]
2025-06-05 07:28:44.632 [info] > git status -z -uall [51ms]
2025-06-05 07:28:50.969 [info] > git config --get commit.template [2ms]
2025-06-05 07:28:50.973 [info] > git for-each-ref --format=%(refname)%00%(upstream:short)%00%(objectname)%00%(upstream:track)%00%(upstream:remotename)%00%(upstream:remoteref) refs/heads/main refs/remotes/main [1ms]
2025-06-05 07:28:50.978 [info] > git for-each-ref --sort -committerdate --format %(refname)%00%(objectname)%00%(*objectname) [1ms]
2025-06-05 07:28:51.021 [info] > git status -z -uall [45ms]
2025-06-05 07:29:09.014 [info] > git config --get commit.template [0ms]
2025-06-05 07:29:09.021 [info] > git for-each-ref --format=%(refname)%00%(upstream:short)%00%(objectname)%00%(upstream:track)%00%(upstream:remotename)%00%(upstream:remoteref) refs/heads/main refs/remotes/main [2ms]
2025-06-05 07:29:09.030 [info] > git for-each-ref --sort -committerdate --format %(refname)%00%(objectname)%00%(*objectname) [1ms]
2025-06-05 07:29:09.082 [info] > git status -z -uall [56ms]
2025-06-05 07:29:14.168 [info] > git config --get commit.template [4ms]
2025-06-05 07:29:14.168 [info] > git for-each-ref --format=%(refname)%00%(upstream:short)%00%(objectname)%00%(upstream:track)%00%(upstream:remotename)%00%(upstream:remoteref) refs/heads/main refs/remotes/main [1ms]
2025-06-05 07:29:14.174 [info] > git for-each-ref --sort -committerdate --format %(refname)%00%(objectname)%00%(*objectname) [1ms]
2025-06-05 07:29:14.217 [info] > git status -z -uall [46ms]
2025-06-05 07:29:19.265 [info] > git config --get commit.template [1ms]
2025-06-05 07:29:19.269 [info] > git for-each-ref --format=%(refname)%00%(upstream:short)%00%(objectname)%00%(upstream:track)%00%(upstream:remotename)%00%(upstream:remoteref) refs/heads/main refs/remotes/main [1ms]
2025-06-05 07:29:19.275 [info] > git for-each-ref --sort -committerdate --format %(refname)%00%(objectname)%00%(*objectname) [1ms]
2025-06-05 07:29:19.314 [info] > git status -z -uall [41ms]
2025-06-05 07:29:24.363 [info] > git config --get commit.template [5ms]
2025-06-05 07:29:24.363 [info] > git for-each-ref --format=%(refname)%00%(upstream:short)%00%(objectname)%00%(upstream:track)%00%(upstream:remotename)%00%(upstream:remoteref) refs/heads/main refs/remotes/main [1ms]
2025-06-05 07:29:24.369 [info] > git for-each-ref --sort -committerdate --format %(refname)%00%(objectname)%00%(*objectname) [1ms]
2025-06-05 07:29:24.410 [info] > git status -z -uall [44ms]
2025-06-05 07:29:29.457 [info] > git config --get commit.template [3ms]
2025-06-05 07:29:29.459 [info] > git for-each-ref --format=%(refname)%00%(upstream:short)%00%(objectname)%00%(upstream:track)%00%(upstream:remotename)%00%(upstream:remoteref) refs/heads/main refs/remotes/main [2ms]
2025-06-05 07:29:29.467 [info] > git for-each-ref --sort -committerdate --format %(refname)%00%(objectname)%00%(*objectname) [1ms]
2025-06-05 07:29:29.516 [info] > git status -z -uall [53ms]
2025-06-05 07:29:34.566 [info] > git config --get commit.template [1ms]
2025-06-05 07:29:34.569 [info] > git for-each-ref --format=%(refname)%00%(upstream:short)%00%(objectname)%00%(upstream:track)%00%(upstream:remotename)%00%(upstream:remoteref) refs/heads/main refs/remotes/main [1ms]
2025-06-05 07:29:34.577 [info] > git for-each-ref --sort -committerdate --format %(refname)%00%(objectname)%00%(*objectname) [1ms]
2025-06-05 07:29:34.620 [info] > git status -z -uall [48ms]
2025-06-05 07:30:53.996 [info] > git config --get commit.template [9ms]
2025-06-05 07:30:54.001 [info] > git for-each-ref --format=%(refname)%00%(upstream:short)%00%(objectname)%00%(upstream:track)%00%(upstream:remotename)%00%(upstream:remoteref) refs/heads/main refs/remotes/main [10ms]
2025-06-05 07:30:54.010 [info] > git for-each-ref --sort -committerdate --format %(refname)%00%(objectname)%00%(*objectname) [2ms]
2025-06-05 07:30:54.937 [info] > git status -z -uall [932ms]
2025-06-05 07:31:00.011 [info] > git config --get commit.template [3ms]
2025-06-05 07:31:00.011 [info] > git for-each-ref --format=%(refname)%00%(upstream:short)%00%(objectname)%00%(upstream:track)%00%(upstream:remotename)%00%(upstream:remoteref) refs/heads/main refs/remotes/main [0ms]
2025-06-05 07:31:00.017 [info] > git for-each-ref --sort -committerdate --format %(refname)%00%(objectname)%00%(*objectname) [1ms]
2025-06-05 07:31:00.062 [info] > git status -z -uall [49ms]
2025-06-05 07:31:05.118 [info] > git config --get commit.template [5ms]
2025-06-05 07:31:05.118 [info] > git for-each-ref --format=%(refname)%00%(upstream:short)%00%(objectname)%00%(upstream:track)%00%(upstream:remotename)%00%(upstream:remoteref) refs/heads/main refs/remotes/main [1ms]
2025-06-05 07:31:05.123 [info] > git for-each-ref --sort -committerdate --format %(refname)%00%(objectname)%00%(*objectname) [0ms]
2025-06-05 07:31:05.167 [info] > git status -z -uall [46ms]
2025-06-05 07:31:17.158 [info] > git config --get commit.template [3ms]
2025-06-05 07:31:17.158 [info] > git for-each-ref --format=%(refname)%00%(upstream:short)%00%(objectname)%00%(upstream:track)%00%(upstream:remotename)%00%(upstream:remoteref) refs/heads/main refs/remotes/main [1ms]
2025-06-05 07:31:17.170 [info] > git for-each-ref --sort -committerdate --format %(refname)%00%(objectname)%00%(*objectname) [1ms]
2025-06-05 07:31:17.219 [info] > git status -z -uall [56ms]
2025-06-05 07:31:17.558 [info] > git show --textconv :my-first-app/src/styles.css [8ms]
2025-06-05 07:31:17.558 [info] > git ls-files --stage -- my-first-app/src/styles.css [6ms]
2025-06-05 07:31:17.561 [info] > git cat-file -s bfa7e4318bd43bd83971eee9dcc5566cb86238c6 [1ms]
2025-06-05 07:31:22.274 [info] > git config --get commit.template [4ms]
2025-06-05 07:31:22.274 [info] > git for-each-ref --format=%(refname)%00%(upstream:short)%00%(objectname)%00%(upstream:track)%00%(upstream:remotename)%00%(upstream:remoteref) refs/heads/main refs/remotes/main [1ms]
2025-06-05 07:31:22.279 [info] > git for-each-ref --sort -committerdate --format %(refname)%00%(objectname)%00%(*objectname) [1ms]
2025-06-05 07:31:22.323 [info] > git status -z -uall [46ms]
2025-06-05 07:31:27.403 [info] > git config --get commit.template [3ms]
2025-06-05 07:31:27.404 [info] > git for-each-ref --format=%(refname)%00%(upstream:short)%00%(objectname)%00%(upstream:track)%00%(upstream:remotename)%00%(upstream:remoteref) refs/heads/main refs/remotes/main [1ms]
2025-06-05 07:31:27.410 [info] > git for-each-ref --sort -committerdate --format %(refname)%00%(objectname)%00%(*objectname) [1ms]
2025-06-05 07:31:27.453 [info] > git status -z -uall [46ms]
2025-06-05 07:31:32.503 [info] > git config --get commit.template [3ms]
2025-06-05 07:31:32.504 [info] > git for-each-ref --format=%(refname)%00%(upstream:short)%00%(objectname)%00%(upstream:track)%00%(upstream:remotename)%00%(upstream:remoteref) refs/heads/main refs/remotes/main [1ms]
2025-06-05 07:31:32.510 [info] > git for-each-ref --sort -committerdate --format %(refname)%00%(objectname)%00%(*objectname) [1ms]
2025-06-05 07:31:32.555 [info] > git status -z -uall [48ms]
2025-06-05 07:32:34.802 [info] > git config --get commit.template [2ms]
2025-06-05 07:32:34.806 [info] > git for-each-ref --format=%(refname)%00%(upstream:short)%00%(objectname)%00%(upstream:track)%00%(upstream:remotename)%00%(upstream:remoteref) refs/heads/main refs/remotes/main [2ms]
2025-06-05 07:32:34.814 [info] > git for-each-ref --sort -committerdate --format %(refname)%00%(objectname)%00%(*objectname) [1ms]
2025-06-05 07:32:34.869 [info] > git status -z -uall [60ms]
2025-06-05 07:32:39.984 [info] > git config --get commit.template [3ms]
2025-06-05 07:32:39.984 [info] > git for-each-ref --format=%(refname)%00%(upstream:short)%00%(objectname)%00%(upstream:track)%00%(upstream:remotename)%00%(upstream:remoteref) refs/heads/main refs/remotes/main [1ms]
2025-06-05 07:32:39.989 [info] > git for-each-ref --sort -committerdate --format %(refname)%00%(objectname)%00%(*objectname) [1ms]
2025-06-05 07:32:40.032 [info] > git status -z -uall [45ms]
2025-06-05 07:32:45.080 [info] > git config --get commit.template [3ms]
2025-06-05 07:32:45.081 [info] > git for-each-ref --format=%(refname)%00%(upstream:short)%00%(objectname)%00%(upstream:track)%00%(upstream:remotename)%00%(upstream:remoteref) refs/heads/main refs/remotes/main [1ms]
2025-06-05 07:32:45.085 [info] > git for-each-ref --sort -committerdate --format %(refname)%00%(objectname)%00%(*objectname) [0ms]
2025-06-05 07:32:45.129 [info] > git status -z -uall [46ms]
2025-06-05 07:32:50.184 [info] > git config --get commit.template [3ms]
2025-06-05 07:32:50.185 [info] > git for-each-ref --format=%(refname)%00%(upstream:short)%00%(objectname)%00%(upstream:track)%00%(upstream:remotename)%00%(upstream:remoteref) refs/heads/main refs/remotes/main [1ms]
2025-06-05 07:32:50.191 [info] > git for-each-ref --sort -committerdate --format %(refname)%00%(objectname)%00%(*objectname) [1ms]
2025-06-05 07:32:50.235 [info] > git status -z -uall [48ms]
2025-06-05 07:33:46.468 [info] > git config --get commit.template [4ms]
2025-06-05 07:33:46.469 [info] > git for-each-ref --format=%(refname)%00%(upstream:short)%00%(objectname)%00%(upstream:track)%00%(upstream:remotename)%00%(upstream:remoteref) refs/heads/main refs/remotes/main [2ms]
2025-06-05 07:33:46.479 [info] > git for-each-ref --sort -committerdate --format %(refname)%00%(objectname)%00%(*objectname) [3ms]
2025-06-05 07:33:46.537 [info] > git status -z -uall [64ms]
2025-06-05 07:33:51.628 [info] > git config --get commit.template [3ms]
2025-06-05 07:33:51.629 [info] > git for-each-ref --format=%(refname)%00%(upstream:short)%00%(objectname)%00%(upstream:track)%00%(upstream:remotename)%00%(upstream:remoteref) refs/heads/main refs/remotes/main [1ms]
2025-06-05 07:33:51.634 [info] > git for-each-ref --sort -committerdate --format %(refname)%00%(objectname)%00%(*objectname) [1ms]
2025-06-05 07:33:51.724 [info] > git status -z -uall [93ms]
2025-06-05 07:33:58.168 [info] > git config --get commit.template [3ms]
2025-06-05 07:33:58.169 [info] > git for-each-ref --format=%(refname)%00%(upstream:short)%00%(objectname)%00%(upstream:track)%00%(upstream:remotename)%00%(upstream:remoteref) refs/heads/main refs/remotes/main [1ms]
2025-06-05 07:33:58.174 [info] > git for-each-ref --sort -committerdate --format %(refname)%00%(objectname)%00%(*objectname) [1ms]
2025-06-05 07:33:58.218 [info] > git status -z -uall [47ms]
2025-06-05 07:34:03.265 [info] > git config --get commit.template [3ms]
2025-06-05 07:34:03.265 [info] > git for-each-ref --format=%(refname)%00%(upstream:short)%00%(objectname)%00%(upstream:track)%00%(upstream:remotename)%00%(upstream:remoteref) refs/heads/main refs/remotes/main [1ms]
2025-06-05 07:34:03.270 [info] > git for-each-ref --sort -committerdate --format %(refname)%00%(objectname)%00%(*objectname) [1ms]
2025-06-05 07:34:03.313 [info] > git status -z -uall [45ms]
2025-06-05 07:34:08.394 [info] > git config --get commit.template [1ms]
2025-06-05 07:34:08.399 [info] > git for-each-ref --format=%(refname)%00%(upstream:short)%00%(objectname)%00%(upstream:track)%00%(upstream:remotename)%00%(upstream:remoteref) refs/heads/main refs/remotes/main [1ms]
2025-06-05 07:34:08.406 [info] > git for-each-ref --sort -committerdate --format %(refname)%00%(objectname)%00%(*objectname) [1ms]
2025-06-05 07:34:08.447 [info] > git status -z -uall [44ms]
2025-06-05 07:34:15.100 [info] > git config --get commit.template [3ms]
2025-06-05 07:34:15.100 [info] > git for-each-ref --format=%(refname)%00%(upstream:short)%00%(objectname)%00%(upstream:track)%00%(upstream:remotename)%00%(upstream:remoteref) refs/heads/main refs/remotes/main [1ms]
2025-06-05 07:34:15.107 [info] > git for-each-ref --sort -committerdate --format %(refname)%00%(objectname)%00%(*objectname) [1ms]
2025-06-05 07:34:15.170 [info] > git status -z -uall [67ms]
2025-06-05 07:34:20.235 [info] > git config --get commit.template [3ms]
2025-06-05 07:34:20.236 [info] > git for-each-ref --format=%(refname)%00%(upstream:short)%00%(objectname)%00%(upstream:track)%00%(upstream:remotename)%00%(upstream:remoteref) refs/heads/main refs/remotes/main [1ms]
2025-06-05 07:34:20.241 [info] > git for-each-ref --sort -committerdate --format %(refname)%00%(objectname)%00%(*objectname) [1ms]
2025-06-05 07:34:20.304 [info] > git status -z -uall [66ms]
2025-06-05 07:34:25.015 [info] > git show --textconv :my-first-app/src/App.js [8ms]
2025-06-05 07:34:25.017 [info] > git ls-files --stage -- my-first-app/src/App.js [8ms]
2025-06-05 07:34:25.020 [info] > git cat-file -s 498f68dc2b2f7658ce24d1a1aa7a29c211e7ca07 [1ms]
2025-06-05 07:34:25.371 [info] > git config --get commit.template [2ms]
2025-06-05 07:34:25.372 [info] > git for-each-ref --format=%(refname)%00%(upstream:short)%00%(objectname)%00%(upstream:track)%00%(upstream:remotename)%00%(upstream:remoteref) refs/heads/main refs/remotes/main [1ms]
2025-06-05 07:34:25.377 [info] > git for-each-ref --sort -committerdate --format %(refname)%00%(objectname)%00%(*objectname) [0ms]
2025-06-05 07:34:25.420 [info] > git status -z -uall [46ms]
2025-06-05 07:34:30.469 [info] > git config --get commit.template [3ms]
2025-06-05 07:34:30.470 [info] > git for-each-ref --format=%(refname)%00%(upstream:short)%00%(objectname)%00%(upstream:track)%00%(upstream:remotename)%00%(upstream:remoteref) refs/heads/main refs/remotes/main [0ms]
2025-06-05 07:34:30.475 [info] > git for-each-ref --sort -committerdate --format %(refname)%00%(objectname)%00%(*objectname) [1ms]
2025-06-05 07:34:30.516 [info] > git status -z -uall [44ms]
2025-06-05 07:34:35.563 [info] > git config --get commit.template [3ms]
2025-06-05 07:34:35.563 [info] > git for-each-ref --format=%(refname)%00%(upstream:short)%00%(objectname)%00%(upstream:track)%00%(upstream:remotename)%00%(upstream:remoteref) refs/heads/main refs/remotes/main [1ms]
2025-06-05 07:34:35.569 [info] > git for-each-ref --sort -committerdate --format %(refname)%00%(objectname)%00%(*objectname) [2ms]
2025-06-05 07:34:35.618 [info] > git status -z -uall [53ms]
2025-06-05 07:34:40.679 [info] > git config --get commit.template [1ms]
2025-06-05 07:34:40.683 [info] > git for-each-ref --format=%(refname)%00%(upstream:short)%00%(objectname)%00%(upstream:track)%00%(upstream:remotename)%00%(upstream:remoteref) refs/heads/main refs/remotes/main [1ms]
2025-06-05 07:34:40.689 [info] > git for-each-ref --sort -committerdate --format %(refname)%00%(objectname)%00%(*objectname) [0ms]
2025-06-05 07:34:40.736 [info] > git status -z -uall [49ms]
2025-06-05 07:34:45.796 [info] > git config --get commit.template [3ms]
2025-06-05 07:34:45.797 [info] > git for-each-ref --format=%(refname)%00%(upstream:short)%00%(objectname)%00%(upstream:track)%00%(upstream:remotename)%00%(upstream:remoteref) refs/heads/main refs/remotes/main [1ms]
2025-06-05 07:34:45.804 [info] > git for-each-ref --sort -committerdate --format %(refname)%00%(objectname)%00%(*objectname) [1ms]
2025-06-05 07:34:45.860 [info] > git status -z -uall [60ms]
2025-06-05 07:34:50.918 [info] > git config --get commit.template [0ms]
2025-06-05 07:34:50.922 [info] > git for-each-ref --format=%(refname)%00%(upstream:short)%00%(objectname)%00%(upstream:track)%00%(upstream:remotename)%00%(upstream:remoteref) refs/heads/main refs/remotes/main [1ms]
2025-06-05 07:34:50.929 [info] > git for-each-ref --sort -committerdate --format %(refname)%00%(objectname)%00%(*objectname) [1ms]
2025-06-05 07:34:50.979 [info] > git status -z -uall [54ms]
2025-06-05 07:35:37.121 [info] > git config --get commit.template [10ms]
2025-06-05 07:35:37.126 [info] > git for-each-ref --format=%(refname)%00%(upstream:short)%00%(objectname)%00%(upstream:track)%00%(upstream:remotename)%00%(upstream:remoteref) refs/heads/main refs/remotes/main [10ms]
2025-06-05 07:35:37.135 [info] > git for-each-ref --sort -committerdate --format %(refname)%00%(objectname)%00%(*objectname) [2ms]
2025-06-05 07:35:37.441 [info] > git show --textconv :my-first-app/package.json [11ms]
2025-06-05 07:35:37.442 [info] > git ls-files --stage -- my-first-app/package.json [9ms]
2025-06-05 07:35:37.447 [info] > git cat-file -s fe03ac1c14c84a77389fc89dc1224b5aeeb4e78b [1ms]
2025-06-05 07:35:37.554 [info] > git blame --root --incremental 59204c9d12ffb86cea5cab90732dfe40b5996211 -- my-first-app/package.json [10ms]
2025-06-05 07:35:38.156 [info] > git status -z -uall [1027ms]
2025-06-05 07:35:43.243 [info] > git config --get commit.template [2ms]
2025-06-05 07:35:43.244 [info] > git for-each-ref --format=%(refname)%00%(upstream:short)%00%(objectname)%00%(upstream:track)%00%(upstream:remotename)%00%(upstream:remoteref) refs/heads/main refs/remotes/main [1ms]
2025-06-05 07:35:43.248 [info] > git for-each-ref --sort -committerdate --format %(refname)%00%(objectname)%00%(*objectname) [1ms]
2025-06-05 07:35:43.290 [info] > git status -z -uall [44ms]
2025-06-05 07:35:48.343 [info] > git config --get commit.template [4ms]
2025-06-05 07:35:48.343 [info] > git for-each-ref --format=%(refname)%00%(upstream:short)%00%(objectname)%00%(upstream:track)%00%(upstream:remotename)%00%(upstream:remoteref) refs/heads/main refs/remotes/main [1ms]
2025-06-05 07:35:48.348 [info] > git for-each-ref --sort -committerdate --format %(refname)%00%(objectname)%00%(*objectname) [1ms]
2025-06-05 07:35:48.390 [info] > git status -z -uall [45ms]
2025-06-05 07:35:53.443 [info] > git config --get commit.template [5ms]
2025-06-05 07:35:53.444 [info] > git for-each-ref --format=%(refname)%00%(upstream:short)%00%(objectname)%00%(upstream:track)%00%(upstream:remotename)%00%(upstream:remoteref) refs/heads/main refs/remotes/main [1ms]
2025-06-05 07:35:53.450 [info] > git for-each-ref --sort -committerdate --format %(refname)%00%(objectname)%00%(*objectname) [1ms]
2025-06-05 07:35:53.493 [info] > git status -z -uall [46ms]
2025-06-05 07:35:58.543 [info] > git config --get commit.template [2ms]
2025-06-05 07:35:58.543 [info] > git for-each-ref --format=%(refname)%00%(upstream:short)%00%(objectname)%00%(upstream:track)%00%(upstream:remotename)%00%(upstream:remoteref) refs/heads/main refs/remotes/main [1ms]
2025-06-05 07:35:58.548 [info] > git for-each-ref --sort -committerdate --format %(refname)%00%(objectname)%00%(*objectname) [1ms]
2025-06-05 07:35:58.600 [info] > git status -z -uall [54ms]
2025-06-05 07:36:03.650 [info] > git config --get commit.template [2ms]
2025-06-05 07:36:03.651 [info] > git for-each-ref --format=%(refname)%00%(upstream:short)%00%(objectname)%00%(upstream:track)%00%(upstream:remotename)%00%(upstream:remoteref) refs/heads/main refs/remotes/main [1ms]
2025-06-05 07:36:03.656 [info] > git for-each-ref --sort -committerdate --format %(refname)%00%(objectname)%00%(*objectname) [1ms]
2025-06-05 07:36:03.704 [info] > git status -z -uall [51ms]
2025-06-05 07:36:08.757 [info] > git config --get commit.template [3ms]
2025-06-05 07:36:08.758 [info] > git for-each-ref --format=%(refname)%00%(upstream:short)%00%(objectname)%00%(upstream:track)%00%(upstream:remotename)%00%(upstream:remoteref) refs/heads/main refs/remotes/main [1ms]
2025-06-05 07:36:08.764 [info] > git for-each-ref --sort -committerdate --format %(refname)%00%(objectname)%00%(*objectname) [0ms]
2025-06-05 07:36:08.806 [info] > git status -z -uall [45ms]
2025-06-05 07:37:32.761 [info] > git config --get commit.template [1ms]
2025-06-05 07:37:32.764 [info] > git for-each-ref --format=%(refname)%00%(upstream:short)%00%(objectname)%00%(upstream:track)%00%(upstream:remotename)%00%(upstream:remoteref) refs/heads/main refs/remotes/main [1ms]
2025-06-05 07:37:32.772 [info] > git for-each-ref --sort -committerdate --format %(refname)%00%(objectname)%00%(*objectname) [2ms]
2025-06-05 07:37:32.829 [info] > git status -z -uall [62ms]
