2025-05-27 05:57:10.470 [info] Extension host with pid 84712 started
2025-05-27 05:57:10.472 [info] Lock '/home/prachighatge/.vscode-server/data/User/workspaceStorage/f9f0e80ace99e668b3e867bcad2b6309/vscode.lock': Lock acquired.
2025-05-27 05:57:10.578 [info] ExtensionService#_doActivateExtension vscode.emmet, startup: false, activationEvent: 'onLanguage'
2025-05-27 05:57:10.580 [info] ExtensionService#_doActivateExtension vscode.css-language-features, startup: false, activationEvent: 'onLanguage:css'
2025-05-27 05:57:10.978 [info] ExtensionService#_doActivateExtension vscode.tunnel-forwarding, startup: false, activationEvent: 'onTunnel'
2025-05-27 05:57:11.025 [info] ExtensionService#_doActivateExtension vscode.git-base, startup: true, activationEvent: '*', root cause: vscode.git
2025-05-27 05:57:11.075 [info] ExtensionService#_doActivateExtension vscode.git, startup: true, activationEvent: '*'
2025-05-27 05:57:11.075 [info] ExtensionService#_doActivateExtension vscode.github, startup: true, activationEvent: '*'
2025-05-27 05:57:11.294 [info] Eager extensions activated
2025-05-27 05:57:11.295 [info] ExtensionService#_doActivateExtension vscode.debug-auto-launch, startup: false, activationEvent: 'onStartupFinished'
2025-05-27 05:57:11.295 [info] ExtensionService#_doActivateExtension vscode.merge-conflict, startup: false, activationEvent: 'onStartupFinished'
2025-05-27 06:09:08.386 [info] ExtensionService#_doActivateExtension vscode.npm, startup: false, activationEvent: 'onTerminalQuickFixRequest:ms-vscode.npm-command'
2025-05-27 06:09:14.214 [info] ExtensionService#_doActivateExtension vscode.configuration-editing, startup: false, activationEvent: 'onLanguage:json'
2025-05-27 06:09:14.215 [info] ExtensionService#_doActivateExtension vscode.extension-editing, startup: false, activationEvent: 'onLanguage:json'
2025-05-27 06:09:14.215 [info] ExtensionService#_doActivateExtension vscode.json-language-features, startup: false, activationEvent: 'onLanguage:json'
2025-05-27 06:09:28.349 [warning] [Decorations] CAPPING events from decorations provider vscode.git 7424
2025-05-27 06:09:25.803 [warning] [Decorations] CAPPING events from decorations provider vscode.git 7424
2025-05-27 06:09:27.895 [warning] [Decorations] CAPPING events from decorations provider vscode.git 7424
2025-05-27 06:09:32.995 [warning] [Decorations] CAPPING events from decorations provider vscode.git 7424
2025-05-27 06:09:38.101 [warning] [Decorations] CAPPING events from decorations provider vscode.git 7424
2025-05-27 06:09:43.238 [warning] [Decorations] CAPPING events from decorations provider vscode.git 7424
2025-05-27 06:09:48.341 [warning] [Decorations] CAPPING events from decorations provider vscode.git 7424
2025-05-27 06:09:53.438 [warning] [Decorations] CAPPING events from decorations provider vscode.git 7424
2025-05-27 06:09:55.811 [warning] [Decorations] CAPPING events from decorations provider vscode.git 7424
2025-05-27 06:10:00.909 [warning] [Decorations] CAPPING events from decorations provider vscode.git 7424
2025-05-27 06:10:06.006 [warning] [Decorations] CAPPING events from decorations provider vscode.git 7424
2025-05-27 06:10:11.091 [warning] [Decorations] CAPPING events from decorations provider vscode.git 7424
2025-05-27 06:10:16.193 [warning] [Decorations] CAPPING events from decorations provider vscode.git 7424
2025-05-27 06:10:21.273 [warning] [Decorations] CAPPING events from decorations provider vscode.git 7424
2025-05-27 06:10:23.621 [warning] [Decorations] CAPPING events from decorations provider vscode.git 7424
2025-05-27 06:10:28.710 [warning] [Decorations] CAPPING events from decorations provider vscode.git 7424
2025-05-27 06:12:15.186 [warning] [Decorations] CAPPING events from decorations provider vscode.git 7424
2025-05-27 06:12:20.281 [warning] [Decorations] CAPPING events from decorations provider vscode.git 7424
2025-05-27 06:12:26.269 [warning] [Decorations] CAPPING events from decorations provider vscode.git 7424
2025-05-27 06:12:31.366 [warning] [Decorations] CAPPING events from decorations provider vscode.git 7424
2025-05-27 06:13:07.854 [warning] [Decorations] CAPPING events from decorations provider vscode.git 7424
2025-05-27 06:13:12.949 [warning] [Decorations] CAPPING events from decorations provider vscode.git 7424
2025-05-27 06:13:19.263 [warning] [Decorations] CAPPING events from decorations provider vscode.git 7424
2025-05-27 06:13:24.347 [warning] [Decorations] CAPPING events from decorations provider vscode.git 7424
2025-05-27 06:13:29.443 [warning] [Decorations] CAPPING events from decorations provider vscode.git 7424
2025-05-27 06:13:31.809 [warning] [Decorations] CAPPING events from decorations provider vscode.git 7424
2025-05-27 06:13:36.910 [warning] [Decorations] CAPPING events from decorations provider vscode.git 7424
2025-05-27 06:13:41.993 [warning] [Decorations] CAPPING events from decorations provider vscode.git 7424
2025-05-27 06:13:48.800 [warning] [Decorations] CAPPING events from decorations provider vscode.git 7424
2025-05-27 06:13:53.889 [warning] [Decorations] CAPPING events from decorations provider vscode.git 7424
2025-05-27 06:13:58.973 [warning] [Decorations] CAPPING events from decorations provider vscode.git 7424
2025-05-27 06:14:01.318 [warning] [Decorations] CAPPING events from decorations provider vscode.git 7425
2025-05-27 06:14:06.408 [warning] [Decorations] CAPPING events from decorations provider vscode.git 7425
2025-05-27 06:14:11.492 [warning] [Decorations] CAPPING events from decorations provider vscode.git 7425
2025-05-27 06:14:19.134 [warning] [Decorations] CAPPING events from decorations provider vscode.git 7425
2025-05-27 06:14:24.230 [warning] [Decorations] CAPPING events from decorations provider vscode.git 7425
2025-05-27 06:14:26.581 [warning] [Decorations] CAPPING events from decorations provider vscode.git 7425
2025-05-27 06:14:31.675 [warning] [Decorations] CAPPING events from decorations provider vscode.git 7425
2025-05-27 06:14:36.768 [warning] [Decorations] CAPPING events from decorations provider vscode.git 7425
2025-05-27 06:14:41.869 [warning] [Decorations] CAPPING events from decorations provider vscode.git 7425
2025-05-27 06:14:46.955 [warning] [Decorations] CAPPING events from decorations provider vscode.git 7425
2025-05-27 06:14:52.765 [warning] [Decorations] CAPPING events from decorations provider vscode.git 7425
2025-05-27 06:14:55.133 [warning] [Decorations] CAPPING events from decorations provider vscode.git 7425
2025-05-27 06:15:00.214 [warning] [Decorations] CAPPING events from decorations provider vscode.git 7425
2025-05-27 06:15:04.441 [info] Extension host terminating: received terminate message from renderer
2025-05-27 06:15:04.442 [info] Lock '/home/prachighatge/.vscode-server/data/User/workspaceStorage/f9f0e80ace99e668b3e867bcad2b6309/vscode.lock': Marking the lockfile as scheduled to be released in 6000 ms.
2025-05-27 06:15:04.490 [info] Extension host with pid 84712 exiting with code 0
