2025-06-04 13:30:01.321 [info] Extension host with pid 5336 started
2025-06-04 13:30:01.321 [error] Error: EEXIST: file already exists, open '/home/prachighatge/.vscode-server/data/User/workspaceStorage/f9f0e80ace99e668b3e867bcad2b6309/vscode.lock'
2025-06-04 13:30:01.321 [info] Lock '/home/prachighatge/.vscode-server/data/User/workspaceStorage/f9f0e80ace99e668b3e867bcad2b6309/vscode.lock': Could not acquire lock, checking if the file is stale.
2025-06-04 13:30:01.324 [info] Lock '/home/prachighatge/.vscode-server/data/User/workspaceStorage/f9f0e80ace99e668b3e867bcad2b6309/vscode.lock': The pid 4719 appears to be gone.
2025-06-04 13:30:01.325 [info] Lock '/home/prachighatge/.vscode-server/data/User/workspaceStorage/f9f0e80ace99e668b3e867bcad2b6309/vscode.lock': Deleting a stale lock.
2025-06-04 13:30:01.332 [info] Lock '/home/prachighatge/.vscode-server/data/User/workspaceStorage/f9f0e80ace99e668b3e867bcad2b6309/vscode.lock': Lock acquired.
2025-06-04 13:30:01.562 [info] ExtensionService#_doActivateExtension vscode.tunnel-forwarding, startup: false, activationEvent: 'onTunnel'
2025-06-04 13:30:01.563 [info] ExtensionService#_doActivateExtension vscode.emmet, startup: false, activationEvent: 'onLanguage'
2025-06-04 13:30:01.563 [info] ExtensionService#_doActivateExtension vscode.css-language-features, startup: false, activationEvent: 'onLanguage:css'
2025-06-04 13:30:01.949 [info] ExtensionService#_doActivateExtension vscode.git-base, startup: true, activationEvent: '*', root cause: vscode.git
2025-06-04 13:30:01.953 [info] ExtensionService#_doActivateExtension vscode.npm, startup: true, activationEvent: 'workspaceContains:package.json'
2025-06-04 13:30:02.017 [info] ExtensionService#_doActivateExtension vscode.git, startup: true, activationEvent: '*'
2025-06-04 13:30:02.017 [info] ExtensionService#_doActivateExtension vscode.github, startup: true, activationEvent: '*'
2025-06-04 13:30:02.169 [info] Eager extensions activated
2025-06-04 13:30:02.169 [info] ExtensionService#_doActivateExtension vscode.debug-auto-launch, startup: false, activationEvent: 'onStartupFinished'
2025-06-04 13:30:02.170 [info] ExtensionService#_doActivateExtension vscode.merge-conflict, startup: false, activationEvent: 'onStartupFinished'
2025-06-04 13:30:02.467 [warning] [Decorations] CAPPING events from decorations provider vscode.git 4104
2025-06-04 13:30:02.803 [warning] [Decorations] CAPPING events from decorations provider vscode.git 4104
2025-06-04 13:30:06.008 [info] ExtensionService#_doActivateExtension vscode.configuration-editing, startup: false, activationEvent: 'onLanguage:json'
2025-06-04 13:30:06.008 [info] ExtensionService#_doActivateExtension vscode.extension-editing, startup: false, activationEvent: 'onLanguage:json'
2025-06-04 13:30:06.008 [info] ExtensionService#_doActivateExtension vscode.json-language-features, startup: false, activationEvent: 'onLanguage:json'
2025-06-04 13:30:21.967 [warning] [Decorations] CAPPING events from decorations provider vscode.git 4106
2025-06-04 13:30:46.806 [warning] [Decorations] CAPPING events from decorations provider vscode.git 4096
2025-06-04 13:30:51.919 [warning] [Decorations] CAPPING events from decorations provider vscode.git 4096
2025-06-04 13:30:57.962 [warning] [Decorations] CAPPING events from decorations provider vscode.git 4096
2025-06-04 13:31:01.431 [warning] [Decorations] CAPPING events from decorations provider vscode.git 4097
2025-06-04 13:31:06.545 [warning] [Decorations] CAPPING events from decorations provider vscode.git 4096
2025-06-04 13:31:11.656 [warning] [Decorations] CAPPING events from decorations provider vscode.git 4096
2025-06-04 13:31:16.764 [warning] [Decorations] CAPPING events from decorations provider vscode.git 4096
2025-06-04 13:31:39.470 [warning] [Decorations] CAPPING events from decorations provider vscode.git 4096
2025-06-04 13:31:44.570 [warning] [Decorations] CAPPING events from decorations provider vscode.git 4096
2025-06-04 13:31:51.369 [warning] [Decorations] CAPPING events from decorations provider vscode.git 4096
2025-06-04 13:31:57.362 [warning] [Decorations] CAPPING events from decorations provider vscode.git 4096
2025-06-04 13:32:00.805 [warning] [Decorations] CAPPING events from decorations provider vscode.git 4097
2025-06-04 13:32:05.905 [warning] [Decorations] CAPPING events from decorations provider vscode.git 4097
2025-06-04 13:32:11.016 [warning] [Decorations] CAPPING events from decorations provider vscode.git 4097
2025-06-04 13:32:16.116 [warning] [Decorations] CAPPING events from decorations provider vscode.git 4097
2025-06-04 13:32:21.218 [warning] [Decorations] CAPPING events from decorations provider vscode.git 4097
2025-06-04 13:32:26.317 [warning] [Decorations] CAPPING events from decorations provider vscode.git 4097
2025-06-04 13:32:29.776 [warning] [Decorations] CAPPING events from decorations provider vscode.git 4097
2025-06-04 13:32:34.894 [warning] [Decorations] CAPPING events from decorations provider vscode.git 4097
2025-06-04 13:32:40.001 [warning] [Decorations] CAPPING events from decorations provider vscode.git 4097
2025-06-04 13:32:45.099 [warning] [Decorations] CAPPING events from decorations provider vscode.git 4098
2025-06-04 13:32:50.199 [warning] [Decorations] CAPPING events from decorations provider vscode.git 4098
2025-06-04 13:32:55.310 [warning] [Decorations] CAPPING events from decorations provider vscode.git 4098
2025-06-04 13:33:30.274 [warning] [Decorations] CAPPING events from decorations provider vscode.git 4098
2025-06-04 13:33:37.573 [warning] [Decorations] CAPPING events from decorations provider vscode.git 4099
2025-06-04 13:34:04.329 [warning] [Decorations] CAPPING events from decorations provider vscode.git 4098
2025-06-04 13:34:09.446 [warning] [Decorations] CAPPING events from decorations provider vscode.git 4098
2025-06-04 13:34:14.577 [warning] [Decorations] CAPPING events from decorations provider vscode.git 4098
2025-06-04 13:34:19.688 [warning] [Decorations] CAPPING events from decorations provider vscode.git 4098
2025-06-04 13:41:45.796 [warning] [Decorations] CAPPING events from decorations provider vscode.git 4098
2025-06-04 13:41:50.908 [warning] [Decorations] CAPPING events from decorations provider vscode.git 4098
2025-06-04 13:41:54.194 [warning] [Decorations] CAPPING events from decorations provider vscode.git 4098
2025-06-04 13:41:59.307 [warning] [Decorations] CAPPING events from decorations provider vscode.git 4098
2025-06-04 13:42:01.895 [info] ExtensionService#_doActivateExtension vscode.typescript-language-features, startup: false, activationEvent: 'onLanguage:javascript'
2025-06-04 13:42:04.410 [warning] [Decorations] CAPPING events from decorations provider vscode.git 4099
2025-06-04 13:42:09.523 [warning] [Decorations] CAPPING events from decorations provider vscode.git 4100
2025-06-04 13:43:34.752 [info] Extension host terminating: received terminate message from renderer
2025-06-04 13:43:34.752 [info] Lock '/home/prachighatge/.vscode-server/data/User/workspaceStorage/f9f0e80ace99e668b3e867bcad2b6309/vscode.lock': Marking the lockfile as scheduled to be released in 6000 ms.
2025-06-04 13:43:34.802 [info] Extension host with pid 5336 exiting with code 0
