2025-05-27 08:42:54.161 [info] [main] Log level: Info
2025-05-27 08:42:54.161 [info] [main] Validating found git in: "git"
2025-05-27 08:42:54.161 [info] [main] Using git "2.43.0" from "git"
2025-05-27 08:42:54.161 [info] [Model][doInitialScan] Initial repository scan started
2025-05-27 08:42:54.161 [info] > git rev-parse --show-toplevel [30ms]
2025-05-27 08:42:54.161 [info] > git rev-parse --git-dir --git-common-dir [3ms]
2025-05-27 08:42:54.161 [info] [Model][openRepository] Opened repository (path): /home/prachighatge
2025-05-27 08:42:54.161 [info] [Model][openRepository] Opened repository (real path): /home/prachighatge
2025-05-27 08:42:54.161 [info] > git rev-parse --show-toplevel [4ms]
2025-05-27 08:42:54.161 [info] > git config --get commit.template [8ms]
2025-05-27 08:42:54.166 [info] > git rev-parse --show-toplevel [2ms]
2025-05-27 08:42:54.170 [info] > git rev-parse --show-toplevel [1ms]
2025-05-27 08:42:54.170 [info] > git for-each-ref --format=%(refname)%00%(upstream:short)%00%(objectname)%00%(upstream:track)%00%(upstream:remotename)%00%(upstream:remoteref) refs/heads/main refs/remotes/main [10ms]
2025-05-27 08:42:54.174 [info] > git rev-parse --show-toplevel [1ms]
2025-05-27 08:42:54.193 [info] > git rev-parse --show-toplevel [16ms]
2025-05-27 08:42:54.203 [info] > git for-each-ref --sort -committerdate --format %(refname)%00%(objectname)%00%(*objectname) [17ms]
2025-05-27 08:42:54.210 [info] > git rev-parse --show-toplevel [8ms]
2025-05-27 08:42:54.218 [info] > git rev-parse --show-toplevel [4ms]
2025-05-27 08:42:54.227 [info] > git rev-parse --show-toplevel [2ms]
2025-05-27 08:42:54.231 [info] > git rev-parse --show-toplevel [1ms]
2025-05-27 08:42:54.236 [info] > git rev-parse --show-toplevel [2ms]
2025-05-27 08:42:54.240 [info] [Model][doInitialScan] Initial repository scan completed - repositories (1), closed repositories (0), parent repositories (0), unsafe repositories (0)
2025-05-27 08:42:54.482 [info] > git show --textconv :my-first-app/package.json [7ms]
2025-05-27 08:42:54.483 [info] > git ls-files --stage -- my-first-app/package.json [6ms]
2025-05-27 08:42:54.486 [info] > git cat-file -s 1f72d5d366b06d1de4a0b2d2410bd886d170653e [1ms]
2025-05-27 08:42:54.549 [info] > git blame --root --incremental 82456abe73ce2eb791e0fcae3788206c6abf995b -- my-first-app/package.json [2ms]
2025-05-27 08:42:54.771 [info] > git check-ignore -v -z --stdin [70ms]
2025-05-27 08:43:00.078 [info] > git status -z -uall [5897ms]
2025-05-27 08:43:00.099 [info] > git for-each-ref --format=%(refname)%00%(upstream:short)%00%(objectname)%00%(upstream:track)%00%(upstream:remotename)%00%(upstream:remoteref) refs/heads/main refs/remotes/main [5ms]
2025-05-27 08:43:00.102 [info] > git config --get commit.template [4ms]
2025-05-27 08:43:00.102 [info] > git config --get --local branch.main.vscode-merge-base [1ms]
2025-05-27 08:43:00.103 [warning] [Git][config] git config failed: Failed to execute git
2025-05-27 08:43:00.108 [info] > git for-each-ref --format=%(refname)%00%(upstream:short)%00%(objectname)%00%(upstream:track)%00%(upstream:remotename)%00%(upstream:remoteref) refs/heads/main refs/remotes/main [1ms]
2025-05-27 08:43:00.109 [info] > git reflog main --grep-reflog=branch: Created from *. [3ms]
2025-05-27 08:43:00.114 [info] > git symbolic-ref --short refs/remotes/origin/HEAD [3ms]
2025-05-27 08:43:00.114 [info] fatal: ref refs/remotes/origin/HEAD is not a symbolic ref
2025-05-27 08:43:00.115 [warning] [Repository][getDefaultBranch] Failed to get default branch details: Failed to execute git.
2025-05-27 08:43:00.132 [info] > git merge-base refs/heads/main refs/remotes/origin/main [14ms]
2025-05-27 08:43:00.137 [info] > git for-each-ref --sort -committerdate --format %(refname)%00%(objectname)%00%(*objectname) [7ms]
2025-05-27 08:43:00.140 [info] > git diff --name-status -z --diff-filter=ADMR 82456abe73ce2eb791e0fcae3788206c6abf995b...refs/remotes/origin/main [5ms]
2025-05-27 08:43:00.631 [info] > git status -z -uall [503ms]
2025-05-27 08:45:34.033 [info] > git config --get commit.template [4ms]
2025-05-27 08:45:34.034 [info] > git for-each-ref --format=%(refname)%00%(upstream:short)%00%(objectname)%00%(upstream:track)%00%(upstream:remotename)%00%(upstream:remoteref) refs/heads/main refs/remotes/main [2ms]
2025-05-27 08:45:34.044 [info] > git for-each-ref --sort -committerdate --format %(refname)%00%(objectname)%00%(*objectname) [2ms]
2025-05-27 08:45:34.562 [info] > git status -z -uall [524ms]
2025-05-27 08:45:39.586 [info] > git config --get commit.template [4ms]
2025-05-27 08:45:39.586 [info] > git for-each-ref --format=%(refname)%00%(upstream:short)%00%(objectname)%00%(upstream:track)%00%(upstream:remotename)%00%(upstream:remoteref) refs/heads/main refs/remotes/main [1ms]
2025-05-27 08:45:39.592 [info] > git for-each-ref --sort -committerdate --format %(refname)%00%(objectname)%00%(*objectname) [1ms]
2025-05-27 08:45:40.079 [info] > git status -z -uall [490ms]
2025-05-27 08:45:43.026 [info] > git check-ignore -v -z --stdin [24ms]
2025-05-27 08:45:45.095 [info] > git config --get commit.template [1ms]
2025-05-27 08:45:45.099 [info] > git for-each-ref --format=%(refname)%00%(upstream:short)%00%(objectname)%00%(upstream:track)%00%(upstream:remotename)%00%(upstream:remoteref) refs/heads/main refs/remotes/main [2ms]
2025-05-27 08:45:45.104 [info] > git for-each-ref --sort -committerdate --format %(refname)%00%(objectname)%00%(*objectname) [0ms]
2025-05-27 08:45:45.533 [info] > git status -z -uall [431ms]
2025-05-27 08:45:50.546 [info] > git config --get commit.template [2ms]
2025-05-27 08:45:50.550 [info] > git for-each-ref --format=%(refname)%00%(upstream:short)%00%(objectname)%00%(upstream:track)%00%(upstream:remotename)%00%(upstream:remoteref) refs/heads/main refs/remotes/main [1ms]
2025-05-27 08:45:50.556 [info] > git for-each-ref --sort -committerdate --format %(refname)%00%(objectname)%00%(*objectname) [1ms]
2025-05-27 08:45:50.983 [info] > git status -z -uall [430ms]
2025-05-27 08:45:55.991 [info] > git config --get commit.template [0ms]
2025-05-27 08:45:55.995 [info] > git for-each-ref --format=%(refname)%00%(upstream:short)%00%(objectname)%00%(upstream:track)%00%(upstream:remotename)%00%(upstream:remoteref) refs/heads/main refs/remotes/main [1ms]
2025-05-27 08:45:56.001 [info] > git for-each-ref --sort -committerdate --format %(refname)%00%(objectname)%00%(*objectname) [1ms]
2025-05-27 08:45:56.458 [info] > git status -z -uall [460ms]
2025-05-27 08:46:01.467 [info] > git config --get commit.template [2ms]
2025-05-27 08:46:01.468 [info] > git for-each-ref --format=%(refname)%00%(upstream:short)%00%(objectname)%00%(upstream:track)%00%(upstream:remotename)%00%(upstream:remoteref) refs/heads/main refs/remotes/main [1ms]
2025-05-27 08:46:01.472 [info] > git for-each-ref --sort -committerdate --format %(refname)%00%(objectname)%00%(*objectname) [1ms]
2025-05-27 08:46:01.926 [info] > git status -z -uall [456ms]
2025-05-27 08:46:06.940 [info] > git config --get commit.template [3ms]
2025-05-27 08:46:06.940 [info] > git for-each-ref --format=%(refname)%00%(upstream:short)%00%(objectname)%00%(upstream:track)%00%(upstream:remotename)%00%(upstream:remoteref) refs/heads/main refs/remotes/main [1ms]
2025-05-27 08:46:06.945 [info] > git for-each-ref --sort -committerdate --format %(refname)%00%(objectname)%00%(*objectname) [1ms]
2025-05-27 08:46:07.430 [info] > git status -z -uall [488ms]
2025-05-27 08:46:12.467 [info] > git config --get commit.template [3ms]
2025-05-27 08:46:12.467 [info] > git for-each-ref --format=%(refname)%00%(upstream:short)%00%(objectname)%00%(upstream:track)%00%(upstream:remotename)%00%(upstream:remoteref) refs/heads/main refs/remotes/main [1ms]
2025-05-27 08:46:12.474 [info] > git for-each-ref --sort -committerdate --format %(refname)%00%(objectname)%00%(*objectname) [1ms]
2025-05-27 08:46:12.999 [info] > git status -z -uall [528ms]
2025-05-27 08:46:18.013 [info] > git config --get commit.template [3ms]
2025-05-27 08:46:18.013 [info] > git for-each-ref --format=%(refname)%00%(upstream:short)%00%(objectname)%00%(upstream:track)%00%(upstream:remotename)%00%(upstream:remoteref) refs/heads/main refs/remotes/main [0ms]
2025-05-27 08:46:18.019 [info] > git for-each-ref --sort -committerdate --format %(refname)%00%(objectname)%00%(*objectname) [1ms]
2025-05-27 08:46:18.465 [info] > git status -z -uall [449ms]
2025-05-27 08:47:49.317 [info] > git for-each-ref --format=%(refname)%00%(upstream:short)%00%(objectname)%00%(upstream:track)%00%(upstream:remotename)%00%(upstream:remoteref) refs/heads/main refs/remotes/main [3ms]
2025-05-27 08:47:49.317 [info] > git config --get commit.template [8ms]
2025-05-27 08:47:49.326 [info] > git for-each-ref --sort -committerdate --format %(refname)%00%(objectname)%00%(*objectname) [1ms]
2025-05-27 08:47:49.887 [info] > git status -z -uall [566ms]
2025-05-27 08:47:54.904 [info] > git config --get commit.template [5ms]
2025-05-27 08:47:54.904 [info] > git for-each-ref --format=%(refname)%00%(upstream:short)%00%(objectname)%00%(upstream:track)%00%(upstream:remotename)%00%(upstream:remoteref) refs/heads/main refs/remotes/main [1ms]
2025-05-27 08:47:54.914 [info] > git for-each-ref --sort -committerdate --format %(refname)%00%(objectname)%00%(*objectname) [1ms]
2025-05-27 08:47:55.358 [info] > git status -z -uall [448ms]
2025-05-27 08:48:00.371 [info] > git config --get commit.template [3ms]
2025-05-27 08:48:00.371 [info] > git for-each-ref --format=%(refname)%00%(upstream:short)%00%(objectname)%00%(upstream:track)%00%(upstream:remotename)%00%(upstream:remoteref) refs/heads/main refs/remotes/main [1ms]
2025-05-27 08:48:00.379 [info] > git for-each-ref --sort -committerdate --format %(refname)%00%(objectname)%00%(*objectname) [2ms]
2025-05-27 08:48:00.853 [info] > git status -z -uall [478ms]
2025-05-27 08:48:05.865 [info] > git config --get commit.template [3ms]
2025-05-27 08:48:05.869 [info] > git for-each-ref --format=%(refname)%00%(upstream:short)%00%(objectname)%00%(upstream:track)%00%(upstream:remotename)%00%(upstream:remoteref) refs/heads/main refs/remotes/main [1ms]
2025-05-27 08:48:05.874 [info] > git for-each-ref --sort -committerdate --format %(refname)%00%(objectname)%00%(*objectname) [1ms]
2025-05-27 08:48:06.330 [info] > git status -z -uall [459ms]
2025-05-27 08:48:55.088 [info] > git config --get commit.template [1ms]
2025-05-27 08:48:55.094 [info] > git for-each-ref --format=%(refname)%00%(upstream:short)%00%(objectname)%00%(upstream:track)%00%(upstream:remotename)%00%(upstream:remoteref) refs/heads/main refs/remotes/main [1ms]
2025-05-27 08:48:55.104 [info] > git for-each-ref --sort -committerdate --format %(refname)%00%(objectname)%00%(*objectname) [2ms]
2025-05-27 08:48:55.612 [info] > git status -z -uall [514ms]
2025-05-27 08:49:00.625 [info] > git config --get commit.template [1ms]
2025-05-27 08:49:00.628 [info] > git for-each-ref --format=%(refname)%00%(upstream:short)%00%(objectname)%00%(upstream:track)%00%(upstream:remotename)%00%(upstream:remoteref) refs/heads/main refs/remotes/main [1ms]
2025-05-27 08:49:00.633 [info] > git for-each-ref --sort -committerdate --format %(refname)%00%(objectname)%00%(*objectname) [1ms]
2025-05-27 08:49:01.095 [info] > git status -z -uall [464ms]
2025-05-27 08:49:06.107 [info] > git config --get commit.template [4ms]
2025-05-27 08:49:06.111 [info] > git for-each-ref --format=%(refname)%00%(upstream:short)%00%(objectname)%00%(upstream:track)%00%(upstream:remotename)%00%(upstream:remoteref) refs/heads/main refs/remotes/main [1ms]
2025-05-27 08:49:06.117 [info] > git for-each-ref --sort -committerdate --format %(refname)%00%(objectname)%00%(*objectname) [1ms]
2025-05-27 08:49:06.592 [info] > git status -z -uall [478ms]
2025-05-27 08:49:11.615 [info] > git config --get commit.template [2ms]
2025-05-27 08:49:11.619 [info] > git for-each-ref --format=%(refname)%00%(upstream:short)%00%(objectname)%00%(upstream:track)%00%(upstream:remotename)%00%(upstream:remoteref) refs/heads/main refs/remotes/main [1ms]
2025-05-27 08:49:11.624 [info] > git for-each-ref --sort -committerdate --format %(refname)%00%(objectname)%00%(*objectname) [1ms]
2025-05-27 08:49:12.141 [info] > git status -z -uall [519ms]
