2025-05-27 06:15:11.402 [info] Extension host with pid 89741 started
2025-05-27 06:15:11.456 [info] ExtensionService#_doActivateExtension vscode.emmet, startup: false, activationEvent: 'onLanguage'
2025-05-27 06:15:11.457 [info] ExtensionService#_doActivateExtension vscode.css-language-features, startup: false, activationEvent: 'onLanguage:css'
2025-05-27 06:15:11.541 [info] Lock '/home/prachighatge/.vscode-server/data/User/workspaceStorage/f9f0e80ace99e668b3e867bcad2b6309/vscode.lock': Lock acquired.
2025-05-27 06:15:11.753 [info] ExtensionService#_doActivateExtension vscode.git-base, startup: true, activationEvent: '*', root cause: vscode.git
2025-05-27 06:15:11.789 [info] ExtensionService#_doActivateExtension vscode.git, startup: true, activationEvent: '*'
2025-05-27 06:15:11.789 [info] ExtensionService#_doActivateExtension vscode.github, startup: true, activationEvent: '*'
2025-05-27 06:15:11.950 [info] Eager extensions activated
2025-05-27 06:15:11.951 [info] ExtensionService#_doActivateExtension vscode.debug-auto-launch, startup: false, activationEvent: 'onStartupFinished'
2025-05-27 06:15:11.951 [info] ExtensionService#_doActivateExtension vscode.merge-conflict, startup: false, activationEvent: 'onStartupFinished'
2025-05-27 06:15:12.250 [warning] [Decorations] CAPPING events from decorations provider vscode.git 7431
2025-05-27 06:15:13.154 [warning] [Decorations] CAPPING events from decorations provider vscode.git 7432
2025-05-27 06:15:14.019 [info] ExtensionService#_doActivateExtension vscode.tunnel-forwarding, startup: false, activationEvent: 'onTunnel'
2025-05-27 06:15:17.256 [warning] [Decorations] CAPPING events from decorations provider vscode.git 7432
2025-05-27 06:15:22.370 [warning] [Decorations] CAPPING events from decorations provider vscode.git 7440
2025-05-27 06:15:37.870 [warning] [Decorations] CAPPING events from decorations provider vscode.git 7440
2025-05-27 06:15:38.965 [info] ExtensionService#_doActivateExtension vscode.npm, startup: false, activationEvent: 'onTerminalQuickFixRequest:ms-vscode.npm-command'
2025-05-27 06:15:42.998 [warning] [Decorations] CAPPING events from decorations provider vscode.git 7440
2025-05-27 06:15:44.663 [info] ExtensionService#_doActivateExtension vscode.configuration-editing, startup: false, activationEvent: 'onLanguage:json'
2025-05-27 06:15:44.664 [info] ExtensionService#_doActivateExtension vscode.extension-editing, startup: false, activationEvent: 'onLanguage:json'
2025-05-27 06:15:44.664 [info] ExtensionService#_doActivateExtension vscode.json-language-features, startup: false, activationEvent: 'onLanguage:json'
2025-05-27 06:15:48.830 [warning] [Decorations] CAPPING events from decorations provider vscode.git 7441
2025-05-27 06:15:51.212 [warning] [Decorations] CAPPING events from decorations provider vscode.git 7441
2025-05-27 06:15:56.317 [warning] [Decorations] CAPPING events from decorations provider vscode.git 7441
2025-05-27 06:16:01.415 [warning] [Decorations] CAPPING events from decorations provider vscode.git 7441
2025-05-27 06:16:06.516 [warning] [Decorations] CAPPING events from decorations provider vscode.git 7441
2025-05-27 06:16:11.610 [warning] [Decorations] CAPPING events from decorations provider vscode.git 7441
2025-05-27 06:16:16.711 [warning] [Decorations] CAPPING events from decorations provider vscode.git 7441
2025-05-27 06:16:19.093 [warning] [Decorations] CAPPING events from decorations provider vscode.git 7441
2025-05-27 06:16:25.908 [warning] [Decorations] CAPPING events from decorations provider vscode.git 7441
2025-05-27 06:16:31.019 [warning] [Decorations] CAPPING events from decorations provider vscode.git 7441
2025-05-27 06:16:36.119 [warning] [Decorations] CAPPING events from decorations provider vscode.git 7441
2025-05-27 06:16:41.223 [warning] [Decorations] CAPPING events from decorations provider vscode.git 7441
2025-05-27 06:16:43.601 [warning] [Decorations] CAPPING events from decorations provider vscode.git 7441
2025-05-27 06:17:42.315 [warning] [Decorations] CAPPING events from decorations provider vscode.git 7441
2025-05-27 06:17:47.472 [warning] [Decorations] CAPPING events from decorations provider vscode.git 7441
2025-05-27 06:17:52.568 [warning] [Decorations] CAPPING events from decorations provider vscode.git 7441
2025-05-27 06:17:57.664 [warning] [Decorations] CAPPING events from decorations provider vscode.git 7441
2025-05-27 06:18:02.036 [warning] [Decorations] CAPPING events from decorations provider vscode.git 7441
2025-05-27 06:40:43.023 [info] Extension host terminating: received terminate message from renderer
2025-05-27 06:40:43.025 [info] Lock '/home/prachighatge/.vscode-server/data/User/workspaceStorage/f9f0e80ace99e668b3e867bcad2b6309/vscode.lock': Marking the lockfile as scheduled to be released in 6000 ms.
2025-05-27 06:40:43.065 [info] Extension host with pid 89741 exiting with code 0
