2025-05-27 13:49:01.872 [info] [main] Log level: Info
2025-05-27 13:49:01.872 [info] [main] Validating found git in: "git"
2025-05-27 13:49:01.872 [info] [main] Using git "2.43.0" from "git"
2025-05-27 13:49:01.872 [info] [Model][doInitialScan] Initial repository scan started
2025-05-27 13:49:01.872 [info] > git rev-parse --show-toplevel [2ms]
2025-05-27 13:49:01.872 [info] > git rev-parse --git-dir --git-common-dir [4ms]
2025-05-27 13:49:01.872 [info] [Model][openRepository] Opened repository (path): /home/prachighatge
2025-05-27 13:49:01.872 [info] [Model][openRepository] Opened repository (real path): /home/prachighatge
2025-05-27 13:49:01.882 [info] > git rev-parse --show-toplevel [1ms]
2025-05-27 13:49:01.883 [info] > git config --get commit.template [6ms]
2025-05-27 13:49:01.892 [info] > git for-each-ref --format=%(refname)%00%(upstream:short)%00%(objectname)%00%(upstream:track)%00%(upstream:remotename)%00%(upstream:remoteref) refs/heads/main refs/remotes/main [2ms]
2025-05-27 13:49:01.893 [info] > git rev-parse --show-toplevel [6ms]
2025-05-27 13:49:01.906 [info] > git for-each-ref --sort -committerdate --format %(refname)%00%(objectname)%00%(*objectname) [2ms]
2025-05-27 13:49:01.908 [info] > git rev-parse --show-toplevel [13ms]
2025-05-27 13:49:01.915 [info] > git rev-parse --show-toplevel [3ms]
2025-05-27 13:49:01.919 [info] > git rev-parse --show-toplevel [1ms]
2025-05-27 13:49:01.924 [info] > git rev-parse --show-toplevel [2ms]
2025-05-27 13:49:01.932 [info] > git rev-parse --show-toplevel [1ms]
2025-05-27 13:49:01.935 [info] > git rev-parse --show-toplevel [1ms]
2025-05-27 13:49:01.940 [info] > git rev-parse --show-toplevel [2ms]
2025-05-27 13:49:01.944 [info] > git rev-parse --show-toplevel [1ms]
2025-05-27 13:49:01.948 [info] [Model][doInitialScan] Initial repository scan completed - repositories (1), closed repositories (0), parent repositories (0), unsafe repositories (0)
2025-05-27 13:49:01.982 [info] > git status -z -uall [82ms]
2025-05-27 13:49:02.023 [info] > git for-each-ref --format=%(refname)%00%(upstream:short)%00%(objectname)%00%(upstream:track)%00%(upstream:remotename)%00%(upstream:remoteref) refs/heads/main refs/remotes/main [20ms]
2025-05-27 13:49:02.026 [info] > git config --get commit.template [4ms]
2025-05-27 13:49:02.027 [info] > git config --get --local branch.main.vscode-merge-base [2ms]
2025-05-27 13:49:02.027 [warning] [Git][config] git config failed: Failed to execute git
2025-05-27 13:49:02.035 [info] > git for-each-ref --format=%(refname)%00%(upstream:short)%00%(objectname)%00%(upstream:track)%00%(upstream:remotename)%00%(upstream:remoteref) refs/heads/main refs/remotes/main [2ms]
2025-05-27 13:49:02.035 [info] > git reflog main --grep-reflog=branch: Created from *. [5ms]
2025-05-27 13:49:02.046 [info] > git symbolic-ref --short refs/remotes/origin/HEAD [9ms]
2025-05-27 13:49:02.046 [info] fatal: ref refs/remotes/origin/HEAD is not a symbolic ref
2025-05-27 13:49:02.046 [warning] [Repository][getDefaultBranch] Failed to get default branch details: Failed to execute git.
2025-05-27 13:49:02.064 [info] > git for-each-ref --sort -committerdate --format %(refname)%00%(objectname)%00%(*objectname) [20ms]
2025-05-27 13:49:02.067 [info] > git merge-base refs/heads/main refs/remotes/origin/main [16ms]
2025-05-27 13:49:02.072 [info] > git diff --name-status -z --diff-filter=ADMR ca5ca84288d6021b6df021bf71d1e518870272b7...refs/remotes/origin/main [2ms]
2025-05-27 13:49:02.116 [info] > git status -z -uall [76ms]
2025-05-27 13:49:02.480 [info] > git show --textconv :my-first-app/package.json [9ms]
2025-05-27 13:49:02.480 [info] > git ls-files --stage -- my-first-app/package.json [7ms]
2025-05-27 13:49:02.484 [info] > git cat-file -s daf9d8223d91f6477301a66800b6ee03ee8f4101 [1ms]
2025-05-27 13:49:02.574 [info] > git check-ignore -v -z --stdin [60ms]
2025-05-27 13:49:02.676 [info] > git blame --root --incremental ca5ca84288d6021b6df021bf71d1e518870272b7 -- my-first-app/package.json [2ms]
2025-05-27 13:49:18.007 [info] > git config --get commit.template [5ms]
2025-05-27 13:49:18.008 [info] > git for-each-ref --format=%(refname)%00%(upstream:short)%00%(objectname)%00%(upstream:track)%00%(upstream:remotename)%00%(upstream:remoteref) refs/heads/main refs/remotes/main [1ms]
2025-05-27 13:49:18.015 [info] > git for-each-ref --sort -committerdate --format %(refname)%00%(objectname)%00%(*objectname) [2ms]
2025-05-27 13:49:18.056 [info] > git status -z -uall [45ms]
2025-05-27 13:49:23.075 [info] > git config --get commit.template [5ms]
2025-05-27 13:49:23.077 [info] > git for-each-ref --format=%(refname)%00%(upstream:short)%00%(objectname)%00%(upstream:track)%00%(upstream:remotename)%00%(upstream:remoteref) refs/heads/main refs/remotes/main [3ms]
2025-05-27 13:49:23.088 [info] > git for-each-ref --sort -committerdate --format %(refname)%00%(objectname)%00%(*objectname) [3ms]
2025-05-27 13:49:23.128 [info] > git status -z -uall [46ms]
2025-05-27 13:49:28.254 [info] > git config --get commit.template [0ms]
2025-05-27 13:49:28.257 [info] > git for-each-ref --format=%(refname)%00%(upstream:short)%00%(objectname)%00%(upstream:track)%00%(upstream:remotename)%00%(upstream:remoteref) refs/heads/main refs/remotes/main [1ms]
2025-05-27 13:49:28.261 [info] > git for-each-ref --sort -committerdate --format %(refname)%00%(objectname)%00%(*objectname) [1ms]
2025-05-27 13:49:28.301 [info] > git status -z -uall [42ms]
2025-05-27 13:49:33.314 [info] > git config --get commit.template [1ms]
2025-05-27 13:49:33.317 [info] > git for-each-ref --format=%(refname)%00%(upstream:short)%00%(objectname)%00%(upstream:track)%00%(upstream:remotename)%00%(upstream:remoteref) refs/heads/main refs/remotes/main [1ms]
2025-05-27 13:49:33.323 [info] > git for-each-ref --sort -committerdate --format %(refname)%00%(objectname)%00%(*objectname) [1ms]
2025-05-27 13:49:33.364 [info] > git status -z -uall [44ms]
2025-05-27 13:49:38.374 [info] > git config --get commit.template [1ms]
2025-05-27 13:49:38.377 [info] > git for-each-ref --format=%(refname)%00%(upstream:short)%00%(objectname)%00%(upstream:track)%00%(upstream:remotename)%00%(upstream:remoteref) refs/heads/main refs/remotes/main [1ms]
2025-05-27 13:49:38.383 [info] > git for-each-ref --sort -committerdate --format %(refname)%00%(objectname)%00%(*objectname) [1ms]
2025-05-27 13:49:38.424 [info] > git status -z -uall [44ms]
2025-05-27 13:49:43.440 [info] > git config --get commit.template [4ms]
2025-05-27 13:49:43.440 [info] > git for-each-ref --format=%(refname)%00%(upstream:short)%00%(objectname)%00%(upstream:track)%00%(upstream:remotename)%00%(upstream:remoteref) refs/heads/main refs/remotes/main [1ms]
2025-05-27 13:49:43.449 [info] > git for-each-ref --sort -committerdate --format %(refname)%00%(objectname)%00%(*objectname) [1ms]
2025-05-27 13:49:43.493 [info] > git status -z -uall [49ms]
2025-05-27 13:49:48.509 [info] > git config --get commit.template [6ms]
2025-05-27 13:49:48.510 [info] > git for-each-ref --format=%(refname)%00%(upstream:short)%00%(objectname)%00%(upstream:track)%00%(upstream:remotename)%00%(upstream:remoteref) refs/heads/main refs/remotes/main [3ms]
2025-05-27 13:49:48.515 [info] > git for-each-ref --sort -committerdate --format %(refname)%00%(objectname)%00%(*objectname) [1ms]
2025-05-27 13:49:48.556 [info] > git status -z -uall [43ms]
2025-05-27 13:49:53.566 [info] > git config --get commit.template [2ms]
2025-05-27 13:49:53.567 [info] > git for-each-ref --format=%(refname)%00%(upstream:short)%00%(objectname)%00%(upstream:track)%00%(upstream:remotename)%00%(upstream:remoteref) refs/heads/main refs/remotes/main [1ms]
2025-05-27 13:49:53.571 [info] > git for-each-ref --sort -committerdate --format %(refname)%00%(objectname)%00%(*objectname) [1ms]
2025-05-27 13:49:53.610 [info] > git status -z -uall [41ms]
2025-05-27 13:49:58.736 [info] > git config --get commit.template [1ms]
2025-05-27 13:49:58.738 [info] > git for-each-ref --format=%(refname)%00%(upstream:short)%00%(objectname)%00%(upstream:track)%00%(upstream:remotename)%00%(upstream:remoteref) refs/heads/main refs/remotes/main [0ms]
2025-05-27 13:49:58.744 [info] > git for-each-ref --sort -committerdate --format %(refname)%00%(objectname)%00%(*objectname) [1ms]
2025-05-27 13:49:58.788 [info] > git status -z -uall [46ms]
2025-05-27 13:50:03.799 [info] > git config --get commit.template [1ms]
2025-05-27 13:50:03.803 [info] > git for-each-ref --format=%(refname)%00%(upstream:short)%00%(objectname)%00%(upstream:track)%00%(upstream:remotename)%00%(upstream:remoteref) refs/heads/main refs/remotes/main [1ms]
2025-05-27 13:50:03.810 [info] > git for-each-ref --sort -committerdate --format %(refname)%00%(objectname)%00%(*objectname) [1ms]
2025-05-27 13:50:03.848 [info] > git status -z -uall [41ms]
2025-05-27 13:50:08.869 [info] > git config --get commit.template [11ms]
2025-05-27 13:50:08.873 [info] > git for-each-ref --format=%(refname)%00%(upstream:short)%00%(objectname)%00%(upstream:track)%00%(upstream:remotename)%00%(upstream:remoteref) refs/heads/main refs/remotes/main [12ms]
2025-05-27 13:50:08.879 [info] > git for-each-ref --sort -committerdate --format %(refname)%00%(objectname)%00%(*objectname) [1ms]
2025-05-27 13:50:09.816 [info] > git status -z -uall [940ms]
2025-05-27 13:50:14.832 [info] > git config --get commit.template [5ms]
2025-05-27 13:50:14.833 [info] > git for-each-ref --format=%(refname)%00%(upstream:short)%00%(objectname)%00%(upstream:track)%00%(upstream:remotename)%00%(upstream:remoteref) refs/heads/main refs/remotes/main [1ms]
2025-05-27 13:50:14.838 [info] > git for-each-ref --sort -committerdate --format %(refname)%00%(objectname)%00%(*objectname) [1ms]
2025-05-27 13:50:14.878 [info] > git status -z -uall [43ms]
2025-05-27 13:50:20.263 [info] > git config --get commit.template [1ms]
2025-05-27 13:50:20.267 [info] > git for-each-ref --format=%(refname)%00%(upstream:short)%00%(objectname)%00%(upstream:track)%00%(upstream:remotename)%00%(upstream:remoteref) refs/heads/main refs/remotes/main [1ms]
2025-05-27 13:50:20.272 [info] > git for-each-ref --sort -committerdate --format %(refname)%00%(objectname)%00%(*objectname) [1ms]
2025-05-27 13:50:20.309 [info] > git status -z -uall [39ms]
2025-05-27 13:50:25.435 [info] > git config --get commit.template [3ms]
2025-05-27 13:50:25.436 [info] > git for-each-ref --format=%(refname)%00%(upstream:short)%00%(objectname)%00%(upstream:track)%00%(upstream:remotename)%00%(upstream:remoteref) refs/heads/main refs/remotes/main [1ms]
2025-05-27 13:50:25.442 [info] > git for-each-ref --sort -committerdate --format %(refname)%00%(objectname)%00%(*objectname) [1ms]
2025-05-27 13:50:25.485 [info] > git status -z -uall [47ms]
2025-05-27 13:50:30.497 [info] > git config --get commit.template [3ms]
2025-05-27 13:50:30.498 [info] > git for-each-ref --format=%(refname)%00%(upstream:short)%00%(objectname)%00%(upstream:track)%00%(upstream:remotename)%00%(upstream:remoteref) refs/heads/main refs/remotes/main [1ms]
2025-05-27 13:50:30.503 [info] > git for-each-ref --sort -committerdate --format %(refname)%00%(objectname)%00%(*objectname) [1ms]
2025-05-27 13:50:30.545 [info] > git status -z -uall [44ms]
2025-05-27 13:50:35.558 [info] > git config --get commit.template [5ms]
2025-05-27 13:50:35.558 [info] > git for-each-ref --format=%(refname)%00%(upstream:short)%00%(objectname)%00%(upstream:track)%00%(upstream:remotename)%00%(upstream:remoteref) refs/heads/main refs/remotes/main [0ms]
2025-05-27 13:50:35.564 [info] > git for-each-ref --sort -committerdate --format %(refname)%00%(objectname)%00%(*objectname) [1ms]
2025-05-27 13:50:35.609 [info] > git status -z -uall [47ms]
2025-05-27 13:50:40.621 [info] > git config --get commit.template [2ms]
2025-05-27 13:50:40.624 [info] > git for-each-ref --format=%(refname)%00%(upstream:short)%00%(objectname)%00%(upstream:track)%00%(upstream:remotename)%00%(upstream:remoteref) refs/heads/main refs/remotes/main [1ms]
2025-05-27 13:50:40.629 [info] > git for-each-ref --sort -committerdate --format %(refname)%00%(objectname)%00%(*objectname) [0ms]
2025-05-27 13:50:40.668 [info] > git status -z -uall [41ms]
2025-05-27 13:50:45.679 [info] > git config --get commit.template [2ms]
2025-05-27 13:50:45.683 [info] > git for-each-ref --format=%(refname)%00%(upstream:short)%00%(objectname)%00%(upstream:track)%00%(upstream:remotename)%00%(upstream:remoteref) refs/heads/main refs/remotes/main [2ms]
2025-05-27 13:50:45.688 [info] > git for-each-ref --sort -committerdate --format %(refname)%00%(objectname)%00%(*objectname) [1ms]
2025-05-27 13:50:45.731 [info] > git status -z -uall [46ms]
2025-05-27 13:50:50.743 [info] > git config --get commit.template [1ms]
2025-05-27 13:50:50.747 [info] > git for-each-ref --format=%(refname)%00%(upstream:short)%00%(objectname)%00%(upstream:track)%00%(upstream:remotename)%00%(upstream:remoteref) refs/heads/main refs/remotes/main [1ms]
2025-05-27 13:50:50.752 [info] > git for-each-ref --sort -committerdate --format %(refname)%00%(objectname)%00%(*objectname) [1ms]
2025-05-27 13:50:50.795 [info] > git status -z -uall [46ms]
2025-05-27 13:50:55.924 [info] > git config --get commit.template [5ms]
2025-05-27 13:50:55.925 [info] > git for-each-ref --format=%(refname)%00%(upstream:short)%00%(objectname)%00%(upstream:track)%00%(upstream:remotename)%00%(upstream:remoteref) refs/heads/main refs/remotes/main [1ms]
2025-05-27 13:50:55.931 [info] > git for-each-ref --sort -committerdate --format %(refname)%00%(objectname)%00%(*objectname) [1ms]
2025-05-27 13:50:55.971 [info] > git status -z -uall [43ms]
2025-05-27 13:51:00.988 [info] > git config --get commit.template [4ms]
2025-05-27 13:51:00.989 [info] > git for-each-ref --format=%(refname)%00%(upstream:short)%00%(objectname)%00%(upstream:track)%00%(upstream:remotename)%00%(upstream:remoteref) refs/heads/main refs/remotes/main [1ms]
2025-05-27 13:51:00.995 [info] > git for-each-ref --sort -committerdate --format %(refname)%00%(objectname)%00%(*objectname) [1ms]
2025-05-27 13:51:01.034 [info] > git status -z -uall [42ms]
2025-05-27 13:51:06.048 [info] > git config --get commit.template [4ms]
2025-05-27 13:51:06.049 [info] > git for-each-ref --format=%(refname)%00%(upstream:short)%00%(objectname)%00%(upstream:track)%00%(upstream:remotename)%00%(upstream:remoteref) refs/heads/main refs/remotes/main [1ms]
2025-05-27 13:51:06.054 [info] > git for-each-ref --sort -committerdate --format %(refname)%00%(objectname)%00%(*objectname) [1ms]
2025-05-27 13:51:06.092 [info] > git status -z -uall [40ms]
2025-05-27 13:51:12.541 [info] > git config --get commit.template [2ms]
2025-05-27 13:51:12.545 [info] > git for-each-ref --format=%(refname)%00%(upstream:short)%00%(objectname)%00%(upstream:track)%00%(upstream:remotename)%00%(upstream:remoteref) refs/heads/main refs/remotes/main [1ms]
2025-05-27 13:51:12.551 [info] > git for-each-ref --sort -committerdate --format %(refname)%00%(objectname)%00%(*objectname) [1ms]
2025-05-27 13:51:12.589 [info] > git status -z -uall [41ms]
2025-05-27 13:51:17.598 [info] > git config --get commit.template [2ms]
2025-05-27 13:51:17.598 [info] > git for-each-ref --format=%(refname)%00%(upstream:short)%00%(objectname)%00%(upstream:track)%00%(upstream:remotename)%00%(upstream:remoteref) refs/heads/main refs/remotes/main [1ms]
2025-05-27 13:51:17.604 [info] > git for-each-ref --sort -committerdate --format %(refname)%00%(objectname)%00%(*objectname) [2ms]
2025-05-27 13:51:17.650 [info] > git status -z -uall [50ms]
2025-05-27 13:51:22.665 [info] > git config --get commit.template [5ms]
2025-05-27 13:51:22.666 [info] > git for-each-ref --format=%(refname)%00%(upstream:short)%00%(objectname)%00%(upstream:track)%00%(upstream:remotename)%00%(upstream:remoteref) refs/heads/main refs/remotes/main [1ms]
2025-05-27 13:51:22.673 [info] > git for-each-ref --sort -committerdate --format %(refname)%00%(objectname)%00%(*objectname) [1ms]
2025-05-27 13:51:22.713 [info] > git status -z -uall [43ms]
2025-05-27 13:51:27.846 [info] > git config --get commit.template [3ms]
2025-05-27 13:51:27.846 [info] > git for-each-ref --format=%(refname)%00%(upstream:short)%00%(objectname)%00%(upstream:track)%00%(upstream:remotename)%00%(upstream:remoteref) refs/heads/main refs/remotes/main [1ms]
2025-05-27 13:51:27.858 [info] > git for-each-ref --sort -committerdate --format %(refname)%00%(objectname)%00%(*objectname) [1ms]
2025-05-27 13:51:27.900 [info] > git status -z -uall [47ms]
2025-05-27 13:51:32.911 [info] > git config --get commit.template [1ms]
2025-05-27 13:51:32.915 [info] > git for-each-ref --format=%(refname)%00%(upstream:short)%00%(objectname)%00%(upstream:track)%00%(upstream:remotename)%00%(upstream:remoteref) refs/heads/main refs/remotes/main [1ms]
2025-05-27 13:51:32.921 [info] > git for-each-ref --sort -committerdate --format %(refname)%00%(objectname)%00%(*objectname) [1ms]
2025-05-27 13:51:32.962 [info] > git status -z -uall [44ms]
2025-05-27 13:51:37.977 [info] > git config --get commit.template [7ms]
2025-05-27 13:51:37.978 [info] > git for-each-ref --format=%(refname)%00%(upstream:short)%00%(objectname)%00%(upstream:track)%00%(upstream:remotename)%00%(upstream:remoteref) refs/heads/main refs/remotes/main [1ms]
2025-05-27 13:51:37.984 [info] > git for-each-ref --sort -committerdate --format %(refname)%00%(objectname)%00%(*objectname) [1ms]
2025-05-27 13:51:38.023 [info] > git status -z -uall [42ms]
2025-05-27 13:51:43.029 [info] > git config --get commit.template [1ms]
2025-05-27 13:51:43.033 [info] > git for-each-ref --format=%(refname)%00%(upstream:short)%00%(objectname)%00%(upstream:track)%00%(upstream:remotename)%00%(upstream:remoteref) refs/heads/main refs/remotes/main [1ms]
2025-05-27 13:51:43.037 [info] > git for-each-ref --sort -committerdate --format %(refname)%00%(objectname)%00%(*objectname) [1ms]
2025-05-27 13:51:43.086 [info] > git status -z -uall [51ms]
2025-05-27 13:51:48.094 [info] > git config --get commit.template [1ms]
2025-05-27 13:51:48.097 [info] > git for-each-ref --format=%(refname)%00%(upstream:short)%00%(objectname)%00%(upstream:track)%00%(upstream:remotename)%00%(upstream:remoteref) refs/heads/main refs/remotes/main [1ms]
2025-05-27 13:51:48.102 [info] > git for-each-ref --sort -committerdate --format %(refname)%00%(objectname)%00%(*objectname) [0ms]
2025-05-27 13:51:48.145 [info] > git status -z -uall [45ms]
2025-05-27 13:51:53.156 [info] > git config --get commit.template [1ms]
2025-05-27 13:51:53.160 [info] > git for-each-ref --format=%(refname)%00%(upstream:short)%00%(objectname)%00%(upstream:track)%00%(upstream:remotename)%00%(upstream:remoteref) refs/heads/main refs/remotes/main [3ms]
2025-05-27 13:51:53.170 [info] > git for-each-ref --sort -committerdate --format %(refname)%00%(objectname)%00%(*objectname) [4ms]
2025-05-27 13:51:53.211 [info] > git status -z -uall [47ms]
2025-05-27 13:51:58.352 [info] > git config --get commit.template [2ms]
2025-05-27 13:51:58.352 [info] > git for-each-ref --format=%(refname)%00%(upstream:short)%00%(objectname)%00%(upstream:track)%00%(upstream:remotename)%00%(upstream:remoteref) refs/heads/main refs/remotes/main [1ms]
2025-05-27 13:51:58.357 [info] > git for-each-ref --sort -committerdate --format %(refname)%00%(objectname)%00%(*objectname) [1ms]
2025-05-27 13:51:58.404 [info] > git status -z -uall [50ms]
2025-05-27 13:52:03.417 [info] > git config --get commit.template [1ms]
2025-05-27 13:52:03.421 [info] > git for-each-ref --format=%(refname)%00%(upstream:short)%00%(objectname)%00%(upstream:track)%00%(upstream:remotename)%00%(upstream:remoteref) refs/heads/main refs/remotes/main [2ms]
2025-05-27 13:52:03.426 [info] > git for-each-ref --sort -committerdate --format %(refname)%00%(objectname)%00%(*objectname) [0ms]
2025-05-27 13:52:03.466 [info] > git status -z -uall [42ms]
2025-05-27 13:52:08.474 [info] > git config --get commit.template [1ms]
2025-05-27 13:52:08.477 [info] > git for-each-ref --format=%(refname)%00%(upstream:short)%00%(objectname)%00%(upstream:track)%00%(upstream:remotename)%00%(upstream:remoteref) refs/heads/main refs/remotes/main [1ms]
2025-05-27 13:52:08.482 [info] > git for-each-ref --sort -committerdate --format %(refname)%00%(objectname)%00%(*objectname) [0ms]
2025-05-27 13:52:08.523 [info] > git status -z -uall [43ms]
2025-05-27 13:52:13.534 [info] > git config --get commit.template [3ms]
2025-05-27 13:52:13.535 [info] > git for-each-ref --format=%(refname)%00%(upstream:short)%00%(objectname)%00%(upstream:track)%00%(upstream:remotename)%00%(upstream:remoteref) refs/heads/main refs/remotes/main [1ms]
2025-05-27 13:52:13.540 [info] > git for-each-ref --sort -committerdate --format %(refname)%00%(objectname)%00%(*objectname) [1ms]
2025-05-27 13:52:13.578 [info] > git status -z -uall [41ms]
2025-05-27 13:52:18.592 [info] > git config --get commit.template [3ms]
2025-05-27 13:52:18.593 [info] > git for-each-ref --format=%(refname)%00%(upstream:short)%00%(objectname)%00%(upstream:track)%00%(upstream:remotename)%00%(upstream:remoteref) refs/heads/main refs/remotes/main [1ms]
2025-05-27 13:52:18.598 [info] > git for-each-ref --sort -committerdate --format %(refname)%00%(objectname)%00%(*objectname) [1ms]
2025-05-27 13:52:18.636 [info] > git status -z -uall [41ms]
2025-05-27 13:52:23.645 [info] > git config --get commit.template [3ms]
2025-05-27 13:52:23.645 [info] > git for-each-ref --format=%(refname)%00%(upstream:short)%00%(objectname)%00%(upstream:track)%00%(upstream:remotename)%00%(upstream:remoteref) refs/heads/main refs/remotes/main [0ms]
2025-05-27 13:52:23.651 [info] > git for-each-ref --sort -committerdate --format %(refname)%00%(objectname)%00%(*objectname) [2ms]
2025-05-27 13:52:23.706 [info] > git status -z -uall [59ms]
2025-05-27 13:52:28.855 [info] > git config --get commit.template [4ms]
2025-05-27 13:52:28.857 [info] > git for-each-ref --format=%(refname)%00%(upstream:short)%00%(objectname)%00%(upstream:track)%00%(upstream:remotename)%00%(upstream:remoteref) refs/heads/main refs/remotes/main [2ms]
2025-05-27 13:52:28.864 [info] > git for-each-ref --sort -committerdate --format %(refname)%00%(objectname)%00%(*objectname) [1ms]
2025-05-27 13:52:28.903 [info] > git status -z -uall [42ms]
2025-05-27 13:52:33.914 [info] > git config --get commit.template [1ms]
2025-05-27 13:52:33.918 [info] > git for-each-ref --format=%(refname)%00%(upstream:short)%00%(objectname)%00%(upstream:track)%00%(upstream:remotename)%00%(upstream:remoteref) refs/heads/main refs/remotes/main [1ms]
2025-05-27 13:52:33.924 [info] > git for-each-ref --sort -committerdate --format %(refname)%00%(objectname)%00%(*objectname) [1ms]
2025-05-27 13:52:33.963 [info] > git status -z -uall [42ms]
2025-05-27 13:52:38.972 [info] > git config --get commit.template [1ms]
2025-05-27 13:52:38.976 [info] > git for-each-ref --format=%(refname)%00%(upstream:short)%00%(objectname)%00%(upstream:track)%00%(upstream:remotename)%00%(upstream:remoteref) refs/heads/main refs/remotes/main [1ms]
2025-05-27 13:52:38.981 [info] > git for-each-ref --sort -committerdate --format %(refname)%00%(objectname)%00%(*objectname) [1ms]
2025-05-27 13:52:39.022 [info] > git status -z -uall [44ms]
2025-05-27 13:52:44.032 [info] > git config --get commit.template [1ms]
2025-05-27 13:52:44.036 [info] > git for-each-ref --format=%(refname)%00%(upstream:short)%00%(objectname)%00%(upstream:track)%00%(upstream:remotename)%00%(upstream:remoteref) refs/heads/main refs/remotes/main [1ms]
2025-05-27 13:52:44.042 [info] > git for-each-ref --sort -committerdate --format %(refname)%00%(objectname)%00%(*objectname) [0ms]
2025-05-27 13:52:44.091 [info] > git status -z -uall [51ms]
2025-05-27 13:52:49.101 [info] > git config --get commit.template [4ms]
2025-05-27 13:52:49.103 [info] > git for-each-ref --format=%(refname)%00%(upstream:short)%00%(objectname)%00%(upstream:track)%00%(upstream:remotename)%00%(upstream:remoteref) refs/heads/main refs/remotes/main [1ms]
2025-05-27 13:52:49.108 [info] > git for-each-ref --sort -committerdate --format %(refname)%00%(objectname)%00%(*objectname) [1ms]
2025-05-27 13:52:49.155 [info] > git status -z -uall [50ms]
2025-05-27 13:52:54.171 [info] > git config --get commit.template [4ms]
2025-05-27 13:52:54.171 [info] > git for-each-ref --format=%(refname)%00%(upstream:short)%00%(objectname)%00%(upstream:track)%00%(upstream:remotename)%00%(upstream:remoteref) refs/heads/main refs/remotes/main [1ms]
2025-05-27 13:52:54.177 [info] > git for-each-ref --sort -committerdate --format %(refname)%00%(objectname)%00%(*objectname) [1ms]
2025-05-27 13:52:54.215 [info] > git status -z -uall [41ms]
2025-05-27 13:52:59.351 [info] > git config --get commit.template [3ms]
2025-05-27 13:52:59.351 [info] > git for-each-ref --format=%(refname)%00%(upstream:short)%00%(objectname)%00%(upstream:track)%00%(upstream:remotename)%00%(upstream:remoteref) refs/heads/main refs/remotes/main [1ms]
2025-05-27 13:52:59.357 [info] > git for-each-ref --sort -committerdate --format %(refname)%00%(objectname)%00%(*objectname) [1ms]
2025-05-27 13:52:59.395 [info] > git status -z -uall [41ms]
2025-05-27 13:53:04.407 [info] > git config --get commit.template [2ms]
2025-05-27 13:53:04.412 [info] > git for-each-ref --format=%(refname)%00%(upstream:short)%00%(objectname)%00%(upstream:track)%00%(upstream:remotename)%00%(upstream:remoteref) refs/heads/main refs/remotes/main [1ms]
2025-05-27 13:53:04.419 [info] > git for-each-ref --sort -committerdate --format %(refname)%00%(objectname)%00%(*objectname) [1ms]
2025-05-27 13:53:04.459 [info] > git status -z -uall [43ms]
2025-05-27 13:53:09.472 [info] > git config --get commit.template [3ms]
2025-05-27 13:53:09.473 [info] > git for-each-ref --format=%(refname)%00%(upstream:short)%00%(objectname)%00%(upstream:track)%00%(upstream:remotename)%00%(upstream:remoteref) refs/heads/main refs/remotes/main [1ms]
2025-05-27 13:53:09.478 [info] > git for-each-ref --sort -committerdate --format %(refname)%00%(objectname)%00%(*objectname) [1ms]
2025-05-27 13:53:09.517 [info] > git status -z -uall [41ms]
2025-05-27 13:53:14.526 [info] > git config --get commit.template [1ms]
2025-05-27 13:53:14.531 [info] > git for-each-ref --format=%(refname)%00%(upstream:short)%00%(objectname)%00%(upstream:track)%00%(upstream:remotename)%00%(upstream:remoteref) refs/heads/main refs/remotes/main [2ms]
2025-05-27 13:53:14.537 [info] > git for-each-ref --sort -committerdate --format %(refname)%00%(objectname)%00%(*objectname) [1ms]
2025-05-27 13:53:14.573 [info] > git status -z -uall [39ms]
2025-05-27 13:53:19.587 [info] > git config --get commit.template [5ms]
2025-05-27 13:53:19.588 [info] > git for-each-ref --format=%(refname)%00%(upstream:short)%00%(objectname)%00%(upstream:track)%00%(upstream:remotename)%00%(upstream:remoteref) refs/heads/main refs/remotes/main [2ms]
2025-05-27 13:53:19.594 [info] > git for-each-ref --sort -committerdate --format %(refname)%00%(objectname)%00%(*objectname) [1ms]
2025-05-27 13:53:19.633 [info] > git status -z -uall [41ms]
2025-05-27 13:53:24.645 [info] > git config --get commit.template [4ms]
2025-05-27 13:53:24.646 [info] > git for-each-ref --format=%(refname)%00%(upstream:short)%00%(objectname)%00%(upstream:track)%00%(upstream:remotename)%00%(upstream:remoteref) refs/heads/main refs/remotes/main [2ms]
2025-05-27 13:53:24.652 [info] > git for-each-ref --sort -committerdate --format %(refname)%00%(objectname)%00%(*objectname) [1ms]
2025-05-27 13:53:24.689 [info] > git status -z -uall [40ms]
2025-05-27 13:53:29.824 [info] > git config --get commit.template [2ms]
2025-05-27 13:53:29.825 [info] > git for-each-ref --format=%(refname)%00%(upstream:short)%00%(objectname)%00%(upstream:track)%00%(upstream:remotename)%00%(upstream:remoteref) refs/heads/main refs/remotes/main [1ms]
2025-05-27 13:53:29.829 [info] > git for-each-ref --sort -committerdate --format %(refname)%00%(objectname)%00%(*objectname) [1ms]
2025-05-27 13:53:29.874 [info] > git status -z -uall [47ms]
2025-05-27 13:53:34.888 [info] > git config --get commit.template [5ms]
2025-05-27 13:53:34.888 [info] > git for-each-ref --format=%(refname)%00%(upstream:short)%00%(objectname)%00%(upstream:track)%00%(upstream:remotename)%00%(upstream:remoteref) refs/heads/main refs/remotes/main [1ms]
2025-05-27 13:53:34.894 [info] > git for-each-ref --sort -committerdate --format %(refname)%00%(objectname)%00%(*objectname) [1ms]
2025-05-27 13:53:34.933 [info] > git status -z -uall [42ms]
2025-05-27 13:53:39.942 [info] > git config --get commit.template [1ms]
2025-05-27 13:53:39.946 [info] > git for-each-ref --format=%(refname)%00%(upstream:short)%00%(objectname)%00%(upstream:track)%00%(upstream:remotename)%00%(upstream:remoteref) refs/heads/main refs/remotes/main [1ms]
2025-05-27 13:53:39.954 [info] > git for-each-ref --sort -committerdate --format %(refname)%00%(objectname)%00%(*objectname) [0ms]
2025-05-27 13:53:39.993 [info] > git status -z -uall [41ms]
2025-05-27 13:53:45.009 [info] > git config --get commit.template [6ms]
2025-05-27 13:53:45.009 [info] > git for-each-ref --format=%(refname)%00%(upstream:short)%00%(objectname)%00%(upstream:track)%00%(upstream:remotename)%00%(upstream:remoteref) refs/heads/main refs/remotes/main [1ms]
2025-05-27 13:53:45.015 [info] > git for-each-ref --sort -committerdate --format %(refname)%00%(objectname)%00%(*objectname) [1ms]
2025-05-27 13:53:45.057 [info] > git status -z -uall [45ms]
2025-05-27 13:53:50.066 [info] > git config --get commit.template [3ms]
2025-05-27 13:53:50.067 [info] > git for-each-ref --format=%(refname)%00%(upstream:short)%00%(objectname)%00%(upstream:track)%00%(upstream:remotename)%00%(upstream:remoteref) refs/heads/main refs/remotes/main [1ms]
2025-05-27 13:53:50.072 [info] > git for-each-ref --sort -committerdate --format %(refname)%00%(objectname)%00%(*objectname) [1ms]
2025-05-27 13:53:50.117 [info] > git status -z -uall [48ms]
2025-05-27 13:53:55.258 [info] > git config --get commit.template [4ms]
2025-05-27 13:53:55.258 [info] > git for-each-ref --format=%(refname)%00%(upstream:short)%00%(objectname)%00%(upstream:track)%00%(upstream:remotename)%00%(upstream:remoteref) refs/heads/main refs/remotes/main [1ms]
2025-05-27 13:53:55.265 [info] > git for-each-ref --sort -committerdate --format %(refname)%00%(objectname)%00%(*objectname) [1ms]
2025-05-27 13:53:55.309 [info] > git status -z -uall [48ms]
2025-05-27 13:54:00.325 [info] > git config --get commit.template [5ms]
2025-05-27 13:54:00.325 [info] > git for-each-ref --format=%(refname)%00%(upstream:short)%00%(objectname)%00%(upstream:track)%00%(upstream:remotename)%00%(upstream:remoteref) refs/heads/main refs/remotes/main [1ms]
2025-05-27 13:54:00.330 [info] > git for-each-ref --sort -committerdate --format %(refname)%00%(objectname)%00%(*objectname) [1ms]
2025-05-27 13:54:00.374 [info] > git status -z -uall [46ms]
2025-05-27 13:54:05.387 [info] > git config --get commit.template [4ms]
2025-05-27 13:54:05.387 [info] > git for-each-ref --format=%(refname)%00%(upstream:short)%00%(objectname)%00%(upstream:track)%00%(upstream:remotename)%00%(upstream:remoteref) refs/heads/main refs/remotes/main [1ms]
2025-05-27 13:54:05.393 [info] > git for-each-ref --sort -committerdate --format %(refname)%00%(objectname)%00%(*objectname) [1ms]
2025-05-27 13:54:05.435 [info] > git status -z -uall [45ms]
2025-05-27 13:54:10.447 [info] > git config --get commit.template [3ms]
2025-05-27 13:54:10.448 [info] > git for-each-ref --format=%(refname)%00%(upstream:short)%00%(objectname)%00%(upstream:track)%00%(upstream:remotename)%00%(upstream:remoteref) refs/heads/main refs/remotes/main [1ms]
2025-05-27 13:54:10.453 [info] > git for-each-ref --sort -committerdate --format %(refname)%00%(objectname)%00%(*objectname) [1ms]
2025-05-27 13:54:10.491 [info] > git status -z -uall [41ms]
2025-05-27 13:54:15.503 [info] > git config --get commit.template [3ms]
2025-05-27 13:54:15.504 [info] > git for-each-ref --format=%(refname)%00%(upstream:short)%00%(objectname)%00%(upstream:track)%00%(upstream:remotename)%00%(upstream:remoteref) refs/heads/main refs/remotes/main [1ms]
2025-05-27 13:54:15.510 [info] > git for-each-ref --sort -committerdate --format %(refname)%00%(objectname)%00%(*objectname) [1ms]
2025-05-27 13:54:15.554 [info] > git status -z -uall [47ms]
2025-05-27 13:59:15.574 [info] > git config --get commit.template [2ms]
2025-05-27 13:59:15.577 [info] > git for-each-ref --format=%(refname)%00%(upstream:short)%00%(objectname)%00%(upstream:track)%00%(upstream:remotename)%00%(upstream:remoteref) refs/heads/main refs/remotes/main [1ms]
2025-05-27 13:59:15.584 [info] > git for-each-ref --sort -committerdate --format %(refname)%00%(objectname)%00%(*objectname) [1ms]
2025-05-27 13:59:15.640 [info] > git status -z -uall [59ms]
