2025-05-27 08:36:51.974 [info] [main] Log level: Info
2025-05-27 08:36:51.974 [info] [main] Validating found git in: "git"
2025-05-27 08:36:51.974 [info] [main] Using git "2.43.0" from "git"
2025-05-27 08:36:51.974 [info] [Model][doInitialScan] Initial repository scan started
2025-05-27 08:36:51.974 [info] > git rev-parse --show-toplevel [4ms]
2025-05-27 08:36:51.974 [info] > git rev-parse --git-dir --git-common-dir [4ms]
2025-05-27 08:36:51.974 [info] [Model][openRepository] Opened repository (path): /home/prachighatge
2025-05-27 08:36:51.974 [info] [Model][openRepository] Opened repository (real path): /home/prachighatge
2025-05-27 08:36:51.974 [info] > git config --get commit.template [2ms]
2025-05-27 08:36:52.003 [info] > git for-each-ref --format=%(refname)%00%(upstream:short)%00%(objectname)%00%(upstream:track)%00%(upstream:remotename)%00%(upstream:remoteref) refs/heads/main refs/remotes/main [26ms]
2025-05-27 08:36:52.008 [info] > git rev-parse --show-toplevel [26ms]
2025-05-27 08:36:52.014 [info] > git rev-parse --show-toplevel [2ms]
2025-05-27 08:36:52.040 [info] > git rev-parse --show-toplevel [13ms]
2025-05-27 08:36:52.041 [info] > git for-each-ref --sort -committerdate --format %(refname)%00%(objectname)%00%(*objectname) [17ms]
2025-05-27 08:36:52.046 [info] > git rev-parse --show-toplevel [1ms]
2025-05-27 08:36:52.050 [info] > git rev-parse --show-toplevel [1ms]
2025-05-27 08:36:52.054 [info] > git rev-parse --show-toplevel [1ms]
2025-05-27 08:36:52.058 [info] > git rev-parse --show-toplevel [1ms]
2025-05-27 08:36:52.065 [info] > git rev-parse --show-toplevel [2ms]
2025-05-27 08:36:52.069 [info] > git rev-parse --show-toplevel [2ms]
2025-05-27 08:36:52.072 [info] [Model][doInitialScan] Initial repository scan completed - repositories (1), closed repositories (0), parent repositories (0), unsafe repositories (0)
2025-05-27 08:36:52.077 [info] > git status -z -uall [58ms]
2025-05-27 08:36:52.106 [info] > git for-each-ref --format=%(refname)%00%(upstream:short)%00%(objectname)%00%(upstream:track)%00%(upstream:remotename)%00%(upstream:remoteref) refs/heads/main refs/remotes/main [14ms]
2025-05-27 08:36:52.111 [info] > git config --get --local branch.main.vscode-merge-base [2ms]
2025-05-27 08:36:52.111 [warning] [Git][config] git config failed: Failed to execute git
2025-05-27 08:36:52.114 [info] > git config --get commit.template [18ms]
2025-05-27 08:36:52.119 [info] > git reflog main --grep-reflog=branch: Created from *. [4ms]
2025-05-27 08:36:52.121 [info] > git for-each-ref --format=%(refname)%00%(upstream:short)%00%(objectname)%00%(upstream:track)%00%(upstream:remotename)%00%(upstream:remoteref) refs/heads/main refs/remotes/main [3ms]
2025-05-27 08:36:52.122 [info] > git symbolic-ref --short refs/remotes/origin/HEAD [1ms]
2025-05-27 08:36:52.122 [info] fatal: ref refs/remotes/origin/HEAD is not a symbolic ref
2025-05-27 08:36:52.122 [warning] [Repository][getDefaultBranch] Failed to get default branch details: Failed to execute git.
2025-05-27 08:36:52.126 [info] > git merge-base refs/heads/main refs/remotes/origin/main [1ms]
2025-05-27 08:36:52.131 [info] > git diff --name-status -z --diff-filter=ADMR 82456abe73ce2eb791e0fcae3788206c6abf995b...refs/remotes/origin/main [2ms]
2025-05-27 08:36:52.138 [info] > git for-each-ref --sort -committerdate --format %(refname)%00%(objectname)%00%(*objectname) [1ms]
2025-05-27 08:36:52.201 [info] > git status -z -uall [67ms]
2025-05-27 08:36:52.546 [info] > git check-ignore -v -z --stdin [38ms]
2025-05-27 08:36:52.555 [info] > git show --textconv :.gitignore [6ms]
2025-05-27 08:36:52.561 [info] > git ls-files --stage -- .gitignore [9ms]
2025-05-27 08:36:52.563 [info] > git cat-file -s f35576183b90680cc51b78a76898c468cf4d1fa8 [0ms]
2025-05-27 08:36:52.579 [info] > git blame --root --incremental 82456abe73ce2eb791e0fcae3788206c6abf995b -- .gitignore [1ms]
2025-05-27 08:38:50.161 [info] > git config --get commit.template [5ms]
2025-05-27 08:38:50.162 [info] > git for-each-ref --format=%(refname)%00%(upstream:short)%00%(objectname)%00%(upstream:track)%00%(upstream:remotename)%00%(upstream:remoteref) refs/heads/main refs/remotes/main [2ms]
2025-05-27 08:38:50.173 [info] > git for-each-ref --sort -committerdate --format %(refname)%00%(objectname)%00%(*objectname) [2ms]
2025-05-27 08:38:50.236 [info] > git status -z -uall [69ms]
2025-05-27 08:38:55.249 [info] > git config --get commit.template [5ms]
2025-05-27 08:38:55.249 [info] > git for-each-ref --format=%(refname)%00%(upstream:short)%00%(objectname)%00%(upstream:track)%00%(upstream:remotename)%00%(upstream:remoteref) refs/heads/main refs/remotes/main [2ms]
2025-05-27 08:38:55.254 [info] > git for-each-ref --sort -committerdate --format %(refname)%00%(objectname)%00%(*objectname) [1ms]
2025-05-27 08:38:55.294 [info] > git status -z -uall [42ms]
2025-05-27 08:38:55.703 [info] > git show --textconv :package.json [7ms]
2025-05-27 08:38:55.708 [info] > git ls-files --stage -- package.json [10ms]
2025-05-27 08:38:55.712 [info] > git cat-file -s 3fee2ae6848116cc8616880d3b8b644cd3b29813 [1ms]
2025-05-27 08:39:00.309 [info] > git config --get commit.template [4ms]
2025-05-27 08:39:00.310 [info] > git for-each-ref --format=%(refname)%00%(upstream:short)%00%(objectname)%00%(upstream:track)%00%(upstream:remotename)%00%(upstream:remoteref) refs/heads/main refs/remotes/main [1ms]
2025-05-27 08:39:00.316 [info] > git for-each-ref --sort -committerdate --format %(refname)%00%(objectname)%00%(*objectname) [1ms]
2025-05-27 08:39:00.354 [info] > git status -z -uall [41ms]
2025-05-27 08:39:05.364 [info] > git config --get commit.template [1ms]
2025-05-27 08:39:05.369 [info] > git for-each-ref --format=%(refname)%00%(upstream:short)%00%(objectname)%00%(upstream:track)%00%(upstream:remotename)%00%(upstream:remoteref) refs/heads/main refs/remotes/main [2ms]
2025-05-27 08:39:05.376 [info] > git for-each-ref --sort -committerdate --format %(refname)%00%(objectname)%00%(*objectname) [1ms]
2025-05-27 08:39:05.415 [info] > git status -z -uall [42ms]
2025-05-27 08:39:10.160 [info] > git show --textconv :my-first-app/package.json [7ms]
2025-05-27 08:39:10.161 [info] > git ls-files --stage -- my-first-app/package.json [6ms]
2025-05-27 08:39:10.165 [info] > git cat-file -s 1f72d5d366b06d1de4a0b2d2410bd886d170653e [1ms]
2025-05-27 08:39:10.219 [info] > git blame --root --incremental 82456abe73ce2eb791e0fcae3788206c6abf995b -- my-first-app/package.json [2ms]
2025-05-27 08:39:10.440 [info] > git config --get commit.template [1ms]
2025-05-27 08:39:10.444 [info] > git for-each-ref --format=%(refname)%00%(upstream:short)%00%(objectname)%00%(upstream:track)%00%(upstream:remotename)%00%(upstream:remoteref) refs/heads/main refs/remotes/main [1ms]
2025-05-27 08:39:10.453 [info] > git for-each-ref --sort -committerdate --format %(refname)%00%(objectname)%00%(*objectname) [2ms]
2025-05-27 08:39:10.493 [info] > git status -z -uall [45ms]
2025-05-27 08:39:15.506 [info] > git config --get commit.template [5ms]
2025-05-27 08:39:15.507 [info] > git for-each-ref --format=%(refname)%00%(upstream:short)%00%(objectname)%00%(upstream:track)%00%(upstream:remotename)%00%(upstream:remoteref) refs/heads/main refs/remotes/main [1ms]
2025-05-27 08:39:15.513 [info] > git for-each-ref --sort -committerdate --format %(refname)%00%(objectname)%00%(*objectname) [1ms]
2025-05-27 08:39:15.553 [info] > git status -z -uall [43ms]
2025-05-27 08:39:20.578 [info] > git config --get commit.template [11ms]
2025-05-27 08:39:20.582 [info] > git for-each-ref --format=%(refname)%00%(upstream:short)%00%(objectname)%00%(upstream:track)%00%(upstream:remotename)%00%(upstream:remoteref) refs/heads/main refs/remotes/main [12ms]
2025-05-27 08:39:20.588 [info] > git for-each-ref --sort -committerdate --format %(refname)%00%(objectname)%00%(*objectname) [1ms]
2025-05-27 08:39:21.547 [info] > git status -z -uall [962ms]
2025-05-27 08:39:26.560 [info] > git config --get commit.template [2ms]
2025-05-27 08:39:26.565 [info] > git for-each-ref --format=%(refname)%00%(upstream:short)%00%(objectname)%00%(upstream:track)%00%(upstream:remotename)%00%(upstream:remoteref) refs/heads/main refs/remotes/main [1ms]
2025-05-27 08:39:26.572 [info] > git for-each-ref --sort -committerdate --format %(refname)%00%(objectname)%00%(*objectname) [1ms]
2025-05-27 08:39:26.612 [info] > git status -z -uall [43ms]
2025-05-27 08:39:31.623 [info] > git config --get commit.template [2ms]
2025-05-27 08:39:31.628 [info] > git for-each-ref --format=%(refname)%00%(upstream:short)%00%(objectname)%00%(upstream:track)%00%(upstream:remotename)%00%(upstream:remoteref) refs/heads/main refs/remotes/main [1ms]
2025-05-27 08:39:31.636 [info] > git for-each-ref --sort -committerdate --format %(refname)%00%(objectname)%00%(*objectname) [1ms]
2025-05-27 08:39:31.675 [info] > git status -z -uall [43ms]
2025-05-27 08:39:36.683 [info] > git config --get commit.template [3ms]
2025-05-27 08:39:36.684 [info] > git for-each-ref --format=%(refname)%00%(upstream:short)%00%(objectname)%00%(upstream:track)%00%(upstream:remotename)%00%(upstream:remoteref) refs/heads/main refs/remotes/main [1ms]
2025-05-27 08:39:36.689 [info] > git for-each-ref --sort -committerdate --format %(refname)%00%(objectname)%00%(*objectname) [1ms]
2025-05-27 08:39:36.735 [info] > git status -z -uall [49ms]
2025-05-27 08:39:40.939 [info] > git config --get commit.template [3ms]
2025-05-27 08:39:40.942 [info] > git for-each-ref --format=%(refname)%00%(upstream:short)%00%(objectname)%00%(upstream:track)%00%(upstream:remotename)%00%(upstream:remoteref) refs/heads/main refs/remotes/main [1ms]
2025-05-27 08:39:40.952 [info] > git for-each-ref --sort -committerdate --format %(refname)%00%(objectname)%00%(*objectname) [1ms]
2025-05-27 08:39:41.019 [info] > git status -z -uall [73ms]
2025-05-27 08:39:41.213 [info] > git ls-files --stage -- my-first-app/package.json [8ms]
2025-05-27 08:39:41.218 [info] > git cat-file -s 1f72d5d366b06d1de4a0b2d2410bd886d170653e [3ms]
2025-05-27 08:39:41.230 [info] > git show --textconv :my-first-app/package.json [5ms]
2025-05-27 08:39:41.756 [info] > git config --get commit.template [4ms]
2025-05-27 08:39:41.757 [info] > git for-each-ref --format=%(refname)%00%(upstream:short)%00%(objectname)%00%(upstream:track)%00%(upstream:remotename)%00%(upstream:remoteref) refs/heads/main refs/remotes/main [1ms]
2025-05-27 08:39:41.762 [info] > git for-each-ref --sort -committerdate --format %(refname)%00%(objectname)%00%(*objectname) [1ms]
2025-05-27 08:39:41.797 [info] > git status -z -uall [38ms]
2025-05-27 08:39:46.810 [info] > git config --get commit.template [6ms]
2025-05-27 08:39:46.813 [info] > git for-each-ref --format=%(refname)%00%(upstream:short)%00%(objectname)%00%(upstream:track)%00%(upstream:remotename)%00%(upstream:remoteref) refs/heads/main refs/remotes/main [3ms]
2025-05-27 08:39:46.819 [info] > git for-each-ref --sort -committerdate --format %(refname)%00%(objectname)%00%(*objectname) [1ms]
2025-05-27 08:39:46.863 [info] > git status -z -uall [47ms]
2025-05-27 08:39:51.872 [info] > git config --get commit.template [3ms]
2025-05-27 08:39:51.873 [info] > git for-each-ref --format=%(refname)%00%(upstream:short)%00%(objectname)%00%(upstream:track)%00%(upstream:remotename)%00%(upstream:remoteref) refs/heads/main refs/remotes/main [1ms]
2025-05-27 08:39:51.879 [info] > git for-each-ref --sort -committerdate --format %(refname)%00%(objectname)%00%(*objectname) [1ms]
2025-05-27 08:39:51.920 [info] > git status -z -uall [44ms]
2025-05-27 08:39:56.928 [info] > git config --get commit.template [1ms]
2025-05-27 08:39:56.933 [info] > git for-each-ref --format=%(refname)%00%(upstream:short)%00%(objectname)%00%(upstream:track)%00%(upstream:remotename)%00%(upstream:remoteref) refs/heads/main refs/remotes/main [1ms]
2025-05-27 08:39:56.939 [info] > git for-each-ref --sort -committerdate --format %(refname)%00%(objectname)%00%(*objectname) [1ms]
2025-05-27 08:39:56.981 [info] > git status -z -uall [45ms]
2025-05-27 08:40:01.989 [info] > git config --get commit.template [1ms]
2025-05-27 08:40:01.992 [info] > git for-each-ref --format=%(refname)%00%(upstream:short)%00%(objectname)%00%(upstream:track)%00%(upstream:remotename)%00%(upstream:remoteref) refs/heads/main refs/remotes/main [1ms]
2025-05-27 08:40:01.997 [info] > git for-each-ref --sort -committerdate --format %(refname)%00%(objectname)%00%(*objectname) [1ms]
2025-05-27 08:40:02.034 [info] > git status -z -uall [39ms]
2025-05-27 08:40:07.047 [info] > git config --get commit.template [3ms]
2025-05-27 08:40:07.048 [info] > git for-each-ref --format=%(refname)%00%(upstream:short)%00%(objectname)%00%(upstream:track)%00%(upstream:remotename)%00%(upstream:remoteref) refs/heads/main refs/remotes/main [1ms]
2025-05-27 08:40:07.054 [info] > git for-each-ref --sort -committerdate --format %(refname)%00%(objectname)%00%(*objectname) [1ms]
2025-05-27 08:40:07.092 [info] > git status -z -uall [41ms]
2025-05-27 08:40:12.115 [info] > git config --get commit.template [1ms]
2025-05-27 08:40:12.120 [info] > git for-each-ref --format=%(refname)%00%(upstream:short)%00%(objectname)%00%(upstream:track)%00%(upstream:remotename)%00%(upstream:remoteref) refs/heads/main refs/remotes/main [2ms]
2025-05-27 08:40:12.127 [info] > git for-each-ref --sort -committerdate --format %(refname)%00%(objectname)%00%(*objectname) [1ms]
2025-05-27 08:40:12.170 [info] > git status -z -uall [47ms]
2025-05-27 08:40:46.661 [info] > git config --get commit.template [1ms]
2025-05-27 08:40:46.666 [info] > git for-each-ref --format=%(refname)%00%(upstream:short)%00%(objectname)%00%(upstream:track)%00%(upstream:remotename)%00%(upstream:remoteref) refs/heads/main refs/remotes/main [2ms]
2025-05-27 08:40:46.676 [info] > git for-each-ref --sort -committerdate --format %(refname)%00%(objectname)%00%(*objectname) [2ms]
2025-05-27 08:40:46.723 [info] > git status -z -uall [53ms]
2025-05-27 08:40:49.190 [info] > git config --get commit.template [3ms]
2025-05-27 08:40:49.192 [info] > git for-each-ref --format=%(refname)%00%(upstream:short)%00%(objectname)%00%(upstream:track)%00%(upstream:remotename)%00%(upstream:remoteref) refs/heads/main refs/remotes/main [1ms]
2025-05-27 08:40:49.197 [info] > git for-each-ref --sort -committerdate --format %(refname)%00%(objectname)%00%(*objectname) [1ms]
2025-05-27 08:40:49.235 [info] > git status -z -uall [40ms]
2025-05-27 08:40:49.321 [info] > git ls-files --stage -- my-first-app/package.json [6ms]
2025-05-27 08:40:49.324 [info] > git cat-file -s 1f72d5d366b06d1de4a0b2d2410bd886d170653e [1ms]
2025-05-27 08:40:49.337 [info] > git show --textconv :my-first-app/package.json [6ms]
2025-05-27 08:40:51.729 [info] > git config --get commit.template [1ms]
2025-05-27 08:40:51.732 [info] > git for-each-ref --format=%(refname)%00%(upstream:short)%00%(objectname)%00%(upstream:track)%00%(upstream:remotename)%00%(upstream:remoteref) refs/heads/main refs/remotes/main [1ms]
2025-05-27 08:40:51.738 [info] > git for-each-ref --sort -committerdate --format %(refname)%00%(objectname)%00%(*objectname) [1ms]
2025-05-27 08:40:51.779 [info] > git status -z -uall [44ms]
2025-05-27 08:41:35.624 [info] > git config --get commit.template [4ms]
2025-05-27 08:41:35.624 [info] > git for-each-ref --format=%(refname)%00%(upstream:short)%00%(objectname)%00%(upstream:track)%00%(upstream:remotename)%00%(upstream:remoteref) refs/heads/main refs/remotes/main [1ms]
2025-05-27 08:41:35.635 [info] > git for-each-ref --sort -committerdate --format %(refname)%00%(objectname)%00%(*objectname) [1ms]
2025-05-27 08:41:35.680 [info] > git status -z -uall [51ms]
2025-05-27 08:41:40.705 [info] > git config --get commit.template [5ms]
2025-05-27 08:41:40.705 [info] > git for-each-ref --format=%(refname)%00%(upstream:short)%00%(objectname)%00%(upstream:track)%00%(upstream:remotename)%00%(upstream:remoteref) refs/heads/main refs/remotes/main [1ms]
2025-05-27 08:41:40.712 [info] > git for-each-ref --sort -committerdate --format %(refname)%00%(objectname)%00%(*objectname) [1ms]
2025-05-27 08:41:40.751 [info] > git status -z -uall [42ms]
2025-05-27 08:41:45.759 [info] > git config --get commit.template [3ms]
2025-05-27 08:41:45.760 [info] > git for-each-ref --format=%(refname)%00%(upstream:short)%00%(objectname)%00%(upstream:track)%00%(upstream:remotename)%00%(upstream:remoteref) refs/heads/main refs/remotes/main [2ms]
2025-05-27 08:41:45.765 [info] > git for-each-ref --sort -committerdate --format %(refname)%00%(objectname)%00%(*objectname) [1ms]
2025-05-27 08:41:45.803 [info] > git status -z -uall [41ms]
2025-05-27 08:41:50.811 [info] > git config --get commit.template [3ms]
2025-05-27 08:41:50.811 [info] > git for-each-ref --format=%(refname)%00%(upstream:short)%00%(objectname)%00%(upstream:track)%00%(upstream:remotename)%00%(upstream:remoteref) refs/heads/main refs/remotes/main [1ms]
2025-05-27 08:41:50.816 [info] > git for-each-ref --sort -committerdate --format %(refname)%00%(objectname)%00%(*objectname) [1ms]
2025-05-27 08:41:50.860 [info] > git status -z -uall [47ms]
2025-05-27 08:41:59.628 [info] > git config --get commit.template [3ms]
2025-05-27 08:41:59.635 [info] > git for-each-ref --format=%(refname)%00%(upstream:short)%00%(objectname)%00%(upstream:track)%00%(upstream:remotename)%00%(upstream:remoteref) refs/heads/main refs/remotes/main [2ms]
2025-05-27 08:41:59.645 [info] > git for-each-ref --sort -committerdate --format %(refname)%00%(objectname)%00%(*objectname) [1ms]
2025-05-27 08:41:59.693 [info] > git status -z -uall [54ms]
2025-05-27 08:42:04.699 [info] > git config --get commit.template [1ms]
2025-05-27 08:42:04.702 [info] > git for-each-ref --format=%(refname)%00%(upstream:short)%00%(objectname)%00%(upstream:track)%00%(upstream:remotename)%00%(upstream:remoteref) refs/heads/main refs/remotes/main [1ms]
2025-05-27 08:42:04.712 [info] > git for-each-ref --sort -committerdate --format %(refname)%00%(objectname)%00%(*objectname) [2ms]
2025-05-27 08:42:04.824 [info] > git status -z -uall [118ms] (cancelled)
2025-05-27 08:42:04.828 [info] > git check-ignore -v -z --stdin [6ms]
