0 verbose cli /usr/bin/node /usr/bin/npm
1 info using npm@9.2.0
2 info using node@v18.19.1
3 timing npm:load:whichnode Completed in 1ms
4 timing config:load:defaults Completed in 1ms
5 timing config:load:file:/usr/share/nodejs/npm/npmrc Completed in 4ms
6 timing config:load:builtin Completed in 4ms
7 timing config:load:cli Completed in 1ms
8 timing config:load:env Completed in 0ms
9 timing config:load:project Completed in 1ms
10 timing config:load:file:/home/prachighatge/.npmrc Completed in 0ms
11 timing config:load:user Completed in 0ms
12 timing config:load:file:/etc/npmrc Completed in 0ms
13 timing config:load:global Completed in 0ms
14 timing config:load:setEnvs Completed in 1ms
15 timing config:load Completed in 9ms
16 timing npm:load:configload Completed in 9ms
17 timing npm:load:mkdirpcache Completed in 0ms
18 timing npm:load:mkdirplogs Completed in 0ms
19 verbose title npm run build
20 verbose argv "run" "build"
21 timing npm:load:setTitle Completed in 1ms
22 timing config:load:flatten Completed in 3ms
23 timing npm:load:display Completed in 3ms
24 verbose logfile logs-max:10 dir:/home/prachighatge/.npm/_logs/2025-06-04T12_30_19_655Z-
25 verbose logfile /home/prachighatge/.npm/_logs/2025-06-04T12_30_19_655Z-debug-0.log
26 timing npm:load:logFile Completed in 7ms
27 timing npm:load:timers Completed in 0ms
28 timing npm:load:configScope Completed in 0ms
29 timing npm:load Completed in 22ms
30 silly logfile start cleaning logs, removing 1 files
31 timing config:load:flatten Completed in 0ms
32 silly logfile done cleaning log files
33 timing command:run Completed in 4ms
34 verbose stack Error: Missing script: "build"
34 verbose stack
34 verbose stack To see a list of scripts, run:
34 verbose stack   npm run
34 verbose stack     at RunScript.run (/usr/share/nodejs/npm/lib/commands/run-script.js:98:13)
34 verbose stack     at async module.exports (/usr/share/nodejs/npm/lib/cli.js:133:5)
35 verbose cwd /home/prachighatge
36 verbose Linux 5.15.167.4-microsoft-standard-WSL2
37 verbose node v18.19.1
38 verbose npm  v9.2.0
39 error Missing script: "build"
39 error
39 error To see a list of scripts, run:
39 error   npm run
40 verbose exit 1
41 timing npm Completed in 40ms
42 verbose code 1
43 error A complete log of this run can be found in:
43 error     /home/prachighatge/.npm/_logs/2025-06-04T12_30_19_655Z-debug-0.log
