0 verbose cli /usr/bin/node /usr/bin/npm
1 info using npm@9.2.0
2 info using node@v18.19.1
3 timing npm:load:whichnode Completed in 0ms
4 timing config:load:defaults Completed in 2ms
5 timing config:load:file:/usr/share/nodejs/npm/npmrc Completed in 2ms
6 timing config:load:builtin Completed in 2ms
7 timing config:load:cli Completed in 1ms
8 timing config:load:env Completed in 0ms
9 timing config:load:project Completed in 2ms
10 timing config:load:file:/home/prachighatge/.npmrc Completed in 0ms
11 timing config:load:user Completed in 0ms
12 timing config:load:file:/etc/npmrc Completed in 0ms
13 timing config:load:global Completed in 1ms
14 timing config:load:setEnvs Completed in 0ms
15 timing config:load Completed in 8ms
16 timing npm:load:configload Completed in 8ms
17 timing npm:load:mkdirpcache Completed in 1ms
18 timing npm:load:mkdirplogs Completed in 0ms
19 verbose title npm run deploy
20 verbose argv "run" "deploy"
21 timing npm:load:setTitle Completed in 1ms
22 timing config:load:flatten Completed in 2ms
23 timing npm:load:display Completed in 3ms
24 verbose logfile logs-max:10 dir:/home/prachighatge/.npm/_logs/2025-06-05T09_57_03_329Z-
25 verbose logfile /home/prachighatge/.npm/_logs/2025-06-05T09_57_03_329Z-debug-0.log
26 timing npm:load:logFile Completed in 5ms
27 timing npm:load:timers Completed in 0ms
28 timing npm:load:configScope Completed in 0ms
29 timing npm:load Completed in 18ms
30 silly logfile start cleaning logs, removing 1 files
31 timing config:load:flatten Completed in 0ms
32 timing command:run Completed in 4ms
33 verbose stack Error: Missing script: "deploy"
33 verbose stack
33 verbose stack To see a list of scripts, run:
33 verbose stack   npm run
33 verbose stack     at RunScript.run (/usr/share/nodejs/npm/lib/commands/run-script.js:98:13)
33 verbose stack     at async module.exports (/usr/share/nodejs/npm/lib/cli.js:133:5)
34 verbose cwd /home/prachighatge
35 verbose Linux 5.15.167.4-microsoft-standard-WSL2
36 verbose node v18.19.1
37 verbose npm  v9.2.0
38 error Missing script: "deploy"
38 error
38 error To see a list of scripts, run:
38 error   npm run
39 verbose exit 1
40 timing npm Completed in 33ms
41 verbose code 1
42 error A complete log of this run can be found in:
42 error     /home/prachighatge/.npm/_logs/2025-06-05T09_57_03_329Z-debug-0.log
