0 verbose cli /usr/bin/node /usr/bin/npm
1 info using npm@9.2.0
2 info using node@v18.19.1
3 timing npm:load:whichnode Completed in 0ms
4 timing config:load:defaults Completed in 2ms
5 timing config:load:file:/usr/share/nodejs/npm/npmrc Completed in 2ms
6 timing config:load:builtin Completed in 2ms
7 timing config:load:cli Completed in 2ms
8 timing config:load:env Completed in 0ms
9 timing config:load:file:/home/prachighatge/.cache/typescript/5.8/.npmrc Completed in 1ms
10 timing config:load:project Completed in 4ms
11 timing config:load:file:/home/prachighatge/.npmrc Completed in 0ms
12 timing config:load:user Completed in 0ms
13 timing config:load:file:/etc/npmrc Completed in 0ms
14 timing config:load:global Completed in 0ms
15 timing config:load:setEnvs Completed in 1ms
16 timing config:load Completed in 11ms
17 timing npm:load:configload Completed in 11ms
18 timing npm:load:mkdirpcache Completed in 0ms
19 timing npm:load:mkdirplogs Completed in 0ms
20 verbose title npm install @types/gh-pages@ts5.8
21 verbose argv "install" "--ignore-scripts" "@types/gh-pages@ts5.8" "--save-dev" "--user-agent" "typesInstaller/5.8.3"
22 timing npm:load:setTitle Completed in 1ms
23 timing config:load:flatten Completed in 2ms
24 timing npm:load:display Completed in 3ms
25 verbose logfile logs-max:10 dir:/home/prachighatge/.npm/_logs/2025-06-05T10_12_59_668Z-
26 verbose logfile /home/prachighatge/.npm/_logs/2025-06-05T10_12_59_668Z-debug-0.log
27 timing npm:load:logFile Completed in 5ms
28 timing npm:load:timers Completed in 0ms
29 timing npm:load:configScope Completed in 0ms
30 timing npm:load Completed in 21ms
31 silly logfile start cleaning logs, removing 1 files
32 timing config:load:flatten Completed in 0ms
33 timing arborist:ctor Completed in 0ms
34 silly logfile done cleaning log files
35 timing idealTree:init Completed in 15ms
36 timing arborist:ctor Completed in 0ms
37 http fetch GET 200 https://registry.npmjs.org/@types%2fgh-pages 193ms (cache miss)
38 timing idealTree:userRequests Completed in 198ms
39 silly idealTree buildDeps
40 silly fetch manifest @types/gh-pages@6.1.0
41 silly placeDep ROOT @types/gh-pages@6.1.0 OK for:  want: 6.1.0
42 timing idealTree:#root Completed in 5ms
43 timing idealTree:node_modules/@types/gh-pages Completed in 0ms
44 timing idealTree:buildDeps Completed in 6ms
45 timing idealTree:fixDepFlags Completed in 0ms
46 timing idealTree Completed in 220ms
47 timing reify:loadTrees Completed in 220ms
48 timing reify:diffTrees Completed in 1ms
49 silly reify moves {}
50 timing reify:retireShallow Completed in 1ms
51 timing reify:createSparse Completed in 2ms
52 timing reify:loadBundles Completed in 0ms
53 silly audit bulk request {
53 silly audit   '@types/react': [ '19.1.5' ],
53 silly audit   '@types/react-dom': [ '19.1.5' ],
53 silly audit   '@types/scheduler': [ '0.26.0' ],
53 silly audit   csstype: [ '3.1.3' ],
53 silly audit   'types-registry': [ '0.1.723' ],
53 silly audit   '@types/gh-pages': [ '6.1.0' ]
53 silly audit }
54 silly tarball no local data for @types/gh-pages@https://registry.npmjs.org/@types/gh-pages/-/gh-pages-6.1.0.tgz. Extracting by manifest.
55 http fetch GET 200 https://registry.npmjs.org/@types/gh-pages/-/gh-pages-6.1.0.tgz 124ms (cache miss)
56 timing reifyNode:node_modules/@types/gh-pages Completed in 130ms
57 timing reify:unpack Completed in 130ms
58 timing reify:unretire Completed in 0ms
59 timing build:queue Completed in 1ms
60 timing build:deps Completed in 1ms
61 timing build Completed in 1ms
62 timing reify:build Completed in 1ms
63 timing reify:trash Completed in 0ms
64 timing reify:save Completed in 10ms
65 http fetch POST 200 https://registry.npmjs.org/-/npm/v1/security/advisories/bulk 347ms
66 timing auditReport:getReport Completed in 349ms
67 silly audit report {}
68 timing auditReport:init Completed in 1ms
69 timing reify:audit Completed in 350ms
70 timing reify Completed in 579ms
71 silly ADD node_modules/@types/gh-pages
72 timing command:install Completed in 581ms
73 verbose exit 0
74 timing npm Completed in 614ms
75 info ok
