0 verbose cli /usr/bin/node /usr/bin/npm
1 info using npm@9.2.0
2 info using node@v18.19.1
3 timing npm:load:whichnode Completed in 0ms
4 timing config:load:defaults Completed in 2ms
5 timing config:load:file:/usr/share/nodejs/npm/npmrc Completed in 4ms
6 timing config:load:builtin Completed in 4ms
7 timing config:load:cli Completed in 4ms
8 timing config:load:env Completed in 1ms
9 timing config:load:file:/home/prachighatge/my-first-app/.npmrc Completed in 1ms
10 timing config:load:project Completed in 6ms
11 timing config:load:file:/home/prachighatge/.npmrc Completed in 0ms
12 timing config:load:user Completed in 1ms
13 timing config:load:file:/etc/npmrc Completed in 0ms
14 timing config:load:global Completed in 0ms
15 timing config:load:setEnvs Completed in 3ms
16 timing config:load Completed in 23ms
17 timing npm:load:configload Completed in 23ms
18 timing npm:load:mkdirpcache Completed in 0ms
19 timing npm:load:mkdirplogs Completed in 0ms
20 verbose title npm run deploy
21 verbose argv "run" "deploy"
22 timing npm:load:setTitle Completed in 1ms
23 timing config:load:flatten Completed in 2ms
24 timing npm:load:display Completed in 3ms
25 verbose logfile logs-max:10 dir:/home/prachighatge/.npm/_logs/2025-06-04T12_10_34_560Z-
26 verbose logfile /home/prachighatge/.npm/_logs/2025-06-04T12_10_34_560Z-debug-0.log
27 timing npm:load:logFile Completed in 6ms
28 timing npm:load:timers Completed in 0ms
29 timing npm:load:configScope Completed in 0ms
30 timing npm:load Completed in 33ms
31 silly logfile start cleaning logs, removing 1 files
32 timing config:load:flatten Completed in 0ms
33 silly logfile done cleaning log files
34 timing command:run Completed in 3087ms
35 verbose exit 1
36 timing npm Completed in 3128ms
37 verbose code 1
