2025-05-23 14:16:21.825 [info] [main] Log level: Info
2025-05-23 14:16:21.825 [info] [main] Validating found git in: "git"
2025-05-23 14:16:21.825 [info] [main] Using git "2.43.0" from "git"
2025-05-23 14:16:21.825 [info] [Model][doInitialScan] Initial repository scan started
2025-05-23 14:16:21.825 [info] > git rev-parse --show-toplevel [3ms]
2025-05-23 14:16:21.825 [info] fatal: not a git repository (or any of the parent directories): .git
2025-05-23 14:16:21.825 [info] > git rev-parse --show-toplevel [4ms]
2025-05-23 14:16:21.825 [info] fatal: not a git repository (or any of the parent directories): .git
2025-05-23 14:16:21.833 [info] > git rev-parse --show-toplevel [1ms]
2025-05-23 14:16:21.833 [info] fatal: not a git repository (or any of the parent directories): .git
2025-05-23 14:16:21.838 [info] > git rev-parse --show-toplevel [1ms]
2025-05-23 14:16:21.838 [info] fatal: not a git repository (or any of the parent directories): .git
2025-05-23 14:16:21.843 [info] > git rev-parse --show-toplevel [1ms]
2025-05-23 14:16:21.844 [info] fatal: not a git repository (or any of the parent directories): .git
2025-05-23 14:16:21.907 [info] > git rev-parse --show-toplevel [3ms]
2025-05-23 14:16:21.907 [info] fatal: not a git repository (or any of the parent directories): .git
2025-05-23 14:16:21.913 [info] > git rev-parse --show-toplevel [2ms]
2025-05-23 14:16:21.914 [info] fatal: not a git repository (or any of the parent directories): .git
2025-05-23 14:16:21.920 [info] > git rev-parse --show-toplevel [1ms]
2025-05-23 14:16:21.920 [info] fatal: not a git repository (or any of the parent directories): .git
2025-05-23 14:16:21.923 [info] > git rev-parse --show-toplevel [0ms]
2025-05-23 14:16:21.923 [info] fatal: not a git repository (or any of the parent directories): .git
2025-05-23 14:16:21.927 [info] > git rev-parse --show-toplevel [1ms]
2025-05-23 14:16:21.927 [info] fatal: not a git repository (or any of the parent directories): .git
2025-05-23 14:16:21.933 [info] > git rev-parse --show-toplevel [2ms]
2025-05-23 14:16:21.933 [info] fatal: not a git repository (or any of the parent directories): .git
2025-05-23 14:16:21.935 [info] [Model][doInitialScan] Initial repository scan completed - repositories (0), closed repositories (0), parent repositories (0), unsafe repositories (0)
2025-05-23 14:16:22.360 [info] > git rev-parse --show-toplevel [1ms]
2025-05-23 14:16:22.360 [info] fatal: not a git repository (or any of the parent directories): .git
2025-05-23 14:18:29.296 [info] > git rev-parse --show-toplevel [7ms]
2025-05-23 14:18:29.297 [info] fatal: not a git repository (or any of the parent directories): .git
2025-05-23 14:18:53.357 [info] > git rev-parse --show-toplevel [1ms]
2025-05-23 14:18:53.357 [info] fatal: not a git repository (or any of the parent directories): .git
