2025-05-27 06:15:12.074 [info] [main] Log level: Info
2025-05-27 06:15:12.075 [info] [main] Validating found git in: "git"
2025-05-27 06:15:12.075 [info] [main] Using git "2.43.0" from "git"
2025-05-27 06:15:12.075 [info] [Model][doInitialScan] Initial repository scan started
2025-05-27 06:15:12.075 [info] > git rev-parse --show-toplevel [4ms]
2025-05-27 06:15:12.075 [info] > git rev-parse --git-dir --git-common-dir [4ms]
2025-05-27 06:15:12.075 [info] [Model][openRepository] Opened repository (path): /home/prachighatge
2025-05-27 06:15:12.075 [info] [Model][openRepository] Opened repository (real path): /home/prachighatge
2025-05-27 06:15:12.075 [info] > git rev-parse --show-toplevel [44ms]
2025-05-27 06:15:12.075 [info] > git config --get commit.template [49ms]
2025-05-27 06:15:12.075 [info] [Git][getRemotes] No remotes found in the git config file
2025-05-27 06:15:12.076 [info] > git for-each-ref --format=%(refname)%00%(upstream:short)%00%(objectname)%00%(upstream:track)%00%(upstream:remotename)%00%(upstream:remoteref) refs/heads/master refs/remotes/master [3ms]
2025-05-27 06:15:12.077 [warning] [Git][getBranch] No such branch: master
2025-05-27 06:15:12.095 [info] > git rev-parse --show-toplevel [7ms]
2025-05-27 06:15:12.096 [info] > git for-each-ref --sort -committerdate --format %(refname)%00%(objectname)%00%(*objectname) [11ms]
2025-05-27 06:15:12.102 [info] > git rev-parse --show-toplevel [2ms]
2025-05-27 06:15:12.107 [info] > git rev-parse --show-toplevel [1ms]
2025-05-27 06:15:12.115 [info] > git rev-parse --show-toplevel [5ms]
2025-05-27 06:15:12.121 [info] > git rev-parse --show-toplevel [2ms]
2025-05-27 06:15:12.126 [info] > git rev-parse --show-toplevel [2ms]
2025-05-27 06:15:12.132 [info] > git rev-parse --show-toplevel [2ms]
2025-05-27 06:15:12.146 [info] > git rev-parse --show-toplevel [10ms]
2025-05-27 06:15:12.154 [info] > git status -z -uall [74ms]
2025-05-27 06:15:12.154 [info] > git rev-parse --show-toplevel [2ms]
2025-05-27 06:15:12.157 [info] [Model][doInitialScan] Initial repository scan completed - repositories (1), closed repositories (0), parent repositories (0), unsafe repositories (0)
2025-05-27 06:15:12.289 [info] > git for-each-ref --format=%(refname)%00%(upstream:short)%00%(objectname)%00%(upstream:track)%00%(upstream:remotename)%00%(upstream:remoteref) refs/heads/master refs/remotes/master [14ms]
2025-05-27 06:15:12.289 [warning] [Git][getBranch] No such branch: master
2025-05-27 06:15:12.289 [error] [GitHistoryProvider][resolveHEADMergeBase] Failed to resolve merge base for master: Error: No such branch: master.
2025-05-27 06:15:12.292 [info] > git config --get commit.template [11ms]
2025-05-27 06:15:13.016 [info] [Git][getRemotes] No remotes found in the git config file
2025-05-27 06:15:13.041 [info] > git for-each-ref --format=%(refname)%00%(upstream:short)%00%(objectname)%00%(upstream:track)%00%(upstream:remotename)%00%(upstream:remoteref) refs/heads/master refs/remotes/master [746ms]
2025-05-27 06:15:13.041 [warning] [Git][getBranch] No such branch: master
2025-05-27 06:15:13.063 [info] > git check-ignore -v -z --stdin [11ms]
2025-05-27 06:15:13.065 [info] > git for-each-ref --sort -committerdate --format %(refname)%00%(objectname)%00%(*objectname) [18ms]
2025-05-27 06:15:13.095 [info] > git status -z -uall [51ms]
2025-05-27 06:15:13.191 [info] > git show --textconv :my-first-app/src/styles.css [13ms]
2025-05-27 06:15:13.191 [info] > git show --textconv HEAD:my-first-app/src/styles.css [9ms]
2025-05-27 06:15:13.191 [info] > git ls-files --stage -- my-first-app/src/styles.css [6ms]
2025-05-27 06:15:13.197 [info] > git hash-object -t tree /dev/null [1ms]
2025-05-27 06:15:13.198 [warning] [GitFileSystemProvider][readFile] File not found - git:/home/prachighatge/my-first-app/src/styles.css.git?%7B%22path%22%3A%22%2Fhome%2Fprachighatge%2Fmy-first-app%2Fsrc%2Fstyles.css%22%2C%22ref%22%3A%22HEAD%22%7D
2025-05-27 06:15:13.199 [info] > git cat-file -s fb3e711ddb94ea547344fead9ccb29a47c3062d8 [6ms]
2025-05-27 06:15:13.200 [info] > git ls-tree -l HEAD -- my-first-app/src/styles.css [12ms]
2025-05-27 06:15:13.200 [info] fatal: Not a valid object name HEAD
2025-05-27 06:15:13.201 [warning] [GitFileSystemProvider][stat] File not found - git:/home/prachighatge/my-first-app/src/styles.css.git?%7B%22path%22%3A%22%2Fhome%2Fprachighatge%2Fmy-first-app%2Fsrc%2Fstyles.css%22%2C%22ref%22%3A%22HEAD%22%7D
2025-05-27 06:15:17.162 [info] [Git][getRemotes] No remotes found in the git config file
2025-05-27 06:15:17.163 [info] > git config --get commit.template [4ms]
2025-05-27 06:15:17.163 [info] > git for-each-ref --format=%(refname)%00%(upstream:short)%00%(objectname)%00%(upstream:track)%00%(upstream:remotename)%00%(upstream:remoteref) refs/heads/master refs/remotes/master [1ms]
2025-05-27 06:15:17.163 [warning] [Git][getBranch] No such branch: master
2025-05-27 06:15:17.169 [info] > git for-each-ref --sort -committerdate --format %(refname)%00%(objectname)%00%(*objectname) [1ms]
2025-05-27 06:15:17.212 [info] > git status -z -uall [47ms]
2025-05-27 06:15:22.273 [info] [Git][getRemotes] No remotes found in the git config file
2025-05-27 06:15:22.273 [info] > git config --get commit.template [3ms]
2025-05-27 06:15:22.274 [info] > git for-each-ref --format=%(refname)%00%(upstream:short)%00%(objectname)%00%(upstream:track)%00%(upstream:remotename)%00%(upstream:remoteref) refs/heads/master refs/remotes/master [1ms]
2025-05-27 06:15:22.274 [warning] [Git][getBranch] No such branch: master
2025-05-27 06:15:22.281 [info] > git for-each-ref --sort -committerdate --format %(refname)%00%(objectname)%00%(*objectname) [1ms]
2025-05-27 06:15:22.317 [info] > git status -z -uall [41ms]
2025-05-27 06:15:37.745 [info] > git config --get commit.template [1ms]
2025-05-27 06:15:37.750 [info] [Git][getRemotes] No remotes found in the git config file
2025-05-27 06:15:37.750 [info] > git for-each-ref --format=%(refname)%00%(upstream:short)%00%(objectname)%00%(upstream:track)%00%(upstream:remotename)%00%(upstream:remoteref) refs/heads/master refs/remotes/master [1ms]
2025-05-27 06:15:37.750 [warning] [Git][getBranch] No such branch: master
2025-05-27 06:15:37.761 [info] > git for-each-ref --sort -committerdate --format %(refname)%00%(objectname)%00%(*objectname) [3ms]
2025-05-27 06:15:37.810 [info] > git status -z -uall [55ms]
2025-05-27 06:15:42.902 [info] [Git][getRemotes] No remotes found in the git config file
2025-05-27 06:15:42.904 [info] > git config --get commit.template [3ms]
2025-05-27 06:15:42.905 [info] > git for-each-ref --format=%(refname)%00%(upstream:short)%00%(objectname)%00%(upstream:track)%00%(upstream:remotename)%00%(upstream:remoteref) refs/heads/master refs/remotes/master [1ms]
2025-05-27 06:15:42.905 [warning] [Git][getBranch] No such branch: master
2025-05-27 06:15:42.912 [info] > git for-each-ref --sort -committerdate --format %(refname)%00%(objectname)%00%(*objectname) [1ms]
2025-05-27 06:15:42.953 [info] > git status -z -uall [46ms]
2025-05-27 06:15:48.731 [info] > git config --get commit.template [0ms]
2025-05-27 06:15:48.731 [info] [Git][getRemotes] No remotes found in the git config file
2025-05-27 06:15:48.734 [info] > git for-each-ref --format=%(refname)%00%(upstream:short)%00%(objectname)%00%(upstream:track)%00%(upstream:remotename)%00%(upstream:remoteref) refs/heads/master refs/remotes/master [1ms]
2025-05-27 06:15:48.734 [warning] [Git][getBranch] No such branch: master
2025-05-27 06:15:48.743 [info] > git for-each-ref --sort -committerdate --format %(refname)%00%(objectname)%00%(*objectname) [2ms]
2025-05-27 06:15:48.778 [info] > git status -z -uall [41ms]
2025-05-27 06:15:51.100 [info] > git config --get commit.template [1ms]
2025-05-27 06:15:51.103 [info] [Git][getRemotes] No remotes found in the git config file
2025-05-27 06:15:51.104 [info] > git for-each-ref --format=%(refname)%00%(upstream:short)%00%(objectname)%00%(upstream:track)%00%(upstream:remotename)%00%(upstream:remoteref) refs/heads/master refs/remotes/master [1ms]
2025-05-27 06:15:51.104 [warning] [Git][getBranch] No such branch: master
2025-05-27 06:15:51.111 [info] > git for-each-ref --sort -committerdate --format %(refname)%00%(objectname)%00%(*objectname) [2ms]
2025-05-27 06:15:51.166 [info] > git status -z -uall [60ms]
2025-05-27 06:15:56.226 [info] [Git][getRemotes] No remotes found in the git config file
2025-05-27 06:15:56.226 [info] > git config --get commit.template [3ms]
2025-05-27 06:15:56.226 [info] > git for-each-ref --format=%(refname)%00%(upstream:short)%00%(objectname)%00%(upstream:track)%00%(upstream:remotename)%00%(upstream:remoteref) refs/heads/master refs/remotes/master [1ms]
2025-05-27 06:15:56.226 [warning] [Git][getBranch] No such branch: master
2025-05-27 06:15:56.232 [info] > git for-each-ref --sort -committerdate --format %(refname)%00%(objectname)%00%(*objectname) [1ms]
2025-05-27 06:15:56.275 [info] > git status -z -uall [46ms]
2025-05-27 06:16:01.329 [info] > git config --get commit.template [0ms]
2025-05-27 06:16:01.329 [info] [Git][getRemotes] No remotes found in the git config file
2025-05-27 06:16:01.332 [info] > git for-each-ref --format=%(refname)%00%(upstream:short)%00%(objectname)%00%(upstream:track)%00%(upstream:remotename)%00%(upstream:remoteref) refs/heads/master refs/remotes/master [0ms]
2025-05-27 06:16:01.333 [warning] [Git][getBranch] No such branch: master
2025-05-27 06:16:01.339 [info] > git for-each-ref --sort -committerdate --format %(refname)%00%(objectname)%00%(*objectname) [1ms]
2025-05-27 06:16:01.373 [info] > git status -z -uall [39ms]
2025-05-27 06:16:06.432 [info] [Git][getRemotes] No remotes found in the git config file
2025-05-27 06:16:06.435 [info] > git config --get commit.template [3ms]
2025-05-27 06:16:06.435 [info] > git for-each-ref --format=%(refname)%00%(upstream:short)%00%(objectname)%00%(upstream:track)%00%(upstream:remotename)%00%(upstream:remoteref) refs/heads/master refs/remotes/master [1ms]
2025-05-27 06:16:06.435 [warning] [Git][getBranch] No such branch: master
2025-05-27 06:16:06.441 [info] > git for-each-ref --sort -committerdate --format %(refname)%00%(objectname)%00%(*objectname) [1ms]
2025-05-27 06:16:06.476 [info] > git status -z -uall [39ms]
2025-05-27 06:16:11.526 [info] > git config --get commit.template [1ms]
2025-05-27 06:16:11.530 [info] [Git][getRemotes] No remotes found in the git config file
2025-05-27 06:16:11.531 [info] > git for-each-ref --format=%(refname)%00%(upstream:short)%00%(objectname)%00%(upstream:track)%00%(upstream:remotename)%00%(upstream:remoteref) refs/heads/master refs/remotes/master [0ms]
2025-05-27 06:16:11.531 [warning] [Git][getBranch] No such branch: master
2025-05-27 06:16:11.536 [info] > git for-each-ref --sort -committerdate --format %(refname)%00%(objectname)%00%(*objectname) [0ms]
2025-05-27 06:16:11.572 [info] > git status -z -uall [39ms]
2025-05-27 06:16:16.627 [info] [Git][getRemotes] No remotes found in the git config file
2025-05-27 06:16:16.627 [info] > git config --get commit.template [4ms]
2025-05-27 06:16:16.627 [info] > git for-each-ref --format=%(refname)%00%(upstream:short)%00%(objectname)%00%(upstream:track)%00%(upstream:remotename)%00%(upstream:remoteref) refs/heads/master refs/remotes/master [0ms]
2025-05-27 06:16:16.627 [warning] [Git][getBranch] No such branch: master
2025-05-27 06:16:16.636 [info] > git for-each-ref --sort -committerdate --format %(refname)%00%(objectname)%00%(*objectname) [2ms]
2025-05-27 06:16:16.673 [info] > git status -z -uall [43ms]
2025-05-27 06:16:19.006 [info] [Git][getRemotes] No remotes found in the git config file
2025-05-27 06:16:19.010 [info] > git for-each-ref --format=%(refname)%00%(upstream:short)%00%(objectname)%00%(upstream:track)%00%(upstream:remotename)%00%(upstream:remoteref) refs/heads/master refs/remotes/master [1ms]
2025-05-27 06:16:19.010 [warning] [Git][getBranch] No such branch: master
2025-05-27 06:16:19.011 [info] > git config --get commit.template [6ms]
2025-05-27 06:16:19.019 [info] > git for-each-ref --sort -committerdate --format %(refname)%00%(objectname)%00%(*objectname) [1ms]
2025-05-27 06:16:19.055 [info] > git status -z -uall [40ms]
2025-05-27 06:16:25.822 [info] [Git][getRemotes] No remotes found in the git config file
2025-05-27 06:16:25.824 [info] > git config --get commit.template [3ms]
2025-05-27 06:16:25.824 [info] > git for-each-ref --format=%(refname)%00%(upstream:short)%00%(objectname)%00%(upstream:track)%00%(upstream:remotename)%00%(upstream:remoteref) refs/heads/master refs/remotes/master [0ms]
2025-05-27 06:16:25.824 [warning] [Git][getBranch] No such branch: master
2025-05-27 06:16:25.832 [info] > git for-each-ref --sort -committerdate --format %(refname)%00%(objectname)%00%(*objectname) [1ms]
2025-05-27 06:16:25.868 [info] > git status -z -uall [40ms]
2025-05-27 06:16:30.932 [info] [Git][getRemotes] No remotes found in the git config file
2025-05-27 06:16:30.933 [info] > git config --get commit.template [4ms]
2025-05-27 06:16:30.933 [info] > git for-each-ref --format=%(refname)%00%(upstream:short)%00%(objectname)%00%(upstream:track)%00%(upstream:remotename)%00%(upstream:remoteref) refs/heads/master refs/remotes/master [1ms]
2025-05-27 06:16:30.933 [warning] [Git][getBranch] No such branch: master
2025-05-27 06:16:30.938 [info] > git for-each-ref --sort -committerdate --format %(refname)%00%(objectname)%00%(*objectname) [1ms]
2025-05-27 06:16:30.977 [info] > git status -z -uall [42ms]
2025-05-27 06:16:36.029 [info] > git config --get commit.template [0ms]
2025-05-27 06:16:36.032 [info] [Git][getRemotes] No remotes found in the git config file
2025-05-27 06:16:36.033 [info] > git for-each-ref --format=%(refname)%00%(upstream:short)%00%(objectname)%00%(upstream:track)%00%(upstream:remotename)%00%(upstream:remoteref) refs/heads/master refs/remotes/master [1ms]
2025-05-27 06:16:36.034 [warning] [Git][getBranch] No such branch: master
2025-05-27 06:16:36.041 [info] > git for-each-ref --sort -committerdate --format %(refname)%00%(objectname)%00%(*objectname) [2ms]
2025-05-27 06:16:36.078 [info] > git status -z -uall [42ms]
2025-05-27 06:16:41.136 [info] [Git][getRemotes] No remotes found in the git config file
2025-05-27 06:16:41.136 [info] > git config --get commit.template [5ms]
2025-05-27 06:16:41.136 [info] > git for-each-ref --format=%(refname)%00%(upstream:short)%00%(objectname)%00%(upstream:track)%00%(upstream:remotename)%00%(upstream:remoteref) refs/heads/master refs/remotes/master [1ms]
2025-05-27 06:16:41.137 [warning] [Git][getBranch] No such branch: master
2025-05-27 06:16:41.144 [info] > git for-each-ref --sort -committerdate --format %(refname)%00%(objectname)%00%(*objectname) [1ms]
2025-05-27 06:16:41.180 [info] > git status -z -uall [41ms]
2025-05-27 06:16:43.505 [info] [Git][getRemotes] No remotes found in the git config file
2025-05-27 06:16:43.507 [info] > git config --get commit.template [3ms]
2025-05-27 06:16:43.508 [info] > git for-each-ref --format=%(refname)%00%(upstream:short)%00%(objectname)%00%(upstream:track)%00%(upstream:remotename)%00%(upstream:remoteref) refs/heads/master refs/remotes/master [1ms]
2025-05-27 06:16:43.509 [warning] [Git][getBranch] No such branch: master
2025-05-27 06:16:43.515 [info] > git for-each-ref --sort -committerdate --format %(refname)%00%(objectname)%00%(*objectname) [1ms]
2025-05-27 06:16:43.555 [info] > git status -z -uall [44ms]
2025-05-27 06:17:42.167 [info] > git config --get commit.template [2ms]
2025-05-27 06:17:42.174 [info] [Git][getRemotes] No remotes found in the git config file
2025-05-27 06:17:42.175 [info] > git for-each-ref --format=%(refname)%00%(upstream:short)%00%(objectname)%00%(upstream:track)%00%(upstream:remotename)%00%(upstream:remoteref) refs/heads/master refs/remotes/master [2ms]
2025-05-27 06:17:42.176 [warning] [Git][getBranch] No such branch: master
2025-05-27 06:17:42.187 [info] > git for-each-ref --sort -committerdate --format %(refname)%00%(objectname)%00%(*objectname) [2ms]
2025-05-27 06:17:42.247 [info] > git status -z -uall [67ms]
2025-05-27 06:17:47.388 [info] > git config --get commit.template [1ms]
2025-05-27 06:17:47.390 [info] [Git][getRemotes] No remotes found in the git config file
2025-05-27 06:17:47.393 [info] > git for-each-ref --format=%(refname)%00%(upstream:short)%00%(objectname)%00%(upstream:track)%00%(upstream:remotename)%00%(upstream:remoteref) refs/heads/master refs/remotes/master [0ms]
2025-05-27 06:17:47.393 [warning] [Git][getBranch] No such branch: master
2025-05-27 06:17:47.400 [info] > git for-each-ref --sort -committerdate --format %(refname)%00%(objectname)%00%(*objectname) [1ms]
2025-05-27 06:17:47.433 [info] > git status -z -uall [37ms]
2025-05-27 06:17:52.487 [info] > git config --get commit.template [2ms]
2025-05-27 06:17:52.490 [info] [Git][getRemotes] No remotes found in the git config file
2025-05-27 06:17:52.491 [info] > git for-each-ref --format=%(refname)%00%(upstream:short)%00%(objectname)%00%(upstream:track)%00%(upstream:remotename)%00%(upstream:remoteref) refs/heads/master refs/remotes/master [1ms]
2025-05-27 06:17:52.491 [warning] [Git][getBranch] No such branch: master
2025-05-27 06:17:52.496 [info] > git for-each-ref --sort -committerdate --format %(refname)%00%(objectname)%00%(*objectname) [1ms]
2025-05-27 06:17:52.530 [info] > git status -z -uall [37ms]
2025-05-27 06:17:57.583 [info] > git config --get commit.template [2ms]
2025-05-27 06:17:57.586 [info] [Git][getRemotes] No remotes found in the git config file
2025-05-27 06:17:57.587 [info] > git for-each-ref --format=%(refname)%00%(upstream:short)%00%(objectname)%00%(upstream:track)%00%(upstream:remotename)%00%(upstream:remoteref) refs/heads/master refs/remotes/master [1ms]
2025-05-27 06:17:57.587 [warning] [Git][getBranch] No such branch: master
2025-05-27 06:17:57.594 [info] > git for-each-ref --sort -committerdate --format %(refname)%00%(objectname)%00%(*objectname) [2ms]
2025-05-27 06:17:57.626 [info] > git status -z -uall [37ms]
2025-05-27 06:17:59.483 [info] > git ls-files --stage -- my-first-app/src/styles.css [3ms]
2025-05-27 06:17:59.486 [info] > git cat-file -s fb3e711ddb94ea547344fead9ccb29a47c3062d8 [0ms]
2025-05-27 06:17:59.497 [info] > git show --textconv :my-first-app/src/styles.css [3ms]
2025-05-27 06:18:01.974 [info] > git config --get commit.template [0ms]
2025-05-27 06:18:01.977 [info] [Git][getRemotes] No remotes found in the git config file
2025-05-27 06:18:01.978 [info] > git for-each-ref --format=%(refname)%00%(upstream:short)%00%(objectname)%00%(upstream:track)%00%(upstream:remotename)%00%(upstream:remoteref) refs/heads/master refs/remotes/master [1ms]
2025-05-27 06:18:01.987 [info] > git for-each-ref --sort -committerdate --format %(refname)%00%(objectname)%00%(*objectname) [2ms]
2025-05-27 06:18:02.028 [info] > git status -z -uall [46ms]
2025-05-27 06:18:02.062 [info] > git blame --root --incremental 49cb96c81068dc66c4812a909f4abf82163e77f3 -- my-first-app/src/styles.css [3ms]
2025-05-27 06:18:02.677 [info] [Git][getRemotes] No remotes found in the git config file
2025-05-27 06:18:02.677 [info] > git config --get commit.template [4ms]
2025-05-27 06:18:02.678 [info] > git for-each-ref --format=%(refname)%00%(upstream:short)%00%(objectname)%00%(upstream:track)%00%(upstream:remotename)%00%(upstream:remoteref) refs/heads/master refs/remotes/master [1ms]
2025-05-27 06:18:02.688 [info] > git for-each-ref --sort -committerdate --format %(refname)%00%(objectname)%00%(*objectname) [2ms]
2025-05-27 06:18:02.735 [info] > git status -z -uall [53ms]
2025-05-27 06:18:05.020 [info] [Git][getRemotes] No remotes found in the git config file
2025-05-27 06:18:05.020 [info] > git config --get commit.template [3ms]
2025-05-27 06:18:05.020 [info] > git for-each-ref --format=%(refname)%00%(upstream:short)%00%(objectname)%00%(upstream:track)%00%(upstream:remotename)%00%(upstream:remoteref) refs/heads/master refs/remotes/master [1ms]
2025-05-27 06:18:05.025 [info] > git for-each-ref --sort -committerdate --format %(refname)%00%(objectname)%00%(*objectname) [1ms]
2025-05-27 06:18:05.059 [info] > git status -z -uall [36ms]
2025-05-27 06:18:10.072 [info] [Git][getRemotes] No remotes found in the git config file
2025-05-27 06:18:10.073 [info] > git config --get commit.template [3ms]
2025-05-27 06:18:10.073 [info] > git for-each-ref --format=%(refname)%00%(upstream:short)%00%(objectname)%00%(upstream:track)%00%(upstream:remotename)%00%(upstream:remoteref) refs/heads/master refs/remotes/master [1ms]
2025-05-27 06:18:10.079 [info] > git for-each-ref --sort -committerdate --format %(refname)%00%(objectname)%00%(*objectname) [1ms]
2025-05-27 06:18:10.110 [info] > git status -z -uall [35ms]
2025-05-27 06:18:13.106 [info] > git ls-files --stage -- my-first-app/src/styles.css [3ms]
2025-05-27 06:18:13.109 [info] > git cat-file -s fb3e711ddb94ea547344fead9ccb29a47c3062d8 [1ms]
2025-05-27 06:18:13.119 [info] > git show --textconv :my-first-app/src/styles.css [3ms]
2025-05-27 06:18:15.124 [info] > git config --get commit.template [7ms]
2025-05-27 06:18:15.124 [info] [Git][getRemotes] No remotes found in the git config file
2025-05-27 06:18:15.125 [info] > git for-each-ref --format=%(refname)%00%(upstream:short)%00%(objectname)%00%(upstream:track)%00%(upstream:remotename)%00%(upstream:remoteref) refs/heads/master refs/remotes/master [2ms]
2025-05-27 06:18:15.135 [info] > git for-each-ref --sort -committerdate --format %(refname)%00%(objectname)%00%(*objectname) [3ms]
2025-05-27 06:18:15.170 [info] > git status -z -uall [42ms]
2025-05-27 06:18:20.215 [info] > git config --get commit.template [0ms]
2025-05-27 06:18:20.216 [info] [Git][getRemotes] No remotes found in the git config file
2025-05-27 06:18:20.217 [info] > git for-each-ref --format=%(refname)%00%(upstream:short)%00%(objectname)%00%(upstream:track)%00%(upstream:remotename)%00%(upstream:remoteref) refs/heads/master refs/remotes/master [1ms]
2025-05-27 06:18:20.227 [info] > git for-each-ref --sort -committerdate --format %(refname)%00%(objectname)%00%(*objectname) [3ms]
2025-05-27 06:18:20.259 [info] > git status -z -uall [40ms]
2025-05-27 06:20:02.159 [info] > git config --get commit.template [3ms]
2025-05-27 06:20:02.160 [info] [Git][getRemotes] No remotes found in the git config file
2025-05-27 06:20:02.164 [info] > git for-each-ref --format=%(refname)%00%(upstream:short)%00%(objectname)%00%(upstream:track)%00%(upstream:remotename)%00%(upstream:remoteref) refs/heads/master refs/remotes/master [1ms]
2025-05-27 06:20:02.174 [info] > git for-each-ref --sort -committerdate --format %(refname)%00%(objectname)%00%(*objectname) [3ms]
2025-05-27 06:20:02.213 [info] > git status -z -uall [45ms]
2025-05-27 06:20:07.225 [info] > git config --get commit.template [3ms]
2025-05-27 06:20:07.230 [info] [Git][getRemotes] No remotes found in the git config file
2025-05-27 06:20:07.230 [info] > git for-each-ref --format=%(refname)%00%(upstream:short)%00%(objectname)%00%(upstream:track)%00%(upstream:remotename)%00%(upstream:remoteref) refs/heads/master refs/remotes/master [0ms]
2025-05-27 06:20:07.237 [info] > git for-each-ref --sort -committerdate --format %(refname)%00%(objectname)%00%(*objectname) [2ms]
2025-05-27 06:20:07.266 [info] > git status -z -uall [33ms]
2025-05-27 06:20:12.279 [info] [Git][getRemotes] No remotes found in the git config file
2025-05-27 06:20:12.279 [info] > git config --get commit.template [4ms]
2025-05-27 06:20:12.279 [info] > git for-each-ref --format=%(refname)%00%(upstream:short)%00%(objectname)%00%(upstream:track)%00%(upstream:remotename)%00%(upstream:remoteref) refs/heads/master refs/remotes/master [1ms]
2025-05-27 06:20:12.285 [info] > git for-each-ref --sort -committerdate --format %(refname)%00%(objectname)%00%(*objectname) [2ms]
2025-05-27 06:20:12.314 [info] > git status -z -uall [33ms]
2025-05-27 06:20:17.326 [info] > git config --get commit.template [5ms]
2025-05-27 06:20:17.333 [info] > git ls-files --stage -- my-first-app/src/styles.css [7ms]
2025-05-27 06:20:17.338 [info] > git for-each-ref --format=%(refname)%00%(upstream:short)%00%(objectname)%00%(upstream:track)%00%(upstream:remotename)%00%(upstream:remoteref) refs/heads/main refs/remotes/main [5ms]
2025-05-27 06:20:17.346 [info] > git cat-file -s fb3e711ddb94ea547344fead9ccb29a47c3062d8 [9ms]
2025-05-27 06:20:17.347 [info] > git for-each-ref --sort -committerdate --format %(refname)%00%(objectname)%00%(*objectname) [3ms]
2025-05-27 06:20:17.395 [info] > git status -z -uall [54ms]
2025-05-27 06:20:17.411 [info] > git for-each-ref --format=%(refname)%00%(upstream:short)%00%(objectname)%00%(upstream:track)%00%(upstream:remotename)%00%(upstream:remoteref) refs/heads/main refs/remotes/main [7ms]
2025-05-27 06:20:17.417 [info] > git show --textconv :my-first-app/src/styles.css [7ms]
2025-05-27 06:20:17.417 [info] > git config --get --local branch.main.vscode-merge-base [1ms]
2025-05-27 06:20:17.417 [warning] [Git][config] git config failed: Failed to execute git
2025-05-27 06:20:17.424 [info] > git reflog main --grep-reflog=branch: Created from *. [2ms]
2025-05-27 06:20:17.431 [info] > git symbolic-ref --short refs/remotes/origin/HEAD [3ms]
2025-05-27 06:20:17.431 [info] fatal: ref refs/remotes/origin/HEAD is not a symbolic ref
2025-05-27 06:20:17.431 [warning] [Repository][getDefaultBranch] Failed to get default branch details: Failed to execute git.
2025-05-27 06:20:39.368 [info] > git config --get commit.template [1ms]
2025-05-27 06:20:39.375 [info] > git for-each-ref --format=%(refname)%00%(upstream:short)%00%(objectname)%00%(upstream:track)%00%(upstream:remotename)%00%(upstream:remoteref) refs/heads/main refs/remotes/main [1ms]
2025-05-27 06:20:39.387 [info] > git for-each-ref --sort -committerdate --format %(refname)%00%(objectname)%00%(*objectname) [1ms]
2025-05-27 06:20:39.431 [info] > git status -z -uall [51ms]
2025-05-27 06:20:44.447 [info] > git config --get commit.template [4ms]
2025-05-27 06:20:44.448 [info] > git for-each-ref --format=%(refname)%00%(upstream:short)%00%(objectname)%00%(upstream:track)%00%(upstream:remotename)%00%(upstream:remoteref) refs/heads/main refs/remotes/main [1ms]
2025-05-27 06:20:44.454 [info] > git for-each-ref --sort -committerdate --format %(refname)%00%(objectname)%00%(*objectname) [2ms]
2025-05-27 06:20:44.495 [info] > git status -z -uall [45ms]
2025-05-27 06:20:49.529 [info] > git config --get commit.template [4ms]
2025-05-27 06:20:49.529 [info] > git for-each-ref --format=%(refname)%00%(upstream:short)%00%(objectname)%00%(upstream:track)%00%(upstream:remotename)%00%(upstream:remoteref) refs/heads/main refs/remotes/main [1ms]
2025-05-27 06:20:49.535 [info] > git for-each-ref --sort -committerdate --format %(refname)%00%(objectname)%00%(*objectname) [2ms]
2025-05-27 06:20:49.565 [info] > git status -z -uall [33ms]
2025-05-27 06:20:55.122 [info] > git config --get commit.template [1ms]
2025-05-27 06:20:55.126 [info] > git for-each-ref --format=%(refname)%00%(upstream:short)%00%(objectname)%00%(upstream:track)%00%(upstream:remotename)%00%(upstream:remoteref) refs/heads/main refs/remotes/main [1ms]
2025-05-27 06:20:55.131 [info] > git for-each-ref --sort -committerdate --format %(refname)%00%(objectname)%00%(*objectname) [1ms]
2025-05-27 06:20:55.166 [info] > git status -z -uall [38ms]
2025-05-27 06:21:00.178 [info] > git config --get commit.template [1ms]
2025-05-27 06:21:00.182 [info] > git for-each-ref --format=%(refname)%00%(upstream:short)%00%(objectname)%00%(upstream:track)%00%(upstream:remotename)%00%(upstream:remoteref) refs/heads/main refs/remotes/main [2ms]
2025-05-27 06:21:00.190 [info] > git for-each-ref --sort -committerdate --format %(refname)%00%(objectname)%00%(*objectname) [3ms]
2025-05-27 06:21:00.223 [info] > git status -z -uall [39ms]
2025-05-27 06:21:05.244 [info] > git config --get commit.template [5ms]
2025-05-27 06:21:05.244 [info] > git for-each-ref --format=%(refname)%00%(upstream:short)%00%(objectname)%00%(upstream:track)%00%(upstream:remotename)%00%(upstream:remoteref) refs/heads/main refs/remotes/main [1ms]
2025-05-27 06:21:05.250 [info] > git for-each-ref --sort -committerdate --format %(refname)%00%(objectname)%00%(*objectname) [2ms]
2025-05-27 06:21:05.281 [info] > git status -z -uall [35ms]
2025-05-27 06:21:10.301 [info] > git config --get commit.template [3ms]
2025-05-27 06:21:10.301 [info] > git for-each-ref --format=%(refname)%00%(upstream:short)%00%(objectname)%00%(upstream:track)%00%(upstream:remotename)%00%(upstream:remoteref) refs/heads/main refs/remotes/main [1ms]
2025-05-27 06:21:10.307 [info] > git for-each-ref --sort -committerdate --format %(refname)%00%(objectname)%00%(*objectname) [2ms]
2025-05-27 06:21:10.340 [info] > git status -z -uall [36ms]
2025-05-27 06:21:15.362 [info] > git config --get commit.template [0ms]
2025-05-27 06:21:15.365 [info] > git for-each-ref --format=%(refname)%00%(upstream:short)%00%(objectname)%00%(upstream:track)%00%(upstream:remotename)%00%(upstream:remoteref) refs/heads/main refs/remotes/main [0ms]
2025-05-27 06:21:15.371 [info] > git for-each-ref --sort -committerdate --format %(refname)%00%(objectname)%00%(*objectname) [2ms]
2025-05-27 06:21:15.402 [info] > git status -z -uall [35ms]
2025-05-27 06:21:20.411 [info] > git config --get commit.template [4ms]
2025-05-27 06:21:20.412 [info] > git for-each-ref --format=%(refname)%00%(upstream:short)%00%(objectname)%00%(upstream:track)%00%(upstream:remotename)%00%(upstream:remoteref) refs/heads/main refs/remotes/main [0ms]
2025-05-27 06:21:20.417 [info] > git for-each-ref --sort -committerdate --format %(refname)%00%(objectname)%00%(*objectname) [1ms]
2025-05-27 06:21:20.443 [info] > git status -z -uall [29ms]
2025-05-27 06:21:23.303 [info] > git config --get commit.template [1ms]
2025-05-27 06:21:23.307 [info] > git for-each-ref --format=%(refname)%00%(upstream:short)%00%(objectname)%00%(upstream:track)%00%(upstream:remotename)%00%(upstream:remoteref) refs/heads/main refs/remotes/main [1ms]
2025-05-27 06:21:23.313 [info] > git for-each-ref --sort -committerdate --format %(refname)%00%(objectname)%00%(*objectname) [2ms]
2025-05-27 06:21:23.340 [info] > git status -z -uall [31ms]
2025-05-27 06:21:28.351 [info] > git config --get commit.template [2ms]
2025-05-27 06:21:28.357 [info] > git for-each-ref --format=%(refname)%00%(upstream:short)%00%(objectname)%00%(upstream:track)%00%(upstream:remotename)%00%(upstream:remoteref) refs/heads/main refs/remotes/main [2ms]
2025-05-27 06:21:28.362 [info] > git for-each-ref --sort -committerdate --format %(refname)%00%(objectname)%00%(*objectname) [2ms]
2025-05-27 06:21:28.391 [info] > git status -z -uall [32ms]
2025-05-27 06:21:33.402 [info] > git config --get commit.template [2ms]
2025-05-27 06:21:33.407 [info] > git for-each-ref --format=%(refname)%00%(upstream:short)%00%(objectname)%00%(upstream:track)%00%(upstream:remotename)%00%(upstream:remoteref) refs/heads/main refs/remotes/main [2ms]
2025-05-27 06:21:33.413 [info] > git for-each-ref --sort -committerdate --format %(refname)%00%(objectname)%00%(*objectname) [1ms]
2025-05-27 06:21:33.440 [info] > git status -z -uall [31ms]
2025-05-27 06:21:38.451 [info] > git config --get commit.template [1ms]
2025-05-27 06:21:38.454 [info] > git for-each-ref --format=%(refname)%00%(upstream:short)%00%(objectname)%00%(upstream:track)%00%(upstream:remotename)%00%(upstream:remoteref) refs/heads/main refs/remotes/main [1ms]
2025-05-27 06:21:38.459 [info] > git for-each-ref --sort -committerdate --format %(refname)%00%(objectname)%00%(*objectname) [2ms]
2025-05-27 06:21:38.489 [info] > git status -z -uall [33ms]
2025-05-27 06:21:43.497 [info] > git config --get commit.template [1ms]
2025-05-27 06:21:43.500 [info] > git for-each-ref --format=%(refname)%00%(upstream:short)%00%(objectname)%00%(upstream:track)%00%(upstream:remotename)%00%(upstream:remoteref) refs/heads/main refs/remotes/main [1ms]
2025-05-27 06:21:43.506 [info] > git for-each-ref --sort -committerdate --format %(refname)%00%(objectname)%00%(*objectname) [2ms]
2025-05-27 06:21:43.536 [info] > git status -z -uall [34ms]
2025-05-27 06:21:48.110 [info] > git config --get commit.template [2ms]
2025-05-27 06:21:48.111 [info] > git for-each-ref --format=%(refname)%00%(upstream:short)%00%(objectname)%00%(upstream:track)%00%(upstream:remotename)%00%(upstream:remoteref) refs/heads/main refs/remotes/main [1ms]
2025-05-27 06:21:48.117 [info] > git for-each-ref --sort -committerdate --format %(refname)%00%(objectname)%00%(*objectname) [2ms]
2025-05-27 06:21:48.148 [info] > git status -z -uall [36ms]
2025-05-27 06:21:53.159 [info] > git config --get commit.template [3ms]
2025-05-27 06:21:53.160 [info] > git for-each-ref --format=%(refname)%00%(upstream:short)%00%(objectname)%00%(upstream:track)%00%(upstream:remotename)%00%(upstream:remoteref) refs/heads/main refs/remotes/main [1ms]
2025-05-27 06:21:53.167 [info] > git for-each-ref --sort -committerdate --format %(refname)%00%(objectname)%00%(*objectname) [2ms]
2025-05-27 06:21:53.199 [info] > git status -z -uall [37ms]
2025-05-27 06:21:58.216 [info] > git config --get commit.template [5ms]
2025-05-27 06:21:58.217 [info] > git for-each-ref --format=%(refname)%00%(upstream:short)%00%(objectname)%00%(upstream:track)%00%(upstream:remotename)%00%(upstream:remoteref) refs/heads/main refs/remotes/main [1ms]
2025-05-27 06:21:58.222 [info] > git for-each-ref --sort -committerdate --format %(refname)%00%(objectname)%00%(*objectname) [1ms]
2025-05-27 06:21:58.253 [info] > git status -z -uall [34ms]
2025-05-27 06:22:03.270 [info] > git config --get commit.template [1ms]
2025-05-27 06:22:03.275 [info] > git for-each-ref --format=%(refname)%00%(upstream:short)%00%(objectname)%00%(upstream:track)%00%(upstream:remotename)%00%(upstream:remoteref) refs/heads/main refs/remotes/main [1ms]
2025-05-27 06:22:03.279 [info] > git for-each-ref --sort -committerdate --format %(refname)%00%(objectname)%00%(*objectname) [1ms]
2025-05-27 06:22:03.308 [info] > git status -z -uall [32ms]
2025-05-27 06:22:08.315 [info] > git config --get commit.template [2ms]
2025-05-27 06:22:08.318 [info] > git for-each-ref --format=%(refname)%00%(upstream:short)%00%(objectname)%00%(upstream:track)%00%(upstream:remotename)%00%(upstream:remoteref) refs/heads/main refs/remotes/main [1ms]
2025-05-27 06:22:08.324 [info] > git for-each-ref --sort -committerdate --format %(refname)%00%(objectname)%00%(*objectname) [2ms]
2025-05-27 06:22:08.352 [info] > git status -z -uall [32ms]
2025-05-27 06:22:13.364 [info] > git config --get commit.template [3ms]
2025-05-27 06:22:13.367 [info] > git for-each-ref --format=%(refname)%00%(upstream:short)%00%(objectname)%00%(upstream:track)%00%(upstream:remotename)%00%(upstream:remoteref) refs/heads/main refs/remotes/main [1ms]
2025-05-27 06:22:13.379 [info] > git for-each-ref --sort -committerdate --format %(refname)%00%(objectname)%00%(*objectname) [2ms]
2025-05-27 06:22:13.410 [info] > git status -z -uall [39ms]
2025-05-27 06:22:17.957 [info] > git config --get commit.template [4ms]
2025-05-27 06:22:17.957 [info] > git for-each-ref --format=%(refname)%00%(upstream:short)%00%(objectname)%00%(upstream:track)%00%(upstream:remotename)%00%(upstream:remoteref) refs/heads/main refs/remotes/main [1ms]
2025-05-27 06:22:17.965 [info] > git for-each-ref --sort -committerdate --format %(refname)%00%(objectname)%00%(*objectname) [2ms]
2025-05-27 06:22:18.122 [info] > git status -z -uall [162ms]
2025-05-27 06:22:23.134 [info] > git config --get commit.template [4ms]
2025-05-27 06:22:23.135 [info] > git for-each-ref --format=%(refname)%00%(upstream:short)%00%(objectname)%00%(upstream:track)%00%(upstream:remotename)%00%(upstream:remoteref) refs/heads/main refs/remotes/main [2ms]
2025-05-27 06:22:23.139 [info] > git for-each-ref --sort -committerdate --format %(refname)%00%(objectname)%00%(*objectname) [1ms]
2025-05-27 06:22:23.170 [info] > git status -z -uall [34ms]
2025-05-27 06:36:33.404 [info] > git config --get commit.template [14ms]
2025-05-27 06:36:33.412 [info] > git ls-files --stage -- my-first-app/src/styles.css [15ms]
2025-05-27 06:36:33.418 [info] > git for-each-ref --format=%(refname)%00%(upstream:short)%00%(objectname)%00%(upstream:track)%00%(upstream:remotename)%00%(upstream:remoteref) refs/heads/main refs/remotes/main [14ms]
2025-05-27 06:36:33.425 [info] > git cat-file -s fb3e711ddb94ea547344fead9ccb29a47c3062d8 [8ms]
2025-05-27 06:36:33.427 [info] > git for-each-ref --sort -committerdate --format %(refname)%00%(objectname)%00%(*objectname) [2ms]
2025-05-27 06:36:33.479 [info] > git show --textconv :my-first-app/src/styles.css [4ms]
2025-05-27 06:36:34.619 [info] > git status -z -uall [1197ms]
2025-05-27 06:36:34.628 [info] > git merge-base refs/heads/main refs/remotes/origin/main [2ms]
2025-05-27 06:36:34.632 [info] > git diff --name-status -z --diff-filter=ADMR 49cb96c81068dc66c4812a909f4abf82163e77f3...refs/remotes/origin/main [2ms]
2025-05-27 06:36:39.646 [info] > git config --get commit.template [4ms]
2025-05-27 06:36:39.647 [info] > git for-each-ref --format=%(refname)%00%(upstream:short)%00%(objectname)%00%(upstream:track)%00%(upstream:remotename)%00%(upstream:remoteref) refs/heads/main refs/remotes/main [1ms]
2025-05-27 06:36:39.654 [info] > git for-each-ref --sort -committerdate --format %(refname)%00%(objectname)%00%(*objectname) [1ms]
2025-05-27 06:36:39.683 [info] > git status -z -uall [33ms]
2025-05-27 06:36:44.696 [info] > git config --get commit.template [1ms]
2025-05-27 06:36:44.700 [info] > git for-each-ref --format=%(refname)%00%(upstream:short)%00%(objectname)%00%(upstream:track)%00%(upstream:remotename)%00%(upstream:remoteref) refs/heads/main refs/remotes/main [2ms]
2025-05-27 06:36:44.707 [info] > git for-each-ref --sort -committerdate --format %(refname)%00%(objectname)%00%(*objectname) [1ms]
2025-05-27 06:36:44.738 [info] > git status -z -uall [34ms]
2025-05-27 06:36:46.307 [info] > git show --textconv :my-first-app/package.json [10ms]
2025-05-27 06:36:46.307 [info] > git ls-files --stage -- my-first-app/package.json [5ms]
2025-05-27 06:36:46.313 [info] > git cat-file -s 1f72d5d366b06d1de4a0b2d2410bd886d170653e [2ms]
2025-05-27 06:36:46.358 [info] > git blame --root --incremental 49cb96c81068dc66c4812a909f4abf82163e77f3 -- my-first-app/package.json [2ms]
2025-05-27 06:36:49.758 [info] > git config --get commit.template [0ms]
2025-05-27 06:36:49.762 [info] > git for-each-ref --format=%(refname)%00%(upstream:short)%00%(objectname)%00%(upstream:track)%00%(upstream:remotename)%00%(upstream:remoteref) refs/heads/main refs/remotes/main [1ms]
2025-05-27 06:36:49.769 [info] > git for-each-ref --sort -committerdate --format %(refname)%00%(objectname)%00%(*objectname) [0ms]
2025-05-27 06:36:49.799 [info] > git status -z -uall [33ms]
2025-05-27 06:36:54.843 [info] > git config --get commit.template [5ms]
2025-05-27 06:36:54.844 [info] > git for-each-ref --format=%(refname)%00%(upstream:short)%00%(objectname)%00%(upstream:track)%00%(upstream:remotename)%00%(upstream:remoteref) refs/heads/main refs/remotes/main [1ms]
2025-05-27 06:36:54.850 [info] > git for-each-ref --sort -committerdate --format %(refname)%00%(objectname)%00%(*objectname) [2ms]
2025-05-27 06:36:54.879 [info] > git status -z -uall [32ms]
2025-05-27 06:37:47.567 [info] > git config --get commit.template [3ms]
2025-05-27 06:37:47.568 [info] > git for-each-ref --format=%(refname)%00%(upstream:short)%00%(objectname)%00%(upstream:track)%00%(upstream:remotename)%00%(upstream:remoteref) refs/heads/main refs/remotes/main [2ms]
2025-05-27 06:37:47.579 [info] > git for-each-ref --sort -committerdate --format %(refname)%00%(objectname)%00%(*objectname) [2ms]
2025-05-27 06:37:47.625 [info] > git status -z -uall [54ms]
2025-05-27 06:37:49.555 [info] > git check-ignore -v -z --stdin [3ms]
2025-05-27 06:37:52.646 [info] > git config --get commit.template [7ms]
2025-05-27 06:37:52.646 [info] > git for-each-ref --format=%(refname)%00%(upstream:short)%00%(objectname)%00%(upstream:track)%00%(upstream:remotename)%00%(upstream:remoteref) refs/heads/main refs/remotes/main [3ms]
2025-05-27 06:37:52.653 [info] > git for-each-ref --sort -committerdate --format %(refname)%00%(objectname)%00%(*objectname) [1ms]
2025-05-27 06:37:52.681 [info] > git status -z -uall [31ms]
2025-05-27 06:37:55.059 [info] > git config --get commit.template [4ms]
2025-05-27 06:37:55.060 [info] > git for-each-ref --format=%(refname)%00%(upstream:short)%00%(objectname)%00%(upstream:track)%00%(upstream:remotename)%00%(upstream:remoteref) refs/heads/main refs/remotes/main [2ms]
2025-05-27 06:37:55.068 [info] > git for-each-ref --sort -committerdate --format %(refname)%00%(objectname)%00%(*objectname) [3ms]
2025-05-27 06:37:55.095 [info] > git status -z -uall [32ms]
2025-05-27 06:38:00.147 [info] > git config --get commit.template [4ms]
2025-05-27 06:38:00.148 [info] > git for-each-ref --format=%(refname)%00%(upstream:short)%00%(objectname)%00%(upstream:track)%00%(upstream:remotename)%00%(upstream:remoteref) refs/heads/main refs/remotes/main [1ms]
2025-05-27 06:38:00.158 [info] > git for-each-ref --sort -committerdate --format %(refname)%00%(objectname)%00%(*objectname) [6ms]
2025-05-27 06:38:00.187 [info] > git status -z -uall [37ms]
2025-05-27 06:39:02.488 [info] > git config --get commit.template [4ms]
2025-05-27 06:39:02.489 [info] > git for-each-ref --format=%(refname)%00%(upstream:short)%00%(objectname)%00%(upstream:track)%00%(upstream:remotename)%00%(upstream:remoteref) refs/heads/main refs/remotes/main [2ms]
2025-05-27 06:39:02.497 [info] > git for-each-ref --sort -committerdate --format %(refname)%00%(objectname)%00%(*objectname) [1ms]
2025-05-27 06:39:02.532 [info] > git status -z -uall [39ms]
2025-05-27 06:39:07.579 [info] > git config --get commit.template [3ms]
2025-05-27 06:39:07.584 [info] > git for-each-ref --format=%(refname)%00%(upstream:short)%00%(objectname)%00%(upstream:track)%00%(upstream:remotename)%00%(upstream:remoteref) refs/heads/main refs/remotes/main [2ms]
2025-05-27 06:39:07.591 [info] > git for-each-ref --sort -committerdate --format %(refname)%00%(objectname)%00%(*objectname) [2ms]
2025-05-27 06:39:07.620 [info] > git status -z -uall [33ms]
2025-05-27 06:39:12.662 [info] > git config --get commit.template [2ms]
2025-05-27 06:39:12.667 [info] > git for-each-ref --format=%(refname)%00%(upstream:short)%00%(objectname)%00%(upstream:track)%00%(upstream:remotename)%00%(upstream:remoteref) refs/heads/main refs/remotes/main [1ms]
2025-05-27 06:39:12.674 [info] > git for-each-ref --sort -committerdate --format %(refname)%00%(objectname)%00%(*objectname) [1ms]
2025-05-27 06:39:12.707 [info] > git status -z -uall [36ms]
2025-05-27 06:39:15.025 [info] > git config --get commit.template [3ms]
2025-05-27 06:39:15.026 [info] > git for-each-ref --format=%(refname)%00%(upstream:short)%00%(objectname)%00%(upstream:track)%00%(upstream:remotename)%00%(upstream:remoteref) refs/heads/main refs/remotes/main [1ms]
2025-05-27 06:39:15.031 [info] > git for-each-ref --sort -committerdate --format %(refname)%00%(objectname)%00%(*objectname) [1ms]
2025-05-27 06:39:15.067 [info] > git status -z -uall [39ms]
2025-05-27 06:40:16.332 [info] > git config --get commit.template [5ms]
2025-05-27 06:40:16.333 [info] > git for-each-ref --format=%(refname)%00%(upstream:short)%00%(objectname)%00%(upstream:track)%00%(upstream:remotename)%00%(upstream:remoteref) refs/heads/main refs/remotes/main [2ms]
2025-05-27 06:40:16.343 [info] > git for-each-ref --sort -committerdate --format %(refname)%00%(objectname)%00%(*objectname) [2ms]
2025-05-27 06:40:16.433 [info] > git status -z -uall [96ms]
2025-05-27 06:40:21.469 [info] > git config --get commit.template [6ms]
2025-05-27 06:40:21.470 [info] > git for-each-ref --format=%(refname)%00%(upstream:short)%00%(objectname)%00%(upstream:track)%00%(upstream:remotename)%00%(upstream:remoteref) refs/heads/main refs/remotes/main [2ms]
2025-05-27 06:40:21.478 [info] > git for-each-ref --sort -committerdate --format %(refname)%00%(objectname)%00%(*objectname) [1ms]
2025-05-27 06:40:21.505 [info] > git status -z -uall [31ms]
2025-05-27 06:40:26.541 [info] > git config --get commit.template [1ms]
2025-05-27 06:40:26.546 [info] > git for-each-ref --format=%(refname)%00%(upstream:short)%00%(objectname)%00%(upstream:track)%00%(upstream:remotename)%00%(upstream:remoteref) refs/heads/main refs/remotes/main [2ms]
2025-05-27 06:40:26.552 [info] > git for-each-ref --sort -committerdate --format %(refname)%00%(objectname)%00%(*objectname) [1ms]
2025-05-27 06:40:26.581 [info] > git status -z -uall [33ms]
2025-05-27 06:40:31.618 [info] > git config --get commit.template [5ms]
2025-05-27 06:40:31.619 [info] > git for-each-ref --format=%(refname)%00%(upstream:short)%00%(objectname)%00%(upstream:track)%00%(upstream:remotename)%00%(upstream:remoteref) refs/heads/main refs/remotes/main [1ms]
2025-05-27 06:40:31.627 [info] > git for-each-ref --sort -committerdate --format %(refname)%00%(objectname)%00%(*objectname) [2ms]
2025-05-27 06:40:31.657 [info] > git status -z -uall [34ms]
2025-05-27 06:40:36.677 [info] > git config --get commit.template [1ms]
2025-05-27 06:40:36.681 [info] > git for-each-ref --format=%(refname)%00%(upstream:short)%00%(objectname)%00%(upstream:track)%00%(upstream:remotename)%00%(upstream:remoteref) refs/heads/main refs/remotes/main [1ms]
2025-05-27 06:40:36.689 [info] > git for-each-ref --sort -committerdate --format %(refname)%00%(objectname)%00%(*objectname) [2ms]
2025-05-27 06:40:36.717 [info] > git status -z -uall [32ms]
2025-05-27 06:40:39.010 [info] > git config --get commit.template [2ms]
2025-05-27 06:40:39.015 [info] > git for-each-ref --format=%(refname)%00%(upstream:short)%00%(objectname)%00%(upstream:track)%00%(upstream:remotename)%00%(upstream:remoteref) refs/heads/main refs/remotes/main [2ms]
2025-05-27 06:40:39.020 [info] > git for-each-ref --sort -committerdate --format %(refname)%00%(objectname)%00%(*objectname) [1ms]
2025-05-27 06:40:39.051 [info] > git status -z -uall [33ms]
