2025-05-27 08:20:58.509 [info] Extension host with pid 22303 started
2025-05-27 08:20:58.584 [info] ExtensionService#_doActivateExtension vscode.emmet, startup: false, activationEvent: 'onLanguage'
2025-05-27 08:20:58.586 [info] ExtensionService#_doActivateExtension vscode.configuration-editing, startup: false, activationEvent: 'onLanguage:json'
2025-05-27 08:20:58.586 [info] ExtensionService#_doActivateExtension vscode.extension-editing, startup: false, activationEvent: 'onLanguage:json'
2025-05-27 08:20:58.586 [info] ExtensionService#_doActivateExtension vscode.json-language-features, startup: false, activationEvent: 'onLanguage:json'
2025-05-27 08:20:58.587 [info] ExtensionService#_doActivateExtension vscode.npm, startup: false, activationEvent: 'onLanguage:json'
2025-05-27 08:20:58.830 [info] Lock '/home/prachighatge/.vscode-server/data/User/workspaceStorage/f9f0e80ace99e668b3e867bcad2b6309/vscode.lock': Lock acquired.
2025-05-27 08:20:59.225 [info] ExtensionService#_doActivateExtension vscode.git-base, startup: true, activationEvent: '*', root cause: vscode.git
2025-05-27 08:20:59.314 [info] ExtensionService#_doActivateExtension vscode.git, startup: true, activationEvent: '*'
2025-05-27 08:20:59.314 [info] ExtensionService#_doActivateExtension vscode.github, startup: true, activationEvent: '*'
2025-05-27 08:20:59.467 [info] Eager extensions activated
2025-05-27 08:20:59.467 [info] ExtensionService#_doActivateExtension vscode.debug-auto-launch, startup: false, activationEvent: 'onStartupFinished'
2025-05-27 08:20:59.468 [info] ExtensionService#_doActivateExtension vscode.merge-conflict, startup: false, activationEvent: 'onStartupFinished'
2025-05-27 08:20:59.733 [warning] [Decorations] CAPPING events from decorations provider vscode.git 1324
2025-05-27 08:20:59.948 [info] ExtensionService#_doActivateExtension vscode.tunnel-forwarding, startup: false, activationEvent: 'onTunnel'
2025-05-27 08:21:00.048 [warning] [Decorations] CAPPING events from decorations provider vscode.git 1324
2025-05-27 08:26:42.712 [warning] [Decorations] CAPPING events from decorations provider vscode.git 1344
2025-05-27 08:26:47.781 [warning] [Decorations] CAPPING events from decorations provider vscode.git 1344
2025-05-27 08:27:17.397 [warning] [Decorations] CAPPING events from decorations provider vscode.git 1344
2025-05-27 08:27:22.459 [warning] [Decorations] CAPPING events from decorations provider vscode.git 1344
2025-05-27 08:27:27.522 [warning] [Decorations] CAPPING events from decorations provider vscode.git 1344
2025-05-27 08:27:32.593 [warning] [Decorations] CAPPING events from decorations provider vscode.git 1344
2025-05-27 08:27:37.657 [warning] [Decorations] CAPPING events from decorations provider vscode.git 1348
2025-05-27 08:27:42.736 [warning] [Decorations] CAPPING events from decorations provider vscode.git 1349
2025-05-27 08:27:47.788 [warning] [Decorations] CAPPING events from decorations provider vscode.git 1348
2025-05-27 08:27:55.538 [warning] [Decorations] CAPPING events from decorations provider vscode.git 1354
2025-05-27 08:28:00.593 [warning] [Decorations] CAPPING events from decorations provider vscode.git 1350
2025-05-27 08:28:05.654 [warning] [Decorations] CAPPING events from decorations provider vscode.git 1350
2025-05-27 08:28:10.721 [warning] [Decorations] CAPPING events from decorations provider vscode.git 1350
2025-05-27 08:28:15.783 [warning] [Decorations] CAPPING events from decorations provider vscode.git 1350
2025-05-27 08:28:20.869 [warning] [Decorations] CAPPING events from decorations provider vscode.git 1350
2025-05-27 08:28:25.936 [warning] [Decorations] CAPPING events from decorations provider vscode.git 1350
2025-05-27 08:29:12.778 [warning] [Decorations] CAPPING events from decorations provider vscode.git 10039
2025-05-27 08:31:39.486 [warning] [Decorations] CAPPING events from decorations provider vscode.git 10038
2025-05-27 08:36:44.063 [info] Extension host terminating: received terminate message from renderer
2025-05-27 08:36:44.063 [info] Lock '/home/prachighatge/.vscode-server/data/User/workspaceStorage/f9f0e80ace99e668b3e867bcad2b6309/vscode.lock': Marking the lockfile as scheduled to be released in 6000 ms.
2025-05-27 08:36:44.115 [info] Extension host with pid 22303 exiting with code 0
