2025-05-27 06:40:50.722 [info] [main] Log level: Info
2025-05-27 06:40:50.722 [info] [main] Validating found git in: "git"
2025-05-27 06:40:50.722 [info] [main] Using git "2.43.0" from "git"
2025-05-27 06:40:50.722 [info] [Model][doInitialScan] Initial repository scan started
2025-05-27 06:40:50.722 [info] > git rev-parse --show-toplevel [4ms]
2025-05-27 06:40:50.722 [info] > git rev-parse --git-dir --git-common-dir [20ms]
2025-05-27 06:40:50.722 [info] [Model][openRepository] Opened repository (path): /home/prachighatge
2025-05-27 06:40:50.722 [info] [Model][openRepository] Opened repository (real path): /home/prachighatge
2025-05-27 06:40:50.722 [info] > git rev-parse --show-toplevel [7ms]
2025-05-27 06:40:50.722 [info] > git config --get commit.template [9ms]
2025-05-27 06:40:50.727 [info] > git for-each-ref --format=%(refname)%00%(upstream:short)%00%(objectname)%00%(upstream:track)%00%(upstream:remotename)%00%(upstream:remoteref) refs/heads/main refs/remotes/main [7ms]
2025-05-27 06:40:50.730 [info] > git rev-parse --show-toplevel [4ms]
2025-05-27 06:40:50.735 [info] > git rev-parse --show-toplevel [3ms]
2025-05-27 06:40:50.752 [info] > git rev-parse --show-toplevel [2ms]
2025-05-27 06:40:50.752 [info] > git for-each-ref --sort -committerdate --format %(refname)%00%(objectname)%00%(*objectname) [6ms]
2025-05-27 06:40:50.757 [info] > git rev-parse --show-toplevel [0ms]
2025-05-27 06:40:50.770 [info] > git rev-parse --show-toplevel [10ms]
2025-05-27 06:40:50.778 [info] > git rev-parse --show-toplevel [3ms]
2025-05-27 06:40:50.782 [info] > git rev-parse --show-toplevel [1ms]
2025-05-27 06:40:50.788 [info] > git rev-parse --show-toplevel [1ms]
2025-05-27 06:40:50.794 [info] > git status -z -uall [55ms]
2025-05-27 06:40:50.794 [info] > git rev-parse --show-toplevel [2ms]
2025-05-27 06:40:50.797 [info] [Model][doInitialScan] Initial repository scan completed - repositories (1), closed repositories (0), parent repositories (0), unsafe repositories (0)
2025-05-27 06:40:50.835 [info] > git for-each-ref --format=%(refname)%00%(upstream:short)%00%(objectname)%00%(upstream:track)%00%(upstream:remotename)%00%(upstream:remoteref) refs/heads/main refs/remotes/main [22ms]
2025-05-27 06:40:50.843 [info] > git config --get commit.template [16ms]
2025-05-27 06:40:50.844 [info] > git config --get --local branch.main.vscode-merge-base [5ms]
2025-05-27 06:40:50.844 [warning] [Git][config] git config failed: Failed to execute git
2025-05-27 06:40:50.851 [info] > git reflog main --grep-reflog=branch: Created from *. [4ms]
2025-05-27 06:40:50.854 [info] > git for-each-ref --format=%(refname)%00%(upstream:short)%00%(objectname)%00%(upstream:track)%00%(upstream:remotename)%00%(upstream:remoteref) refs/heads/main refs/remotes/main [4ms]
2025-05-27 06:40:50.863 [info] > git symbolic-ref --short refs/remotes/origin/HEAD [10ms]
2025-05-27 06:40:50.863 [info] fatal: ref refs/remotes/origin/HEAD is not a symbolic ref
2025-05-27 06:40:50.863 [warning] [Repository][getDefaultBranch] Failed to get default branch details: Failed to execute git.
2025-05-27 06:40:50.891 [info] > git for-each-ref --sort -committerdate --format %(refname)%00%(objectname)%00%(*objectname) [29ms]
2025-05-27 06:40:50.893 [info] > git merge-base refs/heads/main refs/remotes/origin/main [24ms]
2025-05-27 06:40:50.898 [info] > git diff --name-status -z --diff-filter=ADMR 49cb96c81068dc66c4812a909f4abf82163e77f3...refs/remotes/origin/main [2ms]
2025-05-27 06:40:50.905 [info] > git status -z -uall [47ms]
2025-05-27 06:40:51.223 [info] > git check-ignore -v -z --stdin [9ms]
2025-05-27 06:40:51.288 [info] > git show --textconv :my-first-app/package.json [3ms]
2025-05-27 06:40:51.291 [info] > git ls-files --stage -- my-first-app/package.json [3ms]
2025-05-27 06:40:51.294 [info] > git cat-file -s 1f72d5d366b06d1de4a0b2d2410bd886d170653e [1ms]
2025-05-27 06:40:51.363 [info] > git blame --root --incremental 49cb96c81068dc66c4812a909f4abf82163e77f3 -- my-first-app/package.json [1ms]
2025-05-27 06:40:58.066 [info] > git config --get commit.template [2ms]
2025-05-27 06:40:58.072 [info] > git for-each-ref --format=%(refname)%00%(upstream:short)%00%(objectname)%00%(upstream:track)%00%(upstream:remotename)%00%(upstream:remoteref) refs/heads/main refs/remotes/main [1ms]
2025-05-27 06:40:58.084 [info] > git for-each-ref --sort -committerdate --format %(refname)%00%(objectname)%00%(*objectname) [2ms]
2025-05-27 06:40:58.118 [info] > git status -z -uall [41ms]
2025-05-27 06:41:05.199 [info] > git config --get commit.template [2ms]
2025-05-27 06:41:05.203 [info] > git for-each-ref --format=%(refname)%00%(upstream:short)%00%(objectname)%00%(upstream:track)%00%(upstream:remotename)%00%(upstream:remoteref) refs/heads/main refs/remotes/main [1ms]
2025-05-27 06:41:05.216 [info] > git for-each-ref --sort -committerdate --format %(refname)%00%(objectname)%00%(*objectname) [1ms]
2025-05-27 06:41:05.262 [info] > git status -z -uall [53ms]
2025-05-27 06:41:10.272 [info] > git config --get commit.template [1ms]
2025-05-27 06:41:10.276 [info] > git for-each-ref --format=%(refname)%00%(upstream:short)%00%(objectname)%00%(upstream:track)%00%(upstream:remotename)%00%(upstream:remoteref) refs/heads/main refs/remotes/main [1ms]
2025-05-27 06:41:10.283 [info] > git for-each-ref --sort -committerdate --format %(refname)%00%(objectname)%00%(*objectname) [2ms]
2025-05-27 06:41:10.319 [info] > git status -z -uall [40ms]
2025-05-27 06:42:54.660 [info] > git config --get commit.template [548ms]
2025-05-27 06:42:54.665 [info] > git for-each-ref --format=%(refname)%00%(upstream:short)%00%(objectname)%00%(upstream:track)%00%(upstream:remotename)%00%(upstream:remoteref) refs/heads/main refs/remotes/main [547ms]
2025-05-27 06:42:54.676 [info] > git for-each-ref --sort -committerdate --format %(refname)%00%(objectname)%00%(*objectname) [3ms]
2025-05-27 06:42:52.450 [info] > git status -z -uall [-2219ms]
2025-05-27 06:42:56.834 [info] > git ls-files --stage -- my-first-app/package.json [6ms]
2025-05-27 06:42:56.838 [info] > git cat-file -s 1f72d5d366b06d1de4a0b2d2410bd886d170653e [1ms]
2025-05-27 06:42:56.848 [info] > git show --textconv :my-first-app/package.json [3ms]
2025-05-27 06:42:57.472 [info] > git config --get commit.template [3ms]
2025-05-27 06:42:57.474 [info] > git for-each-ref --format=%(refname)%00%(upstream:short)%00%(objectname)%00%(upstream:track)%00%(upstream:remotename)%00%(upstream:remoteref) refs/heads/main refs/remotes/main [2ms]
2025-05-27 06:42:57.479 [info] > git for-each-ref --sort -committerdate --format %(refname)%00%(objectname)%00%(*objectname) [1ms]
2025-05-27 06:42:57.515 [info] > git status -z -uall [39ms]
2025-05-27 06:43:02.582 [info] > git config --get commit.template [4ms]
2025-05-27 06:43:02.583 [info] > git for-each-ref --format=%(refname)%00%(upstream:short)%00%(objectname)%00%(upstream:track)%00%(upstream:remotename)%00%(upstream:remoteref) refs/heads/main refs/remotes/main [2ms]
2025-05-27 06:43:02.589 [info] > git for-each-ref --sort -committerdate --format %(refname)%00%(objectname)%00%(*objectname) [1ms]
2025-05-27 06:43:02.620 [info] > git status -z -uall [34ms]
2025-05-27 06:43:07.641 [info] > git config --get commit.template [1ms]
2025-05-27 06:43:07.649 [info] > git for-each-ref --format=%(refname)%00%(upstream:short)%00%(objectname)%00%(upstream:track)%00%(upstream:remotename)%00%(upstream:remoteref) refs/heads/main refs/remotes/main [3ms]
2025-05-27 06:43:07.655 [info] > git for-each-ref --sort -committerdate --format %(refname)%00%(objectname)%00%(*objectname) [1ms]
2025-05-27 06:43:07.696 [info] > git status -z -uall [44ms]
2025-05-27 06:43:50.228 [info] > git config --get commit.template [1ms]
2025-05-27 06:43:50.231 [info] > git for-each-ref --format=%(refname)%00%(upstream:short)%00%(objectname)%00%(upstream:track)%00%(upstream:remotename)%00%(upstream:remoteref) refs/heads/main refs/remotes/main [1ms]
2025-05-27 06:43:50.241 [info] > git for-each-ref --sort -committerdate --format %(refname)%00%(objectname)%00%(*objectname) [3ms]
2025-05-27 06:43:50.277 [info] > git status -z -uall [43ms]
2025-05-27 06:44:43.972 [info] > git config --get commit.template [1ms]
2025-05-27 06:44:43.977 [info] > git for-each-ref --format=%(refname)%00%(upstream:short)%00%(objectname)%00%(upstream:track)%00%(upstream:remotename)%00%(upstream:remoteref) refs/heads/main refs/remotes/main [2ms]
2025-05-27 06:44:43.990 [info] > git for-each-ref --sort -committerdate --format %(refname)%00%(objectname)%00%(*objectname) [2ms]
2025-05-27 06:44:44.026 [info] > git status -z -uall [44ms]
2025-05-27 06:44:45.769 [info] > git config --get commit.template [4ms]
2025-05-27 06:44:45.771 [info] > git for-each-ref --format=%(refname)%00%(upstream:short)%00%(objectname)%00%(upstream:track)%00%(upstream:remotename)%00%(upstream:remoteref) refs/heads/main refs/remotes/main [3ms]
2025-05-27 06:44:45.782 [info] > git for-each-ref --sort -committerdate --format %(refname)%00%(objectname)%00%(*objectname) [1ms]
2025-05-27 06:44:45.820 [info] > git status -z -uall [44ms]
2025-05-27 06:44:50.834 [info] > git config --get commit.template [1ms]
2025-05-27 06:44:50.838 [info] > git for-each-ref --format=%(refname)%00%(upstream:short)%00%(objectname)%00%(upstream:track)%00%(upstream:remotename)%00%(upstream:remoteref) refs/heads/main refs/remotes/main [2ms]
2025-05-27 06:44:50.843 [info] > git for-each-ref --sort -committerdate --format %(refname)%00%(objectname)%00%(*objectname) [1ms]
2025-05-27 06:44:50.877 [info] > git status -z -uall [35ms]
2025-05-27 06:44:55.883 [info] > git config --get commit.template [3ms]
2025-05-27 06:44:55.883 [info] > git for-each-ref --format=%(refname)%00%(upstream:short)%00%(objectname)%00%(upstream:track)%00%(upstream:remotename)%00%(upstream:remoteref) refs/heads/main refs/remotes/main [1ms]
2025-05-27 06:44:55.888 [info] > git for-each-ref --sort -committerdate --format %(refname)%00%(objectname)%00%(*objectname) [1ms]
2025-05-27 06:44:55.922 [info] > git status -z -uall [36ms]
2025-05-27 06:45:00.933 [info] > git config --get commit.template [3ms]
2025-05-27 06:45:00.934 [info] > git for-each-ref --format=%(refname)%00%(upstream:short)%00%(objectname)%00%(upstream:track)%00%(upstream:remotename)%00%(upstream:remoteref) refs/heads/main refs/remotes/main [1ms]
2025-05-27 06:45:00.940 [info] > git for-each-ref --sort -committerdate --format %(refname)%00%(objectname)%00%(*objectname) [2ms]
2025-05-27 06:45:00.971 [info] > git status -z -uall [34ms]
2025-05-27 06:45:05.982 [info] > git config --get commit.template [1ms]
2025-05-27 06:45:05.986 [info] > git for-each-ref --format=%(refname)%00%(upstream:short)%00%(objectname)%00%(upstream:track)%00%(upstream:remotename)%00%(upstream:remoteref) refs/heads/main refs/remotes/main [1ms]
2025-05-27 06:45:05.992 [info] > git for-each-ref --sort -committerdate --format %(refname)%00%(objectname)%00%(*objectname) [1ms]
2025-05-27 06:45:06.024 [info] > git status -z -uall [35ms]
2025-05-27 06:45:08.324 [info] > git config --get commit.template [1ms]
2025-05-27 06:45:08.328 [info] > git for-each-ref --format=%(refname)%00%(upstream:short)%00%(objectname)%00%(upstream:track)%00%(upstream:remotename)%00%(upstream:remoteref) refs/heads/main refs/remotes/main [0ms]
2025-05-27 06:45:08.335 [info] > git for-each-ref --sort -committerdate --format %(refname)%00%(objectname)%00%(*objectname) [2ms]
2025-05-27 06:45:08.375 [info] > git status -z -uall [44ms]
2025-05-27 06:45:09.654 [info] > git ls-files --stage -- my-first-app/package.json [4ms]
2025-05-27 06:45:09.657 [info] > git cat-file -s 1f72d5d366b06d1de4a0b2d2410bd886d170653e [1ms]
2025-05-27 06:45:09.665 [info] > git show --textconv :my-first-app/package.json [3ms]
2025-05-27 06:45:13.429 [info] > git config --get commit.template [1ms]
2025-05-27 06:45:13.435 [info] [Git][getRemotes] No remotes found in the git config file
2025-05-27 06:45:13.435 [info] > git for-each-ref --format=%(refname)%00%(upstream:short)%00%(objectname)%00%(upstream:track)%00%(upstream:remotename)%00%(upstream:remoteref) refs/heads/main refs/remotes/main [0ms]
2025-05-27 06:45:13.440 [info] > git for-each-ref --sort -committerdate --format %(refname)%00%(objectname)%00%(*objectname) [1ms]
2025-05-27 06:45:13.476 [info] > git status -z -uall [39ms]
2025-05-27 06:45:18.494 [info] > git config --get commit.template [2ms]
2025-05-27 06:45:18.497 [info] [Git][getRemotes] No remotes found in the git config file
2025-05-27 06:45:18.498 [info] > git for-each-ref --format=%(refname)%00%(upstream:short)%00%(objectname)%00%(upstream:track)%00%(upstream:remotename)%00%(upstream:remoteref) refs/heads/main refs/remotes/main [1ms]
2025-05-27 06:45:18.506 [info] > git for-each-ref --sort -committerdate --format %(refname)%00%(objectname)%00%(*objectname) [3ms]
2025-05-27 06:45:18.540 [info] > git status -z -uall [39ms]
2025-05-27 06:45:23.568 [info] > git config --get commit.template [3ms]
2025-05-27 06:45:23.568 [info] [Git][getRemotes] No remotes found in the git config file
2025-05-27 06:45:23.572 [info] > git for-each-ref --format=%(refname)%00%(upstream:short)%00%(objectname)%00%(upstream:track)%00%(upstream:remotename)%00%(upstream:remoteref) refs/heads/main refs/remotes/main [1ms]
2025-05-27 06:45:23.577 [info] > git for-each-ref --sort -committerdate --format %(refname)%00%(objectname)%00%(*objectname) [1ms]
2025-05-27 06:45:23.608 [info] > git status -z -uall [34ms]
2025-05-27 06:45:28.659 [info] [Git][getRemotes] No remotes found in the git config file
2025-05-27 06:45:28.659 [info] > git config --get commit.template [4ms]
2025-05-27 06:45:28.661 [info] > git for-each-ref --format=%(refname)%00%(upstream:short)%00%(objectname)%00%(upstream:track)%00%(upstream:remotename)%00%(upstream:remoteref) refs/heads/main refs/remotes/main [2ms]
2025-05-27 06:45:28.668 [info] > git for-each-ref --sort -committerdate --format %(refname)%00%(objectname)%00%(*objectname) [2ms]
2025-05-27 06:45:28.700 [info] > git status -z -uall [36ms]
2025-05-27 06:45:33.751 [info] > git config --get commit.template [2ms]
2025-05-27 06:45:33.751 [info] [Git][getRemotes] No remotes found in the git config file
2025-05-27 06:45:33.758 [info] > git for-each-ref --format=%(refname)%00%(upstream:short)%00%(objectname)%00%(upstream:track)%00%(upstream:remotename)%00%(upstream:remoteref) refs/heads/main refs/remotes/main [1ms]
2025-05-27 06:45:33.762 [info] > git for-each-ref --sort -committerdate --format %(refname)%00%(objectname)%00%(*objectname) [1ms]
2025-05-27 06:45:33.795 [info] > git status -z -uall [36ms]
2025-05-27 06:46:57.377 [info] [Git][getRemotes] No remotes found in the git config file
2025-05-27 06:46:57.378 [info] > git config --get commit.template [4ms]
2025-05-27 06:46:57.379 [info] > git for-each-ref --format=%(refname)%00%(upstream:short)%00%(objectname)%00%(upstream:track)%00%(upstream:remotename)%00%(upstream:remoteref) refs/heads/main refs/remotes/main [2ms]
2025-05-27 06:46:57.385 [info] > git for-each-ref --sort -committerdate --format %(refname)%00%(objectname)%00%(*objectname) [2ms]
2025-05-27 06:46:57.427 [info] > git status -z -uall [46ms]
2025-05-27 06:47:03.695 [info] [Git][getRemotes] No remotes found in the git config file
2025-05-27 06:47:03.696 [info] > git config --get commit.template [6ms]
2025-05-27 06:47:03.696 [info] > git for-each-ref --format=%(refname)%00%(upstream:short)%00%(objectname)%00%(upstream:track)%00%(upstream:remotename)%00%(upstream:remoteref) refs/heads/main refs/remotes/main [2ms]
2025-05-27 06:47:03.706 [info] > git for-each-ref --sort -committerdate --format %(refname)%00%(objectname)%00%(*objectname) [4ms]
2025-05-27 06:47:03.743 [info] > git status -z -uall [44ms]
2025-05-27 06:47:06.519 [info] > git ls-files --stage -- my-first-app/package.json [3ms]
2025-05-27 06:47:06.521 [info] > git cat-file -s 1f72d5d366b06d1de4a0b2d2410bd886d170653e [0ms]
2025-05-27 06:47:06.532 [info] > git show --textconv :my-first-app/package.json [3ms]
2025-05-27 06:47:08.762 [info] > git config --get commit.template [1ms]
2025-05-27 06:47:08.767 [info] > git for-each-ref --format=%(refname)%00%(upstream:short)%00%(objectname)%00%(upstream:track)%00%(upstream:remotename)%00%(upstream:remoteref) refs/heads/main refs/remotes/main [2ms]
2025-05-27 06:47:08.773 [info] > git for-each-ref --sort -committerdate --format %(refname)%00%(objectname)%00%(*objectname) [1ms]
2025-05-27 06:47:08.804 [info] > git status -z -uall [35ms]
2025-05-27 06:47:13.839 [info] > git config --get commit.template [6ms]
2025-05-27 06:47:13.839 [info] > git for-each-ref --format=%(refname)%00%(upstream:short)%00%(objectname)%00%(upstream:track)%00%(upstream:remotename)%00%(upstream:remoteref) refs/heads/main refs/remotes/main [1ms]
2025-05-27 06:47:13.845 [info] > git for-each-ref --sort -committerdate --format %(refname)%00%(objectname)%00%(*objectname) [2ms]
2025-05-27 06:47:13.876 [info] > git status -z -uall [35ms]
2025-05-27 06:47:18.887 [info] > git config --get commit.template [3ms]
2025-05-27 06:47:18.888 [info] > git for-each-ref --format=%(refname)%00%(upstream:short)%00%(objectname)%00%(upstream:track)%00%(upstream:remotename)%00%(upstream:remoteref) refs/heads/main refs/remotes/main [0ms]
2025-05-27 06:47:18.892 [info] > git for-each-ref --sort -committerdate --format %(refname)%00%(objectname)%00%(*objectname) [1ms]
2025-05-27 06:47:18.925 [info] > git status -z -uall [36ms]
2025-05-27 06:47:23.948 [info] > git config --get commit.template [3ms]
2025-05-27 06:47:23.949 [info] > git for-each-ref --format=%(refname)%00%(upstream:short)%00%(objectname)%00%(upstream:track)%00%(upstream:remotename)%00%(upstream:remoteref) refs/heads/main refs/remotes/main [2ms]
2025-05-27 06:47:23.955 [info] > git for-each-ref --sort -committerdate --format %(refname)%00%(objectname)%00%(*objectname) [1ms]
2025-05-27 06:47:23.987 [info] > git status -z -uall [35ms]
2025-05-27 06:47:29.558 [info] > git config --get commit.template [1ms]
2025-05-27 06:47:29.563 [info] > git for-each-ref --format=%(refname)%00%(upstream:short)%00%(objectname)%00%(upstream:track)%00%(upstream:remotename)%00%(upstream:remoteref) refs/heads/main refs/remotes/main [1ms]
2025-05-27 06:47:29.570 [info] > git for-each-ref --sort -committerdate --format %(refname)%00%(objectname)%00%(*objectname) [2ms]
2025-05-27 06:47:29.601 [info] > git status -z -uall [36ms]
2025-05-27 06:47:34.612 [info] > git config --get commit.template [3ms]
2025-05-27 06:47:34.612 [info] > git for-each-ref --format=%(refname)%00%(upstream:short)%00%(objectname)%00%(upstream:track)%00%(upstream:remotename)%00%(upstream:remoteref) refs/heads/main refs/remotes/main [1ms]
2025-05-27 06:47:34.618 [info] > git for-each-ref --sort -committerdate --format %(refname)%00%(objectname)%00%(*objectname) [1ms]
2025-05-27 06:47:34.648 [info] > git status -z -uall [33ms]
2025-05-27 06:47:39.663 [info] > git config --get commit.template [4ms]
2025-05-27 06:47:39.663 [info] > git for-each-ref --format=%(refname)%00%(upstream:short)%00%(objectname)%00%(upstream:track)%00%(upstream:remotename)%00%(upstream:remoteref) refs/heads/main refs/remotes/main [1ms]
2025-05-27 06:47:39.668 [info] > git for-each-ref --sort -committerdate --format %(refname)%00%(objectname)%00%(*objectname) [1ms]
2025-05-27 06:47:39.702 [info] > git status -z -uall [37ms]
2025-05-27 06:47:44.727 [info] > git config --get commit.template [5ms]
2025-05-27 06:47:44.728 [info] > git for-each-ref --format=%(refname)%00%(upstream:short)%00%(objectname)%00%(upstream:track)%00%(upstream:remotename)%00%(upstream:remoteref) refs/heads/main refs/remotes/main [1ms]
2025-05-27 06:47:44.733 [info] > git for-each-ref --sort -committerdate --format %(refname)%00%(objectname)%00%(*objectname) [1ms]
2025-05-27 06:47:44.766 [info] > git status -z -uall [36ms]
2025-05-27 06:47:49.776 [info] > git config --get commit.template [1ms]
2025-05-27 06:47:49.779 [info] > git for-each-ref --format=%(refname)%00%(upstream:short)%00%(objectname)%00%(upstream:track)%00%(upstream:remotename)%00%(upstream:remoteref) refs/heads/main refs/remotes/main [1ms]
2025-05-27 06:47:49.783 [info] > git for-each-ref --sort -committerdate --format %(refname)%00%(objectname)%00%(*objectname) [1ms]
2025-05-27 06:47:49.816 [info] > git status -z -uall [36ms]
2025-05-27 06:47:54.841 [info] > git config --get commit.template [4ms]
2025-05-27 06:47:54.842 [info] > git for-each-ref --format=%(refname)%00%(upstream:short)%00%(objectname)%00%(upstream:track)%00%(upstream:remotename)%00%(upstream:remoteref) refs/heads/main refs/remotes/main [1ms]
2025-05-27 06:47:54.847 [info] > git for-each-ref --sort -committerdate --format %(refname)%00%(objectname)%00%(*objectname) [1ms]
2025-05-27 06:47:54.881 [info] > git status -z -uall [37ms]
2025-05-27 06:47:57.192 [info] > git config --get commit.template [3ms]
2025-05-27 06:47:57.193 [info] > git for-each-ref --format=%(refname)%00%(upstream:short)%00%(objectname)%00%(upstream:track)%00%(upstream:remotename)%00%(upstream:remoteref) refs/heads/main refs/remotes/main [1ms]
2025-05-27 06:47:57.198 [info] > git for-each-ref --sort -committerdate --format %(refname)%00%(objectname)%00%(*objectname) [1ms]
2025-05-27 06:47:57.230 [info] > git status -z -uall [35ms]
2025-05-27 06:48:02.238 [info] > git config --get commit.template [1ms]
2025-05-27 06:48:02.245 [info] > git for-each-ref --format=%(refname)%00%(upstream:short)%00%(objectname)%00%(upstream:track)%00%(upstream:remotename)%00%(upstream:remoteref) refs/heads/main refs/remotes/main [2ms]
2025-05-27 06:48:02.253 [info] > git for-each-ref --sort -committerdate --format %(refname)%00%(objectname)%00%(*objectname) [2ms]
2025-05-27 06:48:02.280 [info] > git status -z -uall [33ms]
2025-05-27 06:48:07.287 [info] > git config --get commit.template [2ms]
2025-05-27 06:48:07.287 [info] > git for-each-ref --format=%(refname)%00%(upstream:short)%00%(objectname)%00%(upstream:track)%00%(upstream:remotename)%00%(upstream:remoteref) refs/heads/main refs/remotes/main [0ms]
2025-05-27 06:48:07.291 [info] > git for-each-ref --sort -committerdate --format %(refname)%00%(objectname)%00%(*objectname) [1ms]
2025-05-27 06:48:07.318 [info] > git status -z -uall [29ms]
2025-05-27 06:48:12.328 [info] > git config --get commit.template [1ms]
2025-05-27 06:48:12.331 [info] > git for-each-ref --format=%(refname)%00%(upstream:short)%00%(objectname)%00%(upstream:track)%00%(upstream:remotename)%00%(upstream:remoteref) refs/heads/main refs/remotes/main [1ms]
2025-05-27 06:48:12.335 [info] > git for-each-ref --sort -committerdate --format %(refname)%00%(objectname)%00%(*objectname) [1ms]
2025-05-27 06:48:12.364 [info] > git status -z -uall [32ms]
2025-05-27 06:48:17.373 [info] > git config --get commit.template [1ms]
2025-05-27 06:48:17.376 [info] > git for-each-ref --format=%(refname)%00%(upstream:short)%00%(objectname)%00%(upstream:track)%00%(upstream:remotename)%00%(upstream:remoteref) refs/heads/main refs/remotes/main [0ms]
2025-05-27 06:48:17.381 [info] > git for-each-ref --sort -committerdate --format %(refname)%00%(objectname)%00%(*objectname) [1ms]
2025-05-27 06:48:17.408 [info] > git status -z -uall [30ms]
2025-05-27 06:48:22.450 [info] > git config --get commit.template [5ms]
2025-05-27 06:48:22.450 [info] > git for-each-ref --format=%(refname)%00%(upstream:short)%00%(objectname)%00%(upstream:track)%00%(upstream:remotename)%00%(upstream:remoteref) refs/heads/main refs/remotes/main [1ms]
2025-05-27 06:48:22.455 [info] > git for-each-ref --sort -committerdate --format %(refname)%00%(objectname)%00%(*objectname) [1ms]
2025-05-27 06:48:22.485 [info] > git status -z -uall [33ms]
2025-05-27 06:48:27.067 [info] > git config --get commit.template [5ms]
2025-05-27 06:48:27.067 [info] > git for-each-ref --format=%(refname)%00%(upstream:short)%00%(objectname)%00%(upstream:track)%00%(upstream:remotename)%00%(upstream:remoteref) refs/heads/main refs/remotes/main [2ms]
2025-05-27 06:48:27.071 [info] > git for-each-ref --sort -committerdate --format %(refname)%00%(objectname)%00%(*objectname) [0ms]
2025-05-27 06:48:27.102 [info] > git status -z -uall [33ms]
2025-05-27 06:48:32.133 [info] > git config --get commit.template [1ms]
2025-05-27 06:48:32.136 [info] > git for-each-ref --format=%(refname)%00%(upstream:short)%00%(objectname)%00%(upstream:track)%00%(upstream:remotename)%00%(upstream:remoteref) refs/heads/main refs/remotes/main [1ms]
2025-05-27 06:48:32.141 [info] > git for-each-ref --sort -committerdate --format %(refname)%00%(objectname)%00%(*objectname) [2ms]
2025-05-27 06:48:32.171 [info] > git status -z -uall [33ms]
2025-05-27 06:48:37.181 [info] > git config --get commit.template [3ms]
2025-05-27 06:48:37.181 [info] > git for-each-ref --format=%(refname)%00%(upstream:short)%00%(objectname)%00%(upstream:track)%00%(upstream:remotename)%00%(upstream:remoteref) refs/heads/main refs/remotes/main [1ms]
2025-05-27 06:48:37.187 [info] > git for-each-ref --sort -committerdate --format %(refname)%00%(objectname)%00%(*objectname) [2ms]
2025-05-27 06:48:37.220 [info] > git status -z -uall [37ms]
2025-05-27 06:48:42.234 [info] > git config --get commit.template [3ms]
2025-05-27 06:48:42.235 [info] > git for-each-ref --format=%(refname)%00%(upstream:short)%00%(objectname)%00%(upstream:track)%00%(upstream:remotename)%00%(upstream:remoteref) refs/heads/main refs/remotes/main [1ms]
2025-05-27 06:48:42.241 [info] > git for-each-ref --sort -committerdate --format %(refname)%00%(objectname)%00%(*objectname) [1ms]
2025-05-27 06:48:42.273 [info] > git status -z -uall [36ms]
2025-05-27 06:50:46.625 [info] > git config --get commit.template [9ms]
2025-05-27 06:50:46.626 [info] > git for-each-ref --format=%(refname)%00%(upstream:short)%00%(objectname)%00%(upstream:track)%00%(upstream:remotename)%00%(upstream:remoteref) refs/heads/main refs/remotes/main [7ms]
2025-05-27 06:50:46.634 [info] > git ls-files --stage -- my-first-app/package.json [9ms]
2025-05-27 06:50:46.639 [info] > git for-each-ref --sort -committerdate --format %(refname)%00%(objectname)%00%(*objectname) [6ms]
2025-05-27 06:50:46.640 [info] > git cat-file -s 1f72d5d366b06d1de4a0b2d2410bd886d170653e [2ms]
2025-05-27 06:50:46.706 [info] > git show --textconv :my-first-app/package.json [3ms]
2025-05-27 06:50:47.662 [info] > git status -z -uall [1032ms]
2025-05-27 06:50:47.668 [info] > git merge-base refs/heads/main refs/remotes/origin/main [1ms]
2025-05-27 06:50:47.672 [info] > git diff --name-status -z --diff-filter=ADMR 49cb96c81068dc66c4812a909f4abf82163e77f3...refs/remotes/origin/main [1ms]
2025-05-27 06:50:49.954 [info] > git config --get commit.template [3ms]
2025-05-27 06:50:49.954 [info] > git for-each-ref --format=%(refname)%00%(upstream:short)%00%(objectname)%00%(upstream:track)%00%(upstream:remotename)%00%(upstream:remoteref) refs/heads/main refs/remotes/main [1ms]
2025-05-27 06:50:49.960 [info] > git for-each-ref --sort -committerdate --format %(refname)%00%(objectname)%00%(*objectname) [1ms]
2025-05-27 06:50:49.990 [info] > git status -z -uall [33ms]
2025-05-27 06:50:51.576 [info] > git config --get commit.template [3ms]
2025-05-27 06:50:51.576 [info] > git for-each-ref --format=%(refname)%00%(upstream:short)%00%(objectname)%00%(upstream:track)%00%(upstream:remotename)%00%(upstream:remoteref) refs/heads/main refs/remotes/main [1ms]
2025-05-27 06:50:51.583 [info] > git for-each-ref --sort -committerdate --format %(refname)%00%(objectname)%00%(*objectname) [1ms]
2025-05-27 06:50:51.618 [info] > git status -z -uall [39ms]
2025-05-27 06:50:52.907 [info] > git ls-files --stage -- my-first-app/package.json [3ms]
2025-05-27 06:50:52.910 [info] > git cat-file -s 1f72d5d366b06d1de4a0b2d2410bd886d170653e [1ms]
2025-05-27 06:50:52.919 [info] > git show --textconv :my-first-app/package.json [3ms]
2025-05-27 06:50:55.039 [info] > git config --get commit.template [4ms]
2025-05-27 06:50:55.040 [info] > git for-each-ref --format=%(refname)%00%(upstream:short)%00%(objectname)%00%(upstream:track)%00%(upstream:remotename)%00%(upstream:remoteref) refs/heads/main refs/remotes/main [2ms]
2025-05-27 06:50:55.046 [info] > git for-each-ref --sort -committerdate --format %(refname)%00%(objectname)%00%(*objectname) [1ms]
2025-05-27 06:50:55.075 [info] > git status -z -uall [32ms]
2025-05-27 06:51:00.106 [info] > git config --get commit.template [5ms]
2025-05-27 06:51:00.107 [info] > git for-each-ref --format=%(refname)%00%(upstream:short)%00%(objectname)%00%(upstream:track)%00%(upstream:remotename)%00%(upstream:remoteref) refs/heads/main refs/remotes/main [2ms]
2025-05-27 06:51:00.114 [info] > git for-each-ref --sort -committerdate --format %(refname)%00%(objectname)%00%(*objectname) [2ms]
2025-05-27 06:51:00.146 [info] > git status -z -uall [36ms]
2025-05-27 06:51:05.217 [info] > git config --get commit.template [6ms]
2025-05-27 06:51:05.218 [info] > git for-each-ref --format=%(refname)%00%(upstream:short)%00%(objectname)%00%(upstream:track)%00%(upstream:remotename)%00%(upstream:remoteref) refs/heads/main refs/remotes/main [1ms]
2025-05-27 06:51:05.227 [info] > git for-each-ref --sort -committerdate --format %(refname)%00%(objectname)%00%(*objectname) [2ms]
2025-05-27 06:51:05.254 [info] > git status -z -uall [31ms]
2025-05-27 06:51:10.263 [info] > git config --get commit.template [2ms]
2025-05-27 06:51:10.263 [info] > git for-each-ref --format=%(refname)%00%(upstream:short)%00%(objectname)%00%(upstream:track)%00%(upstream:remotename)%00%(upstream:remoteref) refs/heads/main refs/remotes/main [1ms]
2025-05-27 06:51:10.269 [info] > git for-each-ref --sort -committerdate --format %(refname)%00%(objectname)%00%(*objectname) [2ms]
2025-05-27 06:51:10.299 [info] > git status -z -uall [34ms]
2025-05-27 06:51:12.591 [info] > git config --get commit.template [2ms]
2025-05-27 06:51:12.595 [info] > git for-each-ref --format=%(refname)%00%(upstream:short)%00%(objectname)%00%(upstream:track)%00%(upstream:remotename)%00%(upstream:remoteref) refs/heads/main refs/remotes/main [1ms]
2025-05-27 06:51:12.601 [info] > git for-each-ref --sort -committerdate --format %(refname)%00%(objectname)%00%(*objectname) [1ms]
2025-05-27 06:51:12.630 [info] > git status -z -uall [32ms]
2025-05-27 06:51:17.652 [info] > git config --get commit.template [4ms]
2025-05-27 06:51:17.653 [info] > git for-each-ref --format=%(refname)%00%(upstream:short)%00%(objectname)%00%(upstream:track)%00%(upstream:remotename)%00%(upstream:remoteref) refs/heads/main refs/remotes/main [1ms]
2025-05-27 06:51:17.662 [info] > git for-each-ref --sort -committerdate --format %(refname)%00%(objectname)%00%(*objectname) [2ms]
2025-05-27 06:51:17.697 [info] > git status -z -uall [39ms]
2025-05-27 06:51:22.710 [info] > git config --get commit.template [1ms]
2025-05-27 06:51:22.716 [info] > git for-each-ref --format=%(refname)%00%(upstream:short)%00%(objectname)%00%(upstream:track)%00%(upstream:remotename)%00%(upstream:remoteref) refs/heads/main refs/remotes/main [2ms]
2025-05-27 06:51:22.724 [info] > git for-each-ref --sort -committerdate --format %(refname)%00%(objectname)%00%(*objectname) [1ms]
2025-05-27 06:51:22.754 [info] > git status -z -uall [34ms]
2025-05-27 06:51:27.775 [info] > git config --get commit.template [2ms]
2025-05-27 06:51:27.780 [info] > git for-each-ref --format=%(refname)%00%(upstream:short)%00%(objectname)%00%(upstream:track)%00%(upstream:remotename)%00%(upstream:remoteref) refs/heads/main refs/remotes/main [1ms]
2025-05-27 06:51:27.787 [info] > git for-each-ref --sort -committerdate --format %(refname)%00%(objectname)%00%(*objectname) [2ms]
2025-05-27 06:51:27.819 [info] > git status -z -uall [34ms]
2025-05-27 06:51:32.832 [info] > git config --get commit.template [5ms]
2025-05-27 06:51:32.833 [info] > git for-each-ref --format=%(refname)%00%(upstream:short)%00%(objectname)%00%(upstream:track)%00%(upstream:remotename)%00%(upstream:remoteref) refs/heads/main refs/remotes/main [2ms]
2025-05-27 06:51:32.843 [info] > git for-each-ref --sort -committerdate --format %(refname)%00%(objectname)%00%(*objectname) [2ms]
2025-05-27 06:51:32.872 [info] > git status -z -uall [33ms]
2025-05-27 06:51:37.887 [info] > git config --get commit.template [3ms]
2025-05-27 06:51:37.888 [info] > git for-each-ref --format=%(refname)%00%(upstream:short)%00%(objectname)%00%(upstream:track)%00%(upstream:remotename)%00%(upstream:remoteref) refs/heads/main refs/remotes/main [1ms]
2025-05-27 06:51:37.896 [info] > git for-each-ref --sort -committerdate --format %(refname)%00%(objectname)%00%(*objectname) [1ms]
2025-05-27 06:51:37.927 [info] > git status -z -uall [34ms]
2025-05-27 06:51:40.219 [info] > git config --get commit.template [5ms]
2025-05-27 06:51:40.220 [info] > git for-each-ref --format=%(refname)%00%(upstream:short)%00%(objectname)%00%(upstream:track)%00%(upstream:remotename)%00%(upstream:remoteref) refs/heads/main refs/remotes/main [2ms]
2025-05-27 06:51:40.226 [info] > git for-each-ref --sort -committerdate --format %(refname)%00%(objectname)%00%(*objectname) [2ms]
2025-05-27 06:51:40.257 [info] > git status -z -uall [34ms]
2025-05-27 06:51:45.282 [info] > git config --get commit.template [3ms]
2025-05-27 06:51:45.283 [info] > git for-each-ref --format=%(refname)%00%(upstream:short)%00%(objectname)%00%(upstream:track)%00%(upstream:remotename)%00%(upstream:remoteref) refs/heads/main refs/remotes/main [1ms]
2025-05-27 06:51:45.293 [info] > git for-each-ref --sort -committerdate --format %(refname)%00%(objectname)%00%(*objectname) [2ms]
2025-05-27 06:51:45.324 [info] > git status -z -uall [36ms]
2025-05-27 06:58:44.438 [info] > git config --get commit.template [6ms]
2025-05-27 06:58:44.439 [info] > git for-each-ref --format=%(refname)%00%(upstream:short)%00%(objectname)%00%(upstream:track)%00%(upstream:remotename)%00%(upstream:remoteref) refs/heads/main refs/remotes/main [2ms]
2025-05-27 06:58:44.450 [info] > git for-each-ref --sort -committerdate --format %(refname)%00%(objectname)%00%(*objectname) [3ms]
2025-05-27 06:58:44.491 [info] > git status -z -uall [48ms]
2025-05-27 06:58:49.504 [info] > git config --get commit.template [1ms]
2025-05-27 06:58:49.507 [info] > git for-each-ref --format=%(refname)%00%(upstream:short)%00%(objectname)%00%(upstream:track)%00%(upstream:remotename)%00%(upstream:remoteref) refs/heads/main refs/remotes/main [1ms]
2025-05-27 06:58:49.513 [info] > git for-each-ref --sort -committerdate --format %(refname)%00%(objectname)%00%(*objectname) [2ms]
2025-05-27 06:58:49.546 [info] > git status -z -uall [37ms]
2025-05-27 06:58:54.568 [info] > git config --get commit.template [2ms]
2025-05-27 06:58:54.573 [info] > git for-each-ref --format=%(refname)%00%(upstream:short)%00%(objectname)%00%(upstream:track)%00%(upstream:remotename)%00%(upstream:remoteref) refs/heads/main refs/remotes/main [1ms]
2025-05-27 06:58:54.579 [info] > git for-each-ref --sort -committerdate --format %(refname)%00%(objectname)%00%(*objectname) [1ms]
2025-05-27 06:58:54.609 [info] > git status -z -uall [33ms]
2025-05-27 06:58:56.912 [info] > git config --get commit.template [2ms]
2025-05-27 06:58:56.917 [info] > git for-each-ref --format=%(refname)%00%(upstream:short)%00%(objectname)%00%(upstream:track)%00%(upstream:remotename)%00%(upstream:remoteref) refs/heads/main refs/remotes/main [2ms]
2025-05-27 06:58:56.923 [info] > git for-each-ref --sort -committerdate --format %(refname)%00%(objectname)%00%(*objectname) [1ms]
2025-05-27 06:58:56.954 [info] > git status -z -uall [34ms]
2025-05-27 06:58:58.356 [info] > git show --textconv :my-first-app/src/App.js [9ms]
2025-05-27 06:58:58.357 [info] > git ls-files --stage -- my-first-app/src/App.js [6ms]
2025-05-27 06:58:58.361 [info] > git cat-file -s 8cb62ece5dff5e59837c3ab06c236011a01d9a1c [1ms]
2025-05-27 06:58:58.442 [info] > git blame --root --incremental 49cb96c81068dc66c4812a909f4abf82163e77f3 -- my-first-app/src/App.js [4ms]
2025-05-27 06:59:01.972 [info] > git config --get commit.template [4ms]
2025-05-27 06:59:01.973 [info] > git for-each-ref --format=%(refname)%00%(upstream:short)%00%(objectname)%00%(upstream:track)%00%(upstream:remotename)%00%(upstream:remoteref) refs/heads/main refs/remotes/main [2ms]
2025-05-27 06:59:01.986 [info] > git for-each-ref --sort -committerdate --format %(refname)%00%(objectname)%00%(*objectname) [1ms]
2025-05-27 06:59:02.018 [info] > git status -z -uall [36ms]
2025-05-27 06:59:07.034 [info] > git config --get commit.template [2ms]
2025-05-27 06:59:07.041 [info] > git for-each-ref --format=%(refname)%00%(upstream:short)%00%(objectname)%00%(upstream:track)%00%(upstream:remotename)%00%(upstream:remoteref) refs/heads/main refs/remotes/main [1ms]
2025-05-27 06:59:07.048 [info] > git for-each-ref --sort -committerdate --format %(refname)%00%(objectname)%00%(*objectname) [2ms]
2025-05-27 06:59:07.078 [info] > git status -z -uall [34ms]
2025-05-27 06:59:12.108 [info] > git config --get commit.template [1ms]
2025-05-27 06:59:12.114 [info] > git for-each-ref --format=%(refname)%00%(upstream:short)%00%(objectname)%00%(upstream:track)%00%(upstream:remotename)%00%(upstream:remoteref) refs/heads/main refs/remotes/main [1ms]
2025-05-27 06:59:12.120 [info] > git for-each-ref --sort -committerdate --format %(refname)%00%(objectname)%00%(*objectname) [1ms]
2025-05-27 06:59:12.154 [info] > git status -z -uall [38ms]
2025-05-27 06:59:42.031 [info] > git config --get commit.template [1ms]
2025-05-27 06:59:42.037 [info] > git for-each-ref --format=%(refname)%00%(upstream:short)%00%(objectname)%00%(upstream:track)%00%(upstream:remotename)%00%(upstream:remoteref) refs/heads/main refs/remotes/main [3ms]
2025-05-27 06:59:42.047 [info] > git for-each-ref --sort -committerdate --format %(refname)%00%(objectname)%00%(*objectname) [2ms]
2025-05-27 06:59:42.089 [info] > git status -z -uall [48ms]
2025-05-27 06:59:47.112 [info] > git config --get commit.template [8ms]
2025-05-27 06:59:47.115 [info] > git for-each-ref --format=%(refname)%00%(upstream:short)%00%(objectname)%00%(upstream:track)%00%(upstream:remotename)%00%(upstream:remoteref) refs/heads/main refs/remotes/main [8ms]
2025-05-27 06:59:47.121 [info] > git for-each-ref --sort -committerdate --format %(refname)%00%(objectname)%00%(*objectname) [2ms]
2025-05-27 06:59:48.103 [info] > git status -z -uall [986ms]
2025-05-27 07:00:01.484 [info] > git config --get commit.template [4ms]
2025-05-27 07:00:01.485 [info] > git for-each-ref --format=%(refname)%00%(upstream:short)%00%(objectname)%00%(upstream:track)%00%(upstream:remotename)%00%(upstream:remoteref) refs/heads/main refs/remotes/main [2ms]
2025-05-27 07:00:01.498 [info] > git for-each-ref --sort -committerdate --format %(refname)%00%(objectname)%00%(*objectname) [2ms]
2025-05-27 07:00:01.542 [info] > git status -z -uall [51ms]
2025-05-27 07:00:19.777 [info] > git config --get commit.template [6ms]
2025-05-27 07:00:19.778 [info] > git for-each-ref --format=%(refname)%00%(upstream:short)%00%(objectname)%00%(upstream:track)%00%(upstream:remotename)%00%(upstream:remoteref) refs/heads/main refs/remotes/main [2ms]
2025-05-27 07:00:19.790 [info] > git for-each-ref --sort -committerdate --format %(refname)%00%(objectname)%00%(*objectname) [2ms]
2025-05-27 07:00:19.834 [info] > git status -z -uall [51ms]
2025-05-27 07:00:29.621 [info] > git config --get commit.template [4ms]
2025-05-27 07:00:29.622 [info] > git for-each-ref --format=%(refname)%00%(upstream:short)%00%(objectname)%00%(upstream:track)%00%(upstream:remotename)%00%(upstream:remoteref) refs/heads/main refs/remotes/main [2ms]
2025-05-27 07:00:29.634 [info] > git for-each-ref --sort -committerdate --format %(refname)%00%(objectname)%00%(*objectname) [2ms]
2025-05-27 07:00:29.678 [info] > git status -z -uall [51ms]
2025-05-27 07:36:30.259 [info] > git config --get commit.template [8ms]
2025-05-27 07:36:30.260 [info] > git for-each-ref --format=%(refname)%00%(upstream:short)%00%(objectname)%00%(upstream:track)%00%(upstream:remotename)%00%(upstream:remoteref) refs/heads/main refs/remotes/main [2ms]
2025-05-27 07:36:30.292 [info] > git for-each-ref --sort -committerdate --format %(refname)%00%(objectname)%00%(*objectname) [17ms]
2025-05-27 07:36:30.452 [info] > git status -z -uall [185ms]
2025-05-27 07:36:35.488 [info] > git config --get commit.template [1ms]
2025-05-27 07:36:35.492 [info] > git for-each-ref --format=%(refname)%00%(upstream:short)%00%(objectname)%00%(upstream:track)%00%(upstream:remotename)%00%(upstream:remoteref) refs/heads/main refs/remotes/main [1ms]
2025-05-27 07:36:35.500 [info] > git for-each-ref --sort -committerdate --format %(refname)%00%(objectname)%00%(*objectname) [1ms]
2025-05-27 07:36:35.541 [info] > git status -z -uall [44ms]
2025-05-27 07:36:44.338 [info] > git config --get commit.template [3ms]
2025-05-27 07:36:44.347 [info] > git for-each-ref --format=%(refname)%00%(upstream:short)%00%(objectname)%00%(upstream:track)%00%(upstream:remotename)%00%(upstream:remoteref) refs/heads/main refs/remotes/main [3ms]
2025-05-27 07:36:44.366 [info] > git for-each-ref --sort -committerdate --format %(refname)%00%(objectname)%00%(*objectname) [5ms]
2025-05-27 07:36:44.427 [info] > git status -z -uall [73ms]
2025-05-27 07:36:47.573 [info] > git config --get commit.template [8ms]
2025-05-27 07:36:47.574 [info] > git for-each-ref --format=%(refname)%00%(upstream:short)%00%(objectname)%00%(upstream:track)%00%(upstream:remotename)%00%(upstream:remoteref) refs/heads/main refs/remotes/main [4ms]
2025-05-27 07:36:47.593 [info] > git for-each-ref --sort -committerdate --format %(refname)%00%(objectname)%00%(*objectname) [5ms]
2025-05-27 07:36:47.656 [info] > git status -z -uall [74ms]
2025-05-27 07:36:52.671 [info] > git config --get commit.template [5ms]
2025-05-27 07:36:52.672 [info] > git for-each-ref --format=%(refname)%00%(upstream:short)%00%(objectname)%00%(upstream:track)%00%(upstream:remotename)%00%(upstream:remoteref) refs/heads/main refs/remotes/main [2ms]
2025-05-27 07:36:52.680 [info] > git for-each-ref --sort -committerdate --format %(refname)%00%(objectname)%00%(*objectname) [2ms]
2025-05-27 07:36:52.720 [info] > git status -z -uall [44ms]
2025-05-27 07:38:14.459 [info] > git config --get commit.template [17ms]
2025-05-27 07:38:14.467 [info] > git for-each-ref --format=%(refname)%00%(upstream:short)%00%(objectname)%00%(upstream:track)%00%(upstream:remotename)%00%(upstream:remoteref) refs/heads/main refs/remotes/main [18ms]
2025-05-27 07:38:14.482 [info] > git for-each-ref --sort -committerdate --format %(refname)%00%(objectname)%00%(*objectname) [4ms]
2025-05-27 07:38:15.908 [info] > git status -z -uall [1435ms]
2025-05-27 07:38:20.934 [info] > git config --get commit.template [1ms]
2025-05-27 07:38:20.939 [info] > git for-each-ref --format=%(refname)%00%(upstream:short)%00%(objectname)%00%(upstream:track)%00%(upstream:remotename)%00%(upstream:remoteref) refs/heads/main refs/remotes/main [1ms]
2025-05-27 07:38:20.946 [info] > git for-each-ref --sort -committerdate --format %(refname)%00%(objectname)%00%(*objectname) [1ms]
2025-05-27 07:38:20.984 [info] > git status -z -uall [41ms]
2025-05-27 07:38:26.014 [info] > git config --get commit.template [3ms]
2025-05-27 07:38:26.014 [info] > git for-each-ref --format=%(refname)%00%(upstream:short)%00%(objectname)%00%(upstream:track)%00%(upstream:remotename)%00%(upstream:remoteref) refs/heads/main refs/remotes/main [1ms]
2025-05-27 07:38:26.025 [info] > git for-each-ref --sort -committerdate --format %(refname)%00%(objectname)%00%(*objectname) [2ms]
2025-05-27 07:38:26.062 [info] > git status -z -uall [41ms]
2025-05-27 07:38:31.079 [info] > git config --get commit.template [0ms]
2025-05-27 07:38:31.084 [info] > git for-each-ref --format=%(refname)%00%(upstream:short)%00%(objectname)%00%(upstream:track)%00%(upstream:remotename)%00%(upstream:remoteref) refs/heads/main refs/remotes/main [1ms]
2025-05-27 07:38:31.090 [info] > git for-each-ref --sort -committerdate --format %(refname)%00%(objectname)%00%(*objectname) [1ms]
2025-05-27 07:38:31.132 [info] > git status -z -uall [46ms]
2025-05-27 07:38:33.392 [info] > git config --get commit.template [0ms]
2025-05-27 07:38:33.397 [info] > git for-each-ref --format=%(refname)%00%(upstream:short)%00%(objectname)%00%(upstream:track)%00%(upstream:remotename)%00%(upstream:remoteref) refs/heads/main refs/remotes/main [2ms]
2025-05-27 07:38:33.404 [info] > git for-each-ref --sort -committerdate --format %(refname)%00%(objectname)%00%(*objectname) [2ms]
2025-05-27 07:38:33.445 [info] > git status -z -uall [45ms]
2025-05-27 07:38:38.465 [info] > git config --get commit.template [4ms]
2025-05-27 07:38:38.465 [info] > git for-each-ref --format=%(refname)%00%(upstream:short)%00%(objectname)%00%(upstream:track)%00%(upstream:remotename)%00%(upstream:remoteref) refs/heads/main refs/remotes/main [1ms]
2025-05-27 07:38:38.474 [info] > git for-each-ref --sort -committerdate --format %(refname)%00%(objectname)%00%(*objectname) [2ms]
2025-05-27 07:38:38.512 [info] > git status -z -uall [43ms]
2025-05-27 07:38:43.524 [info] > git config --get commit.template [3ms]
2025-05-27 07:38:43.525 [info] > git for-each-ref --format=%(refname)%00%(upstream:short)%00%(objectname)%00%(upstream:track)%00%(upstream:remotename)%00%(upstream:remoteref) refs/heads/main refs/remotes/main [1ms]
2025-05-27 07:38:43.532 [info] > git for-each-ref --sort -committerdate --format %(refname)%00%(objectname)%00%(*objectname) [1ms]
2025-05-27 07:38:43.577 [info] > git status -z -uall [50ms]
2025-05-27 07:38:48.585 [info] > git config --get commit.template [3ms]
2025-05-27 07:38:48.585 [info] > git for-each-ref --format=%(refname)%00%(upstream:short)%00%(objectname)%00%(upstream:track)%00%(upstream:remotename)%00%(upstream:remoteref) refs/heads/main refs/remotes/main [1ms]
2025-05-27 07:38:48.591 [info] > git for-each-ref --sort -committerdate --format %(refname)%00%(objectname)%00%(*objectname) [1ms]
2025-05-27 07:38:48.630 [info] > git status -z -uall [42ms]
2025-05-27 07:38:53.656 [info] > git config --get commit.template [5ms]
2025-05-27 07:38:53.657 [info] > git for-each-ref --format=%(refname)%00%(upstream:short)%00%(objectname)%00%(upstream:track)%00%(upstream:remotename)%00%(upstream:remoteref) refs/heads/main refs/remotes/main [1ms]
2025-05-27 07:38:53.664 [info] > git for-each-ref --sort -committerdate --format %(refname)%00%(objectname)%00%(*objectname) [1ms]
2025-05-27 07:38:53.705 [info] > git status -z -uall [45ms]
2025-05-27 07:38:58.718 [info] > git config --get commit.template [3ms]
2025-05-27 07:38:58.718 [info] > git for-each-ref --format=%(refname)%00%(upstream:short)%00%(objectname)%00%(upstream:track)%00%(upstream:remotename)%00%(upstream:remoteref) refs/heads/main refs/remotes/main [0ms]
2025-05-27 07:38:58.727 [info] > git for-each-ref --sort -committerdate --format %(refname)%00%(objectname)%00%(*objectname) [2ms]
2025-05-27 07:38:58.764 [info] > git status -z -uall [43ms]
2025-05-27 07:39:01.098 [info] > git config --get commit.template [1ms]
2025-05-27 07:39:01.103 [info] > git for-each-ref --format=%(refname)%00%(upstream:short)%00%(objectname)%00%(upstream:track)%00%(upstream:remotename)%00%(upstream:remoteref) refs/heads/main refs/remotes/main [2ms]
2025-05-27 07:39:01.110 [info] > git for-each-ref --sort -committerdate --format %(refname)%00%(objectname)%00%(*objectname) [1ms]
2025-05-27 07:39:01.145 [info] > git status -z -uall [40ms]
2025-05-27 07:39:06.211 [info] > git config --get commit.template [3ms]
2025-05-27 07:39:06.213 [info] > git for-each-ref --format=%(refname)%00%(upstream:short)%00%(objectname)%00%(upstream:track)%00%(upstream:remotename)%00%(upstream:remoteref) refs/heads/main refs/remotes/main [2ms]
2025-05-27 07:39:06.222 [info] > git for-each-ref --sort -committerdate --format %(refname)%00%(objectname)%00%(*objectname) [1ms]
2025-05-27 07:39:06.267 [info] > git status -z -uall [50ms]
2025-05-27 07:39:11.283 [info] > git config --get commit.template [1ms]
2025-05-27 07:39:11.287 [info] > git for-each-ref --format=%(refname)%00%(upstream:short)%00%(objectname)%00%(upstream:track)%00%(upstream:remotename)%00%(upstream:remoteref) refs/heads/main refs/remotes/main [2ms]
2025-05-27 07:39:11.295 [info] > git for-each-ref --sort -committerdate --format %(refname)%00%(objectname)%00%(*objectname) [3ms]
2025-05-27 07:39:11.329 [info] > git status -z -uall [39ms]
2025-05-27 07:39:16.368 [info] > git config --get commit.template [5ms]
2025-05-27 07:39:16.369 [info] > git for-each-ref --format=%(refname)%00%(upstream:short)%00%(objectname)%00%(upstream:track)%00%(upstream:remotename)%00%(upstream:remoteref) refs/heads/main refs/remotes/main [2ms]
2025-05-27 07:39:16.381 [info] > git for-each-ref --sort -committerdate --format %(refname)%00%(objectname)%00%(*objectname) [2ms]
2025-05-27 07:39:16.418 [info] > git status -z -uall [42ms]
2025-05-27 07:39:21.457 [info] > git config --get commit.template [4ms]
2025-05-27 07:39:21.458 [info] > git for-each-ref --format=%(refname)%00%(upstream:short)%00%(objectname)%00%(upstream:track)%00%(upstream:remotename)%00%(upstream:remoteref) refs/heads/main refs/remotes/main [1ms]
2025-05-27 07:39:21.466 [info] > git for-each-ref --sort -committerdate --format %(refname)%00%(objectname)%00%(*objectname) [2ms]
2025-05-27 07:39:21.502 [info] > git status -z -uall [40ms]
2025-05-27 07:39:26.539 [info] > git config --get commit.template [5ms]
2025-05-27 07:39:26.540 [info] > git for-each-ref --format=%(refname)%00%(upstream:short)%00%(objectname)%00%(upstream:track)%00%(upstream:remotename)%00%(upstream:remoteref) refs/heads/main refs/remotes/main [2ms]
2025-05-27 07:39:26.548 [info] > git for-each-ref --sort -committerdate --format %(refname)%00%(objectname)%00%(*objectname) [2ms]
2025-05-27 07:39:26.586 [info] > git status -z -uall [43ms]
2025-05-27 07:39:55.547 [info] > git config --get commit.template [5ms]
2025-05-27 07:39:55.548 [info] > git for-each-ref --format=%(refname)%00%(upstream:short)%00%(objectname)%00%(upstream:track)%00%(upstream:remotename)%00%(upstream:remoteref) refs/heads/main refs/remotes/main [3ms]
2025-05-27 07:39:55.561 [info] > git for-each-ref --sort -committerdate --format %(refname)%00%(objectname)%00%(*objectname) [2ms]
2025-05-27 07:39:55.603 [info] > git status -z -uall [50ms]
2025-05-27 07:40:00.617 [info] > git config --get commit.template [3ms]
2025-05-27 07:40:00.618 [info] > git for-each-ref --format=%(refname)%00%(upstream:short)%00%(objectname)%00%(upstream:track)%00%(upstream:remotename)%00%(upstream:remoteref) refs/heads/main refs/remotes/main [2ms]
2025-05-27 07:40:00.624 [info] > git for-each-ref --sort -committerdate --format %(refname)%00%(objectname)%00%(*objectname) [1ms]
2025-05-27 07:40:00.661 [info] > git status -z -uall [40ms]
2025-05-27 07:50:02.030 [info] > git config --get commit.template [5ms]
2025-05-27 07:50:02.031 [info] > git for-each-ref --format=%(refname)%00%(upstream:short)%00%(objectname)%00%(upstream:track)%00%(upstream:remotename)%00%(upstream:remoteref) refs/heads/main refs/remotes/main [2ms]
2025-05-27 07:50:02.040 [info] > git for-each-ref --sort -committerdate --format %(refname)%00%(objectname)%00%(*objectname) [3ms]
2025-05-27 07:50:02.087 [info] > git status -z -uall [53ms]
2025-05-27 08:02:18.699 [info] > git config --get commit.template [1ms]
2025-05-27 08:02:18.703 [info] > git for-each-ref --format=%(refname)%00%(upstream:short)%00%(objectname)%00%(upstream:track)%00%(upstream:remotename)%00%(upstream:remoteref) refs/heads/main refs/remotes/main [1ms]
2025-05-27 08:02:18.713 [info] > git for-each-ref --sort -committerdate --format %(refname)%00%(objectname)%00%(*objectname) [2ms]
2025-05-27 08:02:18.770 [info] > git status -z -uall [62ms]
2025-05-27 08:02:23.781 [info] > git config --get commit.template [1ms]
2025-05-27 08:02:23.784 [info] > git for-each-ref --format=%(refname)%00%(upstream:short)%00%(objectname)%00%(upstream:track)%00%(upstream:remotename)%00%(upstream:remoteref) refs/heads/main refs/remotes/main [2ms]
2025-05-27 08:02:23.791 [info] > git for-each-ref --sort -committerdate --format %(refname)%00%(objectname)%00%(*objectname) [2ms]
2025-05-27 08:02:23.823 [info] > git status -z -uall [36ms]
2025-05-27 08:04:33.053 [info] > git config --get commit.template [3ms]
2025-05-27 08:04:33.054 [info] > git for-each-ref --format=%(refname)%00%(upstream:short)%00%(objectname)%00%(upstream:track)%00%(upstream:remotename)%00%(upstream:remoteref) refs/heads/main refs/remotes/main [1ms]
2025-05-27 08:04:33.063 [info] > git for-each-ref --sort -committerdate --format %(refname)%00%(objectname)%00%(*objectname) [2ms]
2025-05-27 08:04:33.105 [info] > git status -z -uall [47ms]
2025-05-27 08:04:38.055 [info] > git config --get commit.template [3ms]
2025-05-27 08:04:38.056 [info] > git for-each-ref --format=%(refname)%00%(upstream:short)%00%(objectname)%00%(upstream:track)%00%(upstream:remotename)%00%(upstream:remoteref) refs/heads/main refs/remotes/main [1ms]
2025-05-27 08:04:38.061 [info] > git for-each-ref --sort -committerdate --format %(refname)%00%(objectname)%00%(*objectname) [1ms]
2025-05-27 08:04:38.092 [info] > git status -z -uall [33ms]
2025-05-27 08:04:43.100 [info] > git config --get commit.template [1ms]
2025-05-27 08:04:43.103 [info] > git for-each-ref --format=%(refname)%00%(upstream:short)%00%(objectname)%00%(upstream:track)%00%(upstream:remotename)%00%(upstream:remoteref) refs/heads/main refs/remotes/main [1ms]
2025-05-27 08:04:43.107 [info] > git for-each-ref --sort -committerdate --format %(refname)%00%(objectname)%00%(*objectname) [1ms]
2025-05-27 08:04:43.142 [info] > git status -z -uall [37ms]
2025-05-27 08:04:44.178 [info] > git ls-files --stage -- my-first-app/package.json [3ms]
2025-05-27 08:04:44.182 [info] > git show --textconv :my-first-app/package.json [9ms]
2025-05-27 08:04:44.182 [info] > git cat-file -s 1f72d5d366b06d1de4a0b2d2410bd886d170653e [1ms]
2025-05-27 08:04:48.149 [info] > git config --get commit.template [0ms]
2025-05-27 08:04:48.153 [info] > git for-each-ref --format=%(refname)%00%(upstream:short)%00%(objectname)%00%(upstream:track)%00%(upstream:remotename)%00%(upstream:remoteref) refs/heads/main refs/remotes/main [2ms]
2025-05-27 08:04:48.159 [info] > git for-each-ref --sort -committerdate --format %(refname)%00%(objectname)%00%(*objectname) [1ms]
2025-05-27 08:04:48.191 [info] > git status -z -uall [35ms]
2025-05-27 08:04:53.199 [info] > git config --get commit.template [3ms]
2025-05-27 08:04:53.200 [info] > git for-each-ref --format=%(refname)%00%(upstream:short)%00%(objectname)%00%(upstream:track)%00%(upstream:remotename)%00%(upstream:remoteref) refs/heads/main refs/remotes/main [1ms]
2025-05-27 08:04:53.205 [info] > git for-each-ref --sort -committerdate --format %(refname)%00%(objectname)%00%(*objectname) [1ms]
2025-05-27 08:04:53.237 [info] > git status -z -uall [35ms]
2025-05-27 08:04:58.245 [info] > git config --get commit.template [2ms]
2025-05-27 08:04:58.246 [info] > git for-each-ref --format=%(refname)%00%(upstream:short)%00%(objectname)%00%(upstream:track)%00%(upstream:remotename)%00%(upstream:remoteref) refs/heads/main refs/remotes/main [1ms]
2025-05-27 08:04:58.251 [info] > git for-each-ref --sort -committerdate --format %(refname)%00%(objectname)%00%(*objectname) [1ms]
2025-05-27 08:04:58.284 [info] > git status -z -uall [36ms]
2025-05-27 08:05:03.292 [info] > git config --get commit.template [2ms]
2025-05-27 08:05:03.292 [info] > git for-each-ref --format=%(refname)%00%(upstream:short)%00%(objectname)%00%(upstream:track)%00%(upstream:remotename)%00%(upstream:remoteref) refs/heads/main refs/remotes/main [1ms]
2025-05-27 08:05:03.297 [info] > git for-each-ref --sort -committerdate --format %(refname)%00%(objectname)%00%(*objectname) [1ms]
2025-05-27 08:05:03.327 [info] > git status -z -uall [33ms]
2025-05-27 08:05:08.283 [info] > git config --get commit.template [1ms]
2025-05-27 08:05:08.285 [info] > git for-each-ref --format=%(refname)%00%(upstream:short)%00%(objectname)%00%(upstream:track)%00%(upstream:remotename)%00%(upstream:remoteref) refs/heads/main refs/remotes/main [1ms]
2025-05-27 08:05:08.291 [info] > git for-each-ref --sort -committerdate --format %(refname)%00%(objectname)%00%(*objectname) [0ms]
2025-05-27 08:05:08.320 [info] > git status -z -uall [32ms]
2025-05-27 08:05:13.328 [info] > git config --get commit.template [2ms]
2025-05-27 08:05:13.329 [info] > git for-each-ref --format=%(refname)%00%(upstream:short)%00%(objectname)%00%(upstream:track)%00%(upstream:remotename)%00%(upstream:remoteref) refs/heads/main refs/remotes/main [1ms]
2025-05-27 08:05:13.334 [info] > git for-each-ref --sort -committerdate --format %(refname)%00%(objectname)%00%(*objectname) [1ms]
2025-05-27 08:05:13.366 [info] > git status -z -uall [35ms]
2025-05-27 08:05:19.183 [info] > git config --get commit.template [4ms]
2025-05-27 08:05:19.184 [info] > git for-each-ref --format=%(refname)%00%(upstream:short)%00%(objectname)%00%(upstream:track)%00%(upstream:remotename)%00%(upstream:remoteref) refs/heads/main refs/remotes/main [1ms]
2025-05-27 08:05:19.190 [info] > git for-each-ref --sort -committerdate --format %(refname)%00%(objectname)%00%(*objectname) [1ms]
2025-05-27 08:05:19.222 [info] > git status -z -uall [36ms]
2025-05-27 08:05:24.230 [info] > git config --get commit.template [3ms]
2025-05-27 08:05:24.231 [info] > git for-each-ref --format=%(refname)%00%(upstream:short)%00%(objectname)%00%(upstream:track)%00%(upstream:remotename)%00%(upstream:remoteref) refs/heads/main refs/remotes/main [1ms]
2025-05-27 08:05:24.236 [info] > git for-each-ref --sort -committerdate --format %(refname)%00%(objectname)%00%(*objectname) [1ms]
2025-05-27 08:05:24.274 [info] > git status -z -uall [41ms]
2025-05-27 08:05:24.784 [info] > git show --textconv :my-first-app/src/App.css [5ms]
2025-05-27 08:05:24.785 [info] > git ls-files --stage -- my-first-app/src/App.css [3ms]
2025-05-27 08:05:24.790 [info] > git cat-file -s c2222cda5fdb7d419dac7fc5ae598569f275c9bc [1ms]
2025-05-27 08:05:24.842 [info] > git blame --root --incremental 49cb96c81068dc66c4812a909f4abf82163e77f3 -- my-first-app/src/App.css [2ms]
2025-05-27 08:05:29.289 [info] > git config --get commit.template [5ms]
2025-05-27 08:05:29.290 [info] > git for-each-ref --format=%(refname)%00%(upstream:short)%00%(objectname)%00%(upstream:track)%00%(upstream:remotename)%00%(upstream:remoteref) refs/heads/main refs/remotes/main [2ms]
2025-05-27 08:05:29.296 [info] > git for-each-ref --sort -committerdate --format %(refname)%00%(objectname)%00%(*objectname) [1ms]
2025-05-27 08:05:29.326 [info] > git status -z -uall [33ms]
2025-05-27 08:05:31.045 [info] > git show --textconv :my-first-app/package.json [3ms]
2025-05-27 08:05:31.047 [info] > git ls-files --stage -- my-first-app/package.json [3ms]
2025-05-27 08:05:31.051 [info] > git cat-file -s 1f72d5d366b06d1de4a0b2d2410bd886d170653e [2ms]
2025-05-27 08:05:34.335 [info] > git config --get commit.template [2ms]
2025-05-27 08:05:34.335 [info] > git for-each-ref --format=%(refname)%00%(upstream:short)%00%(objectname)%00%(upstream:track)%00%(upstream:remotename)%00%(upstream:remoteref) refs/heads/main refs/remotes/main [1ms]
2025-05-27 08:05:34.341 [info] > git for-each-ref --sort -committerdate --format %(refname)%00%(objectname)%00%(*objectname) [2ms]
2025-05-27 08:05:34.373 [info] > git status -z -uall [36ms]
2025-05-27 08:05:39.357 [info] > git config --get commit.template [4ms]
2025-05-27 08:05:39.358 [info] > git for-each-ref --format=%(refname)%00%(upstream:short)%00%(objectname)%00%(upstream:track)%00%(upstream:remotename)%00%(upstream:remoteref) refs/heads/main refs/remotes/main [1ms]
2025-05-27 08:05:39.363 [info] > git for-each-ref --sort -committerdate --format %(refname)%00%(objectname)%00%(*objectname) [1ms]
2025-05-27 08:05:39.395 [info] > git status -z -uall [34ms]
2025-05-27 08:05:44.404 [info] > git config --get commit.template [1ms]
2025-05-27 08:05:44.407 [info] > git for-each-ref --format=%(refname)%00%(upstream:short)%00%(objectname)%00%(upstream:track)%00%(upstream:remotename)%00%(upstream:remoteref) refs/heads/main refs/remotes/main [1ms]
2025-05-27 08:05:44.413 [info] > git for-each-ref --sort -committerdate --format %(refname)%00%(objectname)%00%(*objectname) [1ms]
2025-05-27 08:05:44.442 [info] > git status -z -uall [32ms]
2025-05-27 08:05:48.013 [info] > git ls-files --stage -- my-first-app/package-lock.json [31ms]
2025-05-27 08:05:48.021 [info] > git cat-file -s 1da08e94bd22ad8719e1a24e16847df3c3ffe806 [2ms]
2025-05-27 08:05:48.021 [info] > git show --textconv :my-first-app/package-lock.json [43ms]
2025-05-27 08:05:49.454 [info] > git config --get commit.template [4ms]
2025-05-27 08:05:49.456 [info] > git for-each-ref --format=%(refname)%00%(upstream:short)%00%(objectname)%00%(upstream:track)%00%(upstream:remotename)%00%(upstream:remoteref) refs/heads/main refs/remotes/main [3ms]
2025-05-27 08:05:49.461 [info] > git for-each-ref --sort -committerdate --format %(refname)%00%(objectname)%00%(*objectname) [1ms]
2025-05-27 08:05:50.367 [info] > git status -z -uall [909ms]
2025-05-27 08:05:55.376 [info] > git config --get commit.template [1ms]
2025-05-27 08:05:55.380 [info] > git for-each-ref --format=%(refname)%00%(upstream:short)%00%(objectname)%00%(upstream:track)%00%(upstream:remotename)%00%(upstream:remoteref) refs/heads/main refs/remotes/main [1ms]
2025-05-27 08:05:55.387 [info] > git for-each-ref --sort -committerdate --format %(refname)%00%(objectname)%00%(*objectname) [1ms]
2025-05-27 08:05:55.417 [info] > git status -z -uall [32ms]
2025-05-27 08:06:00.426 [info] > git config --get commit.template [0ms]
2025-05-27 08:06:00.428 [info] > git for-each-ref --format=%(refname)%00%(upstream:short)%00%(objectname)%00%(upstream:track)%00%(upstream:remotename)%00%(upstream:remoteref) refs/heads/main refs/remotes/main [1ms]
2025-05-27 08:06:00.435 [info] > git for-each-ref --sort -committerdate --format %(refname)%00%(objectname)%00%(*objectname) [2ms]
2025-05-27 08:06:00.470 [info] > git status -z -uall [39ms]
2025-05-27 08:06:05.479 [info] > git config --get commit.template [1ms]
2025-05-27 08:06:05.484 [info] > git for-each-ref --format=%(refname)%00%(upstream:short)%00%(objectname)%00%(upstream:track)%00%(upstream:remotename)%00%(upstream:remoteref) refs/heads/main refs/remotes/main [2ms]
2025-05-27 08:06:05.492 [info] > git for-each-ref --sort -committerdate --format %(refname)%00%(objectname)%00%(*objectname) [1ms]
2025-05-27 08:06:05.526 [info] > git status -z -uall [37ms]
2025-05-27 08:06:10.512 [info] > git config --get commit.template [1ms]
2025-05-27 08:06:10.515 [info] > git for-each-ref --format=%(refname)%00%(upstream:short)%00%(objectname)%00%(upstream:track)%00%(upstream:remotename)%00%(upstream:remoteref) refs/heads/main refs/remotes/main [1ms]
2025-05-27 08:06:10.522 [info] > git for-each-ref --sort -committerdate --format %(refname)%00%(objectname)%00%(*objectname) [1ms]
2025-05-27 08:06:10.557 [info] > git status -z -uall [39ms]
2025-05-27 08:06:15.569 [info] > git config --get commit.template [4ms]
2025-05-27 08:06:15.569 [info] > git for-each-ref --format=%(refname)%00%(upstream:short)%00%(objectname)%00%(upstream:track)%00%(upstream:remotename)%00%(upstream:remoteref) refs/heads/main refs/remotes/main [0ms]
2025-05-27 08:06:15.574 [info] > git for-each-ref --sort -committerdate --format %(refname)%00%(objectname)%00%(*objectname) [1ms]
2025-05-27 08:06:15.606 [info] > git status -z -uall [35ms]
2025-05-27 08:06:20.618 [info] > git show --textconv :my-first-app/package.json [3ms]
2025-05-27 08:06:20.619 [info] > git config --get commit.template [6ms]
2025-05-27 08:06:20.622 [info] > git ls-files --stage -- my-first-app/package.json [4ms]
2025-05-27 08:06:20.626 [info] > git for-each-ref --format=%(refname)%00%(upstream:short)%00%(objectname)%00%(upstream:track)%00%(upstream:remotename)%00%(upstream:remoteref) refs/heads/main refs/remotes/main [5ms]
2025-05-27 08:06:20.626 [info] > git cat-file -s 1f72d5d366b06d1de4a0b2d2410bd886d170653e [1ms]
2025-05-27 08:06:20.632 [info] > git for-each-ref --sort -committerdate --format %(refname)%00%(objectname)%00%(*objectname) [1ms]
2025-05-27 08:06:20.666 [info] > git status -z -uall [37ms]
2025-05-27 08:06:25.673 [info] > git config --get commit.template [1ms]
2025-05-27 08:06:25.677 [info] > git for-each-ref --format=%(refname)%00%(upstream:short)%00%(objectname)%00%(upstream:track)%00%(upstream:remotename)%00%(upstream:remoteref) refs/heads/main refs/remotes/main [1ms]
2025-05-27 08:06:25.685 [info] > git for-each-ref --sort -committerdate --format %(refname)%00%(objectname)%00%(*objectname) [2ms]
2025-05-27 08:06:25.715 [info] > git status -z -uall [34ms]
2025-05-27 08:07:52.718 [info] > git config --get commit.template [2ms]
2025-05-27 08:07:52.723 [info] > git for-each-ref --format=%(refname)%00%(upstream:short)%00%(objectname)%00%(upstream:track)%00%(upstream:remotename)%00%(upstream:remoteref) refs/heads/main refs/remotes/main [1ms]
2025-05-27 08:07:52.731 [info] > git for-each-ref --sort -committerdate --format %(refname)%00%(objectname)%00%(*objectname) [1ms]
2025-05-27 08:07:52.781 [info] > git status -z -uall [54ms]
2025-05-27 08:07:57.795 [info] > git config --get commit.template [3ms]
2025-05-27 08:07:57.797 [info] > git for-each-ref --format=%(refname)%00%(upstream:short)%00%(objectname)%00%(upstream:track)%00%(upstream:remotename)%00%(upstream:remoteref) refs/heads/main refs/remotes/main [1ms]
2025-05-27 08:07:57.802 [info] > git for-each-ref --sort -committerdate --format %(refname)%00%(objectname)%00%(*objectname) [1ms]
2025-05-27 08:07:57.837 [info] > git status -z -uall [38ms]
2025-05-27 08:08:02.844 [info] > git config --get commit.template [2ms]
2025-05-27 08:08:02.845 [info] > git for-each-ref --format=%(refname)%00%(upstream:short)%00%(objectname)%00%(upstream:track)%00%(upstream:remotename)%00%(upstream:remoteref) refs/heads/main refs/remotes/main [1ms]
2025-05-27 08:08:02.850 [info] > git for-each-ref --sort -committerdate --format %(refname)%00%(objectname)%00%(*objectname) [2ms]
2025-05-27 08:08:02.878 [info] > git status -z -uall [31ms]
2025-05-27 08:08:07.894 [info] > git config --get commit.template [2ms]
2025-05-27 08:08:07.895 [info] > git for-each-ref --format=%(refname)%00%(upstream:short)%00%(objectname)%00%(upstream:track)%00%(upstream:remotename)%00%(upstream:remoteref) refs/heads/main refs/remotes/main [1ms]
2025-05-27 08:08:07.900 [info] > git for-each-ref --sort -committerdate --format %(refname)%00%(objectname)%00%(*objectname) [1ms]
2025-05-27 08:08:07.931 [info] > git status -z -uall [33ms]
2025-05-27 08:08:12.942 [info] > git config --get commit.template [2ms]
2025-05-27 08:08:12.946 [info] > git for-each-ref --format=%(refname)%00%(upstream:short)%00%(objectname)%00%(upstream:track)%00%(upstream:remotename)%00%(upstream:remoteref) refs/heads/main refs/remotes/main [1ms]
2025-05-27 08:08:12.952 [info] > git for-each-ref --sort -committerdate --format %(refname)%00%(objectname)%00%(*objectname) [1ms]
2025-05-27 08:08:12.980 [info] > git status -z -uall [31ms]
2025-05-27 08:08:17.994 [info] > git config --get commit.template [4ms]
2025-05-27 08:08:17.995 [info] > git for-each-ref --format=%(refname)%00%(upstream:short)%00%(objectname)%00%(upstream:track)%00%(upstream:remotename)%00%(upstream:remoteref) refs/heads/main refs/remotes/main [2ms]
2025-05-27 08:08:17.999 [info] > git for-each-ref --sort -committerdate --format %(refname)%00%(objectname)%00%(*objectname) [1ms]
2025-05-27 08:08:18.032 [info] > git status -z -uall [35ms]
2025-05-27 08:08:23.044 [info] > git config --get commit.template [4ms]
2025-05-27 08:08:23.045 [info] > git for-each-ref --format=%(refname)%00%(upstream:short)%00%(objectname)%00%(upstream:track)%00%(upstream:remotename)%00%(upstream:remoteref) refs/heads/main refs/remotes/main [1ms]
2025-05-27 08:08:23.052 [info] > git for-each-ref --sort -committerdate --format %(refname)%00%(objectname)%00%(*objectname) [1ms]
2025-05-27 08:08:23.083 [info] > git status -z -uall [35ms]
2025-05-27 08:08:28.098 [info] > git config --get commit.template [5ms]
2025-05-27 08:08:28.098 [info] > git for-each-ref --format=%(refname)%00%(upstream:short)%00%(objectname)%00%(upstream:track)%00%(upstream:remotename)%00%(upstream:remoteref) refs/heads/main refs/remotes/main [1ms]
2025-05-27 08:08:28.104 [info] > git for-each-ref --sort -committerdate --format %(refname)%00%(objectname)%00%(*objectname) [1ms]
2025-05-27 08:08:28.135 [info] > git status -z -uall [33ms]
2025-05-27 08:08:33.147 [info] > git config --get commit.template [3ms]
2025-05-27 08:08:33.148 [info] > git for-each-ref --format=%(refname)%00%(upstream:short)%00%(objectname)%00%(upstream:track)%00%(upstream:remotename)%00%(upstream:remoteref) refs/heads/main refs/remotes/main [2ms]
2025-05-27 08:08:33.153 [info] > git for-each-ref --sort -committerdate --format %(refname)%00%(objectname)%00%(*objectname) [1ms]
2025-05-27 08:08:33.185 [info] > git status -z -uall [35ms]
2025-05-27 08:08:38.196 [info] > git config --get commit.template [2ms]
2025-05-27 08:08:38.197 [info] > git for-each-ref --format=%(refname)%00%(upstream:short)%00%(objectname)%00%(upstream:track)%00%(upstream:remotename)%00%(upstream:remoteref) refs/heads/main refs/remotes/main [1ms]
2025-05-27 08:08:38.204 [info] > git for-each-ref --sort -committerdate --format %(refname)%00%(objectname)%00%(*objectname) [2ms]
2025-05-27 08:08:38.236 [info] > git status -z -uall [37ms]
2025-05-27 08:08:43.248 [info] > git config --get commit.template [3ms]
2025-05-27 08:08:43.248 [info] > git for-each-ref --format=%(refname)%00%(upstream:short)%00%(objectname)%00%(upstream:track)%00%(upstream:remotename)%00%(upstream:remoteref) refs/heads/main refs/remotes/main [1ms]
2025-05-27 08:08:43.253 [info] > git for-each-ref --sort -committerdate --format %(refname)%00%(objectname)%00%(*objectname) [1ms]
2025-05-27 08:08:43.287 [info] > git status -z -uall [36ms]
2025-05-27 08:08:48.296 [info] > git config --get commit.template [1ms]
2025-05-27 08:08:48.300 [info] > git for-each-ref --format=%(refname)%00%(upstream:short)%00%(objectname)%00%(upstream:track)%00%(upstream:remotename)%00%(upstream:remoteref) refs/heads/main refs/remotes/main [2ms]
2025-05-27 08:08:48.306 [info] > git for-each-ref --sort -committerdate --format %(refname)%00%(objectname)%00%(*objectname) [2ms]
2025-05-27 08:08:48.335 [info] > git status -z -uall [32ms]
2025-05-27 08:08:53.346 [info] > git config --get commit.template [3ms]
2025-05-27 08:08:53.349 [info] > git for-each-ref --format=%(refname)%00%(upstream:short)%00%(objectname)%00%(upstream:track)%00%(upstream:remotename)%00%(upstream:remoteref) refs/heads/main refs/remotes/main [1ms]
2025-05-27 08:08:53.355 [info] > git for-each-ref --sort -committerdate --format %(refname)%00%(objectname)%00%(*objectname) [1ms]
2025-05-27 08:08:53.384 [info] > git status -z -uall [32ms]
2025-05-27 08:08:58.393 [info] > git config --get commit.template [3ms]
2025-05-27 08:08:58.394 [info] > git for-each-ref --format=%(refname)%00%(upstream:short)%00%(objectname)%00%(upstream:track)%00%(upstream:remotename)%00%(upstream:remoteref) refs/heads/main refs/remotes/main [1ms]
2025-05-27 08:08:58.398 [info] > git for-each-ref --sort -committerdate --format %(refname)%00%(objectname)%00%(*objectname) [1ms]
2025-05-27 08:08:58.433 [info] > git status -z -uall [37ms]
2025-05-27 08:11:53.866 [info] > git config --get commit.template [5ms]
2025-05-27 08:11:53.867 [info] > git for-each-ref --format=%(refname)%00%(upstream:short)%00%(objectname)%00%(upstream:track)%00%(upstream:remotename)%00%(upstream:remoteref) refs/heads/main refs/remotes/main [2ms]
2025-05-27 08:11:53.879 [info] > git for-each-ref --sort -committerdate --format %(refname)%00%(objectname)%00%(*objectname) [2ms]
2025-05-27 08:11:53.927 [info] > git status -z -uall [54ms]
2025-05-27 08:11:58.244 [info] > git ls-files --stage -- my-first-app/src/App.js [3ms]
2025-05-27 08:11:58.248 [info] > git show --textconv :my-first-app/src/App.js [10ms]
2025-05-27 08:11:58.248 [info] > git cat-file -s 8cb62ece5dff5e59837c3ab06c236011a01d9a1c [1ms]
2025-05-27 08:11:58.940 [info] > git config --get commit.template [4ms]
2025-05-27 08:11:58.940 [info] > git for-each-ref --format=%(refname)%00%(upstream:short)%00%(objectname)%00%(upstream:track)%00%(upstream:remotename)%00%(upstream:remoteref) refs/heads/main refs/remotes/main [1ms]
2025-05-27 08:11:58.947 [info] > git for-each-ref --sort -committerdate --format %(refname)%00%(objectname)%00%(*objectname) [1ms]
2025-05-27 08:11:58.981 [info] > git status -z -uall [38ms]
2025-05-27 08:12:03.988 [info] > git config --get commit.template [2ms]
2025-05-27 08:12:03.991 [info] > git for-each-ref --format=%(refname)%00%(upstream:short)%00%(objectname)%00%(upstream:track)%00%(upstream:remotename)%00%(upstream:remoteref) refs/heads/main refs/remotes/main [2ms]
2025-05-27 08:12:03.996 [info] > git for-each-ref --sort -committerdate --format %(refname)%00%(objectname)%00%(*objectname) [1ms]
2025-05-27 08:12:04.027 [info] > git status -z -uall [34ms]
2025-05-27 08:12:09.036 [info] > git config --get commit.template [3ms]
2025-05-27 08:12:09.037 [info] > git for-each-ref --format=%(refname)%00%(upstream:short)%00%(objectname)%00%(upstream:track)%00%(upstream:remotename)%00%(upstream:remoteref) refs/heads/main refs/remotes/main [1ms]
2025-05-27 08:12:09.043 [info] > git for-each-ref --sort -committerdate --format %(refname)%00%(objectname)%00%(*objectname) [2ms]
2025-05-27 08:12:09.078 [info] > git status -z -uall [39ms]
2025-05-27 08:12:12.171 [info] > git show --textconv :my-first-app/package.json [3ms]
2025-05-27 08:12:12.174 [info] > git ls-files --stage -- my-first-app/package.json [3ms]
2025-05-27 08:12:12.180 [info] > git cat-file -s 1f72d5d366b06d1de4a0b2d2410bd886d170653e [2ms]
2025-05-27 08:12:13.300 [info] > git show --textconv :my-first-app/src/App.css [3ms]
2025-05-27 08:12:13.301 [info] > git ls-files --stage -- my-first-app/src/App.css [2ms]
2025-05-27 08:12:13.303 [info] > git cat-file -s c2222cda5fdb7d419dac7fc5ae598569f275c9bc [0ms]
2025-05-27 08:12:14.091 [info] > git config --get commit.template [4ms]
2025-05-27 08:12:14.092 [info] > git for-each-ref --format=%(refname)%00%(upstream:short)%00%(objectname)%00%(upstream:track)%00%(upstream:remotename)%00%(upstream:remoteref) refs/heads/main refs/remotes/main [1ms]
2025-05-27 08:12:14.097 [info] > git for-each-ref --sort -committerdate --format %(refname)%00%(objectname)%00%(*objectname) [1ms]
2025-05-27 08:12:14.127 [info] > git status -z -uall [33ms]
2025-05-27 08:12:18.059 [info] > git show --textconv :my-first-app/package.json [3ms]
2025-05-27 08:12:18.060 [info] > git ls-files --stage -- my-first-app/package.json [2ms]
2025-05-27 08:12:18.063 [info] > git cat-file -s 1f72d5d366b06d1de4a0b2d2410bd886d170653e [0ms]
2025-05-27 08:12:19.136 [info] > git config --get commit.template [3ms]
2025-05-27 08:12:19.137 [info] > git for-each-ref --format=%(refname)%00%(upstream:short)%00%(objectname)%00%(upstream:track)%00%(upstream:remotename)%00%(upstream:remoteref) refs/heads/main refs/remotes/main [1ms]
2025-05-27 08:12:19.142 [info] > git for-each-ref --sort -committerdate --format %(refname)%00%(objectname)%00%(*objectname) [1ms]
2025-05-27 08:12:19.179 [info] > git status -z -uall [40ms]
2025-05-27 08:12:19.243 [info] > git show --textconv :my-first-app/src/styles.css [5ms]
2025-05-27 08:12:19.244 [info] > git ls-files --stage -- my-first-app/src/styles.css [4ms]
2025-05-27 08:12:19.248 [info] > git cat-file -s fb3e711ddb94ea547344fead9ccb29a47c3062d8 [1ms]
2025-05-27 08:12:19.292 [info] > git blame --root --incremental 49cb96c81068dc66c4812a909f4abf82163e77f3 -- my-first-app/src/styles.css [1ms]
2025-05-27 08:12:22.194 [info] > git show --textconv :my-first-app/package-lock.json [5ms]
2025-05-27 08:12:22.194 [info] > git ls-files --stage -- my-first-app/package-lock.json [4ms]
2025-05-27 08:12:22.199 [info] > git cat-file -s 1da08e94bd22ad8719e1a24e16847df3c3ffe806 [2ms]
2025-05-27 08:12:24.187 [info] > git config --get commit.template [1ms]
2025-05-27 08:12:24.190 [info] > git for-each-ref --format=%(refname)%00%(upstream:short)%00%(objectname)%00%(upstream:track)%00%(upstream:remotename)%00%(upstream:remoteref) refs/heads/main refs/remotes/main [1ms]
2025-05-27 08:12:24.199 [info] > git for-each-ref --sort -committerdate --format %(refname)%00%(objectname)%00%(*objectname) [3ms]
2025-05-27 08:12:24.229 [info] > git status -z -uall [37ms]
2025-05-27 08:12:29.244 [info] > git config --get commit.template [4ms]
2025-05-27 08:12:29.245 [info] > git for-each-ref --format=%(refname)%00%(upstream:short)%00%(objectname)%00%(upstream:track)%00%(upstream:remotename)%00%(upstream:remoteref) refs/heads/main refs/remotes/main [2ms]
2025-05-27 08:12:29.252 [info] > git for-each-ref --sort -committerdate --format %(refname)%00%(objectname)%00%(*objectname) [2ms]
2025-05-27 08:12:29.282 [info] > git status -z -uall [35ms]
2025-05-27 08:12:31.606 [info] > git blame --root --incremental 49cb96c81068dc66c4812a909f4abf82163e77f3 -- my-first-app/package-lock.json [3ms]
2025-05-27 08:12:34.288 [info] > git config --get commit.template [0ms]
2025-05-27 08:12:34.291 [info] > git for-each-ref --format=%(refname)%00%(upstream:short)%00%(objectname)%00%(upstream:track)%00%(upstream:remotename)%00%(upstream:remoteref) refs/heads/main refs/remotes/main [1ms]
2025-05-27 08:12:34.296 [info] > git for-each-ref --sort -committerdate --format %(refname)%00%(objectname)%00%(*objectname) [1ms]
2025-05-27 08:12:34.329 [info] > git status -z -uall [36ms]
2025-05-27 08:16:18.033 [info] > git config --get commit.template [1ms]
2025-05-27 08:16:18.038 [info] > git for-each-ref --format=%(refname)%00%(upstream:short)%00%(objectname)%00%(upstream:track)%00%(upstream:remotename)%00%(upstream:remoteref) refs/heads/main refs/remotes/main [1ms]
2025-05-27 08:16:18.046 [info] > git for-each-ref --sort -committerdate --format %(refname)%00%(objectname)%00%(*objectname) [1ms]
2025-05-27 08:16:18.101 [info] > git status -z -uall [59ms]
2025-05-27 08:16:20.166 [info] > git show --textconv :my-first-app/package.json [9ms]
2025-05-27 08:16:20.170 [info] > git ls-files --stage -- my-first-app/package.json [6ms]
2025-05-27 08:16:20.176 [info] > git cat-file -s 1f72d5d366b06d1de4a0b2d2410bd886d170653e [1ms]
2025-05-27 08:16:23.124 [info] > git config --get commit.template [5ms]
2025-05-27 08:16:23.125 [info] > git for-each-ref --format=%(refname)%00%(upstream:short)%00%(objectname)%00%(upstream:track)%00%(upstream:remotename)%00%(upstream:remoteref) refs/heads/main refs/remotes/main [2ms]
2025-05-27 08:16:23.135 [info] > git for-each-ref --sort -committerdate --format %(refname)%00%(objectname)%00%(*objectname) [4ms]
2025-05-27 08:16:23.169 [info] > git status -z -uall [41ms]
2025-05-27 08:16:28.176 [info] > git config --get commit.template [1ms]
2025-05-27 08:16:28.179 [info] > git for-each-ref --format=%(refname)%00%(upstream:short)%00%(objectname)%00%(upstream:track)%00%(upstream:remotename)%00%(upstream:remoteref) refs/heads/main refs/remotes/main [1ms]
2025-05-27 08:16:28.186 [info] > git for-each-ref --sort -committerdate --format %(refname)%00%(objectname)%00%(*objectname) [1ms]
2025-05-27 08:16:28.226 [info] > git status -z -uall [44ms]
2025-05-27 08:16:33.237 [info] > git config --get commit.template [1ms]
2025-05-27 08:16:33.240 [info] > git for-each-ref --format=%(refname)%00%(upstream:short)%00%(objectname)%00%(upstream:track)%00%(upstream:remotename)%00%(upstream:remoteref) refs/heads/main refs/remotes/main [1ms]
2025-05-27 08:16:33.246 [info] > git for-each-ref --sort -committerdate --format %(refname)%00%(objectname)%00%(*objectname) [2ms]
2025-05-27 08:16:33.274 [info] > git status -z -uall [32ms]
2025-05-27 08:16:38.343 [info] > git config --get commit.template [3ms]
2025-05-27 08:16:38.343 [info] > git for-each-ref --format=%(refname)%00%(upstream:short)%00%(objectname)%00%(upstream:track)%00%(upstream:remotename)%00%(upstream:remoteref) refs/heads/main refs/remotes/main [1ms]
2025-05-27 08:16:38.350 [info] > git for-each-ref --sort -committerdate --format %(refname)%00%(objectname)%00%(*objectname) [1ms]
2025-05-27 08:16:38.379 [info] > git status -z -uall [32ms]
2025-05-27 08:16:43.392 [info] > git config --get commit.template [4ms]
2025-05-27 08:16:43.393 [info] > git for-each-ref --format=%(refname)%00%(upstream:short)%00%(objectname)%00%(upstream:track)%00%(upstream:remotename)%00%(upstream:remoteref) refs/heads/main refs/remotes/main [2ms]
2025-05-27 08:16:43.400 [info] > git for-each-ref --sort -committerdate --format %(refname)%00%(objectname)%00%(*objectname) [2ms]
2025-05-27 08:16:43.430 [info] > git status -z -uall [34ms]
2025-05-27 08:16:48.440 [info] > git config --get commit.template [3ms]
2025-05-27 08:16:48.441 [info] > git for-each-ref --format=%(refname)%00%(upstream:short)%00%(objectname)%00%(upstream:track)%00%(upstream:remotename)%00%(upstream:remoteref) refs/heads/main refs/remotes/main [1ms]
2025-05-27 08:16:48.448 [info] > git for-each-ref --sort -committerdate --format %(refname)%00%(objectname)%00%(*objectname) [1ms]
2025-05-27 08:16:48.475 [info] > git status -z -uall [30ms]
2025-05-27 08:16:53.487 [info] > git config --get commit.template [3ms]
2025-05-27 08:16:53.488 [info] > git for-each-ref --format=%(refname)%00%(upstream:short)%00%(objectname)%00%(upstream:track)%00%(upstream:remotename)%00%(upstream:remoteref) refs/heads/main refs/remotes/main [1ms]
2025-05-27 08:16:53.494 [info] > git for-each-ref --sort -committerdate --format %(refname)%00%(objectname)%00%(*objectname) [1ms]
2025-05-27 08:16:53.523 [info] > git status -z -uall [32ms]
2025-05-27 08:16:58.532 [info] > git for-each-ref --format=%(refname)%00%(upstream:short)%00%(objectname)%00%(upstream:track)%00%(upstream:remotename)%00%(upstream:remoteref) refs/heads/main refs/remotes/main [2ms]
2025-05-27 08:16:58.532 [info] > git config --get commit.template [4ms]
2025-05-27 08:16:58.539 [info] > git for-each-ref --sort -committerdate --format %(refname)%00%(objectname)%00%(*objectname) [1ms]
2025-05-27 08:16:58.576 [info] > git status -z -uall [41ms]
2025-05-27 08:17:03.585 [info] > git config --get commit.template [2ms]
2025-05-27 08:17:03.586 [info] > git for-each-ref --format=%(refname)%00%(upstream:short)%00%(objectname)%00%(upstream:track)%00%(upstream:remotename)%00%(upstream:remoteref) refs/heads/main refs/remotes/main [1ms]
2025-05-27 08:17:03.591 [info] > git for-each-ref --sort -committerdate --format %(refname)%00%(objectname)%00%(*objectname) [1ms]
2025-05-27 08:17:03.619 [info] > git status -z -uall [31ms]
2025-05-27 08:17:08.638 [info] > git config --get commit.template [4ms]
2025-05-27 08:17:08.639 [info] > git for-each-ref --format=%(refname)%00%(upstream:short)%00%(objectname)%00%(upstream:track)%00%(upstream:remotename)%00%(upstream:remoteref) refs/heads/main refs/remotes/main [1ms]
2025-05-27 08:17:08.645 [info] > git for-each-ref --sort -committerdate --format %(refname)%00%(objectname)%00%(*objectname) [1ms]
2025-05-27 08:17:08.676 [info] > git status -z -uall [33ms]
2025-05-27 08:17:13.685 [info] > git config --get commit.template [3ms]
2025-05-27 08:17:13.686 [info] > git for-each-ref --format=%(refname)%00%(upstream:short)%00%(objectname)%00%(upstream:track)%00%(upstream:remotename)%00%(upstream:remoteref) refs/heads/main refs/remotes/main [1ms]
2025-05-27 08:17:13.691 [info] > git for-each-ref --sort -committerdate --format %(refname)%00%(objectname)%00%(*objectname) [1ms]
2025-05-27 08:17:13.723 [info] > git status -z -uall [35ms]
2025-05-27 08:18:17.846 [info] > git config --get commit.template [1ms]
2025-05-27 08:18:17.852 [info] > git for-each-ref --format=%(refname)%00%(upstream:short)%00%(objectname)%00%(upstream:track)%00%(upstream:remotename)%00%(upstream:remoteref) refs/heads/main refs/remotes/main [3ms]
2025-05-27 08:18:17.860 [info] > git for-each-ref --sort -committerdate --format %(refname)%00%(objectname)%00%(*objectname) [1ms]
2025-05-27 08:18:17.900 [info] > git status -z -uall [43ms]
2025-05-27 08:18:22.905 [info] > git config --get commit.template [0ms]
2025-05-27 08:18:22.908 [info] > git for-each-ref --format=%(refname)%00%(upstream:short)%00%(objectname)%00%(upstream:track)%00%(upstream:remotename)%00%(upstream:remoteref) refs/heads/main refs/remotes/main [1ms]
2025-05-27 08:18:22.914 [info] > git for-each-ref --sort -committerdate --format %(refname)%00%(objectname)%00%(*objectname) [2ms]
2025-05-27 08:18:22.952 [info] > git status -z -uall [41ms]
2025-05-27 08:18:27.959 [info] > git config --get commit.template [1ms]
2025-05-27 08:18:27.963 [info] > git for-each-ref --format=%(refname)%00%(upstream:short)%00%(objectname)%00%(upstream:track)%00%(upstream:remotename)%00%(upstream:remoteref) refs/heads/main refs/remotes/main [1ms]
2025-05-27 08:18:27.984 [info] > git for-each-ref --sort -committerdate --format %(refname)%00%(objectname)%00%(*objectname) [15ms]
2025-05-27 08:18:28.004 [info] > git status -z -uall [38ms]
2025-05-27 08:19:47.087 [info] > git config --get commit.template [5ms]
2025-05-27 08:19:47.088 [info] > git for-each-ref --format=%(refname)%00%(upstream:short)%00%(objectname)%00%(upstream:track)%00%(upstream:remotename)%00%(upstream:remoteref) refs/heads/main refs/remotes/main [2ms]
2025-05-27 08:19:47.103 [info] > git for-each-ref --sort -committerdate --format %(refname)%00%(objectname)%00%(*objectname) [3ms]
2025-05-27 08:19:47.172 [info] > git status -z -uall [77ms]
2025-05-27 08:19:49.520 [info] > git ls-files --stage -- my-first-app/package.json [2ms]
2025-05-27 08:19:49.523 [info] > git cat-file -s 1f72d5d366b06d1de4a0b2d2410bd886d170653e [1ms]
2025-05-27 08:19:49.529 [info] > git show --textconv :my-first-app/package.json [2ms]
2025-05-27 08:19:50.064 [info] > git config --get commit.template [2ms]
2025-05-27 08:19:50.064 [info] > git for-each-ref --format=%(refname)%00%(upstream:short)%00%(objectname)%00%(upstream:track)%00%(upstream:remotename)%00%(upstream:remoteref) refs/heads/main refs/remotes/main [0ms]
2025-05-27 08:19:50.071 [info] > git for-each-ref --sort -committerdate --format %(refname)%00%(objectname)%00%(*objectname) [2ms]
2025-05-27 08:19:50.108 [info] > git status -z -uall [42ms]
2025-05-27 08:19:50.122 [info] > git merge-base refs/heads/main refs/remotes/origin/main [1ms]
2025-05-27 08:19:50.125 [info] > git blame --root --incremental f3cdb363c34e6e199bfe272f4c0914d2901783d9 -- my-first-app/package.json [6ms]
2025-05-27 08:19:50.127 [info] > git diff --name-status -z --diff-filter=ADMR f3cdb363c34e6e199bfe272f4c0914d2901783d9...refs/remotes/origin/main [2ms]
2025-05-27 08:19:51.384 [info] > git ls-files --stage -- my-first-app/package.json [3ms]
2025-05-27 08:19:51.387 [info] > git cat-file -s 1f72d5d366b06d1de4a0b2d2410bd886d170653e [1ms]
2025-05-27 08:19:51.395 [info] > git show --textconv :my-first-app/package.json [3ms]
2025-05-27 08:19:53.575 [info] > git config --get commit.template [0ms]
2025-05-27 08:19:53.579 [info] > git for-each-ref --format=%(refname)%00%(upstream:short)%00%(objectname)%00%(upstream:track)%00%(upstream:remotename)%00%(upstream:remoteref) refs/heads/main refs/remotes/main [1ms]
2025-05-27 08:19:53.583 [info] > git for-each-ref --sort -committerdate --format %(refname)%00%(objectname)%00%(*objectname) [0ms]
2025-05-27 08:19:53.616 [info] > git status -z -uall [35ms]
2025-05-27 08:19:58.631 [info] > git config --get commit.template [5ms]
2025-05-27 08:19:58.632 [info] > git for-each-ref --format=%(refname)%00%(upstream:short)%00%(objectname)%00%(upstream:track)%00%(upstream:remotename)%00%(upstream:remoteref) refs/heads/main refs/remotes/main [2ms]
2025-05-27 08:19:58.638 [info] > git for-each-ref --sort -committerdate --format %(refname)%00%(objectname)%00%(*objectname) [1ms]
2025-05-27 08:19:58.668 [info] > git status -z -uall [33ms]
2025-05-27 08:20:03.685 [info] > git config --get commit.template [5ms]
2025-05-27 08:20:03.686 [info] > git for-each-ref --format=%(refname)%00%(upstream:short)%00%(objectname)%00%(upstream:track)%00%(upstream:remotename)%00%(upstream:remoteref) refs/heads/main refs/remotes/main [2ms]
2025-05-27 08:20:03.692 [info] > git for-each-ref --sort -committerdate --format %(refname)%00%(objectname)%00%(*objectname) [1ms]
2025-05-27 08:20:03.723 [info] > git status -z -uall [33ms]
2025-05-27 08:20:08.743 [info] > git config --get commit.template [3ms]
2025-05-27 08:20:08.744 [info] > git for-each-ref --format=%(refname)%00%(upstream:short)%00%(objectname)%00%(upstream:track)%00%(upstream:remotename)%00%(upstream:remoteref) refs/heads/main refs/remotes/main [1ms]
2025-05-27 08:20:08.751 [info] > git for-each-ref --sort -committerdate --format %(refname)%00%(objectname)%00%(*objectname) [1ms]
2025-05-27 08:20:08.784 [info] > git status -z -uall [37ms]
2025-05-27 08:20:13.799 [info] > git config --get commit.template [3ms]
2025-05-27 08:20:13.800 [info] > git for-each-ref --format=%(refname)%00%(upstream:short)%00%(objectname)%00%(upstream:track)%00%(upstream:remotename)%00%(upstream:remoteref) refs/heads/main refs/remotes/main [1ms]
2025-05-27 08:20:13.805 [info] > git for-each-ref --sort -committerdate --format %(refname)%00%(objectname)%00%(*objectname) [0ms]
2025-05-27 08:20:13.846 [info] > git status -z -uall [43ms]
2025-05-27 08:20:18.865 [info] > git config --get commit.template [2ms]
2025-05-27 08:20:18.865 [info] > git for-each-ref --format=%(refname)%00%(upstream:short)%00%(objectname)%00%(upstream:track)%00%(upstream:remotename)%00%(upstream:remoteref) refs/heads/main refs/remotes/main [1ms]
2025-05-27 08:20:18.870 [info] > git for-each-ref --sort -committerdate --format %(refname)%00%(objectname)%00%(*objectname) [1ms]
2025-05-27 08:20:18.906 [info] > git status -z -uall [39ms]
2025-05-27 08:20:23.926 [info] > git config --get commit.template [3ms]
2025-05-27 08:20:23.927 [info] > git for-each-ref --format=%(refname)%00%(upstream:short)%00%(objectname)%00%(upstream:track)%00%(upstream:remotename)%00%(upstream:remoteref) refs/heads/main refs/remotes/main [1ms]
2025-05-27 08:20:23.932 [info] > git for-each-ref --sort -committerdate --format %(refname)%00%(objectname)%00%(*objectname) [1ms]
2025-05-27 08:20:23.969 [info] > git status -z -uall [40ms]
2025-05-27 08:20:28.990 [info] > git config --get commit.template [4ms]
2025-05-27 08:20:28.991 [info] > git for-each-ref --format=%(refname)%00%(upstream:short)%00%(objectname)%00%(upstream:track)%00%(upstream:remotename)%00%(upstream:remoteref) refs/heads/main refs/remotes/main [1ms]
2025-05-27 08:20:28.998 [info] > git for-each-ref --sort -committerdate --format %(refname)%00%(objectname)%00%(*objectname) [1ms]
2025-05-27 08:20:29.030 [info] > git status -z -uall [35ms]
2025-05-27 08:20:34.041 [info] > git config --get commit.template [1ms]
2025-05-27 08:20:34.044 [info] > git for-each-ref --format=%(refname)%00%(upstream:short)%00%(objectname)%00%(upstream:track)%00%(upstream:remotename)%00%(upstream:remoteref) refs/heads/main refs/remotes/main [1ms]
2025-05-27 08:20:34.049 [info] > git for-each-ref --sort -committerdate --format %(refname)%00%(objectname)%00%(*objectname) [0ms]
2025-05-27 08:20:34.082 [info] > git status -z -uall [36ms]
2025-05-27 08:20:39.106 [info] > git config --get commit.template [5ms]
2025-05-27 08:20:39.106 [info] > git for-each-ref --format=%(refname)%00%(upstream:short)%00%(objectname)%00%(upstream:track)%00%(upstream:remotename)%00%(upstream:remoteref) refs/heads/main refs/remotes/main [1ms]
2025-05-27 08:20:39.112 [info] > git for-each-ref --sort -committerdate --format %(refname)%00%(objectname)%00%(*objectname) [1ms]
2025-05-27 08:20:39.147 [info] > git status -z -uall [38ms]
2025-05-27 08:20:44.163 [info] > git config --get commit.template [2ms]
2025-05-27 08:20:44.163 [info] > git for-each-ref --format=%(refname)%00%(upstream:short)%00%(objectname)%00%(upstream:track)%00%(upstream:remotename)%00%(upstream:remoteref) refs/heads/main refs/remotes/main [1ms]
2025-05-27 08:20:44.169 [info] > git for-each-ref --sort -committerdate --format %(refname)%00%(objectname)%00%(*objectname) [1ms]
2025-05-27 08:20:44.199 [info] > git status -z -uall [33ms]
2025-05-27 08:20:49.213 [info] > git config --get commit.template [2ms]
2025-05-27 08:20:49.214 [info] > git for-each-ref --format=%(refname)%00%(upstream:short)%00%(objectname)%00%(upstream:track)%00%(upstream:remotename)%00%(upstream:remoteref) refs/heads/main refs/remotes/main [1ms]
2025-05-27 08:20:49.220 [info] > git for-each-ref --sort -committerdate --format %(refname)%00%(objectname)%00%(*objectname) [1ms]
2025-05-27 08:20:49.255 [info] > git status -z -uall [38ms]
