2025-06-04 13:55:21.319 [info] [main] Log level: Info
2025-06-04 13:55:21.319 [info] [main] Validating found git in: "git"
2025-06-04 13:55:21.319 [info] [main] Using git "2.43.0" from "git"
2025-06-04 13:55:21.319 [info] [Model][doInitialScan] Initial repository scan started
2025-06-04 13:55:21.319 [info] > git rev-parse --show-toplevel [3ms]
2025-06-04 13:55:21.319 [info] > git rev-parse --git-dir --git-common-dir [21ms]
2025-06-04 13:55:21.319 [info] [Model][openRepository] Opened repository (path): /home/prachighatge
2025-06-04 13:55:21.319 [info] [Model][openRepository] Opened repository (real path): /home/prachighatge
2025-06-04 13:55:21.319 [info] > git rev-parse --show-toplevel [10ms]
2025-06-04 13:55:21.319 [info] > git config --get commit.template [14ms]
2025-06-04 13:55:21.322 [info] > git for-each-ref --format=%(refname)%00%(upstream:short)%00%(objectname)%00%(upstream:track)%00%(upstream:remotename)%00%(upstream:remoteref) refs/heads/main refs/remotes/main [5ms]
2025-06-04 13:55:21.323 [info] > git rev-parse --show-toplevel [1ms]
2025-06-04 13:55:21.326 [info] > git rev-parse --show-toplevel [1ms]
2025-06-04 13:55:21.340 [info] > git rev-parse --show-toplevel [4ms]
2025-06-04 13:55:21.340 [info] > git for-each-ref --sort -committerdate --format %(refname)%00%(objectname)%00%(*objectname) [8ms]
2025-06-04 13:55:21.349 [info] > git rev-parse --show-toplevel [2ms]
2025-06-04 13:55:21.357 [info] > git rev-parse --show-toplevel [5ms]
2025-06-04 13:55:21.361 [info] > git rev-parse --show-toplevel [1ms]
2025-06-04 13:55:21.367 [info] > git rev-parse --show-toplevel [1ms]
2025-06-04 13:55:21.372 [info] > git rev-parse --show-toplevel [0ms]
2025-06-04 13:55:21.376 [info] > git rev-parse --show-toplevel [2ms]
2025-06-04 13:55:21.379 [info] [Model][doInitialScan] Initial repository scan completed - repositories (1), closed repositories (0), parent repositories (0), unsafe repositories (0)
2025-06-04 13:55:21.402 [info] > git status -z -uall [73ms]
2025-06-04 13:55:21.506 [info] > git for-each-ref --format=%(refname)%00%(upstream:short)%00%(objectname)%00%(upstream:track)%00%(upstream:remotename)%00%(upstream:remoteref) refs/heads/main refs/remotes/main [8ms]
2025-06-04 13:55:21.510 [info] > git config --get commit.template [6ms]
2025-06-04 13:55:21.704 [info] > git config --get --local branch.main.vscode-merge-base [195ms]
2025-06-04 13:55:21.704 [warning] [Git][config] git config failed: Failed to execute git
2025-06-04 13:55:21.722 [info] > git reflog main --grep-reflog=branch: Created from *. [15ms]
2025-06-04 13:55:21.725 [info] > git for-each-ref --format=%(refname)%00%(upstream:short)%00%(objectname)%00%(upstream:track)%00%(upstream:remotename)%00%(upstream:remoteref) refs/heads/main refs/remotes/main [14ms]
2025-06-04 13:55:21.727 [info] > git symbolic-ref --short refs/remotes/origin/HEAD [2ms]
2025-06-04 13:55:21.727 [info] fatal: ref refs/remotes/origin/HEAD is not a symbolic ref
2025-06-04 13:55:21.727 [warning] [Repository][getDefaultBranch] Failed to get default branch details: Failed to execute git.
2025-06-04 13:55:21.733 [info] > git merge-base refs/heads/main refs/remotes/origin/main [3ms]
2025-06-04 13:55:21.749 [info] > git for-each-ref --sort -committerdate --format %(refname)%00%(objectname)%00%(*objectname) [6ms]
2025-06-04 13:55:21.750 [info] > git diff --name-status -z --diff-filter=ADMR d3c7720d9f7688abda10b211b568db785dc4a43a...refs/remotes/origin/main [13ms]
2025-06-04 13:55:21.828 [info] > git show --textconv :my-first-app/src/styles.css [29ms]
2025-06-04 13:55:21.828 [info] > git ls-files --stage -- my-first-app/src/styles.css [27ms]
2025-06-04 13:55:21.911 [info] > git status -z -uall [171ms]
2025-06-04 13:55:21.911 [info] > git check-ignore -v -z --stdin [85ms]
2025-06-04 13:55:21.912 [info] > git cat-file -s 4e4127778560fb88745158549b832f4e1c376d4f [82ms]
2025-06-04 13:55:22.002 [info] > git blame --root --incremental d3c7720d9f7688abda10b211b568db785dc4a43a -- my-first-app/src/styles.css [6ms]
2025-06-04 13:55:35.978 [info] > git show --textconv :my-first-app/src/App.css [10ms]
2025-06-04 13:55:35.978 [info] > git ls-files --stage -- my-first-app/src/App.css [8ms]
2025-06-04 13:55:35.982 [info] > git cat-file -s 46b201bdff1f51cb8b6f9cb8407a435f1dc6d27f [1ms]
2025-06-04 13:55:36.001 [info] > git blame --root --incremental d3c7720d9f7688abda10b211b568db785dc4a43a -- my-first-app/src/App.css [2ms]
2025-06-04 13:55:36.118 [info] > git config --get commit.template [1ms]
2025-06-04 13:55:36.121 [info] > git for-each-ref --format=%(refname)%00%(upstream:short)%00%(objectname)%00%(upstream:track)%00%(upstream:remotename)%00%(upstream:remoteref) refs/heads/main refs/remotes/main [0ms]
2025-06-04 13:55:36.128 [info] > git for-each-ref --sort -committerdate --format %(refname)%00%(objectname)%00%(*objectname) [1ms]
2025-06-04 13:55:36.176 [info] > git status -z -uall [52ms]
2025-06-04 13:55:41.242 [info] > git config --get commit.template [3ms]
2025-06-04 13:55:41.243 [info] > git for-each-ref --format=%(refname)%00%(upstream:short)%00%(objectname)%00%(upstream:track)%00%(upstream:remotename)%00%(upstream:remoteref) refs/heads/main refs/remotes/main [1ms]
2025-06-04 13:55:41.248 [info] > git for-each-ref --sort -committerdate --format %(refname)%00%(objectname)%00%(*objectname) [1ms]
2025-06-04 13:55:41.297 [info] > git status -z -uall [51ms]
2025-06-04 13:55:47.182 [info] > git config --get commit.template [4ms]
2025-06-04 13:55:47.183 [info] > git for-each-ref --format=%(refname)%00%(upstream:short)%00%(objectname)%00%(upstream:track)%00%(upstream:remotename)%00%(upstream:remoteref) refs/heads/main refs/remotes/main [2ms]
2025-06-04 13:55:47.189 [info] > git for-each-ref --sort -committerdate --format %(refname)%00%(objectname)%00%(*objectname) [1ms]
2025-06-04 13:55:47.241 [info] > git status -z -uall [55ms]
2025-06-04 13:55:52.300 [info] > git config --get commit.template [4ms]
2025-06-04 13:55:52.301 [info] > git for-each-ref --format=%(refname)%00%(upstream:short)%00%(objectname)%00%(upstream:track)%00%(upstream:remotename)%00%(upstream:remoteref) refs/heads/main refs/remotes/main [1ms]
2025-06-04 13:55:52.309 [info] > git for-each-ref --sort -committerdate --format %(refname)%00%(objectname)%00%(*objectname) [0ms]
2025-06-04 13:55:52.350 [info] > git status -z -uall [44ms]
2025-06-04 13:55:57.404 [info] > git config --get commit.template [3ms]
2025-06-04 13:55:57.405 [info] > git for-each-ref --format=%(refname)%00%(upstream:short)%00%(objectname)%00%(upstream:track)%00%(upstream:remotename)%00%(upstream:remoteref) refs/heads/main refs/remotes/main [1ms]
2025-06-04 13:55:57.411 [info] > git for-each-ref --sort -committerdate --format %(refname)%00%(objectname)%00%(*objectname) [1ms]
2025-06-04 13:55:57.452 [info] > git status -z -uall [44ms]
2025-06-04 13:56:00.746 [info] > git config --get commit.template [5ms]
2025-06-04 13:56:00.747 [info] > git for-each-ref --format=%(refname)%00%(upstream:short)%00%(objectname)%00%(upstream:track)%00%(upstream:remotename)%00%(upstream:remoteref) refs/heads/main refs/remotes/main [2ms]
2025-06-04 13:56:00.756 [info] > git for-each-ref --sort -committerdate --format %(refname)%00%(objectname)%00%(*objectname) [1ms]
2025-06-04 13:56:00.804 [info] > git status -z -uall [51ms]
2025-06-04 13:56:05.861 [info] > git config --get commit.template [4ms]
2025-06-04 13:56:05.862 [info] > git for-each-ref --format=%(refname)%00%(upstream:short)%00%(objectname)%00%(upstream:track)%00%(upstream:remotename)%00%(upstream:remoteref) refs/heads/main refs/remotes/main [1ms]
2025-06-04 13:56:05.869 [info] > git for-each-ref --sort -committerdate --format %(refname)%00%(objectname)%00%(*objectname) [1ms]
2025-06-04 13:56:05.913 [info] > git status -z -uall [48ms]
2025-06-04 13:56:40.274 [info] > git config --get commit.template [9ms]
2025-06-04 13:56:40.279 [info] > git for-each-ref --format=%(refname)%00%(upstream:short)%00%(objectname)%00%(upstream:track)%00%(upstream:remotename)%00%(upstream:remoteref) refs/heads/main refs/remotes/main [8ms]
2025-06-04 13:56:40.289 [info] > git for-each-ref --sort -committerdate --format %(refname)%00%(objectname)%00%(*objectname) [3ms]
2025-06-04 13:56:41.348 [info] > git status -z -uall [1066ms]
2025-06-04 13:56:46.450 [info] > git config --get commit.template [0ms]
2025-06-04 13:56:46.454 [info] > git for-each-ref --format=%(refname)%00%(upstream:short)%00%(objectname)%00%(upstream:track)%00%(upstream:remotename)%00%(upstream:remoteref) refs/heads/main refs/remotes/main [1ms]
2025-06-04 13:56:46.463 [info] > git for-each-ref --sort -committerdate --format %(refname)%00%(objectname)%00%(*objectname) [1ms]
2025-06-04 13:56:46.518 [info] > git status -z -uall [60ms]
2025-06-04 13:56:51.592 [info] > git config --get commit.template [3ms]
2025-06-04 13:56:51.593 [info] > git for-each-ref --format=%(refname)%00%(upstream:short)%00%(objectname)%00%(upstream:track)%00%(upstream:remotename)%00%(upstream:remoteref) refs/heads/main refs/remotes/main [1ms]
2025-06-04 13:56:51.598 [info] > git for-each-ref --sort -committerdate --format %(refname)%00%(objectname)%00%(*objectname) [1ms]
2025-06-04 13:56:51.637 [info] > git status -z -uall [42ms]
2025-06-04 13:56:57.851 [info] > git config --get commit.template [-725ms]
2025-06-04 13:56:57.852 [info] > git for-each-ref --format=%(refname)%00%(upstream:short)%00%(objectname)%00%(upstream:track)%00%(upstream:remotename)%00%(upstream:remoteref) refs/heads/main refs/remotes/main [1ms]
2025-06-04 13:56:57.864 [info] > git for-each-ref --sort -committerdate --format %(refname)%00%(objectname)%00%(*objectname) [1ms]
2025-06-04 13:56:57.916 [info] > git status -z -uall [58ms]
2025-06-04 13:56:58.949 [info] > git config --get commit.template [1ms]
2025-06-04 13:56:58.954 [info] > git for-each-ref --format=%(refname)%00%(upstream:short)%00%(objectname)%00%(upstream:track)%00%(upstream:remotename)%00%(upstream:remoteref) refs/heads/main refs/remotes/main [3ms]
2025-06-04 13:56:58.959 [info] > git for-each-ref --sort -committerdate --format %(refname)%00%(objectname)%00%(*objectname) [1ms]
2025-06-04 13:56:59.002 [info] > git status -z -uall [46ms]
2025-06-04 13:56:59.053 [info] > git merge-base refs/heads/main refs/remotes/origin/main [3ms]
2025-06-04 13:56:59.058 [info] > git blame --root --incremental 59204c9d12ffb86cea5cab90732dfe40b5996211 -- my-first-app/src/App.css [10ms]
2025-06-04 13:56:59.059 [info] > git diff --name-status -z --diff-filter=ADMR d3c7720d9f7688abda10b211b568db785dc4a43a...refs/remotes/origin/main [2ms]
2025-06-04 13:57:00.182 [info] > git ls-files --stage -- my-first-app/src/App.css [6ms]
2025-06-04 13:57:00.185 [info] > git cat-file -s 5030e1332e32e12169c257e1e7e26fda07b0f3eb [1ms]
2025-06-04 13:57:00.197 [info] > git show --textconv :my-first-app/src/App.css [6ms]
2025-06-04 13:57:01.886 [info] > git config --get commit.template [3ms]
2025-06-04 13:57:01.887 [info] > git for-each-ref --format=%(refname)%00%(upstream:short)%00%(objectname)%00%(upstream:track)%00%(upstream:remotename)%00%(upstream:remoteref) refs/heads/main refs/remotes/main [1ms]
2025-06-04 13:57:01.893 [info] > git for-each-ref --sort -committerdate --format %(refname)%00%(objectname)%00%(*objectname) [1ms]
2025-06-04 13:57:01.936 [info] > git status -z -uall [47ms]
2025-06-04 13:57:06.998 [info] > git config --get commit.template [5ms]
2025-06-04 13:57:06.999 [info] > git for-each-ref --format=%(refname)%00%(upstream:short)%00%(objectname)%00%(upstream:track)%00%(upstream:remotename)%00%(upstream:remoteref) refs/heads/main refs/remotes/main [2ms]
2025-06-04 13:57:07.006 [info] > git for-each-ref --sort -committerdate --format %(refname)%00%(objectname)%00%(*objectname) [0ms]
2025-06-04 13:57:07.048 [info] > git status -z -uall [45ms]
2025-06-04 13:57:12.099 [info] > git config --get commit.template [2ms]
2025-06-04 13:57:12.105 [info] > git for-each-ref --format=%(refname)%00%(upstream:short)%00%(objectname)%00%(upstream:track)%00%(upstream:remotename)%00%(upstream:remoteref) refs/heads/main refs/remotes/main [2ms]
2025-06-04 13:57:12.114 [info] > git for-each-ref --sort -committerdate --format %(refname)%00%(objectname)%00%(*objectname) [0ms]
2025-06-04 13:57:12.154 [info] > git status -z -uall [44ms]
2025-06-04 13:57:17.214 [info] > git config --get commit.template [3ms]
2025-06-04 13:57:17.215 [info] > git for-each-ref --format=%(refname)%00%(upstream:short)%00%(objectname)%00%(upstream:track)%00%(upstream:remotename)%00%(upstream:remoteref) refs/heads/main refs/remotes/main [1ms]
2025-06-04 13:57:17.224 [info] > git for-each-ref --sort -committerdate --format %(refname)%00%(objectname)%00%(*objectname) [1ms]
2025-06-04 13:57:17.267 [info] > git status -z -uall [48ms]
2025-06-04 13:57:22.339 [info] > git config --get commit.template [6ms]
2025-06-04 13:57:22.340 [info] > git for-each-ref --format=%(refname)%00%(upstream:short)%00%(objectname)%00%(upstream:track)%00%(upstream:remotename)%00%(upstream:remoteref) refs/heads/main refs/remotes/main [1ms]
2025-06-04 13:57:22.348 [info] > git for-each-ref --sort -committerdate --format %(refname)%00%(objectname)%00%(*objectname) [1ms]
2025-06-04 13:57:22.392 [info] > git status -z -uall [47ms]
2025-06-04 13:57:25.753 [info] > git config --get commit.template [2ms]
2025-06-04 13:57:25.754 [info] > git for-each-ref --format=%(refname)%00%(upstream:short)%00%(objectname)%00%(upstream:track)%00%(upstream:remotename)%00%(upstream:remoteref) refs/heads/main refs/remotes/main [1ms]
2025-06-04 13:57:25.760 [info] > git for-each-ref --sort -committerdate --format %(refname)%00%(objectname)%00%(*objectname) [0ms]
2025-06-04 13:57:25.803 [info] > git status -z -uall [46ms]
2025-06-04 13:58:31.368 [info] > git config --get commit.template [9ms]
2025-06-04 13:58:31.377 [info] > git for-each-ref --format=%(refname)%00%(upstream:short)%00%(objectname)%00%(upstream:track)%00%(upstream:remotename)%00%(upstream:remoteref) refs/heads/main refs/remotes/main [13ms]
2025-06-04 13:58:31.386 [info] > git for-each-ref --sort -committerdate --format %(refname)%00%(objectname)%00%(*objectname) [1ms]
2025-06-04 13:58:32.385 [info] > git status -z -uall [1004ms]
2025-06-04 13:58:33.972 [info] > git ls-files --stage -- my-first-app/src/App.css [8ms]
2025-06-04 13:58:33.976 [info] > git cat-file -s 5030e1332e32e12169c257e1e7e26fda07b0f3eb [2ms]
2025-06-04 13:58:33.992 [info] > git show --textconv :my-first-app/src/App.css [9ms]
2025-06-04 13:58:37.464 [info] > git config --get commit.template [3ms]
2025-06-04 13:58:37.464 [info] > git for-each-ref --format=%(refname)%00%(upstream:short)%00%(objectname)%00%(upstream:track)%00%(upstream:remotename)%00%(upstream:remoteref) refs/heads/main refs/remotes/main [1ms]
2025-06-04 13:58:37.472 [info] > git for-each-ref --sort -committerdate --format %(refname)%00%(objectname)%00%(*objectname) [1ms]
2025-06-04 13:58:37.517 [info] > git status -z -uall [49ms]
2025-06-04 13:58:42.580 [info] > git config --get commit.template [4ms]
2025-06-04 13:58:42.581 [info] > git for-each-ref --format=%(refname)%00%(upstream:short)%00%(objectname)%00%(upstream:track)%00%(upstream:remotename)%00%(upstream:remoteref) refs/heads/main refs/remotes/main [1ms]
2025-06-04 13:58:42.587 [info] > git for-each-ref --sort -committerdate --format %(refname)%00%(objectname)%00%(*objectname) [0ms]
2025-06-04 13:58:42.631 [info] > git status -z -uall [46ms]
2025-06-04 13:58:47.729 [info] > git config --get commit.template [3ms]
2025-06-04 13:58:47.730 [info] > git for-each-ref --format=%(refname)%00%(upstream:short)%00%(objectname)%00%(upstream:track)%00%(upstream:remotename)%00%(upstream:remoteref) refs/heads/main refs/remotes/main [2ms]
2025-06-04 13:58:47.736 [info] > git for-each-ref --sort -committerdate --format %(refname)%00%(objectname)%00%(*objectname) [1ms]
2025-06-04 13:58:47.777 [info] > git status -z -uall [44ms]
2025-06-04 13:58:51.104 [info] > git config --get commit.template [2ms]
2025-06-04 13:58:51.109 [info] > git for-each-ref --format=%(refname)%00%(upstream:short)%00%(objectname)%00%(upstream:track)%00%(upstream:remotename)%00%(upstream:remoteref) refs/heads/main refs/remotes/main [2ms]
2025-06-04 13:58:51.115 [info] > git for-each-ref --sort -committerdate --format %(refname)%00%(objectname)%00%(*objectname) [1ms]
2025-06-04 13:58:51.156 [info] > git status -z -uall [44ms]
2025-06-04 13:58:56.219 [info] > git config --get commit.template [2ms]
2025-06-04 13:58:56.227 [info] > git for-each-ref --format=%(refname)%00%(upstream:short)%00%(objectname)%00%(upstream:track)%00%(upstream:remotename)%00%(upstream:remoteref) refs/heads/main refs/remotes/main [3ms]
2025-06-04 13:58:56.241 [info] > git for-each-ref --sort -committerdate --format %(refname)%00%(objectname)%00%(*objectname) [2ms]
2025-06-04 13:58:56.288 [info] > git status -z -uall [55ms]
2025-06-04 13:59:58.323 [info] > git config --get commit.template [9ms]
2025-06-04 13:59:58.333 [info] > git for-each-ref --format=%(refname)%00%(upstream:short)%00%(objectname)%00%(upstream:track)%00%(upstream:remotename)%00%(upstream:remoteref) refs/heads/main refs/remotes/main [16ms]
2025-06-04 13:59:58.343 [info] > git for-each-ref --sort -committerdate --format %(refname)%00%(objectname)%00%(*objectname) [2ms]
2025-06-04 13:59:59.344 [info] > git status -z -uall [1006ms]
2025-06-04 14:00:04.419 [info] > git config --get commit.template [4ms]
2025-06-04 14:00:04.419 [info] > git for-each-ref --format=%(refname)%00%(upstream:short)%00%(objectname)%00%(upstream:track)%00%(upstream:remotename)%00%(upstream:remoteref) refs/heads/main refs/remotes/main [1ms]
2025-06-04 14:00:04.426 [info] > git for-each-ref --sort -committerdate --format %(refname)%00%(objectname)%00%(*objectname) [1ms]
2025-06-04 14:00:04.474 [info] > git status -z -uall [52ms]
2025-06-04 14:00:24.324 [info] > git config --get commit.template [4ms]
2025-06-04 14:00:24.325 [info] > git for-each-ref --format=%(refname)%00%(upstream:short)%00%(objectname)%00%(upstream:track)%00%(upstream:remotename)%00%(upstream:remoteref) refs/heads/main refs/remotes/main [2ms]
2025-06-04 14:00:24.334 [info] > git for-each-ref --sort -committerdate --format %(refname)%00%(objectname)%00%(*objectname) [2ms]
2025-06-04 14:00:24.387 [info] > git status -z -uall [59ms]
2025-06-04 14:00:26.945 [info] > git ls-files --stage -- my-first-app/src/App.css [10ms]
2025-06-04 14:00:26.951 [info] > git cat-file -s 5030e1332e32e12169c257e1e7e26fda07b0f3eb [2ms]
2025-06-04 14:00:26.965 [info] > git show --textconv :my-first-app/src/App.css [6ms]
2025-06-04 14:00:29.491 [info] > git config --get commit.template [2ms]
2025-06-04 14:00:29.497 [info] > git for-each-ref --format=%(refname)%00%(upstream:short)%00%(objectname)%00%(upstream:track)%00%(upstream:remotename)%00%(upstream:remoteref) refs/heads/main refs/remotes/main [2ms]
2025-06-04 14:00:29.506 [info] > git for-each-ref --sort -committerdate --format %(refname)%00%(objectname)%00%(*objectname) [1ms]
2025-06-04 14:00:29.557 [info] > git status -z -uall [55ms]
2025-06-04 14:00:34.644 [info] > git config --get commit.template [5ms]
2025-06-04 14:00:34.645 [info] > git for-each-ref --format=%(refname)%00%(upstream:short)%00%(objectname)%00%(upstream:track)%00%(upstream:remotename)%00%(upstream:remoteref) refs/heads/main refs/remotes/main [2ms]
2025-06-04 14:00:34.654 [info] > git for-each-ref --sort -committerdate --format %(refname)%00%(objectname)%00%(*objectname) [1ms]
2025-06-04 14:00:34.697 [info] > git status -z -uall [46ms]
2025-06-04 14:00:40.908 [info] > git config --get commit.template [1ms]
2025-06-04 14:00:40.913 [info] > git for-each-ref --format=%(refname)%00%(upstream:short)%00%(objectname)%00%(upstream:track)%00%(upstream:remotename)%00%(upstream:remoteref) refs/heads/main refs/remotes/main [1ms]
2025-06-04 14:00:40.922 [info] > git for-each-ref --sort -committerdate --format %(refname)%00%(objectname)%00%(*objectname) [1ms]
2025-06-04 14:00:40.972 [info] > git status -z -uall [55ms]
2025-06-04 14:00:44.212 [info] > git config --get commit.template [1ms]
2025-06-04 14:00:44.217 [info] > git for-each-ref --format=%(refname)%00%(upstream:short)%00%(objectname)%00%(upstream:track)%00%(upstream:remotename)%00%(upstream:remoteref) refs/heads/main refs/remotes/main [1ms]
2025-06-04 14:00:44.222 [info] > git for-each-ref --sort -committerdate --format %(refname)%00%(objectname)%00%(*objectname) [1ms]
2025-06-04 14:00:44.270 [info] > git status -z -uall [51ms]
2025-06-04 14:00:49.343 [info] > git config --get commit.template [3ms]
2025-06-04 14:00:49.344 [info] > git for-each-ref --format=%(refname)%00%(upstream:short)%00%(objectname)%00%(upstream:track)%00%(upstream:remotename)%00%(upstream:remoteref) refs/heads/main refs/remotes/main [1ms]
2025-06-04 14:00:49.350 [info] > git for-each-ref --sort -committerdate --format %(refname)%00%(objectname)%00%(*objectname) [0ms]
2025-06-04 14:00:49.394 [info] > git status -z -uall [46ms]
2025-06-04 14:00:54.456 [info] > git config --get commit.template [5ms]
2025-06-04 14:00:54.457 [info] > git for-each-ref --format=%(refname)%00%(upstream:short)%00%(objectname)%00%(upstream:track)%00%(upstream:remotename)%00%(upstream:remoteref) refs/heads/main refs/remotes/main [2ms]
2025-06-04 14:00:54.462 [info] > git for-each-ref --sort -committerdate --format %(refname)%00%(objectname)%00%(*objectname) [1ms]
2025-06-04 14:00:54.508 [info] > git status -z -uall [49ms]
2025-06-04 14:00:59.569 [info] > git config --get commit.template [2ms]
2025-06-04 14:00:59.575 [info] > git for-each-ref --format=%(refname)%00%(upstream:short)%00%(objectname)%00%(upstream:track)%00%(upstream:remotename)%00%(upstream:remoteref) refs/heads/main refs/remotes/main [2ms]
2025-06-04 14:00:59.583 [info] > git for-each-ref --sort -committerdate --format %(refname)%00%(objectname)%00%(*objectname) [2ms]
2025-06-04 14:00:59.626 [info] > git status -z -uall [47ms]
2025-06-04 14:01:02.289 [info] > git config --get commit.template [0ms]
2025-06-04 14:01:02.292 [info] > git for-each-ref --format=%(refname)%00%(upstream:short)%00%(objectname)%00%(upstream:track)%00%(upstream:remotename)%00%(upstream:remoteref) refs/heads/main refs/remotes/main [1ms]
2025-06-04 14:01:02.299 [info] > git for-each-ref --sort -committerdate --format %(refname)%00%(objectname)%00%(*objectname) [1ms]
2025-06-04 14:01:02.346 [info] > git status -z -uall [51ms]
2025-06-04 14:01:02.399 [info] > git merge-base refs/heads/main refs/remotes/origin/main [1ms]
2025-06-04 14:01:02.405 [info] > git diff --name-status -z --diff-filter=ADMR 59204c9d12ffb86cea5cab90732dfe40b5996211...refs/remotes/origin/main [3ms]
2025-06-04 14:01:03.713 [info] > git ls-files --stage -- my-first-app/src/App.css [4ms]
2025-06-04 14:01:03.717 [info] > git cat-file -s 5030e1332e32e12169c257e1e7e26fda07b0f3eb [1ms]
2025-06-04 14:01:03.739 [info] > git show --textconv :my-first-app/src/App.css [11ms]
2025-06-04 14:01:04.680 [info] > git config --get commit.template [4ms]
2025-06-04 14:01:04.680 [info] > git for-each-ref --format=%(refname)%00%(upstream:short)%00%(objectname)%00%(upstream:track)%00%(upstream:remotename)%00%(upstream:remoteref) refs/heads/main refs/remotes/main [1ms]
2025-06-04 14:01:04.687 [info] > git for-each-ref --sort -committerdate --format %(refname)%00%(objectname)%00%(*objectname) [1ms]
2025-06-04 14:01:04.730 [info] > git status -z -uall [47ms]
2025-06-04 14:01:09.798 [info] > git config --get commit.template [5ms]
2025-06-04 14:01:09.799 [info] > git for-each-ref --format=%(refname)%00%(upstream:short)%00%(objectname)%00%(upstream:track)%00%(upstream:remotename)%00%(upstream:remoteref) refs/heads/main refs/remotes/main [1ms]
2025-06-04 14:01:09.813 [info] > git for-each-ref --sort -committerdate --format %(refname)%00%(objectname)%00%(*objectname) [3ms]
2025-06-04 14:01:09.860 [info] > git status -z -uall [56ms]
2025-06-04 14:01:13.078 [info] > git config --get commit.template [4ms]
2025-06-04 14:01:13.078 [info] > git for-each-ref --format=%(refname)%00%(upstream:short)%00%(objectname)%00%(upstream:track)%00%(upstream:remotename)%00%(upstream:remoteref) refs/heads/main refs/remotes/main [1ms]
2025-06-04 14:01:13.086 [info] > git for-each-ref --sort -committerdate --format %(refname)%00%(objectname)%00%(*objectname) [2ms]
2025-06-04 14:01:13.136 [info] > git status -z -uall [54ms]
2025-06-04 14:01:18.194 [info] > git config --get commit.template [0ms]
2025-06-04 14:01:18.197 [info] > git for-each-ref --format=%(refname)%00%(upstream:short)%00%(objectname)%00%(upstream:track)%00%(upstream:remotename)%00%(upstream:remoteref) refs/heads/main refs/remotes/main [1ms]
2025-06-04 14:01:18.203 [info] > git for-each-ref --sort -committerdate --format %(refname)%00%(objectname)%00%(*objectname) [1ms]
2025-06-04 14:01:18.247 [info] > git status -z -uall [47ms]
2025-06-04 14:01:23.315 [info] > git config --get commit.template [6ms]
2025-06-04 14:01:23.316 [info] > git for-each-ref --format=%(refname)%00%(upstream:short)%00%(objectname)%00%(upstream:track)%00%(upstream:remotename)%00%(upstream:remoteref) refs/heads/main refs/remotes/main [2ms]
2025-06-04 14:01:23.324 [info] > git for-each-ref --sort -committerdate --format %(refname)%00%(objectname)%00%(*objectname) [0ms]
2025-06-04 14:01:23.366 [info] > git status -z -uall [46ms]
2025-06-04 14:01:28.430 [info] > git config --get commit.template [4ms]
2025-06-04 14:01:28.430 [info] > git for-each-ref --format=%(refname)%00%(upstream:short)%00%(objectname)%00%(upstream:track)%00%(upstream:remotename)%00%(upstream:remoteref) refs/heads/main refs/remotes/main [1ms]
2025-06-04 14:01:28.438 [info] > git for-each-ref --sort -committerdate --format %(refname)%00%(objectname)%00%(*objectname) [0ms]
2025-06-04 14:01:28.487 [info] > git status -z -uall [54ms]
2025-06-04 14:04:56.010 [info] > git config --get commit.template [14ms]
2025-06-04 14:04:56.017 [info] > git for-each-ref --format=%(refname)%00%(upstream:short)%00%(objectname)%00%(upstream:track)%00%(upstream:remotename)%00%(upstream:remoteref) refs/heads/main refs/remotes/main [14ms]
2025-06-04 14:04:56.027 [info] > git for-each-ref --sort -committerdate --format %(refname)%00%(objectname)%00%(*objectname) [3ms]
2025-06-04 14:04:57.037 [info] > git status -z -uall [1017ms]
2025-06-04 14:05:00.316 [info] > git config --get commit.template [1ms]
2025-06-04 14:05:00.320 [info] > git for-each-ref --format=%(refname)%00%(upstream:short)%00%(objectname)%00%(upstream:track)%00%(upstream:remotename)%00%(upstream:remoteref) refs/heads/main refs/remotes/main [1ms]
2025-06-04 14:05:00.326 [info] > git for-each-ref --sort -committerdate --format %(refname)%00%(objectname)%00%(*objectname) [1ms]
2025-06-04 14:05:00.371 [info] > git status -z -uall [48ms]
2025-06-04 14:05:04.298 [info] > git ls-files --stage -- my-first-app/src/index.css [6ms]
2025-06-04 14:05:04.301 [info] > git show --textconv :my-first-app/src/index.css [12ms]
2025-06-04 14:05:04.302 [info] > git cat-file -s ec2585e8c0bb8188184ed1e0703c4c8f2a8419b0 [1ms]
2025-06-04 14:05:05.436 [info] > git config --get commit.template [5ms]
2025-06-04 14:05:05.437 [info] > git for-each-ref --format=%(refname)%00%(upstream:short)%00%(objectname)%00%(upstream:track)%00%(upstream:remotename)%00%(upstream:remoteref) refs/heads/main refs/remotes/main [2ms]
2025-06-04 14:05:05.443 [info] > git for-each-ref --sort -committerdate --format %(refname)%00%(objectname)%00%(*objectname) [1ms]
2025-06-04 14:05:05.484 [info] > git status -z -uall [44ms]
2025-06-04 14:05:06.481 [info] > git blame --root --incremental 59204c9d12ffb86cea5cab90732dfe40b5996211 -- my-first-app/src/index.css [12ms]
2025-06-04 14:05:09.796 [info] > git ls-files --stage -- my-first-app/src/styles.css [6ms]
2025-06-04 14:05:09.799 [info] > git show --textconv :my-first-app/src/styles.css [11ms]
2025-06-04 14:05:09.800 [info] > git cat-file -s bfa7e4318bd43bd83971eee9dcc5566cb86238c6 [1ms]
2025-06-04 14:05:09.861 [info] > git blame --root --incremental 59204c9d12ffb86cea5cab90732dfe40b5996211 -- my-first-app/src/styles.css [4ms]
2025-06-04 14:05:10.552 [info] > git config --get commit.template [1ms]
2025-06-04 14:05:10.556 [info] > git for-each-ref --format=%(refname)%00%(upstream:short)%00%(objectname)%00%(upstream:track)%00%(upstream:remotename)%00%(upstream:remoteref) refs/heads/main refs/remotes/main [2ms]
2025-06-04 14:05:10.561 [info] > git for-each-ref --sort -committerdate --format %(refname)%00%(objectname)%00%(*objectname) [1ms]
2025-06-04 14:05:10.603 [info] > git status -z -uall [45ms]
2025-06-04 14:05:15.658 [info] > git config --get commit.template [4ms]
2025-06-04 14:05:15.659 [info] > git for-each-ref --format=%(refname)%00%(upstream:short)%00%(objectname)%00%(upstream:track)%00%(upstream:remotename)%00%(upstream:remoteref) refs/heads/main refs/remotes/main [2ms]
2025-06-04 14:05:15.665 [info] > git for-each-ref --sort -committerdate --format %(refname)%00%(objectname)%00%(*objectname) [1ms]
2025-06-04 14:05:15.708 [info] > git status -z -uall [47ms]
2025-06-04 14:05:20.773 [info] > git config --get commit.template [5ms]
2025-06-04 14:05:20.774 [info] > git for-each-ref --format=%(refname)%00%(upstream:short)%00%(objectname)%00%(upstream:track)%00%(upstream:remotename)%00%(upstream:remoteref) refs/heads/main refs/remotes/main [2ms]
2025-06-04 14:05:20.781 [info] > git for-each-ref --sort -committerdate --format %(refname)%00%(objectname)%00%(*objectname) [1ms]
2025-06-04 14:05:20.823 [info] > git status -z -uall [46ms]
2025-06-04 14:05:25.883 [info] > git config --get commit.template [5ms]
2025-06-04 14:05:25.884 [info] > git for-each-ref --format=%(refname)%00%(upstream:short)%00%(objectname)%00%(upstream:track)%00%(upstream:remotename)%00%(upstream:remoteref) refs/heads/main refs/remotes/main [1ms]
2025-06-04 14:05:25.892 [info] > git for-each-ref --sort -committerdate --format %(refname)%00%(objectname)%00%(*objectname) [1ms]
2025-06-04 14:05:25.938 [info] > git status -z -uall [50ms]
2025-06-04 14:05:29.201 [info] > git config --get commit.template [1ms]
2025-06-04 14:05:29.204 [info] > git for-each-ref --format=%(refname)%00%(upstream:short)%00%(objectname)%00%(upstream:track)%00%(upstream:remotename)%00%(upstream:remoteref) refs/heads/main refs/remotes/main [1ms]
2025-06-04 14:05:29.210 [info] > git for-each-ref --sort -committerdate --format %(refname)%00%(objectname)%00%(*objectname) [1ms]
2025-06-04 14:05:29.257 [info] > git status -z -uall [50ms]
2025-06-04 14:05:34.320 [info] > git config --get commit.template [4ms]
2025-06-04 14:05:34.321 [info] > git for-each-ref --format=%(refname)%00%(upstream:short)%00%(objectname)%00%(upstream:track)%00%(upstream:remotename)%00%(upstream:remoteref) refs/heads/main refs/remotes/main [1ms]
2025-06-04 14:05:34.327 [info] > git for-each-ref --sort -committerdate --format %(refname)%00%(objectname)%00%(*objectname) [1ms]
2025-06-04 14:05:34.377 [info] > git status -z -uall [52ms]
2025-06-04 14:05:39.458 [info] > git config --get commit.template [1ms]
2025-06-04 14:05:39.463 [info] > git for-each-ref --format=%(refname)%00%(upstream:short)%00%(objectname)%00%(upstream:track)%00%(upstream:remotename)%00%(upstream:remoteref) refs/heads/main refs/remotes/main [1ms]
2025-06-04 14:05:39.468 [info] > git for-each-ref --sort -committerdate --format %(refname)%00%(objectname)%00%(*objectname) [1ms]
2025-06-04 14:05:39.525 [info] > git status -z -uall [60ms]
2025-06-04 14:05:44.596 [info] > git config --get commit.template [5ms]
2025-06-04 14:05:44.596 [info] > git for-each-ref --format=%(refname)%00%(upstream:short)%00%(objectname)%00%(upstream:track)%00%(upstream:remotename)%00%(upstream:remoteref) refs/heads/main refs/remotes/main [1ms]
2025-06-04 14:05:44.602 [info] > git for-each-ref --sort -committerdate --format %(refname)%00%(objectname)%00%(*objectname) [0ms]
2025-06-04 14:05:44.645 [info] > git status -z -uall [45ms]
2025-06-04 14:05:49.721 [info] > git config --get commit.template [2ms]
2025-06-04 14:05:49.722 [info] > git for-each-ref --format=%(refname)%00%(upstream:short)%00%(objectname)%00%(upstream:track)%00%(upstream:remotename)%00%(upstream:remoteref) refs/heads/main refs/remotes/main [1ms]
2025-06-04 14:05:49.728 [info] > git for-each-ref --sort -committerdate --format %(refname)%00%(objectname)%00%(*objectname) [1ms]
2025-06-04 14:05:49.771 [info] > git status -z -uall [46ms]
2025-06-04 14:05:54.111 [info] > git config --get commit.template [3ms]
2025-06-04 14:05:54.111 [info] > git for-each-ref --format=%(refname)%00%(upstream:short)%00%(objectname)%00%(upstream:track)%00%(upstream:remotename)%00%(upstream:remoteref) refs/heads/main refs/remotes/main [1ms]
2025-06-04 14:05:54.117 [info] > git for-each-ref --sort -committerdate --format %(refname)%00%(objectname)%00%(*objectname) [1ms]
2025-06-04 14:05:54.157 [info] > git status -z -uall [43ms]
2025-06-04 14:05:58.161 [info] > git config --get commit.template [2ms]
2025-06-04 14:05:58.167 [info] > git for-each-ref --format=%(refname)%00%(upstream:short)%00%(objectname)%00%(upstream:track)%00%(upstream:remotename)%00%(upstream:remoteref) refs/heads/main refs/remotes/main [2ms]
2025-06-04 14:05:58.174 [info] > git for-each-ref --sort -committerdate --format %(refname)%00%(objectname)%00%(*objectname) [0ms]
2025-06-04 14:05:58.216 [info] > git status -z -uall [45ms]
2025-06-04 14:06:00.580 [info] > git show --textconv :my-first-app/src/App.css [10ms]
2025-06-04 14:06:00.580 [info] > git ls-files --stage -- my-first-app/src/App.css [7ms]
2025-06-04 14:06:00.583 [info] > git cat-file -s 5030e1332e32e12169c257e1e7e26fda07b0f3eb [1ms]
2025-06-04 14:06:03.293 [info] > git config --get commit.template [4ms]
2025-06-04 14:06:03.294 [info] > git for-each-ref --format=%(refname)%00%(upstream:short)%00%(objectname)%00%(upstream:track)%00%(upstream:remotename)%00%(upstream:remoteref) refs/heads/main refs/remotes/main [2ms]
2025-06-04 14:06:03.300 [info] > git for-each-ref --sort -committerdate --format %(refname)%00%(objectname)%00%(*objectname) [1ms]
2025-06-04 14:06:03.349 [info] > git status -z -uall [52ms]
2025-06-04 14:06:08.420 [info] > git config --get commit.template [5ms]
2025-06-04 14:06:08.421 [info] > git for-each-ref --format=%(refname)%00%(upstream:short)%00%(objectname)%00%(upstream:track)%00%(upstream:remotename)%00%(upstream:remoteref) refs/heads/main refs/remotes/main [2ms]
2025-06-04 14:06:08.427 [info] > git for-each-ref --sort -committerdate --format %(refname)%00%(objectname)%00%(*objectname) [1ms]
2025-06-04 14:06:08.470 [info] > git status -z -uall [46ms]
2025-06-04 14:06:14.547 [info] > git config --get commit.template [4ms]
2025-06-04 14:06:14.548 [info] > git for-each-ref --format=%(refname)%00%(upstream:short)%00%(objectname)%00%(upstream:track)%00%(upstream:remotename)%00%(upstream:remoteref) refs/heads/main refs/remotes/main [1ms]
2025-06-04 14:06:14.557 [info] > git for-each-ref --sort -committerdate --format %(refname)%00%(objectname)%00%(*objectname) [1ms]
2025-06-04 14:06:14.606 [info] > git status -z -uall [54ms]
2025-06-04 14:06:22.483 [info] > git config --get commit.template [20ms]
2025-06-04 14:06:22.492 [info] > git for-each-ref --format=%(refname)%00%(upstream:short)%00%(objectname)%00%(upstream:track)%00%(upstream:remotename)%00%(upstream:remoteref) refs/heads/main refs/remotes/main [2ms]
2025-06-04 14:06:22.510 [info] > git for-each-ref --sort -committerdate --format %(refname)%00%(objectname)%00%(*objectname) [2ms]
2025-06-04 14:06:22.578 [info] > git status -z -uall [76ms]
2025-06-04 14:06:27.668 [info] > git config --get commit.template [1ms]
2025-06-04 14:06:27.671 [info] > git for-each-ref --format=%(refname)%00%(upstream:short)%00%(objectname)%00%(upstream:track)%00%(upstream:remotename)%00%(upstream:remoteref) refs/heads/main refs/remotes/main [1ms]
2025-06-04 14:06:27.677 [info] > git for-each-ref --sort -committerdate --format %(refname)%00%(objectname)%00%(*objectname) [1ms]
2025-06-04 14:06:27.719 [info] > git status -z -uall [45ms]
2025-06-04 14:06:32.777 [info] > git config --get commit.template [1ms]
2025-06-04 14:06:32.782 [info] > git for-each-ref --format=%(refname)%00%(upstream:short)%00%(objectname)%00%(upstream:track)%00%(upstream:remotename)%00%(upstream:remoteref) refs/heads/main refs/remotes/main [1ms]
2025-06-04 14:06:32.789 [info] > git for-each-ref --sort -committerdate --format %(refname)%00%(objectname)%00%(*objectname) [1ms]
2025-06-04 14:06:32.832 [info] > git status -z -uall [46ms]
2025-06-04 14:06:37.891 [info] > git config --get commit.template [4ms]
2025-06-04 14:06:37.891 [info] > git for-each-ref --format=%(refname)%00%(upstream:short)%00%(objectname)%00%(upstream:track)%00%(upstream:remotename)%00%(upstream:remoteref) refs/heads/main refs/remotes/main [1ms]
2025-06-04 14:06:37.897 [info] > git for-each-ref --sort -committerdate --format %(refname)%00%(objectname)%00%(*objectname) [1ms]
2025-06-04 14:06:37.938 [info] > git status -z -uall [44ms]
2025-06-04 14:06:38.859 [info] > git show --textconv :my-first-app/src/styles.css [5ms]
2025-06-04 14:06:38.860 [info] > git ls-files --stage -- my-first-app/src/styles.css [5ms]
2025-06-04 14:06:38.863 [info] > git cat-file -s bfa7e4318bd43bd83971eee9dcc5566cb86238c6 [0ms]
2025-06-04 14:06:42.985 [info] > git config --get commit.template [0ms]
2025-06-04 14:06:42.988 [info] > git for-each-ref --format=%(refname)%00%(upstream:short)%00%(objectname)%00%(upstream:track)%00%(upstream:remotename)%00%(upstream:remoteref) refs/heads/main refs/remotes/main [0ms]
2025-06-04 14:06:42.995 [info] > git for-each-ref --sort -committerdate --format %(refname)%00%(objectname)%00%(*objectname) [0ms]
2025-06-04 14:06:43.048 [info] > git status -z -uall [57ms]
