2025-06-04 13:03:32.734 [info] Extension host with pid 579 started
2025-06-04 13:03:32.734 [error] Error: EEXIST: file already exists, open '/home/prachighatge/.vscode-server/data/User/workspaceStorage/f9f0e80ace99e668b3e867bcad2b6309/vscode.lock'
2025-06-04 13:03:32.734 [info] Lock '/home/prachighatge/.vscode-server/data/User/workspaceStorage/f9f0e80ace99e668b3e867bcad2b6309/vscode.lock': Could not acquire lock, checking if the file is stale.
2025-06-04 13:03:32.872 [info] ExtensionService#_doActivateExtension vscode.tunnel-forwarding, startup: false, activationEvent: 'onTunnel'
2025-06-04 13:03:32.873 [info] ExtensionService#_doActivateExtension vscode.emmet, startup: false, activationEvent: 'onLanguage'
2025-06-04 13:03:32.874 [info] ExtensionService#_doActivateExtension vscode.css-language-features, startup: false, activationEvent: 'onLanguage:css'
2025-06-04 13:03:33.090 [info] Lock '/home/prachighatge/.vscode-server/data/User/workspaceStorage/f9f0e80ace99e668b3e867bcad2b6309/vscode.lock': The pid 2107 appears to be gone.
2025-06-04 13:03:33.090 [info] Lock '/home/prachighatge/.vscode-server/data/User/workspaceStorage/f9f0e80ace99e668b3e867bcad2b6309/vscode.lock': Deleting a stale lock.
2025-06-04 13:03:33.113 [info] Lock '/home/prachighatge/.vscode-server/data/User/workspaceStorage/f9f0e80ace99e668b3e867bcad2b6309/vscode.lock': Lock acquired.
2025-06-04 13:03:33.877 [info] ExtensionService#_doActivateExtension vscode.git-base, startup: true, activationEvent: '*', root cause: vscode.git
2025-06-04 13:03:33.903 [info] ExtensionService#_doActivateExtension vscode.npm, startup: true, activationEvent: 'workspaceContains:package.json'
2025-06-04 13:03:34.070 [info] ExtensionService#_doActivateExtension vscode.git, startup: true, activationEvent: '*'
2025-06-04 13:03:34.071 [info] ExtensionService#_doActivateExtension vscode.github, startup: true, activationEvent: '*'
2025-06-04 13:03:34.636 [info] Eager extensions activated
2025-06-04 13:03:34.636 [info] ExtensionService#_doActivateExtension vscode.debug-auto-launch, startup: false, activationEvent: 'onStartupFinished'
2025-06-04 13:03:34.637 [info] ExtensionService#_doActivateExtension vscode.merge-conflict, startup: false, activationEvent: 'onStartupFinished'
2025-06-04 13:03:35.544 [warning] [Decorations] CAPPING events from decorations provider vscode.git 526
2025-06-04 13:03:36.081 [warning] [Decorations] CAPPING events from decorations provider vscode.git 526
2025-06-04 13:03:39.755 [info] ExtensionService#_doActivateExtension vscode.configuration-editing, startup: false, activationEvent: 'onLanguage:json'
2025-06-04 13:03:39.755 [info] ExtensionService#_doActivateExtension vscode.extension-editing, startup: false, activationEvent: 'onLanguage:json'
2025-06-04 13:03:39.755 [info] ExtensionService#_doActivateExtension vscode.json-language-features, startup: false, activationEvent: 'onLanguage:json'
2025-06-04 13:04:02.116 [warning] [Decorations] CAPPING events from decorations provider vscode.git 543
2025-06-04 13:04:07.275 [warning] [Decorations] CAPPING events from decorations provider vscode.git 545
2025-06-04 13:04:14.675 [warning] [Decorations] CAPPING events from decorations provider vscode.git 543
2025-06-04 13:05:47.398 [warning] [Decorations] CAPPING events from decorations provider vscode.git 543
2025-06-04 13:05:54.820 [warning] [Decorations] CAPPING events from decorations provider vscode.git 543
2025-06-04 13:05:59.904 [warning] [Decorations] CAPPING events from decorations provider vscode.git 543
2025-06-04 13:06:04.995 [warning] [Decorations] CAPPING events from decorations provider vscode.git 543
2025-06-04 13:06:10.115 [warning] [Decorations] CAPPING events from decorations provider vscode.git 543
2025-06-04 13:06:15.211 [warning] [Decorations] CAPPING events from decorations provider vscode.git 543
2025-06-04 13:06:20.287 [warning] [Decorations] CAPPING events from decorations provider vscode.git 543
2025-06-04 13:06:23.929 [warning] [Decorations] CAPPING events from decorations provider vscode.git 543
2025-06-04 13:06:29.015 [warning] [Decorations] CAPPING events from decorations provider vscode.git 543
2025-06-04 13:06:34.112 [warning] [Decorations] CAPPING events from decorations provider vscode.git 543
2025-06-04 13:07:34.938 [warning] [Decorations] CAPPING events from decorations provider vscode.git 543
2025-06-04 13:07:40.013 [warning] [Decorations] CAPPING events from decorations provider vscode.git 543
2025-06-04 13:07:45.093 [warning] [Decorations] CAPPING events from decorations provider vscode.git 543
2025-06-04 13:07:48.809 [warning] [Decorations] CAPPING events from decorations provider vscode.git 543
2025-06-04 13:07:53.891 [warning] [Decorations] CAPPING events from decorations provider vscode.git 544
2025-06-04 13:07:58.985 [warning] [Decorations] CAPPING events from decorations provider vscode.git 544
2025-06-04 13:08:04.068 [warning] [Decorations] CAPPING events from decorations provider vscode.git 544
2025-06-04 13:08:09.165 [warning] [Decorations] CAPPING events from decorations provider vscode.git 544
2025-06-04 13:08:14.260 [warning] [Decorations] CAPPING events from decorations provider vscode.git 544
2025-06-04 13:08:18.066 [warning] [Decorations] CAPPING events from decorations provider vscode.git 547
2025-06-04 13:08:21.423 [info] ExtensionService#_doActivateExtension vscode.markdown-language-features, startup: false, activationEvent: 'onLanguage:markdown'
2025-06-04 13:08:21.874 [info] ExtensionService#_doActivateExtension vscode.markdown-math, startup: false, activationEvent: 'api', root cause: vscode.markdown-language-features
2025-06-04 13:08:23.139 [warning] [Decorations] CAPPING events from decorations provider vscode.git 548
2025-06-04 13:08:29.660 [warning] [Decorations] CAPPING events from decorations provider vscode.git 549
2025-06-04 13:08:34.722 [warning] [Decorations] CAPPING events from decorations provider vscode.git 550
2025-06-04 13:08:39.810 [warning] [Decorations] CAPPING events from decorations provider vscode.git 550
2025-06-04 13:08:43.506 [warning] [Decorations] CAPPING events from decorations provider vscode.git 549
2025-06-04 13:08:48.581 [warning] [Decorations] CAPPING events from decorations provider vscode.git 549
2025-06-04 13:08:53.651 [warning] [Decorations] CAPPING events from decorations provider vscode.git 549
2025-06-04 13:08:58.710 [warning] [Decorations] CAPPING events from decorations provider vscode.git 549
2025-06-04 13:09:03.782 [warning] [Decorations] CAPPING events from decorations provider vscode.git 549
2025-06-04 13:10:21.463 [warning] [Decorations] CAPPING events from decorations provider vscode.git 549
2025-06-04 13:10:26.893 [warning] [Decorations] CAPPING events from decorations provider vscode.git 549
2025-06-04 13:10:37.828 [warning] [Decorations] CAPPING events from decorations provider vscode.git 552
2025-06-04 13:10:42.888 [warning] [Decorations] CAPPING events from decorations provider vscode.git 549
2025-06-04 13:10:47.957 [warning] [Decorations] CAPPING events from decorations provider vscode.git 549
2025-06-04 13:12:18.926 [warning] [Decorations] CAPPING events from decorations provider vscode.git 549
2025-06-04 13:12:24.006 [warning] [Decorations] CAPPING events from decorations provider vscode.git 549
2025-06-04 13:12:29.088 [warning] [Decorations] CAPPING events from decorations provider vscode.git 549
2025-06-04 13:12:33.222 [warning] [Decorations] CAPPING events from decorations provider vscode.git 549
2025-06-04 13:12:38.298 [warning] [Decorations] CAPPING events from decorations provider vscode.git 549
2025-06-04 13:12:43.351 [warning] [Decorations] CAPPING events from decorations provider vscode.git 549
2025-06-04 13:12:48.417 [warning] [Decorations] CAPPING events from decorations provider vscode.git 549
2025-06-04 13:12:53.492 [warning] [Decorations] CAPPING events from decorations provider vscode.git 549
2025-06-04 13:13:45.038 [warning] [Decorations] CAPPING events from decorations provider vscode.git 549
2025-06-04 13:13:50.117 [warning] [Decorations] CAPPING events from decorations provider vscode.git 549
2025-06-04 13:13:56.098 [warning] [Decorations] CAPPING events from decorations provider vscode.git 549
2025-06-04 13:13:59.730 [warning] [Decorations] CAPPING events from decorations provider vscode.git 550
2025-06-04 13:14:04.645 [info] Extension host terminating: received terminate message from renderer
2025-06-04 13:14:04.645 [info] Lock '/home/prachighatge/.vscode-server/data/User/workspaceStorage/f9f0e80ace99e668b3e867bcad2b6309/vscode.lock': Marking the lockfile as scheduled to be released in 6000 ms.
2025-06-04 13:14:04.686 [info] Extension host with pid 579 exiting with code 0
