2025-06-04 13:30:02.222 [info] [main] Log level: Info
2025-06-04 13:30:02.222 [info] [main] Validating found git in: "git"
2025-06-04 13:30:02.222 [info] [main] Using git "2.43.0" from "git"
2025-06-04 13:30:02.222 [info] [Model][doInitialScan] Initial repository scan started
2025-06-04 13:30:02.222 [info] > git rev-parse --show-toplevel [2ms]
2025-06-04 13:30:02.222 [info] > git rev-parse --git-dir --git-common-dir [2ms]
2025-06-04 13:30:02.222 [info] [Model][openRepository] Opened repository (path): /home/prachighatge
2025-06-04 13:30:02.222 [info] [Model][openRepository] Opened repository (real path): /home/prachighatge
2025-06-04 13:30:02.248 [info] > git config --get commit.template [28ms]
2025-06-04 13:30:02.260 [info] > git rev-parse --show-toplevel [39ms]
2025-06-04 13:30:02.268 [info] > git rev-parse --show-toplevel [2ms]
2025-06-04 13:30:02.273 [info] > git rev-parse --show-toplevel [1ms]
2025-06-04 13:30:02.273 [info] > git for-each-ref --format=%(refname)%00%(upstream:short)%00%(objectname)%00%(upstream:track)%00%(upstream:remotename)%00%(upstream:remoteref) refs/heads/main refs/remotes/main [9ms]
2025-06-04 13:30:02.277 [info] > git rev-parse --show-toplevel [1ms]
2025-06-04 13:30:02.286 [info] > git rev-parse --show-toplevel [7ms]
2025-06-04 13:30:02.291 [info] > git rev-parse --show-toplevel [3ms]
2025-06-04 13:30:02.291 [info] > git for-each-ref --sort -committerdate --format %(refname)%00%(objectname)%00%(*objectname) [6ms]
2025-06-04 13:30:02.298 [info] > git rev-parse --show-toplevel [3ms]
2025-06-04 13:30:02.301 [info] > git rev-parse --show-toplevel [1ms]
2025-06-04 13:30:02.306 [info] > git rev-parse --show-toplevel [1ms]
2025-06-04 13:30:02.309 [info] > git rev-parse --show-toplevel [1ms]
2025-06-04 13:30:02.315 [info] [Model][doInitialScan] Initial repository scan completed - repositories (1), closed repositories (0), parent repositories (0), unsafe repositories (0)
2025-06-04 13:30:02.398 [info] > git status -z -uall [116ms]
2025-06-04 13:30:02.487 [info] > git for-each-ref --format=%(refname)%00%(upstream:short)%00%(objectname)%00%(upstream:track)%00%(upstream:remotename)%00%(upstream:remoteref) refs/heads/main refs/remotes/main [5ms]
2025-06-04 13:30:02.490 [info] > git config --get commit.template [4ms]
2025-06-04 13:30:02.491 [info] > git config --get --local branch.main.vscode-merge-base [2ms]
2025-06-04 13:30:02.491 [warning] [Git][config] git config failed: Failed to execute git
2025-06-04 13:30:02.498 [info] > git for-each-ref --format=%(refname)%00%(upstream:short)%00%(objectname)%00%(upstream:track)%00%(upstream:remotename)%00%(upstream:remoteref) refs/heads/main refs/remotes/main [3ms]
2025-06-04 13:30:02.712 [info] > git for-each-ref --sort -committerdate --format %(refname)%00%(objectname)%00%(*objectname) [207ms]
2025-06-04 13:30:02.712 [info] > git reflog main --grep-reflog=branch: Created from *. [219ms]
2025-06-04 13:30:02.722 [info] > git status -z -uall [221ms]
2025-06-04 13:30:02.723 [info] > git symbolic-ref --short refs/remotes/origin/HEAD [7ms]
2025-06-04 13:30:02.723 [info] fatal: ref refs/remotes/origin/HEAD is not a symbolic ref
2025-06-04 13:30:02.723 [warning] [Repository][getDefaultBranch] Failed to get default branch details: Failed to execute git.
2025-06-04 13:30:02.820 [info] > git merge-base refs/heads/main refs/remotes/origin/main [11ms]
2025-06-04 13:30:02.823 [info] > git merge-base refs/heads/main refs/remotes/origin/main [96ms]
2025-06-04 13:30:02.827 [info] > git show --textconv :my-first-app/src/styles.css [13ms]
2025-06-04 13:30:02.827 [info] > git diff --name-status -z --diff-filter=ADMR d3c7720d9f7688abda10b211b568db785dc4a43a...refs/remotes/origin/main [5ms]
2025-06-04 13:30:02.828 [info] > git ls-files --stage -- my-first-app/src/styles.css [12ms]
2025-06-04 13:30:02.832 [info] > git cat-file -s 4e4127778560fb88745158549b832f4e1c376d4f [2ms]
2025-06-04 13:30:02.832 [info] > git diff --name-status -z --diff-filter=ADMR d3c7720d9f7688abda10b211b568db785dc4a43a...refs/remotes/origin/main [7ms]
2025-06-04 13:30:03.093 [info] > git check-ignore -v -z --stdin [282ms]
2025-06-04 13:30:03.132 [info] > git blame --root --incremental d3c7720d9f7688abda10b211b568db785dc4a43a -- my-first-app/src/styles.css [5ms]
2025-06-04 13:30:21.862 [info] > git config --get commit.template [1ms]
2025-06-04 13:30:21.865 [info] > git for-each-ref --format=%(refname)%00%(upstream:short)%00%(objectname)%00%(upstream:track)%00%(upstream:remotename)%00%(upstream:remoteref) refs/heads/main refs/remotes/main [1ms]
2025-06-04 13:30:21.870 [info] > git for-each-ref --sort -committerdate --format %(refname)%00%(objectname)%00%(*objectname) [0ms]
2025-06-04 13:30:21.922 [info] > git status -z -uall [54ms]
2025-06-04 13:30:46.687 [info] > git config --get commit.template [3ms]
2025-06-04 13:30:46.687 [info] > git for-each-ref --format=%(refname)%00%(upstream:short)%00%(objectname)%00%(upstream:track)%00%(upstream:remotename)%00%(upstream:remoteref) refs/heads/main refs/remotes/main [1ms]
2025-06-04 13:30:46.696 [info] > git for-each-ref --sort -committerdate --format %(refname)%00%(objectname)%00%(*objectname) [1ms]
2025-06-04 13:30:46.754 [info] > git status -z -uall [63ms]
2025-06-04 13:30:51.823 [info] > git config --get commit.template [1ms]
2025-06-04 13:30:51.827 [info] > git for-each-ref --format=%(refname)%00%(upstream:short)%00%(objectname)%00%(upstream:track)%00%(upstream:remotename)%00%(upstream:remoteref) refs/heads/main refs/remotes/main [1ms]
2025-06-04 13:30:51.838 [info] > git for-each-ref --sort -committerdate --format %(refname)%00%(objectname)%00%(*objectname) [1ms]
2025-06-04 13:30:51.882 [info] > git status -z -uall [50ms]
2025-06-04 13:30:56.938 [info] > git config --get commit.template [8ms]
2025-06-04 13:30:56.946 [info] > git for-each-ref --format=%(refname)%00%(upstream:short)%00%(objectname)%00%(upstream:track)%00%(upstream:remotename)%00%(upstream:remoteref) refs/heads/main refs/remotes/main [13ms]
2025-06-04 13:30:56.953 [info] > git for-each-ref --sort -committerdate --format %(refname)%00%(objectname)%00%(*objectname) [1ms]
2025-06-04 13:30:57.926 [info] > git status -z -uall [977ms]
2025-06-04 13:31:01.337 [info] > git config --get commit.template [3ms]
2025-06-04 13:31:01.338 [info] > git for-each-ref --format=%(refname)%00%(upstream:short)%00%(objectname)%00%(upstream:track)%00%(upstream:remotename)%00%(upstream:remoteref) refs/heads/main refs/remotes/main [1ms]
2025-06-04 13:31:01.344 [info] > git for-each-ref --sort -committerdate --format %(refname)%00%(objectname)%00%(*objectname) [1ms]
2025-06-04 13:31:01.395 [info] > git status -z -uall [55ms]
2025-06-04 13:31:06.444 [info] > git config --get commit.template [1ms]
2025-06-04 13:31:06.449 [info] > git for-each-ref --format=%(refname)%00%(upstream:short)%00%(objectname)%00%(upstream:track)%00%(upstream:remotename)%00%(upstream:remoteref) refs/heads/main refs/remotes/main [2ms]
2025-06-04 13:31:06.458 [info] > git for-each-ref --sort -committerdate --format %(refname)%00%(objectname)%00%(*objectname) [2ms]
2025-06-04 13:31:06.507 [info] > git status -z -uall [54ms]
2025-06-04 13:31:11.571 [info] > git config --get commit.template [2ms]
2025-06-04 13:31:11.575 [info] > git for-each-ref --format=%(refname)%00%(upstream:short)%00%(objectname)%00%(upstream:track)%00%(upstream:remotename)%00%(upstream:remoteref) refs/heads/main refs/remotes/main [2ms]
2025-06-04 13:31:11.580 [info] > git for-each-ref --sort -committerdate --format %(refname)%00%(objectname)%00%(*objectname) [1ms]
2025-06-04 13:31:11.624 [info] > git status -z -uall [47ms]
2025-06-04 13:31:16.671 [info] > git config --get commit.template [3ms]
2025-06-04 13:31:16.672 [info] > git for-each-ref --format=%(refname)%00%(upstream:short)%00%(objectname)%00%(upstream:track)%00%(upstream:remotename)%00%(upstream:remoteref) refs/heads/main refs/remotes/main [1ms]
2025-06-04 13:31:16.679 [info] > git for-each-ref --sort -committerdate --format %(refname)%00%(objectname)%00%(*objectname) [1ms]
2025-06-04 13:31:16.727 [info] > git status -z -uall [51ms]
2025-06-04 13:31:39.312 [info] > git config --get commit.template [4ms]
2025-06-04 13:31:39.312 [info] > git for-each-ref --format=%(refname)%00%(upstream:short)%00%(objectname)%00%(upstream:track)%00%(upstream:remotename)%00%(upstream:remoteref) refs/heads/main refs/remotes/main [1ms]
2025-06-04 13:31:39.318 [info] > git for-each-ref --sort -committerdate --format %(refname)%00%(objectname)%00%(*objectname) [1ms]
2025-06-04 13:31:39.378 [info] > git status -z -uall [63ms]
2025-06-04 13:31:39.749 [info] > git ls-files --stage -- my-first-app/src/App.css [5ms]
2025-06-04 13:31:39.752 [info] > git show --textconv :my-first-app/src/App.css [10ms]
2025-06-04 13:31:39.752 [info] > git cat-file -s 46b201bdff1f51cb8b6f9cb8407a435f1dc6d27f [1ms]
2025-06-04 13:31:39.792 [info] > git blame --root --incremental d3c7720d9f7688abda10b211b568db785dc4a43a -- my-first-app/src/App.css [19ms]
2025-06-04 13:31:44.484 [info] > git config --get commit.template [1ms]
2025-06-04 13:31:44.488 [info] > git for-each-ref --format=%(refname)%00%(upstream:short)%00%(objectname)%00%(upstream:track)%00%(upstream:remotename)%00%(upstream:remoteref) refs/heads/main refs/remotes/main [1ms]
2025-06-04 13:31:44.495 [info] > git for-each-ref --sort -committerdate --format %(refname)%00%(objectname)%00%(*objectname) [1ms]
2025-06-04 13:31:44.539 [info] > git status -z -uall [47ms]
2025-06-04 13:31:51.264 [info] > git config --get commit.template [4ms]
2025-06-04 13:31:51.264 [info] > git for-each-ref --format=%(refname)%00%(upstream:short)%00%(objectname)%00%(upstream:track)%00%(upstream:remotename)%00%(upstream:remoteref) refs/heads/main refs/remotes/main [1ms]
2025-06-04 13:31:51.272 [info] > git for-each-ref --sort -committerdate --format %(refname)%00%(objectname)%00%(*objectname) [1ms]
2025-06-04 13:31:51.327 [info] > git status -z -uall [59ms]
2025-06-04 13:31:56.396 [info] > git config --get commit.template [8ms]
2025-06-04 13:31:56.399 [info] > git for-each-ref --format=%(refname)%00%(upstream:short)%00%(objectname)%00%(upstream:track)%00%(upstream:remotename)%00%(upstream:remoteref) refs/heads/main refs/remotes/main [8ms]
2025-06-04 13:31:56.404 [info] > git for-each-ref --sort -committerdate --format %(refname)%00%(objectname)%00%(*objectname) [1ms]
2025-06-04 13:31:57.330 [info] > git status -z -uall [929ms]
2025-06-04 13:32:00.724 [info] > git config --get commit.template [5ms]
2025-06-04 13:32:00.724 [info] > git for-each-ref --format=%(refname)%00%(upstream:short)%00%(objectname)%00%(upstream:track)%00%(upstream:remotename)%00%(upstream:remoteref) refs/heads/main refs/remotes/main [1ms]
2025-06-04 13:32:00.731 [info] > git for-each-ref --sort -committerdate --format %(refname)%00%(objectname)%00%(*objectname) [1ms]
2025-06-04 13:32:00.772 [info] > git status -z -uall [44ms]
2025-06-04 13:32:05.822 [info] > git config --get commit.template [3ms]
2025-06-04 13:32:05.822 [info] > git for-each-ref --format=%(refname)%00%(upstream:short)%00%(objectname)%00%(upstream:track)%00%(upstream:remotename)%00%(upstream:remoteref) refs/heads/main refs/remotes/main [1ms]
2025-06-04 13:32:05.828 [info] > git for-each-ref --sort -committerdate --format %(refname)%00%(objectname)%00%(*objectname) [1ms]
2025-06-04 13:32:05.871 [info] > git status -z -uall [45ms]
2025-06-04 13:32:10.926 [info] > git config --get commit.template [3ms]
2025-06-04 13:32:10.926 [info] > git for-each-ref --format=%(refname)%00%(upstream:short)%00%(objectname)%00%(upstream:track)%00%(upstream:remotename)%00%(upstream:remoteref) refs/heads/main refs/remotes/main [0ms]
2025-06-04 13:32:10.932 [info] > git for-each-ref --sort -committerdate --format %(refname)%00%(objectname)%00%(*objectname) [1ms]
2025-06-04 13:32:10.982 [info] > git status -z -uall [53ms]
2025-06-04 13:32:16.039 [info] > git config --get commit.template [3ms]
2025-06-04 13:32:16.039 [info] > git for-each-ref --format=%(refname)%00%(upstream:short)%00%(objectname)%00%(upstream:track)%00%(upstream:remotename)%00%(upstream:remoteref) refs/heads/main refs/remotes/main [1ms]
2025-06-04 13:32:16.044 [info] > git for-each-ref --sort -committerdate --format %(refname)%00%(objectname)%00%(*objectname) [1ms]
2025-06-04 13:32:16.084 [info] > git status -z -uall [43ms]
2025-06-04 13:32:19.761 [info] > git ls-files --stage -- my-first-app/src/styles.css [7ms]
2025-06-04 13:32:19.763 [info] > git show --textconv :my-first-app/src/styles.css [11ms]
2025-06-04 13:32:19.764 [info] > git cat-file -s 4e4127778560fb88745158549b832f4e1c376d4f [1ms]
2025-06-04 13:32:21.135 [info] > git config --get commit.template [1ms]
2025-06-04 13:32:21.141 [info] > git for-each-ref --format=%(refname)%00%(upstream:short)%00%(objectname)%00%(upstream:track)%00%(upstream:remotename)%00%(upstream:remoteref) refs/heads/main refs/remotes/main [2ms]
2025-06-04 13:32:21.146 [info] > git for-each-ref --sort -committerdate --format %(refname)%00%(objectname)%00%(*objectname) [0ms]
2025-06-04 13:32:21.186 [info] > git status -z -uall [42ms]
2025-06-04 13:32:26.237 [info] > git config --get commit.template [5ms]
2025-06-04 13:32:26.238 [info] > git for-each-ref --format=%(refname)%00%(upstream:short)%00%(objectname)%00%(upstream:track)%00%(upstream:remotename)%00%(upstream:remoteref) refs/heads/main refs/remotes/main [1ms]
2025-06-04 13:32:26.245 [info] > git for-each-ref --sort -committerdate --format %(refname)%00%(objectname)%00%(*objectname) [1ms]
2025-06-04 13:32:26.286 [info] > git status -z -uall [45ms]
2025-06-04 13:32:29.696 [info] > git config --get commit.template [4ms]
2025-06-04 13:32:29.697 [info] > git for-each-ref --format=%(refname)%00%(upstream:short)%00%(objectname)%00%(upstream:track)%00%(upstream:remotename)%00%(upstream:remoteref) refs/heads/main refs/remotes/main [1ms]
2025-06-04 13:32:29.704 [info] > git for-each-ref --sort -committerdate --format %(refname)%00%(objectname)%00%(*objectname) [1ms]
2025-06-04 13:32:29.745 [info] > git status -z -uall [44ms]
2025-06-04 13:32:34.796 [info] > git config --get commit.template [1ms]
2025-06-04 13:32:34.801 [info] > git for-each-ref --format=%(refname)%00%(upstream:short)%00%(objectname)%00%(upstream:track)%00%(upstream:remotename)%00%(upstream:remoteref) refs/heads/main refs/remotes/main [2ms]
2025-06-04 13:32:34.817 [info] > git for-each-ref --sort -committerdate --format %(refname)%00%(objectname)%00%(*objectname) [3ms]
2025-06-04 13:32:34.860 [info] > git status -z -uall [53ms]
2025-06-04 13:32:39.913 [info] > git config --get commit.template [2ms]
2025-06-04 13:32:39.918 [info] > git for-each-ref --format=%(refname)%00%(upstream:short)%00%(objectname)%00%(upstream:track)%00%(upstream:remotename)%00%(upstream:remoteref) refs/heads/main refs/remotes/main [1ms]
2025-06-04 13:32:39.926 [info] > git for-each-ref --sort -committerdate --format %(refname)%00%(objectname)%00%(*objectname) [1ms]
2025-06-04 13:32:39.968 [info] > git status -z -uall [45ms]
2025-06-04 13:32:43.300 [info] > git ls-files --stage -- my-first-app/src/App.css [6ms]
2025-06-04 13:32:43.303 [info] > git show --textconv :my-first-app/src/App.css [11ms]
2025-06-04 13:32:43.304 [info] > git cat-file -s 46b201bdff1f51cb8b6f9cb8407a435f1dc6d27f [1ms]
2025-06-04 13:32:45.014 [info] > git config --get commit.template [1ms]
2025-06-04 13:32:45.018 [info] > git for-each-ref --format=%(refname)%00%(upstream:short)%00%(objectname)%00%(upstream:track)%00%(upstream:remotename)%00%(upstream:remoteref) refs/heads/main refs/remotes/main [1ms]
2025-06-04 13:32:45.025 [info] > git for-each-ref --sort -committerdate --format %(refname)%00%(objectname)%00%(*objectname) [2ms]
2025-06-04 13:32:45.067 [info] > git status -z -uall [46ms]
2025-06-04 13:32:50.114 [info] > git config --get commit.template [1ms]
2025-06-04 13:32:50.117 [info] > git for-each-ref --format=%(refname)%00%(upstream:short)%00%(objectname)%00%(upstream:track)%00%(upstream:remotename)%00%(upstream:remoteref) refs/heads/main refs/remotes/main [1ms]
2025-06-04 13:32:50.122 [info] > git for-each-ref --sort -committerdate --format %(refname)%00%(objectname)%00%(*objectname) [0ms]
2025-06-04 13:32:50.165 [info] > git status -z -uall [45ms]
2025-06-04 13:32:55.228 [info] > git config --get commit.template [1ms]
2025-06-04 13:32:55.230 [info] > git for-each-ref --format=%(refname)%00%(upstream:short)%00%(objectname)%00%(upstream:track)%00%(upstream:remotename)%00%(upstream:remoteref) refs/heads/main refs/remotes/main [0ms]
2025-06-04 13:32:55.236 [info] > git for-each-ref --sort -committerdate --format %(refname)%00%(objectname)%00%(*objectname) [2ms]
2025-06-04 13:32:55.277 [info] > git status -z -uall [44ms]
2025-06-04 13:33:29.238 [info] > git config --get commit.template [9ms]
2025-06-04 13:33:29.244 [info] > git for-each-ref --format=%(refname)%00%(upstream:short)%00%(objectname)%00%(upstream:track)%00%(upstream:remotename)%00%(upstream:remoteref) refs/heads/main refs/remotes/main [11ms]
2025-06-04 13:33:29.254 [info] > git for-each-ref --sort -committerdate --format %(refname)%00%(objectname)%00%(*objectname) [2ms]
2025-06-04 13:33:30.227 [info] > git status -z -uall [980ms]
2025-06-04 13:33:37.439 [info] > git config --get commit.template [1ms]
2025-06-04 13:33:37.445 [info] > git for-each-ref --format=%(refname)%00%(upstream:short)%00%(objectname)%00%(upstream:track)%00%(upstream:remotename)%00%(upstream:remoteref) refs/heads/main refs/remotes/main [2ms]
2025-06-04 13:33:37.456 [info] > git for-each-ref --sort -committerdate --format %(refname)%00%(objectname)%00%(*objectname) [1ms]
2025-06-04 13:33:37.514 [info] > git status -z -uall [64ms]
2025-06-04 13:34:04.211 [info] > git config --get commit.template [4ms]
2025-06-04 13:34:04.212 [info] > git for-each-ref --format=%(refname)%00%(upstream:short)%00%(objectname)%00%(upstream:track)%00%(upstream:remotename)%00%(upstream:remoteref) refs/heads/main refs/remotes/main [1ms]
2025-06-04 13:34:04.221 [info] > git for-each-ref --sort -committerdate --format %(refname)%00%(objectname)%00%(*objectname) [1ms]
2025-06-04 13:34:04.272 [info] > git status -z -uall [55ms]
2025-06-04 13:34:09.350 [info] > git config --get commit.template [0ms]
2025-06-04 13:34:09.353 [info] > git for-each-ref --format=%(refname)%00%(upstream:short)%00%(objectname)%00%(upstream:track)%00%(upstream:remotename)%00%(upstream:remoteref) refs/heads/main refs/remotes/main [1ms]
2025-06-04 13:34:09.362 [info] > git for-each-ref --sort -committerdate --format %(refname)%00%(objectname)%00%(*objectname) [1ms]
2025-06-04 13:34:09.409 [info] > git status -z -uall [53ms]
2025-06-04 13:34:14.479 [info] > git config --get commit.template [4ms]
2025-06-04 13:34:14.480 [info] > git for-each-ref --format=%(refname)%00%(upstream:short)%00%(objectname)%00%(upstream:track)%00%(upstream:remotename)%00%(upstream:remoteref) refs/heads/main refs/remotes/main [1ms]
2025-06-04 13:34:14.487 [info] > git for-each-ref --sort -committerdate --format %(refname)%00%(objectname)%00%(*objectname) [1ms]
2025-06-04 13:34:14.532 [info] > git status -z -uall [47ms]
2025-06-04 13:34:19.609 [info] > git config --get commit.template [4ms]
2025-06-04 13:34:19.609 [info] > git for-each-ref --format=%(refname)%00%(upstream:short)%00%(objectname)%00%(upstream:track)%00%(upstream:remotename)%00%(upstream:remoteref) refs/heads/main refs/remotes/main [1ms]
2025-06-04 13:34:19.617 [info] > git for-each-ref --sort -committerdate --format %(refname)%00%(objectname)%00%(*objectname) [1ms]
2025-06-04 13:34:19.657 [info] > git status -z -uall [44ms]
2025-06-04 13:41:44.740 [info] > git config --get commit.template [11ms]
2025-06-04 13:41:44.749 [info] > git for-each-ref --format=%(refname)%00%(upstream:short)%00%(objectname)%00%(upstream:track)%00%(upstream:remotename)%00%(upstream:remoteref) refs/heads/main refs/remotes/main [14ms]
2025-06-04 13:41:44.757 [info] > git for-each-ref --sort -committerdate --format %(refname)%00%(objectname)%00%(*objectname) [2ms]
2025-06-04 13:41:45.740 [info] > git status -z -uall [988ms]
2025-06-04 13:41:50.828 [info] > git config --get commit.template [4ms]
2025-06-04 13:41:50.829 [info] > git for-each-ref --format=%(refname)%00%(upstream:short)%00%(objectname)%00%(upstream:track)%00%(upstream:remotename)%00%(upstream:remoteref) refs/heads/main refs/remotes/main [2ms]
2025-06-04 13:41:50.834 [info] > git for-each-ref --sort -committerdate --format %(refname)%00%(objectname)%00%(*objectname) [0ms]
2025-06-04 13:41:50.877 [info] > git status -z -uall [44ms]
2025-06-04 13:41:53.350 [info] > git check-ignore -v -z --stdin [16ms]
2025-06-04 13:41:54.106 [info] > git config --get commit.template [3ms]
2025-06-04 13:41:54.106 [info] > git for-each-ref --format=%(refname)%00%(upstream:short)%00%(objectname)%00%(upstream:track)%00%(upstream:remotename)%00%(upstream:remoteref) refs/heads/main refs/remotes/main [0ms]
2025-06-04 13:41:54.111 [info] > git for-each-ref --sort -committerdate --format %(refname)%00%(objectname)%00%(*objectname) [0ms]
2025-06-04 13:41:54.159 [info] > git status -z -uall [50ms]
2025-06-04 13:41:54.419 [info] > git show --textconv :my-first-app/src/App.css [162ms]
2025-06-04 13:41:54.419 [info] > git ls-files --stage -- my-first-app/src/App.css [160ms]
2025-06-04 13:41:54.424 [info] > git cat-file -s 46b201bdff1f51cb8b6f9cb8407a435f1dc6d27f [3ms]
2025-06-04 13:41:59.227 [info] > git config --get commit.template [4ms]
2025-06-04 13:41:59.228 [info] > git for-each-ref --format=%(refname)%00%(upstream:short)%00%(objectname)%00%(upstream:track)%00%(upstream:remotename)%00%(upstream:remoteref) refs/heads/main refs/remotes/main [2ms]
2025-06-04 13:41:59.234 [info] > git for-each-ref --sort -committerdate --format %(refname)%00%(objectname)%00%(*objectname) [1ms]
2025-06-04 13:41:59.276 [info] > git status -z -uall [45ms]
2025-06-04 13:42:02.226 [info] > git show --textconv :my-first-app/src/App.js [60ms]
2025-06-04 13:42:02.226 [info] > git ls-files --stage -- my-first-app/src/App.js [56ms]
2025-06-04 13:42:02.232 [info] > git cat-file -s 8cb62ece5dff5e59837c3ab06c236011a01d9a1c [2ms]
2025-06-04 13:42:02.300 [info] > git blame --root --incremental d3c7720d9f7688abda10b211b568db785dc4a43a -- my-first-app/src/App.js [12ms]
2025-06-04 13:42:04.128 [info] > git show --textconv :my-first-app/package.json [10ms]
2025-06-04 13:42:04.129 [info] > git ls-files --stage -- my-first-app/package.json [9ms]
2025-06-04 13:42:04.132 [info] > git cat-file -s daf9d8223d91f6477301a66800b6ee03ee8f4101 [1ms]
2025-06-04 13:42:04.188 [info] > git blame --root --incremental d3c7720d9f7688abda10b211b568db785dc4a43a -- my-first-app/package.json [2ms]
2025-06-04 13:42:04.319 [info] > git config --get commit.template [3ms]
2025-06-04 13:42:04.320 [info] > git for-each-ref --format=%(refname)%00%(upstream:short)%00%(objectname)%00%(upstream:track)%00%(upstream:remotename)%00%(upstream:remoteref) refs/heads/main refs/remotes/main [1ms]
2025-06-04 13:42:04.325 [info] > git for-each-ref --sort -committerdate --format %(refname)%00%(objectname)%00%(*objectname) [1ms]
2025-06-04 13:42:04.372 [info] > git status -z -uall [50ms]
2025-06-04 13:42:05.689 [info] > git ls-files --stage -- my-first-app/src/styles.css [7ms]
2025-06-04 13:42:05.692 [info] > git show --textconv :my-first-app/src/styles.css [12ms]
2025-06-04 13:42:05.693 [info] > git cat-file -s 4e4127778560fb88745158549b832f4e1c376d4f [1ms]
2025-06-04 13:42:09.432 [info] > git config --get commit.template [1ms]
2025-06-04 13:42:09.436 [info] > git for-each-ref --format=%(refname)%00%(upstream:short)%00%(objectname)%00%(upstream:track)%00%(upstream:remotename)%00%(upstream:remoteref) refs/heads/main refs/remotes/main [2ms]
2025-06-04 13:42:09.441 [info] > git for-each-ref --sort -committerdate --format %(refname)%00%(objectname)%00%(*objectname) [1ms]
2025-06-04 13:42:09.487 [info] > git status -z -uall [49ms]
2025-06-04 13:43:34.639 [info] > git config --get commit.template [9ms]
2025-06-04 13:43:34.645 [info] > git for-each-ref --format=%(refname)%00%(upstream:short)%00%(objectname)%00%(upstream:track)%00%(upstream:remotename)%00%(upstream:remoteref) refs/heads/main refs/remotes/main [11ms]
2025-06-04 13:43:34.652 [info] > git for-each-ref --sort -committerdate --format %(refname)%00%(objectname)%00%(*objectname) [1ms]
