2025-05-23 08:49:46.053 [info] [main] Log level: Info
2025-05-23 08:49:46.053 [info] [main] Validating found git in: "git"
2025-05-23 08:49:46.053 [info] [main] Using git "2.43.0" from "git"
2025-05-23 08:49:46.053 [info] [Model][doInitialScan] Initial repository scan started
2025-05-23 08:49:46.053 [info] > git rev-parse --show-toplevel [5ms]
2025-05-23 08:49:46.053 [info] fatal: not a git repository (or any of the parent directories): .git
2025-05-23 08:49:46.053 [info] > git rev-parse --show-toplevel [4ms]
2025-05-23 08:49:46.053 [info] fatal: not a git repository (or any of the parent directories): .git
2025-05-23 08:49:46.059 [info] > git rev-parse --show-toplevel [3ms]
2025-05-23 08:49:46.059 [info] fatal: not a git repository (or any of the parent directories): .git
2025-05-23 08:49:46.065 [info] > git rev-parse --show-toplevel [2ms]
2025-05-23 08:49:46.065 [info] fatal: not a git repository (or any of the parent directories): .git
2025-05-23 08:49:46.070 [info] > git rev-parse --show-toplevel [1ms]
2025-05-23 08:49:46.070 [info] fatal: not a git repository (or any of the parent directories): .git
2025-05-23 08:49:46.075 [info] > git rev-parse --show-toplevel [2ms]
2025-05-23 08:49:46.075 [info] fatal: not a git repository (or any of the parent directories): .git
2025-05-23 08:49:46.080 [info] > git rev-parse --show-toplevel [2ms]
2025-05-23 08:49:46.080 [info] fatal: not a git repository (or any of the parent directories): .git
2025-05-23 08:49:46.086 [info] > git rev-parse --show-toplevel [2ms]
2025-05-23 08:49:46.086 [info] fatal: not a git repository (or any of the parent directories): .git
2025-05-23 08:49:46.089 [info] > git rev-parse --show-toplevel [0ms]
2025-05-23 08:49:46.090 [info] fatal: not a git repository (or any of the parent directories): .git
2025-05-23 08:49:46.094 [info] > git rev-parse --show-toplevel [1ms]
2025-05-23 08:49:46.094 [info] fatal: not a git repository (or any of the parent directories): .git
2025-05-23 08:49:46.097 [info] [Model][doInitialScan] Initial repository scan completed - repositories (0), closed repositories (0), parent repositories (0), unsafe repositories (0)
2025-05-23 08:49:46.361 [info] > git rev-parse --show-toplevel [1ms]
2025-05-23 08:49:46.361 [info] fatal: not a git repository (or any of the parent directories): .git
2025-05-23 08:49:46.951 [info] > git rev-parse --show-toplevel [1ms]
2025-05-23 08:49:46.951 [info] fatal: not a git repository (or any of the parent directories): .git
