2025-05-27 08:49:23.626 [info] [main] Log level: Info
2025-05-27 08:49:23.626 [info] [main] Validating found git in: "git"
2025-05-27 08:49:23.626 [info] [main] Using git "2.43.0" from "git"
2025-05-27 08:49:23.626 [info] [Model][doInitialScan] Initial repository scan started
2025-05-27 08:49:23.626 [info] > git rev-parse --show-toplevel [2ms]
2025-05-27 08:49:23.626 [info] > git rev-parse --git-dir --git-common-dir [25ms]
2025-05-27 08:49:23.626 [info] [Model][openRepository] Opened repository (path): /home/prachighatge
2025-05-27 08:49:23.626 [info] [Model][openRepository] Opened repository (real path): /home/prachighatge
2025-05-27 08:49:23.628 [info] > git rev-parse --show-toplevel [5ms]
2025-05-27 08:49:23.629 [info] > git config --get commit.template [8ms]
2025-05-27 08:49:23.640 [info] > git for-each-ref --format=%(refname)%00%(upstream:short)%00%(objectname)%00%(upstream:track)%00%(upstream:remotename)%00%(upstream:remoteref) refs/heads/main refs/remotes/main [7ms]
2025-05-27 08:49:23.644 [info] > git rev-parse --show-toplevel [5ms]
2025-05-27 08:49:23.648 [info] > git rev-parse --show-toplevel [1ms]
2025-05-27 08:49:23.671 [info] > git rev-parse --show-toplevel [8ms]
2025-05-27 08:49:23.672 [info] > git for-each-ref --sort -committerdate --format %(refname)%00%(objectname)%00%(*objectname) [15ms]
2025-05-27 08:49:23.682 [info] > git rev-parse --show-toplevel [3ms]
2025-05-27 08:49:23.689 [info] > git rev-parse --show-toplevel [2ms]
2025-05-27 08:49:23.697 [info] > git rev-parse --show-toplevel [4ms]
2025-05-27 08:49:23.701 [info] > git rev-parse --show-toplevel [0ms]
2025-05-27 08:49:23.705 [info] > git rev-parse --show-toplevel [2ms]
2025-05-27 08:49:23.709 [info] > git rev-parse --show-toplevel [2ms]
2025-05-27 08:49:23.712 [info] [Model][doInitialScan] Initial repository scan completed - repositories (1), closed repositories (0), parent repositories (0), unsafe repositories (0)
2025-05-27 08:49:23.942 [info] > git show --textconv :my-first-app/package.json [7ms]
2025-05-27 08:49:23.944 [info] > git ls-files --stage -- my-first-app/package.json [6ms]
2025-05-27 08:49:23.947 [info] > git cat-file -s 1f72d5d366b06d1de4a0b2d2410bd886d170653e [0ms]
2025-05-27 08:49:23.975 [info] > git blame --root --incremental 82456abe73ce2eb791e0fcae3788206c6abf995b -- my-first-app/package.json [1ms]
2025-05-27 08:49:24.167 [info] > git check-ignore -v -z --stdin [40ms]
2025-05-27 08:49:24.250 [info] > git status -z -uall [598ms]
2025-05-27 08:49:24.272 [info] > git for-each-ref --format=%(refname)%00%(upstream:short)%00%(objectname)%00%(upstream:track)%00%(upstream:remotename)%00%(upstream:remoteref) refs/heads/main refs/remotes/main [5ms]
2025-05-27 08:49:24.275 [info] > git config --get --local branch.main.vscode-merge-base [1ms]
2025-05-27 08:49:24.276 [warning] [Git][config] git config failed: Failed to execute git
2025-05-27 08:49:24.279 [info] > git config --get commit.template [8ms]
2025-05-27 08:49:24.282 [info] > git reflog main --grep-reflog=branch: Created from *. [4ms]
2025-05-27 08:49:24.289 [info] > git symbolic-ref --short refs/remotes/origin/HEAD [4ms]
2025-05-27 08:49:24.289 [info] fatal: ref refs/remotes/origin/HEAD is not a symbolic ref
2025-05-27 08:49:24.289 [warning] [Repository][getDefaultBranch] Failed to get default branch details: Failed to execute git.
2025-05-27 08:49:24.293 [info] > git for-each-ref --format=%(refname)%00%(upstream:short)%00%(objectname)%00%(upstream:track)%00%(upstream:remotename)%00%(upstream:remoteref) refs/heads/main refs/remotes/main [11ms]
2025-05-27 08:49:24.314 [info] > git merge-base refs/heads/main refs/remotes/origin/main [22ms]
2025-05-27 08:49:24.317 [info] > git diff --name-status -z --diff-filter=ADMR 82456abe73ce2eb791e0fcae3788206c6abf995b...refs/remotes/origin/main [1ms]
2025-05-27 08:49:24.324 [info] > git for-each-ref --sort -committerdate --format %(refname)%00%(objectname)%00%(*objectname) [1ms]
2025-05-27 08:49:24.919 [info] > git status -z -uall [599ms]
2025-05-27 08:49:29.007 [info] > git config --get commit.template [1ms]
2025-05-27 08:49:29.012 [info] > git for-each-ref --format=%(refname)%00%(upstream:short)%00%(objectname)%00%(upstream:track)%00%(upstream:remotename)%00%(upstream:remoteref) refs/heads/main refs/remotes/main [2ms]
2025-05-27 08:49:29.020 [info] > git for-each-ref --sort -committerdate --format %(refname)%00%(objectname)%00%(*objectname) [2ms]
2025-05-27 08:49:29.515 [info] > git status -z -uall [499ms]
2025-05-27 08:49:31.873 [info] > git config --get commit.template [4ms]
2025-05-27 08:49:31.873 [info] > git for-each-ref --format=%(refname)%00%(upstream:short)%00%(objectname)%00%(upstream:track)%00%(upstream:remotename)%00%(upstream:remoteref) refs/heads/main refs/remotes/main [1ms]
2025-05-27 08:49:31.879 [info] > git for-each-ref --sort -committerdate --format %(refname)%00%(objectname)%00%(*objectname) [1ms]
2025-05-27 08:49:31.919 [info] > git status -z -uall [43ms]
2025-05-27 08:49:32.131 [info] > git ls-files --stage -- my-first-app/package.json [5ms]
2025-05-27 08:49:32.134 [info] > git cat-file -s 1f72d5d366b06d1de4a0b2d2410bd886d170653e [1ms]
2025-05-27 08:49:32.145 [info] > git show --textconv :my-first-app/package.json [5ms]
2025-05-27 08:49:34.522 [info] > git config --get commit.template [1ms]
2025-05-27 08:49:34.524 [info] > git for-each-ref --format=%(refname)%00%(upstream:short)%00%(objectname)%00%(upstream:track)%00%(upstream:remotename)%00%(upstream:remoteref) refs/heads/main refs/remotes/main [1ms]
2025-05-27 08:49:34.532 [info] > git for-each-ref --sort -committerdate --format %(refname)%00%(objectname)%00%(*objectname) [2ms]
2025-05-27 08:49:34.592 [info] > git status -z -uall [65ms]
2025-05-27 08:49:39.614 [info] > git config --get commit.template [2ms]
2025-05-27 08:49:39.614 [info] > git for-each-ref --format=%(refname)%00%(upstream:short)%00%(objectname)%00%(upstream:track)%00%(upstream:remotename)%00%(upstream:remoteref) refs/heads/main refs/remotes/main [1ms]
2025-05-27 08:49:39.619 [info] > git for-each-ref --sort -committerdate --format %(refname)%00%(objectname)%00%(*objectname) [0ms]
2025-05-27 08:49:39.658 [info] > git status -z -uall [42ms]
2025-05-27 08:49:44.667 [info] > git config --get commit.template [3ms]
2025-05-27 08:49:44.668 [info] > git for-each-ref --format=%(refname)%00%(upstream:short)%00%(objectname)%00%(upstream:track)%00%(upstream:remotename)%00%(upstream:remoteref) refs/heads/main refs/remotes/main [1ms]
2025-05-27 08:49:44.674 [info] > git for-each-ref --sort -committerdate --format %(refname)%00%(objectname)%00%(*objectname) [1ms]
2025-05-27 08:49:44.716 [info] > git status -z -uall [46ms]
2025-05-27 08:49:49.727 [info] > git config --get commit.template [0ms]
2025-05-27 08:49:49.730 [info] > git for-each-ref --format=%(refname)%00%(upstream:short)%00%(objectname)%00%(upstream:track)%00%(upstream:remotename)%00%(upstream:remoteref) refs/heads/main refs/remotes/main [1ms]
2025-05-27 08:49:49.735 [info] > git for-each-ref --sort -committerdate --format %(refname)%00%(objectname)%00%(*objectname) [0ms]
2025-05-27 08:49:49.774 [info] > git status -z -uall [41ms]
2025-05-27 08:49:54.787 [info] > git config --get commit.template [3ms]
2025-05-27 08:49:54.787 [info] > git for-each-ref --format=%(refname)%00%(upstream:short)%00%(objectname)%00%(upstream:track)%00%(upstream:remotename)%00%(upstream:remoteref) refs/heads/main refs/remotes/main [1ms]
2025-05-27 08:49:54.792 [info] > git for-each-ref --sort -committerdate --format %(refname)%00%(objectname)%00%(*objectname) [1ms]
2025-05-27 08:49:54.834 [info] > git status -z -uall [44ms]
2025-05-27 08:51:02.658 [info] > git config --get commit.template [5ms]
2025-05-27 08:51:02.659 [info] > git for-each-ref --format=%(refname)%00%(upstream:short)%00%(objectname)%00%(upstream:track)%00%(upstream:remotename)%00%(upstream:remoteref) refs/heads/main refs/remotes/main [2ms]
2025-05-27 08:51:02.667 [info] > git for-each-ref --sort -committerdate --format %(refname)%00%(objectname)%00%(*objectname) [1ms]
2025-05-27 08:51:02.717 [info] > git status -z -uall [54ms]
2025-05-27 08:51:07.733 [info] > git config --get commit.template [4ms]
2025-05-27 08:51:07.734 [info] > git for-each-ref --format=%(refname)%00%(upstream:short)%00%(objectname)%00%(upstream:track)%00%(upstream:remotename)%00%(upstream:remoteref) refs/heads/main refs/remotes/main [1ms]
2025-05-27 08:51:07.740 [info] > git for-each-ref --sort -committerdate --format %(refname)%00%(objectname)%00%(*objectname) [1ms]
2025-05-27 08:51:07.778 [info] > git status -z -uall [41ms]
2025-05-27 08:51:12.809 [info] > git config --get commit.template [1ms]
2025-05-27 08:51:12.812 [info] > git for-each-ref --format=%(refname)%00%(upstream:short)%00%(objectname)%00%(upstream:track)%00%(upstream:remotename)%00%(upstream:remoteref) refs/heads/main refs/remotes/main [1ms]
2025-05-27 08:51:12.821 [info] > git for-each-ref --sort -committerdate --format %(refname)%00%(objectname)%00%(*objectname) [2ms]
2025-05-27 08:51:12.865 [info] > git status -z -uall [51ms]
2025-05-27 08:51:17.878 [info] > git config --get commit.template [2ms]
2025-05-27 08:51:17.878 [info] > git for-each-ref --format=%(refname)%00%(upstream:short)%00%(objectname)%00%(upstream:track)%00%(upstream:remotename)%00%(upstream:remoteref) refs/heads/main refs/remotes/main [1ms]
2025-05-27 08:51:17.882 [info] > git for-each-ref --sort -committerdate --format %(refname)%00%(objectname)%00%(*objectname) [1ms]
2025-05-27 08:51:17.925 [info] > git status -z -uall [45ms]
2025-05-27 08:51:22.938 [info] > git config --get commit.template [4ms]
2025-05-27 08:51:22.939 [info] > git for-each-ref --format=%(refname)%00%(upstream:short)%00%(objectname)%00%(upstream:track)%00%(upstream:remotename)%00%(upstream:remoteref) refs/heads/main refs/remotes/main [1ms]
2025-05-27 08:51:22.947 [info] > git for-each-ref --sort -committerdate --format %(refname)%00%(objectname)%00%(*objectname) [0ms]
2025-05-27 08:51:22.990 [info] > git status -z -uall [49ms]
2025-05-27 08:51:28.000 [info] > git config --get commit.template [3ms]
2025-05-27 08:51:28.000 [info] > git for-each-ref --format=%(refname)%00%(upstream:short)%00%(objectname)%00%(upstream:track)%00%(upstream:remotename)%00%(upstream:remoteref) refs/heads/main refs/remotes/main [1ms]
2025-05-27 08:51:28.005 [info] > git for-each-ref --sort -committerdate --format %(refname)%00%(objectname)%00%(*objectname) [1ms]
2025-05-27 08:51:28.051 [info] > git status -z -uall [49ms]
2025-05-27 08:51:33.064 [info] > git config --get commit.template [5ms]
2025-05-27 08:51:33.066 [info] > git for-each-ref --format=%(refname)%00%(upstream:short)%00%(objectname)%00%(upstream:track)%00%(upstream:remotename)%00%(upstream:remoteref) refs/heads/main refs/remotes/main [3ms]
2025-05-27 08:51:33.079 [info] > git for-each-ref --sort -committerdate --format %(refname)%00%(objectname)%00%(*objectname) [2ms]
2025-05-27 08:51:33.129 [info] > git status -z -uall [55ms]
2025-05-27 08:51:38.138 [info] > git config --get commit.template [1ms]
2025-05-27 08:51:38.142 [info] > git for-each-ref --format=%(refname)%00%(upstream:short)%00%(objectname)%00%(upstream:track)%00%(upstream:remotename)%00%(upstream:remoteref) refs/heads/main refs/remotes/main [1ms]
2025-05-27 08:51:38.148 [info] > git for-each-ref --sort -committerdate --format %(refname)%00%(objectname)%00%(*objectname) [1ms]
2025-05-27 08:51:38.190 [info] > git status -z -uall [44ms]
2025-05-27 08:51:39.124 [info] > git config --get commit.template [2ms]
2025-05-27 08:51:39.125 [info] > git for-each-ref --format=%(refname)%00%(upstream:short)%00%(objectname)%00%(upstream:track)%00%(upstream:remotename)%00%(upstream:remoteref) refs/heads/main refs/remotes/main [1ms]
2025-05-27 08:51:39.134 [info] > git for-each-ref --sort -committerdate --format %(refname)%00%(objectname)%00%(*objectname) [1ms]
2025-05-27 08:51:39.183 [info] > git status -z -uall [53ms]
2025-05-27 08:51:39.504 [info] > git ls-files --stage -- my-first-app/package.json [6ms]
2025-05-27 08:51:39.506 [info] > git cat-file -s 1f72d5d366b06d1de4a0b2d2410bd886d170653e [0ms]
2025-05-27 08:51:39.518 [info] > git show --textconv :my-first-app/package.json [5ms]
2025-05-27 08:51:43.225 [info] > git config --get commit.template [3ms]
2025-05-27 08:51:43.225 [info] > git for-each-ref --format=%(refname)%00%(upstream:short)%00%(objectname)%00%(upstream:track)%00%(upstream:remotename)%00%(upstream:remoteref) refs/heads/main refs/remotes/main [1ms]
2025-05-27 08:51:43.229 [info] > git for-each-ref --sort -committerdate --format %(refname)%00%(objectname)%00%(*objectname) [0ms]
2025-05-27 08:51:43.266 [info] > git status -z -uall [39ms]
2025-05-27 08:51:48.275 [info] > git config --get commit.template [3ms]
2025-05-27 08:51:48.276 [info] > git for-each-ref --format=%(refname)%00%(upstream:short)%00%(objectname)%00%(upstream:track)%00%(upstream:remotename)%00%(upstream:remoteref) refs/heads/main refs/remotes/main [1ms]
2025-05-27 08:51:48.282 [info] > git for-each-ref --sort -committerdate --format %(refname)%00%(objectname)%00%(*objectname) [1ms]
2025-05-27 08:51:48.322 [info] > git status -z -uall [44ms]
2025-05-27 08:51:53.333 [info] > git config --get commit.template [2ms]
2025-05-27 08:51:53.333 [info] > git for-each-ref --format=%(refname)%00%(upstream:short)%00%(objectname)%00%(upstream:track)%00%(upstream:remotename)%00%(upstream:remoteref) refs/heads/main refs/remotes/main [1ms]
2025-05-27 08:51:53.338 [info] > git for-each-ref --sort -committerdate --format %(refname)%00%(objectname)%00%(*objectname) [1ms]
2025-05-27 08:51:53.387 [info] > git status -z -uall [52ms]
2025-05-27 08:56:56.768 [info] > git config --get commit.template [12ms]
2025-05-27 08:56:56.774 [info] > git for-each-ref --format=%(refname)%00%(upstream:short)%00%(objectname)%00%(upstream:track)%00%(upstream:remotename)%00%(upstream:remoteref) refs/heads/main refs/remotes/main [15ms]
2025-05-27 08:56:56.785 [info] > git for-each-ref --sort -committerdate --format %(refname)%00%(objectname)%00%(*objectname) [3ms]
2025-05-27 08:56:57.752 [info] > git status -z -uall [974ms]
2025-05-27 08:57:01.151 [info] > git ls-files --stage -- my-first-app/package.json [11ms]
2025-05-27 08:57:01.157 [info] > git cat-file -s 1f72d5d366b06d1de4a0b2d2410bd886d170653e [4ms]
2025-05-27 08:57:01.172 [info] > git show --textconv :my-first-app/package.json [5ms]
2025-05-27 08:57:02.769 [info] > git config --get commit.template [4ms]
2025-05-27 08:57:02.770 [info] > git for-each-ref --format=%(refname)%00%(upstream:short)%00%(objectname)%00%(upstream:track)%00%(upstream:remotename)%00%(upstream:remoteref) refs/heads/main refs/remotes/main [2ms]
2025-05-27 08:57:02.777 [info] > git for-each-ref --sort -committerdate --format %(refname)%00%(objectname)%00%(*objectname) [2ms]
2025-05-27 08:57:02.813 [info] > git status -z -uall [40ms]
2025-05-27 09:00:47.940 [info] > git config --get commit.template [1ms]
2025-05-27 09:00:47.944 [info] > git for-each-ref --format=%(refname)%00%(upstream:short)%00%(objectname)%00%(upstream:track)%00%(upstream:remotename)%00%(upstream:remoteref) refs/heads/main refs/remotes/main [1ms]
2025-05-27 09:00:47.957 [info] > git for-each-ref --sort -committerdate --format %(refname)%00%(objectname)%00%(*objectname) [1ms]
2025-05-27 09:00:48.025 [info] > git status -z -uall [76ms]
2025-05-27 09:00:53.038 [info] > git config --get commit.template [1ms]
2025-05-27 09:00:53.042 [info] > git for-each-ref --format=%(refname)%00%(upstream:short)%00%(objectname)%00%(upstream:track)%00%(upstream:remotename)%00%(upstream:remoteref) refs/heads/main refs/remotes/main [1ms]
2025-05-27 09:00:53.047 [info] > git for-each-ref --sort -committerdate --format %(refname)%00%(objectname)%00%(*objectname) [1ms]
2025-05-27 09:00:53.093 [info] > git status -z -uall [49ms]
2025-05-27 09:00:58.101 [info] > git config --get commit.template [0ms]
2025-05-27 09:00:58.104 [info] > git for-each-ref --format=%(refname)%00%(upstream:short)%00%(objectname)%00%(upstream:track)%00%(upstream:remotename)%00%(upstream:remoteref) refs/heads/main refs/remotes/main [1ms]
2025-05-27 09:00:58.110 [info] > git for-each-ref --sort -committerdate --format %(refname)%00%(objectname)%00%(*objectname) [1ms]
2025-05-27 09:00:58.150 [info] > git status -z -uall [44ms]
2025-05-27 09:00:58.415 [info] > git check-ignore -v -z --stdin [11ms]
2025-05-27 09:01:03.173 [info] > git config --get commit.template [4ms]
2025-05-27 09:01:03.179 [info] > git for-each-ref --format=%(refname)%00%(upstream:short)%00%(objectname)%00%(upstream:track)%00%(upstream:remotename)%00%(upstream:remoteref) refs/heads/main refs/remotes/main [2ms]
2025-05-27 09:01:03.189 [info] > git for-each-ref --sort -committerdate --format %(refname)%00%(objectname)%00%(*objectname) [2ms]
2025-05-27 09:01:03.234 [info] > git status -z -uall [51ms]
2025-05-27 09:01:03.304 [info] > git show --textconv :my-first-app/public/index.html [7ms]
2025-05-27 09:01:03.305 [info] > git ls-files --stage -- my-first-app/public/index.html [6ms]
2025-05-27 09:01:03.309 [info] > git cat-file -s aa069f27cbd9d53394428171c3989fd03db73c76 [1ms]
2025-05-27 09:01:08.247 [info] > git config --get commit.template [2ms]
2025-05-27 09:01:08.251 [info] > git for-each-ref --format=%(refname)%00%(upstream:short)%00%(objectname)%00%(upstream:track)%00%(upstream:remotename)%00%(upstream:remoteref) refs/heads/main refs/remotes/main [1ms]
2025-05-27 09:01:08.258 [info] > git for-each-ref --sort -committerdate --format %(refname)%00%(objectname)%00%(*objectname) [1ms]
2025-05-27 09:01:08.301 [info] > git status -z -uall [46ms]
2025-05-27 09:01:13.333 [info] > git config --get commit.template [4ms]
2025-05-27 09:01:13.334 [info] > git for-each-ref --format=%(refname)%00%(upstream:short)%00%(objectname)%00%(upstream:track)%00%(upstream:remotename)%00%(upstream:remoteref) refs/heads/main refs/remotes/main [1ms]
2025-05-27 09:01:13.341 [info] > git for-each-ref --sort -committerdate --format %(refname)%00%(objectname)%00%(*objectname) [1ms]
2025-05-27 09:01:13.381 [info] > git status -z -uall [43ms]
2025-05-27 09:01:38.401 [info] > git config --get commit.template [5ms]
2025-05-27 09:01:38.401 [info] > git for-each-ref --format=%(refname)%00%(upstream:short)%00%(objectname)%00%(upstream:track)%00%(upstream:remotename)%00%(upstream:remoteref) refs/heads/main refs/remotes/main [1ms]
2025-05-27 09:01:38.412 [info] > git for-each-ref --sort -committerdate --format %(refname)%00%(objectname)%00%(*objectname) [1ms]
2025-05-27 09:01:38.468 [info] > git status -z -uall [62ms]
2025-05-27 09:01:43.499 [info] > git config --get commit.template [0ms]
2025-05-27 09:01:43.502 [info] > git for-each-ref --format=%(refname)%00%(upstream:short)%00%(objectname)%00%(upstream:track)%00%(upstream:remotename)%00%(upstream:remoteref) refs/heads/main refs/remotes/main [0ms]
2025-05-27 09:01:43.508 [info] > git for-each-ref --sort -committerdate --format %(refname)%00%(objectname)%00%(*objectname) [1ms]
2025-05-27 09:01:43.551 [info] > git status -z -uall [46ms]
2025-05-27 09:01:48.565 [info] > git config --get commit.template [4ms]
2025-05-27 09:01:48.566 [info] > git for-each-ref --format=%(refname)%00%(upstream:short)%00%(objectname)%00%(upstream:track)%00%(upstream:remotename)%00%(upstream:remoteref) refs/heads/main refs/remotes/main [2ms]
2025-05-27 09:01:48.572 [info] > git for-each-ref --sort -committerdate --format %(refname)%00%(objectname)%00%(*objectname) [1ms]
2025-05-27 09:01:48.617 [info] > git status -z -uall [48ms]
2025-05-27 09:01:53.630 [info] > git config --get commit.template [4ms]
2025-05-27 09:01:53.630 [info] > git for-each-ref --format=%(refname)%00%(upstream:short)%00%(objectname)%00%(upstream:track)%00%(upstream:remotename)%00%(upstream:remoteref) refs/heads/main refs/remotes/main [1ms]
2025-05-27 09:01:53.637 [info] > git for-each-ref --sort -committerdate --format %(refname)%00%(objectname)%00%(*objectname) [2ms]
2025-05-27 09:01:53.681 [info] > git status -z -uall [48ms]
2025-05-27 09:01:58.690 [info] > git config --get commit.template [3ms]
2025-05-27 09:01:58.690 [info] > git for-each-ref --format=%(refname)%00%(upstream:short)%00%(objectname)%00%(upstream:track)%00%(upstream:remotename)%00%(upstream:remoteref) refs/heads/main refs/remotes/main [1ms]
2025-05-27 09:01:58.698 [info] > git for-each-ref --sort -committerdate --format %(refname)%00%(objectname)%00%(*objectname) [3ms]
2025-05-27 09:01:58.743 [info] > git status -z -uall [50ms]
2025-05-27 09:02:03.753 [info] > git config --get commit.template [3ms]
2025-05-27 09:02:03.754 [info] > git for-each-ref --format=%(refname)%00%(upstream:short)%00%(objectname)%00%(upstream:track)%00%(upstream:remotename)%00%(upstream:remoteref) refs/heads/main refs/remotes/main [1ms]
2025-05-27 09:02:03.759 [info] > git for-each-ref --sort -committerdate --format %(refname)%00%(objectname)%00%(*objectname) [1ms]
2025-05-27 09:02:03.798 [info] > git status -z -uall [42ms]
2025-05-27 09:02:05.024 [info] > git config --get commit.template [3ms]
2025-05-27 09:02:05.024 [info] > git for-each-ref --format=%(refname)%00%(upstream:short)%00%(objectname)%00%(upstream:track)%00%(upstream:remotename)%00%(upstream:remoteref) refs/heads/main refs/remotes/main [1ms]
2025-05-27 09:02:05.031 [info] > git for-each-ref --sort -committerdate --format %(refname)%00%(objectname)%00%(*objectname) [1ms]
2025-05-27 09:02:05.074 [info] > git status -z -uall [47ms]
2025-05-27 09:02:05.448 [info] > git ls-files --stage -- my-first-app/public/index.html [4ms]
2025-05-27 09:02:05.451 [info] > git cat-file -s aa069f27cbd9d53394428171c3989fd03db73c76 [0ms]
2025-05-27 09:02:05.461 [info] > git show --textconv :my-first-app/public/index.html [5ms]
2025-05-27 09:02:10.759 [info] > git config --get commit.template [2ms]
2025-05-27 09:02:10.760 [info] > git for-each-ref --format=%(refname)%00%(upstream:short)%00%(objectname)%00%(upstream:track)%00%(upstream:remotename)%00%(upstream:remoteref) refs/heads/main refs/remotes/main [1ms]
2025-05-27 09:02:10.768 [info] > git for-each-ref --sort -committerdate --format %(refname)%00%(objectname)%00%(*objectname) [1ms]
2025-05-27 09:02:10.806 [info] > git status -z -uall [42ms]
2025-05-27 09:02:15.815 [info] > git config --get commit.template [2ms]
2025-05-27 09:02:15.816 [info] > git for-each-ref --format=%(refname)%00%(upstream:short)%00%(objectname)%00%(upstream:track)%00%(upstream:remotename)%00%(upstream:remoteref) refs/heads/main refs/remotes/main [1ms]
2025-05-27 09:02:15.823 [info] > git for-each-ref --sort -committerdate --format %(refname)%00%(objectname)%00%(*objectname) [1ms]
2025-05-27 09:02:15.864 [info] > git status -z -uall [44ms]
2025-05-27 09:02:20.875 [info] > git config --get commit.template [1ms]
2025-05-27 09:02:20.878 [info] > git for-each-ref --format=%(refname)%00%(upstream:short)%00%(objectname)%00%(upstream:track)%00%(upstream:remotename)%00%(upstream:remoteref) refs/heads/main refs/remotes/main [1ms]
2025-05-27 09:02:20.883 [info] > git for-each-ref --sort -committerdate --format %(refname)%00%(objectname)%00%(*objectname) [1ms]
2025-05-27 09:02:20.922 [info] > git status -z -uall [42ms]
2025-05-27 09:02:25.933 [info] > git config --get commit.template [3ms]
2025-05-27 09:02:25.934 [info] > git for-each-ref --format=%(refname)%00%(upstream:short)%00%(objectname)%00%(upstream:track)%00%(upstream:remotename)%00%(upstream:remoteref) refs/heads/main refs/remotes/main [2ms]
2025-05-27 09:02:25.940 [info] > git for-each-ref --sort -committerdate --format %(refname)%00%(objectname)%00%(*objectname) [1ms]
2025-05-27 09:02:25.985 [info] > git status -z -uall [48ms]
2025-05-27 09:02:31.000 [info] > git config --get commit.template [5ms]
2025-05-27 09:02:31.001 [info] > git for-each-ref --format=%(refname)%00%(upstream:short)%00%(objectname)%00%(upstream:track)%00%(upstream:remotename)%00%(upstream:remoteref) refs/heads/main refs/remotes/main [2ms]
2025-05-27 09:02:31.009 [info] > git for-each-ref --sort -committerdate --format %(refname)%00%(objectname)%00%(*objectname) [1ms]
2025-05-27 09:02:31.054 [info] > git status -z -uall [48ms]
2025-05-27 09:02:36.062 [info] > git config --get commit.template [2ms]
2025-05-27 09:02:36.063 [info] > git for-each-ref --format=%(refname)%00%(upstream:short)%00%(objectname)%00%(upstream:track)%00%(upstream:remotename)%00%(upstream:remoteref) refs/heads/main refs/remotes/main [1ms]
2025-05-27 09:02:36.070 [info] > git for-each-ref --sort -committerdate --format %(refname)%00%(objectname)%00%(*objectname) [1ms]
2025-05-27 09:02:36.109 [info] > git status -z -uall [42ms]
2025-05-27 09:02:41.146 [info] > git config --get commit.template [2ms]
2025-05-27 09:02:41.147 [info] > git for-each-ref --format=%(refname)%00%(upstream:short)%00%(objectname)%00%(upstream:track)%00%(upstream:remotename)%00%(upstream:remoteref) refs/heads/main refs/remotes/main [1ms]
2025-05-27 09:02:41.153 [info] > git for-each-ref --sort -committerdate --format %(refname)%00%(objectname)%00%(*objectname) [1ms]
2025-05-27 09:02:41.192 [info] > git status -z -uall [42ms]
2025-05-27 09:02:46.200 [info] > git config --get commit.template [1ms]
2025-05-27 09:02:46.204 [info] > git for-each-ref --format=%(refname)%00%(upstream:short)%00%(objectname)%00%(upstream:track)%00%(upstream:remotename)%00%(upstream:remoteref) refs/heads/main refs/remotes/main [1ms]
2025-05-27 09:02:46.209 [info] > git for-each-ref --sort -committerdate --format %(refname)%00%(objectname)%00%(*objectname) [1ms]
2025-05-27 09:02:46.249 [info] > git status -z -uall [42ms]
2025-05-27 09:02:51.263 [info] > git config --get commit.template [4ms]
2025-05-27 09:02:51.264 [info] > git for-each-ref --format=%(refname)%00%(upstream:short)%00%(objectname)%00%(upstream:track)%00%(upstream:remotename)%00%(upstream:remoteref) refs/heads/main refs/remotes/main [1ms]
2025-05-27 09:02:51.273 [info] > git for-each-ref --sort -committerdate --format %(refname)%00%(objectname)%00%(*objectname) [1ms]
2025-05-27 09:02:51.315 [info] > git status -z -uall [44ms]
2025-05-27 09:02:56.234 [info] > git show --textconv :.gitignore [7ms]
2025-05-27 09:02:56.236 [info] > git ls-files --stage -- .gitignore [8ms]
2025-05-27 09:02:56.239 [info] > git cat-file -s f35576183b90680cc51b78a76898c468cf4d1fa8 [0ms]
2025-05-27 09:02:56.249 [info] > git blame --root --incremental 82456abe73ce2eb791e0fcae3788206c6abf995b -- .gitignore [2ms]
2025-05-27 09:02:56.323 [info] > git config --get commit.template [2ms]
2025-05-27 09:02:56.323 [info] > git for-each-ref --format=%(refname)%00%(upstream:short)%00%(objectname)%00%(upstream:track)%00%(upstream:remotename)%00%(upstream:remoteref) refs/heads/main refs/remotes/main [1ms]
2025-05-27 09:02:56.329 [info] > git for-each-ref --sort -committerdate --format %(refname)%00%(objectname)%00%(*objectname) [1ms]
2025-05-27 09:02:56.371 [info] > git status -z -uall [44ms]
2025-05-27 09:03:01.383 [info] > git config --get commit.template [2ms]
2025-05-27 09:03:01.387 [info] > git for-each-ref --format=%(refname)%00%(upstream:short)%00%(objectname)%00%(upstream:track)%00%(upstream:remotename)%00%(upstream:remoteref) refs/heads/main refs/remotes/main [1ms]
2025-05-27 09:03:01.392 [info] > git for-each-ref --sort -committerdate --format %(refname)%00%(objectname)%00%(*objectname) [1ms]
2025-05-27 09:03:01.429 [info] > git status -z -uall [39ms]
2025-05-27 09:03:07.831 [info] > git config --get commit.template [3ms]
2025-05-27 09:03:07.832 [info] > git for-each-ref --format=%(refname)%00%(upstream:short)%00%(objectname)%00%(upstream:track)%00%(upstream:remotename)%00%(upstream:remoteref) refs/heads/main refs/remotes/main [1ms]
2025-05-27 09:03:07.839 [info] > git for-each-ref --sort -committerdate --format %(refname)%00%(objectname)%00%(*objectname) [2ms]
2025-05-27 09:03:07.889 [info] > git status -z -uall [55ms]
2025-05-27 09:03:47.206 [info] > git config --get commit.template [7ms]
2025-05-27 09:03:47.207 [info] > git for-each-ref --format=%(refname)%00%(upstream:short)%00%(objectname)%00%(upstream:track)%00%(upstream:remotename)%00%(upstream:remoteref) refs/heads/main refs/remotes/main [2ms]
2025-05-27 09:03:47.219 [info] > git for-each-ref --sort -committerdate --format %(refname)%00%(objectname)%00%(*objectname) [5ms]
2025-05-27 09:03:47.289 [info] > git status -z -uall [77ms]
2025-05-27 09:03:52.309 [info] > git config --get commit.template [9ms]
2025-05-27 09:03:52.309 [info] > git for-each-ref --format=%(refname)%00%(upstream:short)%00%(objectname)%00%(upstream:track)%00%(upstream:remotename)%00%(upstream:remoteref) refs/heads/main refs/remotes/main [3ms]
2025-05-27 09:03:52.324 [info] > git for-each-ref --sort -committerdate --format %(refname)%00%(objectname)%00%(*objectname) [3ms]
2025-05-27 09:03:52.372 [info] > git status -z -uall [56ms]
2025-05-27 09:03:57.385 [info] > git config --get commit.template [3ms]
2025-05-27 09:03:57.385 [info] > git for-each-ref --format=%(refname)%00%(upstream:short)%00%(objectname)%00%(upstream:track)%00%(upstream:remotename)%00%(upstream:remoteref) refs/heads/main refs/remotes/main [1ms]
2025-05-27 09:03:57.390 [info] > git for-each-ref --sort -committerdate --format %(refname)%00%(objectname)%00%(*objectname) [1ms]
2025-05-27 09:03:57.436 [info] > git status -z -uall [48ms]
2025-05-27 09:04:00.105 [info] > git show --textconv :my-first-app/public/index.html [15ms]
2025-05-27 09:04:00.107 [info] > git ls-files --stage -- my-first-app/public/index.html [9ms]
2025-05-27 09:04:00.110 [info] > git cat-file -s aa069f27cbd9d53394428171c3989fd03db73c76 [1ms]
2025-05-27 09:04:02.451 [info] > git config --get commit.template [4ms]
2025-05-27 09:04:02.452 [info] > git for-each-ref --format=%(refname)%00%(upstream:short)%00%(objectname)%00%(upstream:track)%00%(upstream:remotename)%00%(upstream:remoteref) refs/heads/main refs/remotes/main [2ms]
2025-05-27 09:04:02.458 [info] > git for-each-ref --sort -committerdate --format %(refname)%00%(objectname)%00%(*objectname) [1ms]
2025-05-27 09:04:02.503 [info] > git status -z -uall [48ms]
2025-05-27 09:04:07.512 [info] > git config --get commit.template [2ms]
2025-05-27 09:04:07.514 [info] > git for-each-ref --format=%(refname)%00%(upstream:short)%00%(objectname)%00%(upstream:track)%00%(upstream:remotename)%00%(upstream:remoteref) refs/heads/main refs/remotes/main [0ms]
2025-05-27 09:04:07.520 [info] > git for-each-ref --sort -committerdate --format %(refname)%00%(objectname)%00%(*objectname) [1ms]
2025-05-27 09:04:07.557 [info] > git status -z -uall [40ms]
2025-05-27 09:04:12.596 [info] > git config --get commit.template [1ms]
2025-05-27 09:04:12.600 [info] > git for-each-ref --format=%(refname)%00%(upstream:short)%00%(objectname)%00%(upstream:track)%00%(upstream:remotename)%00%(upstream:remoteref) refs/heads/main refs/remotes/main [1ms]
2025-05-27 09:04:12.610 [info] > git for-each-ref --sort -committerdate --format %(refname)%00%(objectname)%00%(*objectname) [3ms]
2025-05-27 09:04:12.650 [info] > git status -z -uall [47ms]
2025-05-27 09:04:17.660 [info] > git config --get commit.template [3ms]
2025-05-27 09:04:17.661 [info] > git for-each-ref --format=%(refname)%00%(upstream:short)%00%(objectname)%00%(upstream:track)%00%(upstream:remotename)%00%(upstream:remoteref) refs/heads/main refs/remotes/main [1ms]
2025-05-27 09:04:17.668 [info] > git for-each-ref --sort -committerdate --format %(refname)%00%(objectname)%00%(*objectname) [1ms]
2025-05-27 09:04:17.715 [info] > git status -z -uall [50ms]
2025-05-27 09:04:22.730 [info] > git config --get commit.template [0ms]
2025-05-27 09:04:22.733 [info] > git for-each-ref --format=%(refname)%00%(upstream:short)%00%(objectname)%00%(upstream:track)%00%(upstream:remotename)%00%(upstream:remoteref) refs/heads/main refs/remotes/main [1ms]
2025-05-27 09:04:22.738 [info] > git for-each-ref --sort -committerdate --format %(refname)%00%(objectname)%00%(*objectname) [1ms]
2025-05-27 09:04:22.776 [info] > git status -z -uall [40ms]
2025-05-27 09:04:27.789 [info] > git config --get commit.template [1ms]
2025-05-27 09:04:27.794 [info] > git for-each-ref --format=%(refname)%00%(upstream:short)%00%(objectname)%00%(upstream:track)%00%(upstream:remotename)%00%(upstream:remoteref) refs/heads/main refs/remotes/main [0ms]
2025-05-27 09:04:27.799 [info] > git for-each-ref --sort -committerdate --format %(refname)%00%(objectname)%00%(*objectname) [0ms]
2025-05-27 09:04:27.836 [info] > git status -z -uall [39ms]
2025-05-27 09:04:32.847 [info] > git config --get commit.template [4ms]
2025-05-27 09:04:32.847 [info] > git for-each-ref --format=%(refname)%00%(upstream:short)%00%(objectname)%00%(upstream:track)%00%(upstream:remotename)%00%(upstream:remoteref) refs/heads/main refs/remotes/main [1ms]
2025-05-27 09:04:32.852 [info] > git for-each-ref --sort -committerdate --format %(refname)%00%(objectname)%00%(*objectname) [1ms]
2025-05-27 09:04:32.892 [info] > git status -z -uall [43ms]
2025-05-27 09:04:37.905 [info] > git config --get commit.template [4ms]
2025-05-27 09:04:37.906 [info] > git for-each-ref --format=%(refname)%00%(upstream:short)%00%(objectname)%00%(upstream:track)%00%(upstream:remotename)%00%(upstream:remoteref) refs/heads/main refs/remotes/main [1ms]
2025-05-27 09:04:37.918 [info] > git for-each-ref --sort -committerdate --format %(refname)%00%(objectname)%00%(*objectname) [2ms]
2025-05-27 09:04:37.959 [info] > git status -z -uall [46ms]
2025-05-27 09:04:37.968 [info] > git config --get commit.template [3ms]
2025-05-27 09:04:37.968 [info] > git for-each-ref --format=%(refname)%00%(upstream:short)%00%(objectname)%00%(upstream:track)%00%(upstream:remotename)%00%(upstream:remoteref) refs/heads/main refs/remotes/main [0ms]
2025-05-27 09:04:37.973 [info] > git for-each-ref --sort -committerdate --format %(refname)%00%(objectname)%00%(*objectname) [1ms]
2025-05-27 09:04:38.010 [info] > git status -z -uall [40ms]
2025-05-27 09:04:38.371 [info] > git ls-files --stage -- my-first-app/public/index.html [5ms]
2025-05-27 09:04:38.374 [info] > git cat-file -s aa069f27cbd9d53394428171c3989fd03db73c76 [1ms]
2025-05-27 09:04:38.385 [info] > git show --textconv :my-first-app/public/index.html [5ms]
2025-05-27 09:05:13.906 [info] > git config --get commit.template [4ms]
2025-05-27 09:05:13.907 [info] > git for-each-ref --format=%(refname)%00%(upstream:short)%00%(objectname)%00%(upstream:track)%00%(upstream:remotename)%00%(upstream:remoteref) refs/heads/main refs/remotes/main [1ms]
2025-05-27 09:05:13.913 [info] > git for-each-ref --sort -committerdate --format %(refname)%00%(objectname)%00%(*objectname) [1ms]
2025-05-27 09:05:13.963 [info] > git status -z -uall [53ms]
2025-05-27 09:05:14.341 [info] > git show --textconv :.gitignore [6ms]
2025-05-27 09:05:14.346 [info] > git ls-files --stage -- .gitignore [8ms]
2025-05-27 09:05:14.349 [info] > git cat-file -s f35576183b90680cc51b78a76898c468cf4d1fa8 [1ms]
2025-05-27 09:05:18.976 [info] > git config --get commit.template [3ms]
2025-05-27 09:05:18.977 [info] > git for-each-ref --format=%(refname)%00%(upstream:short)%00%(objectname)%00%(upstream:track)%00%(upstream:remotename)%00%(upstream:remoteref) refs/heads/main refs/remotes/main [1ms]
2025-05-27 09:05:18.982 [info] > git for-each-ref --sort -committerdate --format %(refname)%00%(objectname)%00%(*objectname) [1ms]
2025-05-27 09:05:19.024 [info] > git status -z -uall [45ms]
2025-05-27 09:05:24.035 [info] > git config --get commit.template [2ms]
2025-05-27 09:05:24.040 [info] > git for-each-ref --format=%(refname)%00%(upstream:short)%00%(objectname)%00%(upstream:track)%00%(upstream:remotename)%00%(upstream:remoteref) refs/heads/main refs/remotes/main [1ms]
2025-05-27 09:05:24.047 [info] > git for-each-ref --sort -committerdate --format %(refname)%00%(objectname)%00%(*objectname) [1ms]
2025-05-27 09:05:24.088 [info] > git status -z -uall [45ms]
2025-05-27 09:05:25.263 [info] > git check-ignore -v -z --stdin [36ms]
2025-05-27 09:05:29.100 [info] > git config --get commit.template [3ms]
2025-05-27 09:05:29.103 [info] > git for-each-ref --format=%(refname)%00%(upstream:short)%00%(objectname)%00%(upstream:track)%00%(upstream:remotename)%00%(upstream:remoteref) refs/heads/main refs/remotes/main [0ms]
2025-05-27 09:05:29.112 [info] > git for-each-ref --sort -committerdate --format %(refname)%00%(objectname)%00%(*objectname) [1ms]
2025-05-27 09:05:29.152 [info] > git status -z -uall [45ms]
2025-05-27 09:09:55.347 [info] > git config --get commit.template [3ms]
2025-05-27 09:09:55.352 [info] > git for-each-ref --format=%(refname)%00%(upstream:short)%00%(objectname)%00%(upstream:track)%00%(upstream:remotename)%00%(upstream:remoteref) refs/heads/main refs/remotes/main [1ms]
2025-05-27 09:09:55.364 [info] > git for-each-ref --sort -committerdate --format %(refname)%00%(objectname)%00%(*objectname) [1ms]
2025-05-27 09:09:55.421 [info] > git status -z -uall [64ms]
2025-05-27 09:10:00.431 [info] > git config --get commit.template [1ms]
2025-05-27 09:10:00.433 [info] > git for-each-ref --format=%(refname)%00%(upstream:short)%00%(objectname)%00%(upstream:track)%00%(upstream:remotename)%00%(upstream:remoteref) refs/heads/main refs/remotes/main [1ms]
2025-05-27 09:10:00.438 [info] > git for-each-ref --sort -committerdate --format %(refname)%00%(objectname)%00%(*objectname) [1ms]
2025-05-27 09:10:00.477 [info] > git status -z -uall [42ms]
2025-05-27 09:10:01.538 [info] > git check-ignore -v -z --stdin [36ms]
2025-05-27 09:10:05.486 [info] > git config --get commit.template [2ms]
2025-05-27 09:10:05.487 [info] > git for-each-ref --format=%(refname)%00%(upstream:short)%00%(objectname)%00%(upstream:track)%00%(upstream:remotename)%00%(upstream:remoteref) refs/heads/main refs/remotes/main [1ms]
2025-05-27 09:10:05.493 [info] > git for-each-ref --sort -committerdate --format %(refname)%00%(objectname)%00%(*objectname) [2ms]
2025-05-27 09:10:05.535 [info] > git status -z -uall [46ms]
