2025-05-23 10:38:42.898 [info] [main] Log level: Info
2025-05-23 10:38:42.898 [info] [main] Validating found git in: "git"
2025-05-23 10:38:42.898 [info] [main] Using git "2.43.0" from "git"
2025-05-23 10:38:42.898 [info] [Model][doInitialScan] Initial repository scan started
2025-05-23 10:38:42.898 [info] > git rev-parse --show-toplevel [250ms]
2025-05-23 10:38:42.898 [info] fatal: not a git repository (or any of the parent directories): .git
2025-05-23 10:38:42.898 [info] > git rev-parse --show-toplevel [4ms]
2025-05-23 10:38:42.898 [info] fatal: not a git repository (or any of the parent directories): .git
2025-05-23 10:38:42.905 [info] > git rev-parse --show-toplevel [3ms]
2025-05-23 10:38:42.905 [info] fatal: not a git repository (or any of the parent directories): .git
2025-05-23 10:38:42.913 [info] > git rev-parse --show-toplevel [2ms]
2025-05-23 10:38:42.913 [info] fatal: not a git repository (or any of the parent directories): .git
2025-05-23 10:38:42.919 [info] > git rev-parse --show-toplevel [1ms]
2025-05-23 10:38:42.919 [info] fatal: not a git repository (or any of the parent directories): .git
2025-05-23 10:38:42.925 [info] > git rev-parse --show-toplevel [1ms]
2025-05-23 10:38:42.925 [info] fatal: not a git repository (or any of the parent directories): .git
2025-05-23 10:38:42.932 [info] > git rev-parse --show-toplevel [3ms]
2025-05-23 10:38:42.932 [info] fatal: not a git repository (or any of the parent directories): .git
2025-05-23 10:38:42.941 [info] > git rev-parse --show-toplevel [2ms]
2025-05-23 10:38:42.941 [info] fatal: not a git repository (or any of the parent directories): .git
2025-05-23 10:38:42.971 [info] > git rev-parse --show-toplevel [25ms]
2025-05-23 10:38:42.971 [info] fatal: not a git repository (or any of the parent directories): .git
2025-05-23 10:38:42.977 [info] > git rev-parse --show-toplevel [2ms]
2025-05-23 10:38:42.977 [info] fatal: not a git repository (or any of the parent directories): .git
2025-05-23 10:38:42.980 [info] [Model][doInitialScan] Initial repository scan completed - repositories (0), closed repositories (0), parent repositories (0), unsafe repositories (0)
2025-05-23 10:38:43.274 [info] > git rev-parse --show-toplevel [1ms]
2025-05-23 10:38:43.274 [info] fatal: not a git repository (or any of the parent directories): .git
2025-05-23 10:39:58.630 [info] > git rev-parse --show-toplevel [97ms]
2025-05-23 10:39:58.632 [info] fatal: not a git repository (or any of the parent directories): .git
2025-05-23 11:09:28.608 [info] > git rev-parse --show-toplevel [12ms]
2025-05-23 11:09:28.610 [info] fatal: not a git repository (or any of the parent directories): .git
2025-05-23 11:09:48.980 [info] > git rev-parse --show-toplevel [1ms]
2025-05-23 11:09:48.980 [info] fatal: not a git repository (or any of the parent directories): .git
2025-05-23 11:14:12.434 [info] > git rev-parse --show-toplevel [1ms]
2025-05-23 11:14:12.434 [info] fatal: not a git repository (or any of the parent directories): .git
2025-05-23 11:14:14.154 [info] > git rev-parse --show-toplevel [1ms]
2025-05-23 11:14:14.154 [info] fatal: not a git repository (or any of the parent directories): .git
2025-05-23 11:14:16.984 [info] > git rev-parse --show-toplevel [14ms]
2025-05-23 11:14:16.984 [info] fatal: not a git repository (or any parent up to mount point /mnt)
Stopping at filesystem boundary (GIT_DISCOVERY_ACROSS_FILESYSTEM not set).
2025-05-23 11:14:21.379 [info] > git rev-parse --show-toplevel [1ms]
2025-05-23 11:14:21.379 [info] fatal: not a git repository (or any of the parent directories): .git
2025-05-23 11:14:22.608 [info] > git rev-parse --show-toplevel [3ms]
2025-05-23 11:14:22.609 [info] fatal: not a git repository (or any of the parent directories): .git
2025-05-23 11:14:25.425 [info] > git rev-parse --show-toplevel [0ms]
2025-05-23 11:14:25.425 [info] fatal: not a git repository (or any of the parent directories): .git
2025-05-23 11:14:29.050 [info] > git rev-parse --show-toplevel [2ms]
2025-05-23 11:14:29.050 [info] fatal: not a git repository (or any of the parent directories): .git
2025-05-23 11:14:39.640 [info] > git rev-parse --show-toplevel [1ms]
2025-05-23 11:14:39.640 [info] fatal: not a git repository (or any of the parent directories): .git
2025-05-23 11:14:40.589 [info] > git rev-parse --show-toplevel [1ms]
2025-05-23 11:14:40.589 [info] fatal: not a git repository (or any of the parent directories): .git
2025-05-23 11:14:51.241 [info] > git rev-parse --show-toplevel [1ms]
2025-05-23 11:14:51.241 [info] fatal: not a git repository (or any of the parent directories): .git
2025-05-23 11:15:12.446 [info] > git rev-parse --show-toplevel [0ms]
2025-05-23 11:15:12.446 [info] fatal: not a git repository (or any of the parent directories): .git
2025-05-23 11:15:14.210 [info] > git rev-parse --show-toplevel [3ms]
2025-05-23 11:15:14.210 [info] fatal: not a git repository (or any of the parent directories): .git
2025-05-23 11:15:18.326 [info] > git rev-parse --show-toplevel [3ms]
2025-05-23 11:15:18.326 [info] fatal: not a git repository (or any of the parent directories): .git
2025-05-23 11:15:19.720 [info] > git rev-parse --show-toplevel [1ms]
2025-05-23 11:15:19.720 [info] fatal: not a git repository (or any of the parent directories): .git
2025-05-23 11:16:31.390 [info] > git rev-parse --show-toplevel [13ms]
2025-05-23 11:16:31.390 [info] fatal: not a git repository (or any parent up to mount point /mnt)
Stopping at filesystem boundary (GIT_DISCOVERY_ACROSS_FILESYSTEM not set).
2025-05-23 11:16:39.631 [info] > git rev-parse --show-toplevel [3ms]
2025-05-23 11:16:39.631 [info] fatal: not a git repository (or any of the parent directories): .git
2025-05-23 11:16:43.212 [info] > git rev-parse --show-toplevel [1ms]
2025-05-23 11:16:43.212 [info] fatal: not a git repository (or any of the parent directories): .git
2025-05-23 11:16:46.189 [info] > git rev-parse --show-toplevel [5ms]
2025-05-23 11:16:46.189 [info] fatal: not a git repository (or any of the parent directories): .git
2025-05-23 11:16:47.499 [info] > git rev-parse --show-toplevel [3ms]
2025-05-23 11:16:47.500 [info] fatal: not a git repository (or any of the parent directories): .git
2025-05-23 11:17:01.354 [info] > git rev-parse --show-toplevel [1ms]
2025-05-23 11:17:01.354 [info] fatal: not a git repository (or any of the parent directories): .git
2025-05-23 11:17:06.611 [info] > git rev-parse --show-toplevel [2ms]
2025-05-23 11:17:06.611 [info] fatal: not a git repository (or any of the parent directories): .git
2025-05-23 11:17:07.405 [info] > git rev-parse --show-toplevel [2ms]
2025-05-23 11:17:07.405 [info] fatal: not a git repository (or any of the parent directories): .git
2025-05-23 11:17:08.989 [info] > git rev-parse --show-toplevel [7ms]
2025-05-23 11:17:08.989 [info] fatal: not a git repository (or any parent up to mount point /mnt)
Stopping at filesystem boundary (GIT_DISCOVERY_ACROSS_FILESYSTEM not set).
2025-05-23 11:17:10.418 [info] > git rev-parse --show-toplevel [1ms]
2025-05-23 11:17:10.418 [info] fatal: not a git repository (or any of the parent directories): .git
2025-05-23 11:17:11.456 [info] > git rev-parse --show-toplevel [0ms]
2025-05-23 11:17:11.456 [info] fatal: not a git repository (or any of the parent directories): .git
2025-05-23 11:17:13.815 [info] > git rev-parse --show-toplevel [1ms]
2025-05-23 11:17:13.815 [info] fatal: not a git repository (or any of the parent directories): .git
2025-05-23 11:17:14.966 [info] > git rev-parse --show-toplevel [1ms]
2025-05-23 11:17:14.966 [info] fatal: not a git repository (or any of the parent directories): .git
2025-05-23 11:17:21.216 [info] > git rev-parse --show-toplevel [1ms]
2025-05-23 11:17:21.216 [info] fatal: not a git repository (or any of the parent directories): .git
2025-05-23 11:18:28.101 [info] > git rev-parse --show-toplevel [3ms]
2025-05-23 11:18:28.101 [info] fatal: not a git repository (or any of the parent directories): .git
2025-05-23 11:18:29.089 [info] > git rev-parse --show-toplevel [3ms]
2025-05-23 11:18:29.089 [info] fatal: not a git repository (or any of the parent directories): .git
2025-05-23 11:18:30.499 [info] > git rev-parse --show-toplevel [1ms]
2025-05-23 11:18:30.499 [info] fatal: not a git repository (or any of the parent directories): .git
2025-05-23 11:18:31.847 [info] > git rev-parse --show-toplevel [1ms]
2025-05-23 11:18:31.847 [info] fatal: not a git repository (or any of the parent directories): .git
2025-05-23 11:18:33.152 [info] > git rev-parse --show-toplevel [1ms]
2025-05-23 11:18:33.153 [info] fatal: not a git repository (or any of the parent directories): .git
2025-05-23 11:18:34.635 [info] > git rev-parse --show-toplevel [1ms]
2025-05-23 11:18:34.635 [info] fatal: not a git repository (or any of the parent directories): .git
2025-05-23 11:18:35.754 [info] > git rev-parse --show-toplevel [1ms]
2025-05-23 11:18:35.754 [info] fatal: not a git repository (or any of the parent directories): .git
2025-05-23 11:18:36.489 [info] > git rev-parse --show-toplevel [1ms]
2025-05-23 11:18:36.489 [info] fatal: not a git repository (or any of the parent directories): .git
2025-05-23 11:18:37.990 [info] > git rev-parse --show-toplevel [1ms]
2025-05-23 11:18:37.991 [info] fatal: not a git repository (or any of the parent directories): .git
2025-05-23 11:18:46.396 [info] > git rev-parse --show-toplevel [1ms]
2025-05-23 11:18:46.396 [info] fatal: not a git repository (or any of the parent directories): .git
2025-05-23 11:18:47.254 [info] > git rev-parse --show-toplevel [2ms]
2025-05-23 11:18:47.255 [info] fatal: not a git repository (or any of the parent directories): .git
2025-05-23 11:18:48.251 [info] > git rev-parse --show-toplevel [2ms]
2025-05-23 11:18:48.251 [info] fatal: not a git repository (or any of the parent directories): .git
2025-05-23 11:18:50.100 [info] > git rev-parse --show-toplevel [1ms]
2025-05-23 11:18:50.100 [info] fatal: not a git repository (or any of the parent directories): .git
2025-05-23 11:18:50.575 [info] > git rev-parse --show-toplevel [1ms]
2025-05-23 11:18:50.575 [info] fatal: not a git repository (or any of the parent directories): .git
2025-05-23 11:19:03.777 [info] > git rev-parse --show-toplevel [3ms]
2025-05-23 11:19:03.778 [info] fatal: not a git repository (or any of the parent directories): .git
2025-05-23 11:19:04.474 [info] > git rev-parse --show-toplevel [1ms]
2025-05-23 11:19:04.474 [info] fatal: not a git repository (or any of the parent directories): .git
2025-05-23 11:19:05.365 [info] > git rev-parse --show-toplevel [1ms]
2025-05-23 11:19:05.365 [info] fatal: not a git repository (or any of the parent directories): .git
2025-05-23 11:19:07.004 [info] > git rev-parse --show-toplevel [1ms]
2025-05-23 11:19:07.004 [info] fatal: not a git repository (or any of the parent directories): .git
2025-05-23 13:05:52.383 [info] > git rev-parse --show-toplevel [13ms]
2025-05-23 13:05:52.385 [info] fatal: not a git repository (or any of the parent directories): .git
2025-05-23 13:08:49.457 [info] > git rev-parse --show-toplevel [16ms]
2025-05-23 13:08:49.458 [info] fatal: not a git repository (or any of the parent directories): .git
2025-05-23 13:09:23.511 [info] > git rev-parse --show-toplevel [1ms]
2025-05-23 13:09:23.511 [info] fatal: not a git repository (or any of the parent directories): .git
2025-05-23 13:10:19.652 [info] > git rev-parse --show-toplevel [1ms]
2025-05-23 13:10:19.652 [info] fatal: not a git repository (or any of the parent directories): .git
