2025-05-27 08:49:22.495 [info] Extension host with pid 31824 started
2025-05-27 08:49:22.496 [info] Lock '/home/prachighatge/.vscode-server/data/User/workspaceStorage/f9f0e80ace99e668b3e867bcad2b6309/vscode.lock': Lock acquired.
2025-05-27 08:49:22.689 [info] ExtensionService#_doActivateExtension vscode.emmet, startup: false, activationEvent: 'onLanguage'
2025-05-27 08:49:22.690 [info] ExtensionService#_doActivateExtension vscode.configuration-editing, startup: false, activationEvent: 'onLanguage:json'
2025-05-27 08:49:22.690 [info] ExtensionService#_doActivateExtension vscode.extension-editing, startup: false, activationEvent: 'onLanguage:json'
2025-05-27 08:49:22.690 [info] ExtensionService#_doActivateExtension vscode.json-language-features, startup: false, activationEvent: 'onLanguage:json'
2025-05-27 08:49:22.690 [info] ExtensionService#_doActivateExtension vscode.npm, startup: false, activationEvent: 'onLanguage:json'
2025-05-27 08:49:23.230 [info] ExtensionService#_doActivateExtension vscode.git-base, startup: true, activationEvent: '*', root cause: vscode.git
2025-05-27 08:49:23.332 [info] ExtensionService#_doActivateExtension vscode.git, startup: true, activationEvent: '*'
2025-05-27 08:49:23.332 [info] ExtensionService#_doActivateExtension vscode.github, startup: true, activationEvent: '*'
2025-05-27 08:49:23.545 [info] Eager extensions activated
2025-05-27 08:49:23.545 [info] ExtensionService#_doActivateExtension vscode.debug-auto-launch, startup: false, activationEvent: 'onStartupFinished'
2025-05-27 08:49:23.545 [info] ExtensionService#_doActivateExtension vscode.merge-conflict, startup: false, activationEvent: 'onStartupFinished'
2025-05-27 08:49:24.627 [info] ExtensionService#_doActivateExtension vscode.tunnel-forwarding, startup: false, activationEvent: 'onTunnel'
2025-05-27 08:49:31.922 [warning] [Decorations] CAPPING events from decorations provider vscode.git 267
2025-05-27 08:49:34.595 [warning] [Decorations] CAPPING events from decorations provider vscode.git 267
2025-05-27 08:49:39.660 [warning] [Decorations] CAPPING events from decorations provider vscode.git 267
2025-05-27 08:49:44.718 [warning] [Decorations] CAPPING events from decorations provider vscode.git 267
2025-05-27 08:49:49.776 [warning] [Decorations] CAPPING events from decorations provider vscode.git 267
2025-05-27 08:49:54.838 [warning] [Decorations] CAPPING events from decorations provider vscode.git 267
2025-05-27 08:51:02.721 [warning] [Decorations] CAPPING events from decorations provider vscode.git 267
2025-05-27 08:51:07.780 [warning] [Decorations] CAPPING events from decorations provider vscode.git 267
2025-05-27 08:51:12.868 [warning] [Decorations] CAPPING events from decorations provider vscode.git 267
2025-05-27 08:51:17.928 [warning] [Decorations] CAPPING events from decorations provider vscode.git 267
2025-05-27 08:51:22.992 [warning] [Decorations] CAPPING events from decorations provider vscode.git 267
2025-05-27 08:51:28.053 [warning] [Decorations] CAPPING events from decorations provider vscode.git 268
2025-05-27 08:51:33.131 [warning] [Decorations] CAPPING events from decorations provider vscode.git 268
2025-05-27 08:51:38.194 [warning] [Decorations] CAPPING events from decorations provider vscode.git 268
2025-05-27 08:51:39.185 [warning] [Decorations] CAPPING events from decorations provider vscode.git 268
2025-05-27 08:51:43.268 [warning] [Decorations] CAPPING events from decorations provider vscode.git 268
2025-05-27 08:51:48.326 [warning] [Decorations] CAPPING events from decorations provider vscode.git 268
2025-05-27 08:51:53.389 [warning] [Decorations] CAPPING events from decorations provider vscode.git 268
2025-05-27 08:56:57.756 [warning] [Decorations] CAPPING events from decorations provider vscode.git 268
2025-05-27 08:57:02.815 [warning] [Decorations] CAPPING events from decorations provider vscode.git 268
2025-05-27 09:00:48.031 [warning] [Decorations] CAPPING events from decorations provider vscode.git 268
2025-05-27 09:00:53.095 [warning] [Decorations] CAPPING events from decorations provider vscode.git 268
2025-05-27 09:00:58.152 [warning] [Decorations] CAPPING events from decorations provider vscode.git 268
2025-05-27 09:01:03.055 [info] ExtensionService#_doActivateExtension vscode.html-language-features, startup: false, activationEvent: 'onLanguage:html'
2025-05-27 09:01:03.237 [warning] [Decorations] CAPPING events from decorations provider vscode.git 269
2025-05-27 09:01:08.303 [warning] [Decorations] CAPPING events from decorations provider vscode.git 269
2025-05-27 09:01:13.383 [warning] [Decorations] CAPPING events from decorations provider vscode.git 269
2025-05-27 09:01:38.473 [warning] [Decorations] CAPPING events from decorations provider vscode.git 269
2025-05-27 09:01:43.555 [warning] [Decorations] CAPPING events from decorations provider vscode.git 269
2025-05-27 09:01:48.620 [warning] [Decorations] CAPPING events from decorations provider vscode.git 269
2025-05-27 09:01:53.683 [warning] [Decorations] CAPPING events from decorations provider vscode.git 269
2025-05-27 09:01:58.745 [warning] [Decorations] CAPPING events from decorations provider vscode.git 269
2025-05-27 09:02:03.800 [warning] [Decorations] CAPPING events from decorations provider vscode.git 269
2025-05-27 09:02:05.078 [warning] [Decorations] CAPPING events from decorations provider vscode.git 269
2025-05-27 09:02:10.809 [warning] [Decorations] CAPPING events from decorations provider vscode.git 269
2025-05-27 09:02:15.866 [warning] [Decorations] CAPPING events from decorations provider vscode.git 269
2025-05-27 09:02:20.924 [warning] [Decorations] CAPPING events from decorations provider vscode.git 269
2025-05-27 09:02:25.987 [warning] [Decorations] CAPPING events from decorations provider vscode.git 269
2025-05-27 09:02:31.056 [warning] [Decorations] CAPPING events from decorations provider vscode.git 269
2025-05-27 09:02:36.111 [warning] [Decorations] CAPPING events from decorations provider vscode.git 269
2025-05-27 09:02:41.194 [warning] [Decorations] CAPPING events from decorations provider vscode.git 269
2025-05-27 09:02:46.251 [warning] [Decorations] CAPPING events from decorations provider vscode.git 269
2025-05-27 09:02:51.317 [warning] [Decorations] CAPPING events from decorations provider vscode.git 269
2025-05-27 09:02:56.373 [warning] [Decorations] CAPPING events from decorations provider vscode.git 269
2025-05-27 09:03:01.431 [warning] [Decorations] CAPPING events from decorations provider vscode.git 269
2025-05-27 09:03:07.893 [warning] [Decorations] CAPPING events from decorations provider vscode.git 269
2025-05-27 09:03:47.292 [warning] [Decorations] CAPPING events from decorations provider vscode.git 269
2025-05-27 09:03:52.374 [warning] [Decorations] CAPPING events from decorations provider vscode.git 269
2025-05-27 09:03:57.438 [warning] [Decorations] CAPPING events from decorations provider vscode.git 269
2025-05-27 09:04:02.505 [warning] [Decorations] CAPPING events from decorations provider vscode.git 269
2025-05-27 09:04:07.559 [warning] [Decorations] CAPPING events from decorations provider vscode.git 269
2025-05-27 09:04:12.652 [warning] [Decorations] CAPPING events from decorations provider vscode.git 269
2025-05-27 09:04:17.719 [warning] [Decorations] CAPPING events from decorations provider vscode.git 269
2025-05-27 09:04:22.778 [warning] [Decorations] CAPPING events from decorations provider vscode.git 269
2025-05-27 09:04:27.838 [warning] [Decorations] CAPPING events from decorations provider vscode.git 269
2025-05-27 09:04:32.894 [warning] [Decorations] CAPPING events from decorations provider vscode.git 269
2025-05-27 09:04:37.961 [warning] [Decorations] CAPPING events from decorations provider vscode.git 269
2025-05-27 09:04:38.012 [warning] [Decorations] CAPPING events from decorations provider vscode.git 269
2025-05-27 09:05:13.966 [warning] [Decorations] CAPPING events from decorations provider vscode.git 269
2025-05-27 09:05:19.027 [warning] [Decorations] CAPPING events from decorations provider vscode.git 269
2025-05-27 09:05:24.091 [warning] [Decorations] CAPPING events from decorations provider vscode.git 269
2025-05-27 09:05:29.154 [warning] [Decorations] CAPPING events from decorations provider vscode.git 271
2025-05-27 09:09:55.425 [warning] [Decorations] CAPPING events from decorations provider vscode.git 271
2025-05-27 09:10:00.480 [warning] [Decorations] CAPPING events from decorations provider vscode.git 271
2025-05-27 09:10:05.537 [warning] [Decorations] CAPPING events from decorations provider vscode.git 272
