2025-05-27 09:45:42.661 [info] [main] Log level: Info
2025-05-27 09:45:42.661 [info] [main] Validating found git in: "git"
2025-05-27 09:45:42.661 [info] [main] Using git "2.43.0" from "git"
2025-05-27 09:45:42.661 [info] [Model][doInitialScan] Initial repository scan started
2025-05-27 09:45:42.661 [info] > git rev-parse --show-toplevel [3ms]
2025-05-27 09:45:42.661 [info] > git rev-parse --git-dir --git-common-dir [4ms]
2025-05-27 09:45:42.661 [info] [Model][openRepository] Opened repository (path): /home/prachighatge
2025-05-27 09:45:42.661 [info] [Model][openRepository] Opened repository (real path): /home/prachighatge
2025-05-27 09:45:42.661 [info] > git config --get commit.template [2ms]
2025-05-27 09:45:42.661 [info] > git for-each-ref --format=%(refname)%00%(upstream:short)%00%(objectname)%00%(upstream:track)%00%(upstream:remotename)%00%(upstream:remoteref) refs/heads/main refs/remotes/main [3ms]
2025-05-27 09:45:42.661 [info] > git rev-parse --show-toplevel [2ms]
2025-05-27 09:45:42.661 [info] > git rev-parse --show-toplevel [2ms]
2025-05-27 09:45:42.676 [info] > git rev-parse --show-toplevel [3ms]
2025-05-27 09:45:42.677 [info] > git for-each-ref --sort -committerdate --format %(refname)%00%(objectname)%00%(*objectname) [8ms]
2025-05-27 09:45:42.684 [info] > git rev-parse --show-toplevel [1ms]
2025-05-27 09:45:42.691 [info] > git rev-parse --show-toplevel [2ms]
2025-05-27 09:45:42.696 [info] > git rev-parse --show-toplevel [1ms]
2025-05-27 09:45:42.701 [info] > git rev-parse --show-toplevel [2ms]
2025-05-27 09:45:42.710 [info] > git rev-parse --show-toplevel [4ms]
2025-05-27 09:45:42.716 [info] > git rev-parse --show-toplevel [1ms]
2025-05-27 09:45:42.719 [info] [Model][doInitialScan] Initial repository scan completed - repositories (1), closed repositories (0), parent repositories (0), unsafe repositories (0)
2025-05-27 09:45:42.748 [info] > git status -z -uall [84ms]
2025-05-27 09:45:42.777 [info] > git for-each-ref --format=%(refname)%00%(upstream:short)%00%(objectname)%00%(upstream:track)%00%(upstream:remotename)%00%(upstream:remoteref) refs/heads/main refs/remotes/main [11ms]
2025-05-27 09:45:42.782 [info] > git config --get --local branch.main.vscode-merge-base [1ms]
2025-05-27 09:45:42.782 [warning] [Git][config] git config failed: Failed to execute git
2025-05-27 09:45:42.785 [info] > git config --get commit.template [10ms]
2025-05-27 09:45:42.789 [info] > git reflog main --grep-reflog=branch: Created from *. [4ms]
2025-05-27 09:45:42.792 [info] > git symbolic-ref --short refs/remotes/origin/HEAD [1ms]
2025-05-27 09:45:42.792 [info] fatal: ref refs/remotes/origin/HEAD is not a symbolic ref
2025-05-27 09:45:42.792 [warning] [Repository][getDefaultBranch] Failed to get default branch details: Failed to execute git.
2025-05-27 09:45:42.796 [info] > git for-each-ref --format=%(refname)%00%(upstream:short)%00%(objectname)%00%(upstream:track)%00%(upstream:remotename)%00%(upstream:remoteref) refs/heads/main refs/remotes/main [8ms]
2025-05-27 09:45:42.796 [info] > git merge-base refs/heads/main refs/remotes/origin/main [1ms]
2025-05-27 09:45:42.808 [info] > git for-each-ref --sort -committerdate --format %(refname)%00%(objectname)%00%(*objectname) [1ms]
2025-05-27 09:45:42.808 [info] > git diff --name-status -z --diff-filter=ADMR ccc927b4c05d270f1bb291818c627b893080305c...refs/remotes/origin/main [9ms]
2025-05-27 09:45:42.881 [info] > git status -z -uall [77ms]
2025-05-27 09:45:43.259 [info] > git show --textconv :.bash_history [14ms]
2025-05-27 09:45:43.259 [info] > git ls-files --stage -- .bash_history [12ms]
2025-05-27 09:45:43.262 [info] > git cat-file -s 5a8c56230b9a8b2850afaf807e3b817ca640c188 [1ms]
2025-05-27 09:45:43.378 [info] > git check-ignore -v -z --stdin [105ms]
2025-05-27 09:45:49.018 [info] > git check-ignore -v -z --stdin [15ms]
2025-05-27 09:45:54.260 [info] > git config --get commit.template [4ms]
2025-05-27 09:45:54.260 [info] > git for-each-ref --format=%(refname)%00%(upstream:short)%00%(objectname)%00%(upstream:track)%00%(upstream:remotename)%00%(upstream:remoteref) refs/heads/main refs/remotes/main [1ms]
2025-05-27 09:45:54.266 [info] > git for-each-ref --sort -committerdate --format %(refname)%00%(objectname)%00%(*objectname) [1ms]
2025-05-27 09:45:54.312 [info] > git status -z -uall [49ms]
2025-05-27 09:45:59.325 [info] > git config --get commit.template [2ms]
2025-05-27 09:45:59.329 [info] > git for-each-ref --format=%(refname)%00%(upstream:short)%00%(objectname)%00%(upstream:track)%00%(upstream:remotename)%00%(upstream:remoteref) refs/heads/main refs/remotes/main [1ms]
2025-05-27 09:45:59.336 [info] > git for-each-ref --sort -committerdate --format %(refname)%00%(objectname)%00%(*objectname) [3ms]
2025-05-27 09:45:59.387 [info] > git status -z -uall [55ms]
2025-05-27 09:46:04.400 [info] > git config --get commit.template [3ms]
2025-05-27 09:46:04.400 [info] > git for-each-ref --format=%(refname)%00%(upstream:short)%00%(objectname)%00%(upstream:track)%00%(upstream:remotename)%00%(upstream:remoteref) refs/heads/main refs/remotes/main [1ms]
2025-05-27 09:46:04.407 [info] > git for-each-ref --sort -committerdate --format %(refname)%00%(objectname)%00%(*objectname) [0ms]
2025-05-27 09:46:04.460 [info] > git status -z -uall [57ms]
2025-05-27 09:46:09.476 [info] > git config --get commit.template [4ms]
2025-05-27 09:46:09.476 [info] > git for-each-ref --format=%(refname)%00%(upstream:short)%00%(objectname)%00%(upstream:track)%00%(upstream:remotename)%00%(upstream:remoteref) refs/heads/main refs/remotes/main [1ms]
2025-05-27 09:46:09.483 [info] > git for-each-ref --sort -committerdate --format %(refname)%00%(objectname)%00%(*objectname) [1ms]
2025-05-27 09:46:09.531 [info] > git status -z -uall [52ms]
2025-05-27 09:46:14.166 [info] > git config --get commit.template [3ms]
2025-05-27 09:46:14.166 [info] > git for-each-ref --format=%(refname)%00%(upstream:short)%00%(objectname)%00%(upstream:track)%00%(upstream:remotename)%00%(upstream:remoteref) refs/heads/main refs/remotes/main [1ms]
2025-05-27 09:46:14.172 [info] > git for-each-ref --sort -committerdate --format %(refname)%00%(objectname)%00%(*objectname) [1ms]
2025-05-27 09:46:14.212 [info] > git status -z -uall [43ms]
2025-05-27 09:46:17.997 [info] > git check-ignore -v -z --stdin [9ms]
2025-05-27 09:46:18.904 [info] > git check-ignore -v -z --stdin [7ms]
2025-05-27 09:46:19.224 [info] > git config --get commit.template [2ms]
2025-05-27 09:46:19.228 [info] > git for-each-ref --format=%(refname)%00%(upstream:short)%00%(objectname)%00%(upstream:track)%00%(upstream:remotename)%00%(upstream:remoteref) refs/heads/main refs/remotes/main [1ms]
2025-05-27 09:46:19.234 [info] > git for-each-ref --sort -committerdate --format %(refname)%00%(objectname)%00%(*objectname) [1ms]
2025-05-27 09:46:19.291 [info] > git status -z -uall [60ms]
2025-05-27 09:46:19.687 [info] > git show --textconv :my-first-app/build/static/css/main.aeb1d721.css [5ms]
2025-05-27 09:46:19.690 [info] > git ls-files --stage -- my-first-app/build/static/css/main.aeb1d721.css [5ms]
2025-05-27 09:46:19.695 [info] > git hash-object -t tree /dev/null [5ms]
2025-05-27 09:46:19.696 [warning] [GitFileSystemProvider][readFile] File not found - git:/home/prachighatge/my-first-app/build/static/css/main.aeb1d721.css.git?%7B%22path%22%3A%22%2Fhome%2Fprachighatge%2Fmy-first-app%2Fbuild%2Fstatic%2Fcss%2Fmain.aeb1d721.css%22%2C%22ref%22%3A%22%22%7D
2025-05-27 09:46:19.698 [info] > git hash-object -t tree /dev/null [5ms]
2025-05-27 09:46:19.698 [warning] [GitFileSystemProvider][stat] File not found - git:/home/prachighatge/my-first-app/build/static/css/main.aeb1d721.css.git?%7B%22path%22%3A%22%2Fhome%2Fprachighatge%2Fmy-first-app%2Fbuild%2Fstatic%2Fcss%2Fmain.aeb1d721.css%22%2C%22ref%22%3A%22%22%7D
2025-05-27 09:46:19.904 [info] > git show --textconv :my-first-app/build/static/css/main.aeb1d721.css.map [6ms]
2025-05-27 09:46:19.905 [warning] [GitFileSystemProvider][readFile] File not found - git:/home/prachighatge/my-first-app/build/static/css/main.aeb1d721.css.map.git?%7B%22path%22%3A%22%2Fhome%2Fprachighatge%2Fmy-first-app%2Fbuild%2Fstatic%2Fcss%2Fmain.aeb1d721.css.map%22%2C%22ref%22%3A%22%22%7D
2025-05-27 09:46:19.909 [info] > git ls-files --stage -- my-first-app/build/static/css/main.aeb1d721.css.map [9ms]
2025-05-27 09:46:19.910 [warning] [GitFileSystemProvider][stat] File not found - git:/home/prachighatge/my-first-app/build/static/css/main.aeb1d721.css.map.git?%7B%22path%22%3A%22%2Fhome%2Fprachighatge%2Fmy-first-app%2Fbuild%2Fstatic%2Fcss%2Fmain.aeb1d721.css.map%22%2C%22ref%22%3A%22%22%7D
2025-05-27 09:46:20.707 [info] > git check-ignore -v -z --stdin [17ms]
2025-05-27 09:46:21.019 [info] > git show --textconv :my-first-app/build/static/js/main.0d6d6ae6.js.LICENSE.txt [6ms]
2025-05-27 09:46:21.019 [warning] [GitFileSystemProvider][readFile] File not found - git:/home/prachighatge/my-first-app/build/static/js/main.0d6d6ae6.js.LICENSE.txt.git?%7B%22path%22%3A%22%2Fhome%2Fprachighatge%2Fmy-first-app%2Fbuild%2Fstatic%2Fjs%2Fmain.0d6d6ae6.js.LICENSE.txt%22%2C%22ref%22%3A%22%22%7D
2025-05-27 09:46:21.020 [info] > git ls-files --stage -- my-first-app/build/static/js/main.0d6d6ae6.js.LICENSE.txt [7ms]
2025-05-27 09:46:21.020 [warning] [GitFileSystemProvider][stat] File not found - git:/home/prachighatge/my-first-app/build/static/js/main.0d6d6ae6.js.LICENSE.txt.git?%7B%22path%22%3A%22%2Fhome%2Fprachighatge%2Fmy-first-app%2Fbuild%2Fstatic%2Fjs%2Fmain.0d6d6ae6.js.LICENSE.txt%22%2C%22ref%22%3A%22%22%7D
2025-05-27 09:46:21.902 [info] > git show --textconv :my-first-app/build/asset-manifest.json [6ms]
2025-05-27 09:46:21.903 [warning] [GitFileSystemProvider][readFile] File not found - git:/home/prachighatge/my-first-app/build/asset-manifest.json.git?%7B%22path%22%3A%22%2Fhome%2Fprachighatge%2Fmy-first-app%2Fbuild%2Fasset-manifest.json%22%2C%22ref%22%3A%22%22%7D
2025-05-27 09:46:21.904 [info] > git ls-files --stage -- my-first-app/build/asset-manifest.json [6ms]
2025-05-27 09:46:21.905 [warning] [GitFileSystemProvider][stat] File not found - git:/home/prachighatge/my-first-app/build/asset-manifest.json.git?%7B%22path%22%3A%22%2Fhome%2Fprachighatge%2Fmy-first-app%2Fbuild%2Fasset-manifest.json%22%2C%22ref%22%3A%22%22%7D
2025-05-27 09:46:24.304 [info] > git config --get commit.template [3ms]
2025-05-27 09:46:24.304 [info] > git for-each-ref --format=%(refname)%00%(upstream:short)%00%(objectname)%00%(upstream:track)%00%(upstream:remotename)%00%(upstream:remoteref) refs/heads/main refs/remotes/main [1ms]
2025-05-27 09:46:24.309 [info] > git for-each-ref --sort -committerdate --format %(refname)%00%(objectname)%00%(*objectname) [1ms]
2025-05-27 09:46:24.355 [info] > git status -z -uall [49ms]
2025-05-27 09:46:29.367 [info] > git config --get commit.template [3ms]
2025-05-27 09:46:29.368 [info] > git for-each-ref --format=%(refname)%00%(upstream:short)%00%(objectname)%00%(upstream:track)%00%(upstream:remotename)%00%(upstream:remoteref) refs/heads/main refs/remotes/main [2ms]
2025-05-27 09:46:29.372 [info] > git for-each-ref --sort -committerdate --format %(refname)%00%(objectname)%00%(*objectname) [1ms]
2025-05-27 09:46:29.413 [info] > git status -z -uall [43ms]
2025-05-27 09:46:34.422 [info] > git config --get commit.template [1ms]
2025-05-27 09:46:34.425 [info] > git for-each-ref --format=%(refname)%00%(upstream:short)%00%(objectname)%00%(upstream:track)%00%(upstream:remotename)%00%(upstream:remoteref) refs/heads/main refs/remotes/main [1ms]
2025-05-27 09:46:34.430 [info] > git for-each-ref --sort -committerdate --format %(refname)%00%(objectname)%00%(*objectname) [1ms]
2025-05-27 09:46:34.473 [info] > git status -z -uall [45ms]
2025-05-27 09:48:33.377 [info] > git config --get commit.template [3ms]
2025-05-27 09:48:33.378 [info] > git for-each-ref --format=%(refname)%00%(upstream:short)%00%(objectname)%00%(upstream:track)%00%(upstream:remotename)%00%(upstream:remoteref) refs/heads/main refs/remotes/main [1ms]
2025-05-27 09:48:33.390 [info] > git for-each-ref --sort -committerdate --format %(refname)%00%(objectname)%00%(*objectname) [1ms]
2025-05-27 09:48:33.443 [info] > git status -z -uall [59ms]
2025-05-27 09:48:38.458 [info] > git config --get commit.template [1ms]
2025-05-27 09:48:38.461 [info] > git for-each-ref --format=%(refname)%00%(upstream:short)%00%(objectname)%00%(upstream:track)%00%(upstream:remotename)%00%(upstream:remoteref) refs/heads/main refs/remotes/main [0ms]
2025-05-27 09:48:38.467 [info] > git for-each-ref --sort -committerdate --format %(refname)%00%(objectname)%00%(*objectname) [1ms]
2025-05-27 09:48:38.509 [info] > git status -z -uall [45ms]
2025-05-27 09:48:43.503 [info] > git config --get commit.template [1ms]
2025-05-27 09:48:43.507 [info] > git for-each-ref --format=%(refname)%00%(upstream:short)%00%(objectname)%00%(upstream:track)%00%(upstream:remotename)%00%(upstream:remoteref) refs/heads/main refs/remotes/main [0ms]
2025-05-27 09:48:43.511 [info] > git for-each-ref --sort -committerdate --format %(refname)%00%(objectname)%00%(*objectname) [1ms]
2025-05-27 09:48:43.551 [info] > git status -z -uall [42ms]
2025-05-27 09:48:48.562 [info] > git config --get commit.template [1ms]
2025-05-27 09:48:48.565 [info] > git for-each-ref --format=%(refname)%00%(upstream:short)%00%(objectname)%00%(upstream:track)%00%(upstream:remotename)%00%(upstream:remoteref) refs/heads/main refs/remotes/main [1ms]
2025-05-27 09:48:48.570 [info] > git for-each-ref --sort -committerdate --format %(refname)%00%(objectname)%00%(*objectname) [1ms]
2025-05-27 09:48:48.615 [info] > git status -z -uall [47ms]
2025-05-27 09:48:53.626 [info] > git config --get commit.template [3ms]
2025-05-27 09:48:53.626 [info] > git for-each-ref --format=%(refname)%00%(upstream:short)%00%(objectname)%00%(upstream:track)%00%(upstream:remotename)%00%(upstream:remoteref) refs/heads/main refs/remotes/main [0ms]
2025-05-27 09:48:53.631 [info] > git for-each-ref --sort -committerdate --format %(refname)%00%(objectname)%00%(*objectname) [1ms]
2025-05-27 09:48:53.674 [info] > git status -z -uall [45ms]
2025-05-27 09:48:58.681 [info] > git config --get commit.template [1ms]
2025-05-27 09:48:58.684 [info] > git for-each-ref --format=%(refname)%00%(upstream:short)%00%(objectname)%00%(upstream:track)%00%(upstream:remotename)%00%(upstream:remoteref) refs/heads/main refs/remotes/main [1ms]
2025-05-27 09:48:58.689 [info] > git for-each-ref --sort -committerdate --format %(refname)%00%(objectname)%00%(*objectname) [1ms]
2025-05-27 09:48:58.737 [info] > git status -z -uall [51ms]
2025-05-27 09:49:03.751 [info] > git config --get commit.template [1ms]
2025-05-27 09:49:03.754 [info] > git for-each-ref --format=%(refname)%00%(upstream:short)%00%(objectname)%00%(upstream:track)%00%(upstream:remotename)%00%(upstream:remoteref) refs/heads/main refs/remotes/main [1ms]
2025-05-27 09:49:03.759 [info] > git for-each-ref --sort -committerdate --format %(refname)%00%(objectname)%00%(*objectname) [1ms]
2025-05-27 09:49:03.802 [info] > git status -z -uall [46ms]
2025-05-27 09:49:08.810 [info] > git config --get commit.template [2ms]
2025-05-27 09:49:08.811 [info] > git for-each-ref --format=%(refname)%00%(upstream:short)%00%(objectname)%00%(upstream:track)%00%(upstream:remotename)%00%(upstream:remoteref) refs/heads/main refs/remotes/main [1ms]
2025-05-27 09:49:08.817 [info] > git for-each-ref --sort -committerdate --format %(refname)%00%(objectname)%00%(*objectname) [1ms]
2025-05-27 09:49:08.857 [info] > git status -z -uall [43ms]
2025-05-27 09:49:13.693 [info] > git config --get commit.template [0ms]
2025-05-27 09:49:13.696 [info] > git for-each-ref --format=%(refname)%00%(upstream:short)%00%(objectname)%00%(upstream:track)%00%(upstream:remotename)%00%(upstream:remoteref) refs/heads/main refs/remotes/main [1ms]
2025-05-27 09:49:13.701 [info] > git for-each-ref --sort -committerdate --format %(refname)%00%(objectname)%00%(*objectname) [0ms]
2025-05-27 09:49:13.749 [info] > git status -z -uall [51ms]
2025-05-27 09:50:06.198 [info] > git config --get commit.template [5ms]
2025-05-27 09:50:06.199 [info] > git for-each-ref --format=%(refname)%00%(upstream:short)%00%(objectname)%00%(upstream:track)%00%(upstream:remotename)%00%(upstream:remoteref) refs/heads/main refs/remotes/main [2ms]
2025-05-27 09:50:06.209 [info] > git for-each-ref --sort -committerdate --format %(refname)%00%(objectname)%00%(*objectname) [2ms]
2025-05-27 09:50:06.274 [info] > git status -z -uall [71ms]
2025-05-27 09:50:46.270 [info] > git config --get commit.template [2ms]
2025-05-27 09:50:46.275 [info] > git for-each-ref --format=%(refname)%00%(upstream:short)%00%(objectname)%00%(upstream:track)%00%(upstream:remotename)%00%(upstream:remoteref) refs/heads/main refs/remotes/main [1ms]
2025-05-27 09:50:46.282 [info] > git for-each-ref --sort -committerdate --format %(refname)%00%(objectname)%00%(*objectname) [1ms]
2025-05-27 09:50:46.334 [info] > git status -z -uall [56ms]
2025-05-27 09:50:51.350 [info] > git config --get commit.template [4ms]
2025-05-27 09:50:51.352 [info] > git for-each-ref --format=%(refname)%00%(upstream:short)%00%(objectname)%00%(upstream:track)%00%(upstream:remotename)%00%(upstream:remoteref) refs/heads/main refs/remotes/main [2ms]
2025-05-27 09:50:51.359 [info] > git for-each-ref --sort -committerdate --format %(refname)%00%(objectname)%00%(*objectname) [1ms]
2025-05-27 09:50:51.400 [info] > git status -z -uall [45ms]
2025-05-27 09:50:56.414 [info] > git config --get commit.template [4ms]
2025-05-27 09:50:56.415 [info] > git for-each-ref --format=%(refname)%00%(upstream:short)%00%(objectname)%00%(upstream:track)%00%(upstream:remotename)%00%(upstream:remoteref) refs/heads/main refs/remotes/main [1ms]
2025-05-27 09:50:56.421 [info] > git for-each-ref --sort -committerdate --format %(refname)%00%(objectname)%00%(*objectname) [1ms]
2025-05-27 09:50:56.461 [info] > git status -z -uall [42ms]
2025-05-27 09:51:01.469 [info] > git config --get commit.template [1ms]
2025-05-27 09:51:01.472 [info] > git for-each-ref --format=%(refname)%00%(upstream:short)%00%(objectname)%00%(upstream:track)%00%(upstream:remotename)%00%(upstream:remoteref) refs/heads/main refs/remotes/main [1ms]
2025-05-27 09:51:01.477 [info] > git for-each-ref --sort -committerdate --format %(refname)%00%(objectname)%00%(*objectname) [1ms]
2025-05-27 09:51:01.526 [info] > git status -z -uall [52ms]
2025-05-27 09:51:06.536 [info] > git config --get commit.template [3ms]
2025-05-27 09:51:06.537 [info] > git for-each-ref --format=%(refname)%00%(upstream:short)%00%(objectname)%00%(upstream:track)%00%(upstream:remotename)%00%(upstream:remoteref) refs/heads/main refs/remotes/main [1ms]
2025-05-27 09:51:06.542 [info] > git for-each-ref --sort -committerdate --format %(refname)%00%(objectname)%00%(*objectname) [1ms]
2025-05-27 09:51:06.587 [info] > git status -z -uall [48ms]
2025-05-27 09:51:11.507 [info] > git config --get commit.template [4ms]
2025-05-27 09:51:11.508 [info] > git for-each-ref --format=%(refname)%00%(upstream:short)%00%(objectname)%00%(upstream:track)%00%(upstream:remotename)%00%(upstream:remoteref) refs/heads/main refs/remotes/main [2ms]
2025-05-27 09:51:11.515 [info] > git for-each-ref --sort -committerdate --format %(refname)%00%(objectname)%00%(*objectname) [1ms]
2025-05-27 09:51:11.574 [info] > git status -z -uall [62ms]
2025-05-27 09:51:27.347 [info] > git config --get commit.template [1ms]
2025-05-27 09:51:27.351 [info] > git for-each-ref --format=%(refname)%00%(upstream:short)%00%(objectname)%00%(upstream:track)%00%(upstream:remotename)%00%(upstream:remoteref) refs/heads/main refs/remotes/main [1ms]
2025-05-27 09:51:27.359 [info] > git for-each-ref --sort -committerdate --format %(refname)%00%(objectname)%00%(*objectname) [1ms]
2025-05-27 09:51:27.416 [info] > git status -z -uall [60ms]
2025-05-27 09:51:32.435 [info] > git config --get commit.template [6ms]
2025-05-27 09:51:32.436 [info] > git for-each-ref --format=%(refname)%00%(upstream:short)%00%(objectname)%00%(upstream:track)%00%(upstream:remotename)%00%(upstream:remoteref) refs/heads/main refs/remotes/main [2ms]
2025-05-27 09:51:32.441 [info] > git for-each-ref --sort -committerdate --format %(refname)%00%(objectname)%00%(*objectname) [1ms]
2025-05-27 09:51:32.486 [info] > git status -z -uall [47ms]
2025-05-27 09:51:37.495 [info] > git config --get commit.template [2ms]
2025-05-27 09:51:37.496 [info] > git for-each-ref --format=%(refname)%00%(upstream:short)%00%(objectname)%00%(upstream:track)%00%(upstream:remotename)%00%(upstream:remoteref) refs/heads/main refs/remotes/main [1ms]
2025-05-27 09:51:37.501 [info] > git for-each-ref --sort -committerdate --format %(refname)%00%(objectname)%00%(*objectname) [1ms]
2025-05-27 09:51:37.544 [info] > git status -z -uall [45ms]
2025-05-27 09:51:42.505 [info] > git config --get commit.template [5ms]
2025-05-27 09:51:42.505 [info] > git for-each-ref --format=%(refname)%00%(upstream:short)%00%(objectname)%00%(upstream:track)%00%(upstream:remotename)%00%(upstream:remoteref) refs/heads/main refs/remotes/main [1ms]
2025-05-27 09:51:42.513 [info] > git for-each-ref --sort -committerdate --format %(refname)%00%(objectname)%00%(*objectname) [1ms]
2025-05-27 09:51:42.557 [info] > git status -z -uall [47ms]
2025-05-27 09:51:50.059 [info] > git config --get commit.template [3ms]
2025-05-27 09:51:50.060 [info] > git for-each-ref --format=%(refname)%00%(upstream:short)%00%(objectname)%00%(upstream:track)%00%(upstream:remotename)%00%(upstream:remoteref) refs/heads/main refs/remotes/main [2ms]
2025-05-27 09:51:50.068 [info] > git for-each-ref --sort -committerdate --format %(refname)%00%(objectname)%00%(*objectname) [1ms]
2025-05-27 09:51:50.121 [info] > git status -z -uall [57ms]
2025-05-27 09:51:55.132 [info] > git config --get commit.template [1ms]
2025-05-27 09:51:55.136 [info] > git for-each-ref --format=%(refname)%00%(upstream:short)%00%(objectname)%00%(upstream:track)%00%(upstream:remotename)%00%(upstream:remoteref) refs/heads/main refs/remotes/main [1ms]
2025-05-27 09:51:55.142 [info] > git for-each-ref --sort -committerdate --format %(refname)%00%(objectname)%00%(*objectname) [1ms]
2025-05-27 09:51:55.182 [info] > git status -z -uall [43ms]
2025-05-27 09:52:00.193 [info] > git config --get commit.template [2ms]
2025-05-27 09:52:00.193 [info] > git for-each-ref --format=%(refname)%00%(upstream:short)%00%(objectname)%00%(upstream:track)%00%(upstream:remotename)%00%(upstream:remoteref) refs/heads/main refs/remotes/main [1ms]
2025-05-27 09:52:00.198 [info] > git for-each-ref --sort -committerdate --format %(refname)%00%(objectname)%00%(*objectname) [0ms]
2025-05-27 09:52:00.241 [info] > git status -z -uall [45ms]
2025-05-27 09:52:05.087 [info] > git config --get commit.template [1ms]
2025-05-27 09:52:05.091 [info] > git for-each-ref --format=%(refname)%00%(upstream:short)%00%(objectname)%00%(upstream:track)%00%(upstream:remotename)%00%(upstream:remoteref) refs/heads/main refs/remotes/main [2ms]
2025-05-27 09:52:05.098 [info] > git for-each-ref --sort -committerdate --format %(refname)%00%(objectname)%00%(*objectname) [1ms]
2025-05-27 09:52:05.138 [info] > git status -z -uall [44ms]
2025-05-27 09:52:05.259 [info] > git config --get commit.template [1ms]
2025-05-27 09:52:05.261 [info] > git for-each-ref --format=%(refname)%00%(upstream:short)%00%(objectname)%00%(upstream:track)%00%(upstream:remotename)%00%(upstream:remoteref) refs/heads/main refs/remotes/main [1ms]
2025-05-27 09:52:05.266 [info] > git for-each-ref --sort -committerdate --format %(refname)%00%(objectname)%00%(*objectname) [1ms]
2025-05-27 09:52:05.305 [info] > git status -z -uall [41ms]
2025-05-27 09:52:10.318 [info] > git config --get commit.template [4ms]
2025-05-27 09:52:10.319 [info] > git for-each-ref --format=%(refname)%00%(upstream:short)%00%(objectname)%00%(upstream:track)%00%(upstream:remotename)%00%(upstream:remoteref) refs/heads/main refs/remotes/main [1ms]
2025-05-27 09:52:10.324 [info] > git for-each-ref --sort -committerdate --format %(refname)%00%(objectname)%00%(*objectname) [1ms]
2025-05-27 09:52:10.371 [info] > git status -z -uall [50ms]
2025-05-27 09:52:15.366 [info] > git config --get commit.template [3ms]
2025-05-27 09:52:15.366 [info] > git for-each-ref --format=%(refname)%00%(upstream:short)%00%(objectname)%00%(upstream:track)%00%(upstream:remotename)%00%(upstream:remoteref) refs/heads/main refs/remotes/main [1ms]
2025-05-27 09:52:15.371 [info] > git for-each-ref --sort -committerdate --format %(refname)%00%(objectname)%00%(*objectname) [0ms]
2025-05-27 09:52:15.421 [info] > git status -z -uall [52ms]
2025-05-27 09:52:15.924 [info] > git config --get commit.template [2ms]
2025-05-27 09:52:15.924 [info] > git for-each-ref --format=%(refname)%00%(upstream:short)%00%(objectname)%00%(upstream:track)%00%(upstream:remotename)%00%(upstream:remoteref) refs/heads/main refs/remotes/main [0ms]
2025-05-27 09:52:15.932 [info] > git for-each-ref --sort -committerdate --format %(refname)%00%(objectname)%00%(*objectname) [1ms]
2025-05-27 09:52:15.983 [info] > git status -z -uall [56ms]
2025-05-27 09:52:20.430 [info] > git config --get commit.template [1ms]
2025-05-27 09:52:20.433 [info] > git for-each-ref --format=%(refname)%00%(upstream:short)%00%(objectname)%00%(upstream:track)%00%(upstream:remotename)%00%(upstream:remoteref) refs/heads/main refs/remotes/main [1ms]
2025-05-27 09:52:20.439 [info] > git for-each-ref --sort -committerdate --format %(refname)%00%(objectname)%00%(*objectname) [0ms]
2025-05-27 09:52:20.497 [info] > git status -z -uall [61ms]
2025-05-27 09:52:25.510 [info] > git config --get commit.template [5ms]
2025-05-27 09:52:25.518 [info] > git for-each-ref --format=%(refname)%00%(upstream:short)%00%(objectname)%00%(upstream:track)%00%(upstream:remotename)%00%(upstream:remoteref) refs/heads/main refs/remotes/main [9ms]
2025-05-27 09:52:25.523 [info] > git for-each-ref --sort -committerdate --format %(refname)%00%(objectname)%00%(*objectname) [1ms]
2025-05-27 09:52:26.397 [info] > git status -z -uall [877ms]
2025-05-27 09:52:27.294 [info] > git config --get commit.template [0ms]
2025-05-27 09:52:27.298 [info] > git for-each-ref --format=%(refname)%00%(upstream:short)%00%(objectname)%00%(upstream:track)%00%(upstream:remotename)%00%(upstream:remoteref) refs/heads/main refs/remotes/main [1ms]
2025-05-27 09:52:27.305 [info] > git for-each-ref --sort -committerdate --format %(refname)%00%(objectname)%00%(*objectname) [1ms]
2025-05-27 09:52:27.345 [info] > git status -z -uall [45ms]
2025-05-27 09:52:31.412 [info] > git config --get commit.template [5ms]
2025-05-27 09:52:31.413 [info] > git for-each-ref --format=%(refname)%00%(upstream:short)%00%(objectname)%00%(upstream:track)%00%(upstream:remotename)%00%(upstream:remoteref) refs/heads/main refs/remotes/main [2ms]
2025-05-27 09:52:31.419 [info] > git for-each-ref --sort -committerdate --format %(refname)%00%(objectname)%00%(*objectname) [1ms]
2025-05-27 09:52:31.464 [info] > git status -z -uall [48ms]
2025-05-27 09:58:57.071 [info] > git config --get commit.template [5ms]
2025-05-27 09:58:57.071 [info] > git for-each-ref --format=%(refname)%00%(upstream:short)%00%(objectname)%00%(upstream:track)%00%(upstream:remotename)%00%(upstream:remoteref) refs/heads/main refs/remotes/main [2ms]
2025-05-27 09:58:57.083 [info] > git for-each-ref --sort -committerdate --format %(refname)%00%(objectname)%00%(*objectname) [2ms]
2025-05-27 09:58:57.150 [info] > git status -z -uall [75ms]
2025-05-27 09:59:02.164 [info] > git config --get commit.template [4ms]
2025-05-27 09:59:02.165 [info] > git for-each-ref --format=%(refname)%00%(upstream:short)%00%(objectname)%00%(upstream:track)%00%(upstream:remotename)%00%(upstream:remoteref) refs/heads/main refs/remotes/main [1ms]
2025-05-27 09:59:02.170 [info] > git for-each-ref --sort -committerdate --format %(refname)%00%(objectname)%00%(*objectname) [0ms]
2025-05-27 09:59:02.211 [info] > git status -z -uall [43ms]
2025-05-27 09:59:07.223 [info] > git config --get commit.template [2ms]
2025-05-27 09:59:07.223 [info] > git for-each-ref --format=%(refname)%00%(upstream:short)%00%(objectname)%00%(upstream:track)%00%(upstream:remotename)%00%(upstream:remoteref) refs/heads/main refs/remotes/main [1ms]
2025-05-27 09:59:07.228 [info] > git for-each-ref --sort -committerdate --format %(refname)%00%(objectname)%00%(*objectname) [1ms]
2025-05-27 09:59:07.270 [info] > git status -z -uall [45ms]
2025-05-27 09:59:58.893 [info] > git config --get commit.template [2ms]
2025-05-27 09:59:58.898 [info] > git for-each-ref --format=%(refname)%00%(upstream:short)%00%(objectname)%00%(upstream:track)%00%(upstream:remotename)%00%(upstream:remoteref) refs/heads/main refs/remotes/main [2ms]
2025-05-27 09:59:58.905 [info] > git for-each-ref --sort -committerdate --format %(refname)%00%(objectname)%00%(*objectname) [1ms]
2025-05-27 09:59:58.957 [info] > git status -z -uall [56ms]
2025-05-27 09:59:59.444 [info] > git ls-files --stage -- my-first-app/package.json [6ms]
2025-05-27 09:59:59.447 [info] > git show --textconv :my-first-app/package.json [9ms]
2025-05-27 09:59:59.447 [info] > git cat-file -s b425bf546972fe1503c9075a154b6b81451132c5 [1ms]
2025-05-27 09:59:59.479 [info] > git blame --root --incremental ccc927b4c05d270f1bb291818c627b893080305c -- my-first-app/package.json [8ms]
2025-05-27 10:00:03.970 [info] > git config --get commit.template [3ms]
2025-05-27 10:00:03.970 [info] > git for-each-ref --format=%(refname)%00%(upstream:short)%00%(objectname)%00%(upstream:track)%00%(upstream:remotename)%00%(upstream:remoteref) refs/heads/main refs/remotes/main [1ms]
2025-05-27 10:00:03.974 [info] > git for-each-ref --sort -committerdate --format %(refname)%00%(objectname)%00%(*objectname) [1ms]
2025-05-27 10:00:04.020 [info] > git status -z -uall [48ms]
2025-05-27 10:00:09.029 [info] > git config --get commit.template [2ms]
2025-05-27 10:00:09.032 [info] > git for-each-ref --format=%(refname)%00%(upstream:short)%00%(objectname)%00%(upstream:track)%00%(upstream:remotename)%00%(upstream:remoteref) refs/heads/main refs/remotes/main [1ms]
2025-05-27 10:00:09.039 [info] > git for-each-ref --sort -committerdate --format %(refname)%00%(objectname)%00%(*objectname) [1ms]
2025-05-27 10:00:09.085 [info] > git status -z -uall [50ms]
2025-05-27 10:00:14.135 [info] > git config --get commit.template [2ms]
2025-05-27 10:00:14.139 [info] > git for-each-ref --format=%(refname)%00%(upstream:short)%00%(objectname)%00%(upstream:track)%00%(upstream:remotename)%00%(upstream:remoteref) refs/heads/main refs/remotes/main [1ms]
2025-05-27 10:00:14.146 [info] > git for-each-ref --sort -committerdate --format %(refname)%00%(objectname)%00%(*objectname) [1ms]
2025-05-27 10:00:14.191 [info] > git status -z -uall [48ms]
2025-05-27 10:00:19.208 [info] > git config --get commit.template [5ms]
2025-05-27 10:00:19.209 [info] > git for-each-ref --format=%(refname)%00%(upstream:short)%00%(objectname)%00%(upstream:track)%00%(upstream:remotename)%00%(upstream:remoteref) refs/heads/main refs/remotes/main [1ms]
2025-05-27 10:00:19.215 [info] > git for-each-ref --sort -committerdate --format %(refname)%00%(objectname)%00%(*objectname) [1ms]
2025-05-27 10:00:19.260 [info] > git status -z -uall [48ms]
2025-05-27 10:00:24.268 [info] > git config --get commit.template [1ms]
2025-05-27 10:00:24.271 [info] > git for-each-ref --format=%(refname)%00%(upstream:short)%00%(objectname)%00%(upstream:track)%00%(upstream:remotename)%00%(upstream:remoteref) refs/heads/main refs/remotes/main [1ms]
2025-05-27 10:00:24.277 [info] > git for-each-ref --sort -committerdate --format %(refname)%00%(objectname)%00%(*objectname) [1ms]
2025-05-27 10:00:24.319 [info] > git status -z -uall [45ms]
2025-05-27 10:00:29.326 [info] > git config --get commit.template [1ms]
2025-05-27 10:00:29.329 [info] > git for-each-ref --format=%(refname)%00%(upstream:short)%00%(objectname)%00%(upstream:track)%00%(upstream:remotename)%00%(upstream:remoteref) refs/heads/main refs/remotes/main [1ms]
2025-05-27 10:00:29.335 [info] > git for-each-ref --sort -committerdate --format %(refname)%00%(objectname)%00%(*objectname) [1ms]
2025-05-27 10:00:29.383 [info] > git status -z -uall [50ms]
2025-05-27 10:00:34.389 [info] > git config --get commit.template [1ms]
2025-05-27 10:00:34.392 [info] > git for-each-ref --format=%(refname)%00%(upstream:short)%00%(objectname)%00%(upstream:track)%00%(upstream:remotename)%00%(upstream:remoteref) refs/heads/main refs/remotes/main [1ms]
2025-05-27 10:00:34.397 [info] > git for-each-ref --sort -committerdate --format %(refname)%00%(objectname)%00%(*objectname) [1ms]
2025-05-27 10:00:34.441 [info] > git status -z -uall [47ms]
2025-05-27 10:00:39.447 [info] > git config --get commit.template [1ms]
2025-05-27 10:00:39.450 [info] > git for-each-ref --format=%(refname)%00%(upstream:short)%00%(objectname)%00%(upstream:track)%00%(upstream:remotename)%00%(upstream:remoteref) refs/heads/main refs/remotes/main [1ms]
2025-05-27 10:00:39.456 [info] > git for-each-ref --sort -committerdate --format %(refname)%00%(objectname)%00%(*objectname) [1ms]
2025-05-27 10:00:39.497 [info] > git status -z -uall [44ms]
2025-05-27 10:01:27.754 [info] > git config --get commit.template [8ms]
2025-05-27 10:01:27.760 [info] > git for-each-ref --format=%(refname)%00%(upstream:short)%00%(objectname)%00%(upstream:track)%00%(upstream:remotename)%00%(upstream:remoteref) refs/heads/main refs/remotes/main [12ms]
2025-05-27 10:01:27.768 [info] > git for-each-ref --sort -committerdate --format %(refname)%00%(objectname)%00%(*objectname) [2ms]
2025-05-27 10:01:28.680 [info] > git status -z -uall [916ms]
2025-05-27 10:01:33.689 [info] > git config --get commit.template [1ms]
2025-05-27 10:01:33.692 [info] > git for-each-ref --format=%(refname)%00%(upstream:short)%00%(objectname)%00%(upstream:track)%00%(upstream:remotename)%00%(upstream:remoteref) refs/heads/main refs/remotes/main [1ms]
2025-05-27 10:01:33.697 [info] > git for-each-ref --sort -committerdate --format %(refname)%00%(objectname)%00%(*objectname) [1ms]
2025-05-27 10:01:33.741 [info] > git status -z -uall [47ms]
2025-05-27 10:01:38.751 [info] > git config --get commit.template [3ms]
2025-05-27 10:01:38.751 [info] > git for-each-ref --format=%(refname)%00%(upstream:short)%00%(objectname)%00%(upstream:track)%00%(upstream:remotename)%00%(upstream:remoteref) refs/heads/main refs/remotes/main [0ms]
2025-05-27 10:01:38.758 [info] > git for-each-ref --sort -committerdate --format %(refname)%00%(objectname)%00%(*objectname) [1ms]
2025-05-27 10:01:38.798 [info] > git status -z -uall [43ms]
2025-05-27 13:09:56.355 [info] > git config --get commit.template [6ms]
2025-05-27 13:09:56.358 [info] > git for-each-ref --format=%(refname)%00%(upstream:short)%00%(objectname)%00%(upstream:track)%00%(upstream:remotename)%00%(upstream:remoteref) refs/heads/main refs/remotes/main [5ms]
2025-05-27 13:09:56.366 [info] > git for-each-ref --sort -committerdate --format %(refname)%00%(objectname)%00%(*objectname) [2ms]
2025-05-27 13:09:56.612 [info] > git status -z -uall [251ms]
2025-05-27 13:10:00.286 [info] > git check-ignore -v -z --stdin [9ms]
2025-05-27 13:10:01.665 [info] > git show --textconv :my-first-app/src/App.js [15ms]
2025-05-27 13:10:01.665 [info] > git config --get commit.template [3ms]
2025-05-27 13:10:01.667 [info] > git ls-files --stage -- my-first-app/src/App.js [12ms]
2025-05-27 13:10:01.681 [info] > git for-each-ref --format=%(refname)%00%(upstream:short)%00%(objectname)%00%(upstream:track)%00%(upstream:remotename)%00%(upstream:remoteref) refs/heads/main refs/remotes/main [3ms]
2025-05-27 13:10:01.681 [info] > git cat-file -s 8cb62ece5dff5e59837c3ab06c236011a01d9a1c [10ms]
2025-05-27 13:10:01.694 [info] > git for-each-ref --sort -committerdate --format %(refname)%00%(objectname)%00%(*objectname) [2ms]
2025-05-27 13:10:01.722 [info] > git blame --root --incremental ccc927b4c05d270f1bb291818c627b893080305c -- my-first-app/src/App.js [17ms]
2025-05-27 13:10:01.785 [info] > git status -z -uall [99ms]
2025-05-27 13:10:06.794 [info] > git config --get commit.template [1ms]
2025-05-27 13:10:06.797 [info] > git for-each-ref --format=%(refname)%00%(upstream:short)%00%(objectname)%00%(upstream:track)%00%(upstream:remotename)%00%(upstream:remoteref) refs/heads/main refs/remotes/main [1ms]
2025-05-27 13:10:06.806 [info] > git for-each-ref --sort -committerdate --format %(refname)%00%(objectname)%00%(*objectname) [1ms]
2025-05-27 13:10:06.850 [info] > git status -z -uall [50ms]
2025-05-27 13:15:04.351 [info] > git config --get commit.template [9ms]
2025-05-27 13:15:04.358 [info] > git for-each-ref --format=%(refname)%00%(upstream:short)%00%(objectname)%00%(upstream:track)%00%(upstream:remotename)%00%(upstream:remoteref) refs/heads/main refs/remotes/main [11ms]
2025-05-27 13:15:04.369 [info] > git for-each-ref --sort -committerdate --format %(refname)%00%(objectname)%00%(*objectname) [3ms]
2025-05-27 13:15:05.378 [info] > git status -z -uall [1016ms]
2025-05-27 13:15:08.570 [info] > git check-ignore -v -z --stdin [9ms]
2025-05-27 13:15:10.391 [info] > git config --get commit.template [1ms]
2025-05-27 13:15:10.394 [info] > git for-each-ref --format=%(refname)%00%(upstream:short)%00%(objectname)%00%(upstream:track)%00%(upstream:remotename)%00%(upstream:remoteref) refs/heads/main refs/remotes/main [1ms]
2025-05-27 13:15:10.403 [info] > git for-each-ref --sort -committerdate --format %(refname)%00%(objectname)%00%(*objectname) [3ms]
2025-05-27 13:15:10.445 [info] > git status -z -uall [47ms]
2025-05-27 13:15:15.544 [info] > git config --get commit.template [1ms]
2025-05-27 13:15:15.547 [info] > git for-each-ref --format=%(refname)%00%(upstream:short)%00%(objectname)%00%(upstream:track)%00%(upstream:remotename)%00%(upstream:remoteref) refs/heads/main refs/remotes/main [1ms]
2025-05-27 13:15:15.554 [info] > git for-each-ref --sort -committerdate --format %(refname)%00%(objectname)%00%(*objectname) [1ms]
2025-05-27 13:15:15.598 [info] > git status -z -uall [47ms]
2025-05-27 13:15:20.610 [info] > git config --get commit.template [2ms]
2025-05-27 13:15:20.615 [info] > git for-each-ref --format=%(refname)%00%(upstream:short)%00%(objectname)%00%(upstream:track)%00%(upstream:remotename)%00%(upstream:remoteref) refs/heads/main refs/remotes/main [1ms]
2025-05-27 13:15:20.622 [info] > git for-each-ref --sort -committerdate --format %(refname)%00%(objectname)%00%(*objectname) [1ms]
2025-05-27 13:15:20.664 [info] > git status -z -uall [46ms]
2025-05-27 13:15:25.677 [info] > git config --get commit.template [1ms]
2025-05-27 13:15:25.680 [info] > git for-each-ref --format=%(refname)%00%(upstream:short)%00%(objectname)%00%(upstream:track)%00%(upstream:remotename)%00%(upstream:remoteref) refs/heads/main refs/remotes/main [1ms]
2025-05-27 13:15:25.685 [info] > git for-each-ref --sort -committerdate --format %(refname)%00%(objectname)%00%(*objectname) [1ms]
2025-05-27 13:15:25.728 [info] > git status -z -uall [46ms]
2025-05-27 13:15:30.740 [info] > git config --get commit.template [3ms]
2025-05-27 13:15:30.740 [info] > git for-each-ref --format=%(refname)%00%(upstream:short)%00%(objectname)%00%(upstream:track)%00%(upstream:remotename)%00%(upstream:remoteref) refs/heads/main refs/remotes/main [1ms]
2025-05-27 13:15:30.745 [info] > git for-each-ref --sort -committerdate --format %(refname)%00%(objectname)%00%(*objectname) [1ms]
2025-05-27 13:15:30.788 [info] > git status -z -uall [46ms]
2025-05-27 13:15:35.801 [info] > git config --get commit.template [1ms]
2025-05-27 13:15:35.805 [info] > git for-each-ref --format=%(refname)%00%(upstream:short)%00%(objectname)%00%(upstream:track)%00%(upstream:remotename)%00%(upstream:remoteref) refs/heads/main refs/remotes/main [1ms]
2025-05-27 13:15:35.811 [info] > git for-each-ref --sort -committerdate --format %(refname)%00%(objectname)%00%(*objectname) [1ms]
2025-05-27 13:15:35.851 [info] > git status -z -uall [43ms]
2025-05-27 13:15:40.867 [info] > git config --get commit.template [3ms]
2025-05-27 13:15:40.868 [info] > git for-each-ref --format=%(refname)%00%(upstream:short)%00%(objectname)%00%(upstream:track)%00%(upstream:remotename)%00%(upstream:remoteref) refs/heads/main refs/remotes/main [1ms]
2025-05-27 13:15:40.874 [info] > git for-each-ref --sort -committerdate --format %(refname)%00%(objectname)%00%(*objectname) [1ms]
2025-05-27 13:15:40.914 [info] > git status -z -uall [43ms]
2025-05-27 13:15:46.015 [info] > git config --get commit.template [1ms]
2025-05-27 13:15:46.021 [info] > git for-each-ref --format=%(refname)%00%(upstream:short)%00%(objectname)%00%(upstream:track)%00%(upstream:remotename)%00%(upstream:remoteref) refs/heads/main refs/remotes/main [2ms]
2025-05-27 13:15:46.028 [info] > git for-each-ref --sort -committerdate --format %(refname)%00%(objectname)%00%(*objectname) [1ms]
2025-05-27 13:15:46.070 [info] > git status -z -uall [45ms]
2025-05-27 13:15:51.089 [info] > git config --get commit.template [3ms]
2025-05-27 13:15:51.095 [info] > git for-each-ref --format=%(refname)%00%(upstream:short)%00%(objectname)%00%(upstream:track)%00%(upstream:remotename)%00%(upstream:remoteref) refs/heads/main refs/remotes/main [2ms]
2025-05-27 13:15:51.104 [info] > git for-each-ref --sort -committerdate --format %(refname)%00%(objectname)%00%(*objectname) [1ms]
2025-05-27 13:15:51.146 [info] > git status -z -uall [47ms]
2025-05-27 13:15:56.160 [info] > git config --get commit.template [4ms]
2025-05-27 13:15:56.161 [info] > git for-each-ref --format=%(refname)%00%(upstream:short)%00%(objectname)%00%(upstream:track)%00%(upstream:remotename)%00%(upstream:remoteref) refs/heads/main refs/remotes/main [1ms]
2025-05-27 13:15:56.166 [info] > git for-each-ref --sort -committerdate --format %(refname)%00%(objectname)%00%(*objectname) [1ms]
2025-05-27 13:15:56.208 [info] > git status -z -uall [45ms]
2025-05-27 13:16:01.216 [info] > git config --get commit.template [2ms]
2025-05-27 13:16:01.217 [info] > git for-each-ref --format=%(refname)%00%(upstream:short)%00%(objectname)%00%(upstream:track)%00%(upstream:remotename)%00%(upstream:remoteref) refs/heads/main refs/remotes/main [1ms]
2025-05-27 13:16:01.222 [info] > git for-each-ref --sort -committerdate --format %(refname)%00%(objectname)%00%(*objectname) [1ms]
2025-05-27 13:16:01.269 [info] > git status -z -uall [49ms]
2025-05-27 13:16:02.539 [info] > git check-ignore -v -z --stdin [9ms]
2025-05-27 13:16:06.283 [info] > git config --get commit.template [4ms]
2025-05-27 13:16:06.284 [info] > git for-each-ref --format=%(refname)%00%(upstream:short)%00%(objectname)%00%(upstream:track)%00%(upstream:remotename)%00%(upstream:remoteref) refs/heads/main refs/remotes/main [1ms]
2025-05-27 13:16:06.291 [info] > git for-each-ref --sort -committerdate --format %(refname)%00%(objectname)%00%(*objectname) [1ms]
2025-05-27 13:16:06.342 [info] > git status -z -uall [53ms]
2025-05-27 13:16:11.352 [info] > git config --get commit.template [1ms]
2025-05-27 13:16:11.356 [info] > git for-each-ref --format=%(refname)%00%(upstream:short)%00%(objectname)%00%(upstream:track)%00%(upstream:remotename)%00%(upstream:remoteref) refs/heads/main refs/remotes/main [1ms]
2025-05-27 13:16:11.363 [info] > git for-each-ref --sort -committerdate --format %(refname)%00%(objectname)%00%(*objectname) [2ms]
2025-05-27 13:16:11.402 [info] > git status -z -uall [43ms]
2025-05-27 13:16:57.787 [info] > git config --get commit.template [2ms]
2025-05-27 13:16:57.787 [info] > git for-each-ref --format=%(refname)%00%(upstream:short)%00%(objectname)%00%(upstream:track)%00%(upstream:remotename)%00%(upstream:remoteref) refs/heads/main refs/remotes/main [1ms]
2025-05-27 13:16:57.795 [info] > git for-each-ref --sort -committerdate --format %(refname)%00%(objectname)%00%(*objectname) [2ms]
2025-05-27 13:16:57.847 [info] > git status -z -uall [58ms]
2025-05-27 13:17:05.343 [info] > git config --get commit.template [4ms]
2025-05-27 13:17:05.343 [info] > git for-each-ref --format=%(refname)%00%(upstream:short)%00%(objectname)%00%(upstream:track)%00%(upstream:remotename)%00%(upstream:remoteref) refs/heads/main refs/remotes/main [1ms]
2025-05-27 13:17:05.351 [info] > git for-each-ref --sort -committerdate --format %(refname)%00%(objectname)%00%(*objectname) [1ms]
2025-05-27 13:17:05.403 [info] > git status -z -uall [56ms]
2025-05-27 13:17:06.696 [info] > git check-ignore -v -z --stdin [15ms]
2025-05-27 13:17:10.413 [info] > git config --get commit.template [2ms]
2025-05-27 13:17:10.413 [info] > git for-each-ref --format=%(refname)%00%(upstream:short)%00%(objectname)%00%(upstream:track)%00%(upstream:remotename)%00%(upstream:remoteref) refs/heads/main refs/remotes/main [1ms]
2025-05-27 13:17:10.419 [info] > git for-each-ref --sort -committerdate --format %(refname)%00%(objectname)%00%(*objectname) [1ms]
2025-05-27 13:17:10.471 [info] > git status -z -uall [55ms]
2025-05-27 13:17:15.571 [info] > git config --get commit.template [2ms]
2025-05-27 13:17:15.572 [info] > git for-each-ref --format=%(refname)%00%(upstream:short)%00%(objectname)%00%(upstream:track)%00%(upstream:remotename)%00%(upstream:remoteref) refs/heads/main refs/remotes/main [1ms]
2025-05-27 13:17:15.577 [info] > git for-each-ref --sort -committerdate --format %(refname)%00%(objectname)%00%(*objectname) [1ms]
2025-05-27 13:17:15.624 [info] > git status -z -uall [50ms]
2025-05-27 13:17:21.667 [info] > git config --get commit.template [1ms]
2025-05-27 13:17:21.671 [info] > git for-each-ref --format=%(refname)%00%(upstream:short)%00%(objectname)%00%(upstream:track)%00%(upstream:remotename)%00%(upstream:remoteref) refs/heads/main refs/remotes/main [1ms]
2025-05-27 13:17:21.681 [info] > git for-each-ref --sort -committerdate --format %(refname)%00%(objectname)%00%(*objectname) [2ms]
2025-05-27 13:17:21.738 [info] > git status -z -uall [63ms]
2025-05-27 13:17:22.126 [info] > git ls-files --stage -- my-first-app/src/styles.css [6ms]
2025-05-27 13:17:22.128 [info] > git show --textconv :my-first-app/src/styles.css [10ms]
2025-05-27 13:17:22.129 [info] > git cat-file -s fb3e711ddb94ea547344fead9ccb29a47c3062d8 [1ms]
2025-05-27 13:17:22.192 [info] > git blame --root --incremental ccc927b4c05d270f1bb291818c627b893080305c -- my-first-app/src/styles.css [10ms]
2025-05-27 13:17:26.751 [info] > git config --get commit.template [2ms]
2025-05-27 13:17:26.754 [info] > git for-each-ref --format=%(refname)%00%(upstream:short)%00%(objectname)%00%(upstream:track)%00%(upstream:remotename)%00%(upstream:remoteref) refs/heads/main refs/remotes/main [1ms]
2025-05-27 13:17:26.762 [info] > git for-each-ref --sort -committerdate --format %(refname)%00%(objectname)%00%(*objectname) [3ms]
2025-05-27 13:17:26.811 [info] > git status -z -uall [55ms]
2025-05-27 13:17:31.826 [info] > git config --get commit.template [4ms]
2025-05-27 13:17:31.827 [info] > git for-each-ref --format=%(refname)%00%(upstream:short)%00%(objectname)%00%(upstream:track)%00%(upstream:remotename)%00%(upstream:remoteref) refs/heads/main refs/remotes/main [2ms]
2025-05-27 13:17:31.833 [info] > git for-each-ref --sort -committerdate --format %(refname)%00%(objectname)%00%(*objectname) [1ms]
2025-05-27 13:17:31.873 [info] > git status -z -uall [43ms]
2025-05-27 13:17:36.881 [info] > git config --get commit.template [1ms]
2025-05-27 13:17:36.883 [info] > git for-each-ref --format=%(refname)%00%(upstream:short)%00%(objectname)%00%(upstream:track)%00%(upstream:remotename)%00%(upstream:remoteref) refs/heads/main refs/remotes/main [1ms]
2025-05-27 13:17:36.888 [info] > git for-each-ref --sort -committerdate --format %(refname)%00%(objectname)%00%(*objectname) [1ms]
2025-05-27 13:17:36.934 [info] > git status -z -uall [49ms]
2025-05-27 13:17:41.948 [info] > git config --get commit.template [4ms]
2025-05-27 13:17:41.949 [info] > git for-each-ref --format=%(refname)%00%(upstream:short)%00%(objectname)%00%(upstream:track)%00%(upstream:remotename)%00%(upstream:remoteref) refs/heads/main refs/remotes/main [2ms]
2025-05-27 13:17:41.955 [info] > git for-each-ref --sort -committerdate --format %(refname)%00%(objectname)%00%(*objectname) [1ms]
2025-05-27 13:17:41.995 [info] > git status -z -uall [43ms]
2025-05-27 13:17:47.121 [info] > git config --get commit.template [3ms]
2025-05-27 13:17:47.121 [info] > git for-each-ref --format=%(refname)%00%(upstream:short)%00%(objectname)%00%(upstream:track)%00%(upstream:remotename)%00%(upstream:remoteref) refs/heads/main refs/remotes/main [0ms]
2025-05-27 13:17:47.126 [info] > git for-each-ref --sort -committerdate --format %(refname)%00%(objectname)%00%(*objectname) [1ms]
2025-05-27 13:17:47.172 [info] > git status -z -uall [48ms]
2025-05-27 13:17:52.189 [info] > git config --get commit.template [4ms]
2025-05-27 13:17:52.189 [info] > git for-each-ref --format=%(refname)%00%(upstream:short)%00%(objectname)%00%(upstream:track)%00%(upstream:remotename)%00%(upstream:remoteref) refs/heads/main refs/remotes/main [0ms]
2025-05-27 13:17:52.195 [info] > git for-each-ref --sort -committerdate --format %(refname)%00%(objectname)%00%(*objectname) [1ms]
2025-05-27 13:17:52.237 [info] > git status -z -uall [44ms]
2025-05-27 13:17:57.247 [info] > git config --get commit.template [3ms]
2025-05-27 13:17:57.247 [info] > git for-each-ref --format=%(refname)%00%(upstream:short)%00%(objectname)%00%(upstream:track)%00%(upstream:remotename)%00%(upstream:remoteref) refs/heads/main refs/remotes/main [1ms]
2025-05-27 13:17:57.253 [info] > git for-each-ref --sort -committerdate --format %(refname)%00%(objectname)%00%(*objectname) [1ms]
2025-05-27 13:17:57.302 [info] > git status -z -uall [52ms]
2025-05-27 13:18:02.309 [info] > git config --get commit.template [0ms]
2025-05-27 13:18:02.313 [info] > git for-each-ref --format=%(refname)%00%(upstream:short)%00%(objectname)%00%(upstream:track)%00%(upstream:remotename)%00%(upstream:remoteref) refs/heads/main refs/remotes/main [1ms]
2025-05-27 13:18:02.317 [info] > git for-each-ref --sort -committerdate --format %(refname)%00%(objectname)%00%(*objectname) [1ms]
2025-05-27 13:18:02.367 [info] > git status -z -uall [52ms]
2025-05-27 13:18:07.382 [info] > git config --get commit.template [4ms]
2025-05-27 13:18:07.383 [info] > git for-each-ref --format=%(refname)%00%(upstream:short)%00%(objectname)%00%(upstream:track)%00%(upstream:remotename)%00%(upstream:remoteref) refs/heads/main refs/remotes/main [1ms]
2025-05-27 13:18:07.393 [info] > git for-each-ref --sort -committerdate --format %(refname)%00%(objectname)%00%(*objectname) [3ms]
2025-05-27 13:18:07.439 [info] > git status -z -uall [51ms]
2025-05-27 13:18:12.453 [info] > git config --get commit.template [5ms]
2025-05-27 13:18:12.455 [info] > git for-each-ref --format=%(refname)%00%(upstream:short)%00%(objectname)%00%(upstream:track)%00%(upstream:remotename)%00%(upstream:remoteref) refs/heads/main refs/remotes/main [3ms]
2025-05-27 13:18:12.461 [info] > git for-each-ref --sort -committerdate --format %(refname)%00%(objectname)%00%(*objectname) [1ms]
2025-05-27 13:18:12.507 [info] > git status -z -uall [49ms]
2025-05-27 13:18:17.627 [info] > git config --get commit.template [4ms]
2025-05-27 13:18:17.628 [info] > git for-each-ref --format=%(refname)%00%(upstream:short)%00%(objectname)%00%(upstream:track)%00%(upstream:remotename)%00%(upstream:remoteref) refs/heads/main refs/remotes/main [2ms]
2025-05-27 13:18:17.635 [info] > git for-each-ref --sort -committerdate --format %(refname)%00%(objectname)%00%(*objectname) [1ms]
2025-05-27 13:18:17.681 [info] > git status -z -uall [49ms]
2025-05-27 13:19:07.644 [info] > git config --get commit.template [4ms]
2025-05-27 13:19:07.644 [info] > git for-each-ref --format=%(refname)%00%(upstream:short)%00%(objectname)%00%(upstream:track)%00%(upstream:remotename)%00%(upstream:remoteref) refs/heads/main refs/remotes/main [1ms]
2025-05-27 13:19:07.650 [info] > git for-each-ref --sort -committerdate --format %(refname)%00%(objectname)%00%(*objectname) [1ms]
2025-05-27 13:19:07.703 [info] > git status -z -uall [56ms]
2025-05-27 13:19:08.715 [info] > git config --get commit.template [4ms]
2025-05-27 13:19:08.715 [info] > git for-each-ref --format=%(refname)%00%(upstream:short)%00%(objectname)%00%(upstream:track)%00%(upstream:remotename)%00%(upstream:remoteref) refs/heads/main refs/remotes/main [1ms]
2025-05-27 13:19:08.721 [info] > git for-each-ref --sort -committerdate --format %(refname)%00%(objectname)%00%(*objectname) [1ms]
2025-05-27 13:19:08.763 [info] > git status -z -uall [45ms]
2025-05-27 13:19:12.719 [info] > git config --get commit.template [5ms]
2025-05-27 13:19:12.720 [info] > git for-each-ref --format=%(refname)%00%(upstream:short)%00%(objectname)%00%(upstream:track)%00%(upstream:remotename)%00%(upstream:remoteref) refs/heads/main refs/remotes/main [2ms]
2025-05-27 13:19:12.727 [info] > git for-each-ref --sort -committerdate --format %(refname)%00%(objectname)%00%(*objectname) [1ms]
2025-05-27 13:19:12.770 [info] > git status -z -uall [46ms]
2025-05-27 13:19:17.888 [info] > git config --get commit.template [3ms]
2025-05-27 13:19:17.889 [info] > git for-each-ref --format=%(refname)%00%(upstream:short)%00%(objectname)%00%(upstream:track)%00%(upstream:remotename)%00%(upstream:remoteref) refs/heads/main refs/remotes/main [1ms]
2025-05-27 13:19:17.896 [info] > git for-each-ref --sort -committerdate --format %(refname)%00%(objectname)%00%(*objectname) [1ms]
2025-05-27 13:19:17.936 [info] > git status -z -uall [44ms]
2025-05-27 13:19:22.948 [info] > git config --get commit.template [3ms]
2025-05-27 13:19:22.949 [info] > git for-each-ref --format=%(refname)%00%(upstream:short)%00%(objectname)%00%(upstream:track)%00%(upstream:remotename)%00%(upstream:remoteref) refs/heads/main refs/remotes/main [1ms]
2025-05-27 13:19:22.955 [info] > git for-each-ref --sort -committerdate --format %(refname)%00%(objectname)%00%(*objectname) [1ms]
2025-05-27 13:19:23.004 [info] > git status -z -uall [52ms]
2025-05-27 13:19:28.015 [info] > git config --get commit.template [4ms]
2025-05-27 13:19:28.015 [info] > git for-each-ref --format=%(refname)%00%(upstream:short)%00%(objectname)%00%(upstream:track)%00%(upstream:remotename)%00%(upstream:remoteref) refs/heads/main refs/remotes/main [1ms]
2025-05-27 13:19:28.024 [info] > git for-each-ref --sort -committerdate --format %(refname)%00%(objectname)%00%(*objectname) [2ms]
2025-05-27 13:19:28.075 [info] > git status -z -uall [56ms]
2025-05-27 13:20:12.247 [info] > git config --get commit.template [1ms]
2025-05-27 13:20:12.251 [info] > git for-each-ref --format=%(refname)%00%(upstream:short)%00%(objectname)%00%(upstream:track)%00%(upstream:remotename)%00%(upstream:remoteref) refs/heads/main refs/remotes/main [1ms]
2025-05-27 13:20:12.260 [info] > git for-each-ref --sort -committerdate --format %(refname)%00%(objectname)%00%(*objectname) [2ms]
2025-05-27 13:20:12.315 [info] > git status -z -uall [60ms]
2025-05-27 13:20:17.939 [info] > git config --get commit.template [5ms]
2025-05-27 13:20:17.939 [info] > git for-each-ref --format=%(refname)%00%(upstream:short)%00%(objectname)%00%(upstream:track)%00%(upstream:remotename)%00%(upstream:remoteref) refs/heads/main refs/remotes/main [1ms]
2025-05-27 13:20:17.947 [info] > git for-each-ref --sort -committerdate --format %(refname)%00%(objectname)%00%(*objectname) [2ms]
2025-05-27 13:20:17.995 [info] > git status -z -uall [53ms]
2025-05-27 13:20:25.010 [info] > git config --get commit.template [4ms]
2025-05-27 13:20:25.011 [info] > git for-each-ref --format=%(refname)%00%(upstream:short)%00%(objectname)%00%(upstream:track)%00%(upstream:remotename)%00%(upstream:remoteref) refs/heads/main refs/remotes/main [2ms]
2025-05-27 13:20:25.021 [info] > git for-each-ref --sort -committerdate --format %(refname)%00%(objectname)%00%(*objectname) [1ms]
2025-05-27 13:20:25.070 [info] > git status -z -uall [54ms]
2025-05-27 13:20:26.341 [info] > git config --get commit.template [2ms]
2025-05-27 13:20:26.345 [info] > git for-each-ref --format=%(refname)%00%(upstream:short)%00%(objectname)%00%(upstream:track)%00%(upstream:remotename)%00%(upstream:remoteref) refs/heads/main refs/remotes/main [1ms]
2025-05-27 13:20:26.353 [info] > git for-each-ref --sort -committerdate --format %(refname)%00%(objectname)%00%(*objectname) [1ms]
2025-05-27 13:20:26.402 [info] > git status -z -uall [54ms]
2025-05-27 13:20:26.415 [info] > git merge-base refs/heads/main refs/remotes/origin/main [2ms]
2025-05-27 13:20:26.420 [info] > git blame --root --incremental ca5ca84288d6021b6df021bf71d1e518870272b7 -- my-first-app/src/styles.css [10ms]
2025-05-27 13:20:26.424 [info] > git diff --name-status -z --diff-filter=ADMR ccc927b4c05d270f1bb291818c627b893080305c...refs/remotes/origin/main [4ms]
2025-05-27 13:20:27.698 [info] > git ls-files --stage -- my-first-app/src/styles.css [5ms]
2025-05-27 13:20:27.701 [info] > git cat-file -s 4e4127778560fb88745158549b832f4e1c376d4f [1ms]
2025-05-27 13:20:27.712 [info] > git show --textconv :my-first-app/src/styles.css [5ms]
2025-05-27 13:20:30.079 [info] > git config --get commit.template [1ms]
2025-05-27 13:20:30.082 [info] > git for-each-ref --format=%(refname)%00%(upstream:short)%00%(objectname)%00%(upstream:track)%00%(upstream:remotename)%00%(upstream:remoteref) refs/heads/main refs/remotes/main [1ms]
2025-05-27 13:20:30.089 [info] > git for-each-ref --sort -committerdate --format %(refname)%00%(objectname)%00%(*objectname) [1ms]
2025-05-27 13:20:30.129 [info] > git status -z -uall [43ms]
2025-05-27 13:20:35.139 [info] > git config --get commit.template [2ms]
2025-05-27 13:20:35.140 [info] > git for-each-ref --format=%(refname)%00%(upstream:short)%00%(objectname)%00%(upstream:track)%00%(upstream:remotename)%00%(upstream:remoteref) refs/heads/main refs/remotes/main [1ms]
2025-05-27 13:20:35.144 [info] > git for-each-ref --sort -committerdate --format %(refname)%00%(objectname)%00%(*objectname) [1ms]
2025-05-27 13:20:35.187 [info] > git status -z -uall [46ms]
2025-05-27 13:20:40.199 [info] > git config --get commit.template [1ms]
2025-05-27 13:20:40.204 [info] > git for-each-ref --format=%(refname)%00%(upstream:short)%00%(objectname)%00%(upstream:track)%00%(upstream:remotename)%00%(upstream:remoteref) refs/heads/main refs/remotes/main [2ms]
2025-05-27 13:20:40.211 [info] > git for-each-ref --sort -committerdate --format %(refname)%00%(objectname)%00%(*objectname) [1ms]
2025-05-27 13:20:40.246 [info] > git status -z -uall [38ms]
2025-05-27 13:20:45.258 [info] > git config --get commit.template [3ms]
2025-05-27 13:20:45.260 [info] > git for-each-ref --format=%(refname)%00%(upstream:short)%00%(objectname)%00%(upstream:track)%00%(upstream:remotename)%00%(upstream:remoteref) refs/heads/main refs/remotes/main [3ms]
2025-05-27 13:20:45.266 [info] > git for-each-ref --sort -committerdate --format %(refname)%00%(objectname)%00%(*objectname) [1ms]
2025-05-27 13:20:45.304 [info] > git status -z -uall [41ms]
2025-05-27 13:20:50.431 [info] > git config --get commit.template [5ms]
2025-05-27 13:20:50.433 [info] > git for-each-ref --format=%(refname)%00%(upstream:short)%00%(objectname)%00%(upstream:track)%00%(upstream:remotename)%00%(upstream:remoteref) refs/heads/main refs/remotes/main [1ms]
2025-05-27 13:20:50.437 [info] > git for-each-ref --sort -committerdate --format %(refname)%00%(objectname)%00%(*objectname) [1ms]
2025-05-27 13:20:50.473 [info] > git status -z -uall [38ms]
2025-05-27 13:20:55.487 [info] > git config --get commit.template [4ms]
2025-05-27 13:20:55.488 [info] > git for-each-ref --format=%(refname)%00%(upstream:short)%00%(objectname)%00%(upstream:track)%00%(upstream:remotename)%00%(upstream:remoteref) refs/heads/main refs/remotes/main [2ms]
2025-05-27 13:20:55.493 [info] > git for-each-ref --sort -committerdate --format %(refname)%00%(objectname)%00%(*objectname) [0ms]
2025-05-27 13:20:55.531 [info] > git status -z -uall [40ms]
2025-05-27 13:21:01.950 [info] > git config --get commit.template [6ms]
2025-05-27 13:21:01.950 [info] > git for-each-ref --format=%(refname)%00%(upstream:short)%00%(objectname)%00%(upstream:track)%00%(upstream:remotename)%00%(upstream:remoteref) refs/heads/main refs/remotes/main [1ms]
2025-05-27 13:21:01.962 [info] > git for-each-ref --sort -committerdate --format %(refname)%00%(objectname)%00%(*objectname) [2ms]
2025-05-27 13:21:02.017 [info] > git status -z -uall [62ms]
2025-05-27 13:21:07.032 [info] > git config --get commit.template [2ms]
2025-05-27 13:21:07.033 [info] > git for-each-ref --format=%(refname)%00%(upstream:short)%00%(objectname)%00%(upstream:track)%00%(upstream:remotename)%00%(upstream:remoteref) refs/heads/main refs/remotes/main [1ms]
2025-05-27 13:21:07.038 [info] > git for-each-ref --sort -committerdate --format %(refname)%00%(objectname)%00%(*objectname) [0ms]
2025-05-27 13:21:07.078 [info] > git status -z -uall [43ms]
2025-05-27 13:21:12.090 [info] > git config --get commit.template [3ms]
2025-05-27 13:21:12.091 [info] > git for-each-ref --format=%(refname)%00%(upstream:short)%00%(objectname)%00%(upstream:track)%00%(upstream:remotename)%00%(upstream:remoteref) refs/heads/main refs/remotes/main [2ms]
2025-05-27 13:21:12.095 [info] > git for-each-ref --sort -committerdate --format %(refname)%00%(objectname)%00%(*objectname) [1ms]
2025-05-27 13:21:12.134 [info] > git status -z -uall [41ms]
2025-05-27 13:21:15.670 [info] > git config --get commit.template [3ms]
2025-05-27 13:21:15.671 [info] > git for-each-ref --format=%(refname)%00%(upstream:short)%00%(objectname)%00%(upstream:track)%00%(upstream:remotename)%00%(upstream:remoteref) refs/heads/main refs/remotes/main [1ms]
2025-05-27 13:21:15.676 [info] > git for-each-ref --sort -committerdate --format %(refname)%00%(objectname)%00%(*objectname) [1ms]
2025-05-27 13:21:15.716 [info] > git status -z -uall [43ms]
2025-05-27 13:21:15.722 [info] > git merge-base refs/heads/main refs/remotes/origin/main [1ms]
2025-05-27 13:21:15.725 [info] > git diff --name-status -z --diff-filter=ADMR ca5ca84288d6021b6df021bf71d1e518870272b7...refs/remotes/origin/main [1ms]
2025-05-27 13:21:22.106 [info] > git config --get commit.template [6ms]
2025-05-27 13:21:22.111 [info] > git for-each-ref --format=%(refname)%00%(upstream:short)%00%(objectname)%00%(upstream:track)%00%(upstream:remotename)%00%(upstream:remoteref) refs/heads/main refs/remotes/main [0ms]
2025-05-27 13:21:22.117 [info] > git ls-files --stage -- my-first-app/src/styles.css [12ms]
2025-05-27 13:21:22.121 [info] > git for-each-ref --sort -committerdate --format %(refname)%00%(objectname)%00%(*objectname) [5ms]
2025-05-27 13:21:22.123 [info] > git cat-file -s 4e4127778560fb88745158549b832f4e1c376d4f [2ms]
2025-05-27 13:21:22.162 [info] > git status -z -uall [49ms]
2025-05-27 13:21:22.178 [info] > git show --textconv :my-first-app/src/styles.css [8ms]
2025-05-27 13:21:26.807 [info] > git check-ignore -v -z --stdin [9ms]
2025-05-27 13:21:33.026 [info] > git config --get commit.template [5ms]
2025-05-27 13:21:33.027 [info] > git for-each-ref --format=%(refname)%00%(upstream:short)%00%(objectname)%00%(upstream:track)%00%(upstream:remotename)%00%(upstream:remoteref) refs/heads/main refs/remotes/main [2ms]
2025-05-27 13:21:33.036 [info] > git for-each-ref --sort -committerdate --format %(refname)%00%(objectname)%00%(*objectname) [2ms]
2025-05-27 13:21:33.095 [info] > git status -z -uall [64ms]
2025-05-27 13:22:28.610 [info] > git config --get commit.template [13ms]
2025-05-27 13:22:28.616 [info] > git for-each-ref --format=%(refname)%00%(upstream:short)%00%(objectname)%00%(upstream:track)%00%(upstream:remotename)%00%(upstream:remoteref) refs/heads/main refs/remotes/main [13ms]
2025-05-27 13:22:28.627 [info] > git for-each-ref --sort -committerdate --format %(refname)%00%(objectname)%00%(*objectname) [3ms]
2025-05-27 13:22:29.700 [info] > git status -z -uall [1079ms]
2025-05-27 13:22:34.715 [info] > git config --get commit.template [3ms]
2025-05-27 13:22:34.715 [info] > git for-each-ref --format=%(refname)%00%(upstream:short)%00%(objectname)%00%(upstream:track)%00%(upstream:remotename)%00%(upstream:remoteref) refs/heads/main refs/remotes/main [1ms]
2025-05-27 13:22:34.719 [info] > git for-each-ref --sort -committerdate --format %(refname)%00%(objectname)%00%(*objectname) [0ms]
2025-05-27 13:22:34.757 [info] > git status -z -uall [40ms]
2025-05-27 13:22:39.764 [info] > git config --get commit.template [2ms]
2025-05-27 13:22:39.764 [info] > git for-each-ref --format=%(refname)%00%(upstream:short)%00%(objectname)%00%(upstream:track)%00%(upstream:remotename)%00%(upstream:remoteref) refs/heads/main refs/remotes/main [0ms]
2025-05-27 13:22:39.769 [info] > git for-each-ref --sort -committerdate --format %(refname)%00%(objectname)%00%(*objectname) [1ms]
2025-05-27 13:22:39.815 [info] > git status -z -uall [49ms]
2025-05-27 13:22:44.827 [info] > git config --get commit.template [1ms]
2025-05-27 13:22:44.831 [info] > git for-each-ref --format=%(refname)%00%(upstream:short)%00%(objectname)%00%(upstream:track)%00%(upstream:remotename)%00%(upstream:remoteref) refs/heads/main refs/remotes/main [1ms]
2025-05-27 13:22:44.837 [info] > git for-each-ref --sort -committerdate --format %(refname)%00%(objectname)%00%(*objectname) [0ms]
2025-05-27 13:22:44.876 [info] > git status -z -uall [41ms]
2025-05-27 13:22:49.989 [info] > git config --get commit.template [3ms]
2025-05-27 13:22:49.989 [info] > git for-each-ref --format=%(refname)%00%(upstream:short)%00%(objectname)%00%(upstream:track)%00%(upstream:remotename)%00%(upstream:remoteref) refs/heads/main refs/remotes/main [1ms]
2025-05-27 13:22:49.994 [info] > git for-each-ref --sort -committerdate --format %(refname)%00%(objectname)%00%(*objectname) [1ms]
2025-05-27 13:22:50.044 [info] > git status -z -uall [53ms]
2025-05-27 13:22:55.053 [info] > git config --get commit.template [2ms]
2025-05-27 13:22:55.053 [info] > git for-each-ref --format=%(refname)%00%(upstream:short)%00%(objectname)%00%(upstream:track)%00%(upstream:remotename)%00%(upstream:remoteref) refs/heads/main refs/remotes/main [1ms]
2025-05-27 13:22:55.059 [info] > git for-each-ref --sort -committerdate --format %(refname)%00%(objectname)%00%(*objectname) [1ms]
2025-05-27 13:22:55.099 [info] > git status -z -uall [44ms]
2025-05-27 13:23:03.704 [info] > git config --get commit.template [1ms]
2025-05-27 13:23:03.709 [info] > git for-each-ref --format=%(refname)%00%(upstream:short)%00%(objectname)%00%(upstream:track)%00%(upstream:remotename)%00%(upstream:remoteref) refs/heads/main refs/remotes/main [1ms]
2025-05-27 13:23:03.718 [info] > git for-each-ref --sort -committerdate --format %(refname)%00%(objectname)%00%(*objectname) [2ms]
2025-05-27 13:23:03.763 [info] > git status -z -uall [50ms]
2025-05-27 13:23:42.766 [info] > git config --get commit.template [1ms]
2025-05-27 13:23:42.770 [info] > git for-each-ref --format=%(refname)%00%(upstream:short)%00%(objectname)%00%(upstream:track)%00%(upstream:remotename)%00%(upstream:remoteref) refs/heads/main refs/remotes/main [1ms]
2025-05-27 13:23:42.781 [info] > git for-each-ref --sort -committerdate --format %(refname)%00%(objectname)%00%(*objectname) [2ms]
2025-05-27 13:23:42.839 [info] > git status -z -uall [64ms]
2025-05-27 13:23:47.959 [info] > git config --get commit.template [2ms]
2025-05-27 13:23:47.960 [info] > git for-each-ref --format=%(refname)%00%(upstream:short)%00%(objectname)%00%(upstream:track)%00%(upstream:remotename)%00%(upstream:remoteref) refs/heads/main refs/remotes/main [1ms]
2025-05-27 13:23:47.965 [info] > git for-each-ref --sort -committerdate --format %(refname)%00%(objectname)%00%(*objectname) [1ms]
2025-05-27 13:23:48.015 [info] > git status -z -uall [53ms]
2025-05-27 13:23:53.026 [info] > git config --get commit.template [1ms]
2025-05-27 13:23:53.030 [info] > git for-each-ref --format=%(refname)%00%(upstream:short)%00%(objectname)%00%(upstream:track)%00%(upstream:remotename)%00%(upstream:remoteref) refs/heads/main refs/remotes/main [1ms]
2025-05-27 13:23:53.034 [info] > git for-each-ref --sort -committerdate --format %(refname)%00%(objectname)%00%(*objectname) [1ms]
2025-05-27 13:23:53.073 [info] > git status -z -uall [41ms]
2025-05-27 13:23:59.804 [info] > git config --get commit.template [8ms]
2025-05-27 13:23:59.810 [info] > git for-each-ref --format=%(refname)%00%(upstream:short)%00%(objectname)%00%(upstream:track)%00%(upstream:remotename)%00%(upstream:remoteref) refs/heads/main refs/remotes/main [10ms]
2025-05-27 13:23:59.815 [info] > git for-each-ref --sort -committerdate --format %(refname)%00%(objectname)%00%(*objectname) [1ms]
2025-05-27 13:24:00.718 [info] > git status -z -uall [906ms]
2025-05-27 13:24:05.730 [info] > git config --get commit.template [1ms]
2025-05-27 13:24:05.735 [info] > git for-each-ref --format=%(refname)%00%(upstream:short)%00%(objectname)%00%(upstream:track)%00%(upstream:remotename)%00%(upstream:remoteref) refs/heads/main refs/remotes/main [2ms]
2025-05-27 13:24:05.740 [info] > git for-each-ref --sort -committerdate --format %(refname)%00%(objectname)%00%(*objectname) [1ms]
2025-05-27 13:24:05.777 [info] > git status -z -uall [40ms]
2025-05-27 13:24:10.791 [info] > git config --get commit.template [3ms]
2025-05-27 13:24:10.792 [info] > git for-each-ref --format=%(refname)%00%(upstream:short)%00%(objectname)%00%(upstream:track)%00%(upstream:remotename)%00%(upstream:remoteref) refs/heads/main refs/remotes/main [1ms]
2025-05-27 13:24:10.798 [info] > git for-each-ref --sort -committerdate --format %(refname)%00%(objectname)%00%(*objectname) [1ms]
2025-05-27 13:24:10.834 [info] > git status -z -uall [39ms]
2025-05-27 13:24:15.847 [info] > git config --get commit.template [4ms]
2025-05-27 13:24:15.848 [info] > git for-each-ref --format=%(refname)%00%(upstream:short)%00%(objectname)%00%(upstream:track)%00%(upstream:remotename)%00%(upstream:remoteref) refs/heads/main refs/remotes/main [1ms]
2025-05-27 13:24:15.854 [info] > git for-each-ref --sort -committerdate --format %(refname)%00%(objectname)%00%(*objectname) [1ms]
2025-05-27 13:24:15.893 [info] > git status -z -uall [42ms]
2025-05-27 13:24:21.037 [info] > git config --get commit.template [2ms]
2025-05-27 13:24:21.038 [info] > git for-each-ref --format=%(refname)%00%(upstream:short)%00%(objectname)%00%(upstream:track)%00%(upstream:remotename)%00%(upstream:remoteref) refs/heads/main refs/remotes/main [1ms]
2025-05-27 13:24:21.043 [info] > git for-each-ref --sort -committerdate --format %(refname)%00%(objectname)%00%(*objectname) [1ms]
2025-05-27 13:24:21.085 [info] > git status -z -uall [45ms]
2025-05-27 13:24:26.092 [info] > git config --get commit.template [1ms]
2025-05-27 13:24:26.095 [info] > git for-each-ref --format=%(refname)%00%(upstream:short)%00%(objectname)%00%(upstream:track)%00%(upstream:remotename)%00%(upstream:remoteref) refs/heads/main refs/remotes/main [1ms]
2025-05-27 13:24:26.100 [info] > git for-each-ref --sort -committerdate --format %(refname)%00%(objectname)%00%(*objectname) [0ms]
2025-05-27 13:24:26.142 [info] > git status -z -uall [45ms]
2025-05-27 13:24:32.974 [info] > git config --get commit.template [1ms]
2025-05-27 13:24:32.978 [info] > git for-each-ref --format=%(refname)%00%(upstream:short)%00%(objectname)%00%(upstream:track)%00%(upstream:remotename)%00%(upstream:remoteref) refs/heads/main refs/remotes/main [2ms]
2025-05-27 13:24:32.983 [info] > git for-each-ref --sort -committerdate --format %(refname)%00%(objectname)%00%(*objectname) [1ms]
2025-05-27 13:24:33.019 [info] > git status -z -uall [38ms]
2025-05-27 13:24:38.029 [info] > git config --get commit.template [2ms]
2025-05-27 13:24:38.032 [info] > git for-each-ref --format=%(refname)%00%(upstream:short)%00%(objectname)%00%(upstream:track)%00%(upstream:remotename)%00%(upstream:remoteref) refs/heads/main refs/remotes/main [1ms]
2025-05-27 13:24:38.037 [info] > git for-each-ref --sort -committerdate --format %(refname)%00%(objectname)%00%(*objectname) [1ms]
2025-05-27 13:24:38.076 [info] > git status -z -uall [42ms]
2025-05-27 13:25:54.270 [info] > git config --get commit.template [10ms]
2025-05-27 13:25:54.275 [info] > git for-each-ref --format=%(refname)%00%(upstream:short)%00%(objectname)%00%(upstream:track)%00%(upstream:remotename)%00%(upstream:remoteref) refs/heads/main refs/remotes/main [11ms]
2025-05-27 13:25:54.283 [info] > git for-each-ref --sort -committerdate --format %(refname)%00%(objectname)%00%(*objectname) [2ms]
2025-05-27 13:25:55.411 [info] > git status -z -uall [1133ms]
2025-05-27 13:26:00.424 [info] > git config --get commit.template [4ms]
2025-05-27 13:26:00.425 [info] > git for-each-ref --format=%(refname)%00%(upstream:short)%00%(objectname)%00%(upstream:track)%00%(upstream:remotename)%00%(upstream:remoteref) refs/heads/main refs/remotes/main [2ms]
2025-05-27 13:26:00.431 [info] > git for-each-ref --sort -committerdate --format %(refname)%00%(objectname)%00%(*objectname) [1ms]
2025-05-27 13:26:00.471 [info] > git status -z -uall [42ms]
2025-05-27 13:26:05.479 [info] > git config --get commit.template [1ms]
2025-05-27 13:26:05.479 [info] > git for-each-ref --format=%(refname)%00%(upstream:short)%00%(objectname)%00%(upstream:track)%00%(upstream:remotename)%00%(upstream:remoteref) refs/heads/main refs/remotes/main [1ms]
2025-05-27 13:26:05.483 [info] > git for-each-ref --sort -committerdate --format %(refname)%00%(objectname)%00%(*objectname) [0ms]
2025-05-27 13:26:05.524 [info] > git status -z -uall [43ms]
2025-05-27 13:26:10.532 [info] > git config --get commit.template [2ms]
2025-05-27 13:26:10.536 [info] > git for-each-ref --format=%(refname)%00%(upstream:short)%00%(objectname)%00%(upstream:track)%00%(upstream:remotename)%00%(upstream:remoteref) refs/heads/main refs/remotes/main [0ms]
2025-05-27 13:26:10.542 [info] > git for-each-ref --sort -committerdate --format %(refname)%00%(objectname)%00%(*objectname) [1ms]
2025-05-27 13:26:10.580 [info] > git status -z -uall [41ms]
2025-05-27 13:26:21.439 [info] > git for-each-ref --format=%(refname)%00%(upstream:short)%00%(objectname)%00%(upstream:track)%00%(upstream:remotename)%00%(upstream:remoteref) refs/heads/main refs/remotes/main [2ms]
2025-05-27 13:26:21.440 [info] > git config --get commit.template [6ms]
2025-05-27 13:26:21.446 [info] > git for-each-ref --sort -committerdate --format %(refname)%00%(objectname)%00%(*objectname) [1ms]
2025-05-27 13:26:21.492 [info] > git status -z -uall [50ms]
2025-05-27 13:26:21.911 [info] > git ls-files --stage -- my-first-app/package.json [7ms]
2025-05-27 13:26:21.915 [info] > git show --textconv :my-first-app/package.json [13ms]
2025-05-27 13:26:21.917 [info] > git cat-file -s daf9d8223d91f6477301a66800b6ee03ee8f4101 [2ms]
2025-05-27 13:26:21.949 [info] > git blame --root --incremental ca5ca84288d6021b6df021bf71d1e518870272b7 -- my-first-app/package.json [9ms]
2025-05-27 13:26:26.502 [info] > git config --get commit.template [2ms]
2025-05-27 13:26:26.503 [info] > git for-each-ref --format=%(refname)%00%(upstream:short)%00%(objectname)%00%(upstream:track)%00%(upstream:remotename)%00%(upstream:remoteref) refs/heads/main refs/remotes/main [1ms]
2025-05-27 13:26:26.507 [info] > git for-each-ref --sort -committerdate --format %(refname)%00%(objectname)%00%(*objectname) [1ms]
2025-05-27 13:26:26.548 [info] > git status -z -uall [44ms]
2025-05-27 13:26:31.559 [info] > git config --get commit.template [2ms]
2025-05-27 13:26:31.562 [info] > git for-each-ref --format=%(refname)%00%(upstream:short)%00%(objectname)%00%(upstream:track)%00%(upstream:remotename)%00%(upstream:remoteref) refs/heads/main refs/remotes/main [1ms]
2025-05-27 13:26:31.569 [info] > git for-each-ref --sort -committerdate --format %(refname)%00%(objectname)%00%(*objectname) [1ms]
2025-05-27 13:26:31.609 [info] > git status -z -uall [43ms]
2025-05-27 13:26:36.618 [info] > git config --get commit.template [3ms]
2025-05-27 13:26:36.619 [info] > git for-each-ref --format=%(refname)%00%(upstream:short)%00%(objectname)%00%(upstream:track)%00%(upstream:remotename)%00%(upstream:remoteref) refs/heads/main refs/remotes/main [1ms]
2025-05-27 13:26:36.623 [info] > git for-each-ref --sort -committerdate --format %(refname)%00%(objectname)%00%(*objectname) [1ms]
2025-05-27 13:26:36.663 [info] > git status -z -uall [42ms]
2025-05-27 13:26:41.673 [info] > git config --get commit.template [1ms]
2025-05-27 13:26:41.677 [info] > git for-each-ref --format=%(refname)%00%(upstream:short)%00%(objectname)%00%(upstream:track)%00%(upstream:remotename)%00%(upstream:remoteref) refs/heads/main refs/remotes/main [1ms]
2025-05-27 13:26:41.682 [info] > git for-each-ref --sort -committerdate --format %(refname)%00%(objectname)%00%(*objectname) [0ms]
2025-05-27 13:26:41.720 [info] > git status -z -uall [40ms]
2025-05-27 13:26:46.733 [info] > git config --get commit.template [3ms]
2025-05-27 13:26:46.733 [info] > git for-each-ref --format=%(refname)%00%(upstream:short)%00%(objectname)%00%(upstream:track)%00%(upstream:remotename)%00%(upstream:remoteref) refs/heads/main refs/remotes/main [1ms]
2025-05-27 13:26:46.738 [info] > git for-each-ref --sort -committerdate --format %(refname)%00%(objectname)%00%(*objectname) [1ms]
2025-05-27 13:26:46.775 [info] > git status -z -uall [39ms]
2025-05-27 13:26:51.886 [info] > git config --get commit.template [1ms]
2025-05-27 13:26:51.888 [info] > git for-each-ref --format=%(refname)%00%(upstream:short)%00%(objectname)%00%(upstream:track)%00%(upstream:remotename)%00%(upstream:remoteref) refs/heads/main refs/remotes/main [1ms]
2025-05-27 13:26:51.894 [info] > git for-each-ref --sort -committerdate --format %(refname)%00%(objectname)%00%(*objectname) [1ms]
2025-05-27 13:26:51.929 [info] > git status -z -uall [38ms]
2025-05-27 13:26:56.939 [info] > git config --get commit.template [2ms]
2025-05-27 13:26:56.942 [info] > git for-each-ref --format=%(refname)%00%(upstream:short)%00%(objectname)%00%(upstream:track)%00%(upstream:remotename)%00%(upstream:remoteref) refs/heads/main refs/remotes/main [1ms]
2025-05-27 13:26:56.947 [info] > git for-each-ref --sort -committerdate --format %(refname)%00%(objectname)%00%(*objectname) [1ms]
2025-05-27 13:26:56.990 [info] > git status -z -uall [46ms]
