2025-05-23 13:41:14.307 [info] [main] Log level: Info
2025-05-23 13:41:14.307 [info] [main] Validating found git in: "git"
2025-05-23 13:41:14.307 [info] [main] Using git "2.43.0" from "git"
2025-05-23 13:41:14.307 [info] [Model][doInitialScan] Initial repository scan started
2025-05-23 13:41:14.307 [info] > git rev-parse --show-toplevel [2ms]
2025-05-23 13:41:14.307 [info] fatal: not a git repository (or any of the parent directories): .git
2025-05-23 13:41:14.307 [info] > git rev-parse --show-toplevel [2ms]
2025-05-23 13:41:14.307 [info] fatal: not a git repository (or any of the parent directories): .git
2025-05-23 13:41:14.313 [info] > git rev-parse --show-toplevel [1ms]
2025-05-23 13:41:14.313 [info] fatal: not a git repository (or any of the parent directories): .git
2025-05-23 13:41:14.319 [info] > git rev-parse --show-toplevel [2ms]
2025-05-23 13:41:14.319 [info] fatal: not a git repository (or any of the parent directories): .git
2025-05-23 13:41:14.325 [info] > git rev-parse --show-toplevel [1ms]
2025-05-23 13:41:14.325 [info] fatal: not a git repository (or any of the parent directories): .git
2025-05-23 13:41:14.382 [info] > git rev-parse --show-toplevel [17ms]
2025-05-23 13:41:14.382 [info] fatal: not a git repository (or any of the parent directories): .git
2025-05-23 13:41:14.388 [info] > git rev-parse --show-toplevel [2ms]
2025-05-23 13:41:14.388 [info] fatal: not a git repository (or any of the parent directories): .git
2025-05-23 13:41:14.392 [info] > git rev-parse --show-toplevel [1ms]
2025-05-23 13:41:14.392 [info] fatal: not a git repository (or any of the parent directories): .git
2025-05-23 13:41:14.397 [info] > git rev-parse --show-toplevel [1ms]
2025-05-23 13:41:14.398 [info] fatal: not a git repository (or any of the parent directories): .git
2025-05-23 13:41:14.404 [info] > git rev-parse --show-toplevel [1ms]
2025-05-23 13:41:14.404 [info] fatal: not a git repository (or any of the parent directories): .git
2025-05-23 13:41:14.407 [info] [Model][doInitialScan] Initial repository scan completed - repositories (0), closed repositories (0), parent repositories (0), unsafe repositories (0)
2025-05-23 13:41:14.814 [info] > git rev-parse --show-toplevel [1ms]
2025-05-23 13:41:14.814 [info] fatal: not a git repository (or any of the parent directories): .git
