2025-05-27 08:20:59.574 [info] [main] Log level: Info
2025-05-27 08:20:59.574 [info] [main] Validating found git in: "git"
2025-05-27 08:20:59.574 [info] [main] Using git "2.43.0" from "git"
2025-05-27 08:20:59.574 [info] [Model][doInitialScan] Initial repository scan started
2025-05-27 08:20:59.574 [info] > git rev-parse --show-toplevel [3ms]
2025-05-27 08:20:59.574 [info] > git rev-parse --git-dir --git-common-dir [25ms]
2025-05-27 08:20:59.574 [info] [Model][openRepository] Opened repository (path): /home/prachighatge
2025-05-27 08:20:59.574 [info] [Model][openRepository] Opened repository (real path): /home/prachighatge
2025-05-27 08:20:59.578 [info] > git rev-parse --show-toplevel [6ms]
2025-05-27 08:20:59.579 [info] > git config --get commit.template [10ms]
2025-05-27 08:20:59.596 [info] > git for-each-ref --format=%(refname)%00%(upstream:short)%00%(objectname)%00%(upstream:track)%00%(upstream:remotename)%00%(upstream:remoteref) refs/heads/main refs/remotes/main [12ms]
2025-05-27 08:20:59.599 [info] > git rev-parse --show-toplevel [7ms]
2025-05-27 08:20:59.625 [info] > git rev-parse --show-toplevel [17ms]
2025-05-27 08:20:59.632 [info] > git for-each-ref --sort -committerdate --format %(refname)%00%(objectname)%00%(*objectname) [10ms]
2025-05-27 08:20:59.634 [info] > git rev-parse --show-toplevel [4ms]
2025-05-27 08:20:59.640 [info] > git rev-parse --show-toplevel [3ms]
2025-05-27 08:20:59.646 [info] > git rev-parse --show-toplevel [2ms]
2025-05-27 08:20:59.650 [info] > git rev-parse --show-toplevel [0ms]
2025-05-27 08:20:59.656 [info] > git rev-parse --show-toplevel [2ms]
2025-05-27 08:20:59.663 [info] > git rev-parse --show-toplevel [1ms]
2025-05-27 08:20:59.667 [info] > git rev-parse --show-toplevel [0ms]
2025-05-27 08:20:59.671 [info] [Model][doInitialScan] Initial repository scan completed - repositories (1), closed repositories (0), parent repositories (0), unsafe repositories (0)
2025-05-27 08:20:59.684 [info] > git status -z -uall [68ms]
2025-05-27 08:20:59.759 [info] > git for-each-ref --format=%(refname)%00%(upstream:short)%00%(objectname)%00%(upstream:track)%00%(upstream:remotename)%00%(upstream:remoteref) refs/heads/main refs/remotes/main [10ms]
2025-05-27 08:20:59.765 [info] > git config --get commit.template [10ms]
2025-05-27 08:20:59.767 [info] > git config --get --local branch.main.vscode-merge-base [2ms]
2025-05-27 08:20:59.767 [warning] [Git][config] git config failed: Failed to execute git
2025-05-27 08:20:59.782 [info] > git reflog main --grep-reflog=branch: Created from *. [8ms]
2025-05-27 08:20:59.797 [info] > git symbolic-ref --short refs/remotes/origin/HEAD [10ms]
2025-05-27 08:20:59.797 [info] fatal: ref refs/remotes/origin/HEAD is not a symbolic ref
2025-05-27 08:20:59.797 [warning] [Repository][getDefaultBranch] Failed to get default branch details: Failed to execute git.
2025-05-27 08:20:59.804 [info] > git for-each-ref --format=%(refname)%00%(upstream:short)%00%(objectname)%00%(upstream:track)%00%(upstream:remotename)%00%(upstream:remoteref) refs/heads/main refs/remotes/main [24ms]
2025-05-27 08:20:59.962 [info] > git merge-base refs/heads/main refs/remotes/origin/main [159ms]
2025-05-27 08:20:59.976 [info] > git diff --name-status -z --diff-filter=ADMR f3cdb363c34e6e199bfe272f4c0914d2901783d9...refs/remotes/origin/main [7ms]
2025-05-27 08:20:59.988 [info] > git for-each-ref --sort -committerdate --format %(refname)%00%(objectname)%00%(*objectname) [3ms]
2025-05-27 08:21:00.037 [info] > git status -z -uall [56ms]
2025-05-27 08:21:00.055 [info] > git show --textconv :my-first-app/package.json [24ms]
2025-05-27 08:21:00.055 [info] > git ls-files --stage -- my-first-app/package.json [21ms]
2025-05-27 08:21:00.060 [info] > git cat-file -s 1f72d5d366b06d1de4a0b2d2410bd886d170653e [2ms]
2025-05-27 08:21:00.249 [info] > git check-ignore -v -z --stdin [87ms]
2025-05-27 08:21:00.281 [info] > git blame --root --incremental f3cdb363c34e6e199bfe272f4c0914d2901783d9 -- my-first-app/package.json [3ms]
2025-05-27 08:26:42.630 [info] > git config --get commit.template [8ms]
2025-05-27 08:26:42.631 [info] > git for-each-ref --format=%(refname)%00%(upstream:short)%00%(objectname)%00%(upstream:track)%00%(upstream:remotename)%00%(upstream:remoteref) refs/heads/main refs/remotes/main [2ms]
2025-05-27 08:26:42.646 [info] > git for-each-ref --sort -committerdate --format %(refname)%00%(objectname)%00%(*objectname) [3ms]
2025-05-27 08:26:42.699 [info] > git status -z -uall [63ms]
2025-05-27 08:26:47.727 [info] > git config --get commit.template [3ms]
2025-05-27 08:26:47.730 [info] > git for-each-ref --format=%(refname)%00%(upstream:short)%00%(objectname)%00%(upstream:track)%00%(upstream:remotename)%00%(upstream:remoteref) refs/heads/main refs/remotes/main [1ms]
2025-05-27 08:26:47.735 [info] > git for-each-ref --sort -committerdate --format %(refname)%00%(objectname)%00%(*objectname) [1ms]
2025-05-27 08:26:47.773 [info] > git status -z -uall [40ms]
2025-05-27 08:27:17.315 [info] > git config --get commit.template [1ms]
2025-05-27 08:27:17.320 [info] > git for-each-ref --format=%(refname)%00%(upstream:short)%00%(objectname)%00%(upstream:track)%00%(upstream:remotename)%00%(upstream:remoteref) refs/heads/main refs/remotes/main [2ms]
2025-05-27 08:27:17.329 [info] > git for-each-ref --sort -committerdate --format %(refname)%00%(objectname)%00%(*objectname) [1ms]
2025-05-27 08:27:17.378 [info] > git status -z -uall [54ms]
2025-05-27 08:27:22.413 [info] > git config --get commit.template [5ms]
2025-05-27 08:27:22.413 [info] > git for-each-ref --format=%(refname)%00%(upstream:short)%00%(objectname)%00%(upstream:track)%00%(upstream:remotename)%00%(upstream:remoteref) refs/heads/main refs/remotes/main [1ms]
2025-05-27 08:27:22.419 [info] > git for-each-ref --sort -committerdate --format %(refname)%00%(objectname)%00%(*objectname) [1ms]
2025-05-27 08:27:22.451 [info] > git status -z -uall [35ms]
2025-05-27 08:27:27.470 [info] > git config --get commit.template [1ms]
2025-05-27 08:27:27.473 [info] > git for-each-ref --format=%(refname)%00%(upstream:short)%00%(objectname)%00%(upstream:track)%00%(upstream:remotename)%00%(upstream:remoteref) refs/heads/main refs/remotes/main [1ms]
2025-05-27 08:27:27.485 [info] > git for-each-ref --sort -committerdate --format %(refname)%00%(objectname)%00%(*objectname) [3ms]
2025-05-27 08:27:27.516 [info] > git status -z -uall [39ms]
2025-05-27 08:27:32.531 [info] > git config --get commit.template [1ms]
2025-05-27 08:27:32.534 [info] > git for-each-ref --format=%(refname)%00%(upstream:short)%00%(objectname)%00%(upstream:track)%00%(upstream:remotename)%00%(upstream:remoteref) refs/heads/main refs/remotes/main [1ms]
2025-05-27 08:27:32.542 [info] > git for-each-ref --sort -committerdate --format %(refname)%00%(objectname)%00%(*objectname) [2ms]
2025-05-27 08:27:32.583 [info] > git status -z -uall [46ms]
2025-05-27 08:27:37.605 [info] > git config --get commit.template [2ms]
2025-05-27 08:27:37.609 [info] > git for-each-ref --format=%(refname)%00%(upstream:short)%00%(objectname)%00%(upstream:track)%00%(upstream:remotename)%00%(upstream:remoteref) refs/heads/main refs/remotes/main [1ms]
2025-05-27 08:27:37.617 [info] > git for-each-ref --sort -committerdate --format %(refname)%00%(objectname)%00%(*objectname) [2ms]
2025-05-27 08:27:37.650 [info] > git status -z -uall [37ms]
2025-05-27 08:27:42.684 [info] > git config --get commit.template [1ms]
2025-05-27 08:27:42.688 [info] > git for-each-ref --format=%(refname)%00%(upstream:short)%00%(objectname)%00%(upstream:track)%00%(upstream:remotename)%00%(upstream:remoteref) refs/heads/main refs/remotes/main [1ms]
2025-05-27 08:27:42.695 [info] > git for-each-ref --sort -committerdate --format %(refname)%00%(objectname)%00%(*objectname) [2ms]
2025-05-27 08:27:42.728 [info] > git status -z -uall [37ms]
2025-05-27 08:27:47.743 [info] > git config --get commit.template [3ms]
2025-05-27 08:27:47.744 [info] > git for-each-ref --format=%(refname)%00%(upstream:short)%00%(objectname)%00%(upstream:track)%00%(upstream:remotename)%00%(upstream:remoteref) refs/heads/main refs/remotes/main [1ms]
2025-05-27 08:27:47.749 [info] > git for-each-ref --sort -committerdate --format %(refname)%00%(objectname)%00%(*objectname) [1ms]
2025-05-27 08:27:47.782 [info] > git status -z -uall [36ms]
2025-05-27 08:27:55.489 [info] > git config --get commit.template [1ms]
2025-05-27 08:27:55.493 [info] > git for-each-ref --format=%(refname)%00%(upstream:short)%00%(objectname)%00%(upstream:track)%00%(upstream:remotename)%00%(upstream:remoteref) refs/heads/main refs/remotes/main [1ms]
2025-05-27 08:27:55.501 [info] > git for-each-ref --sort -committerdate --format %(refname)%00%(objectname)%00%(*objectname) [3ms]
2025-05-27 08:27:55.532 [info] > git status -z -uall [36ms]
2025-05-27 08:28:00.546 [info] > git config --get commit.template [3ms]
2025-05-27 08:28:00.547 [info] > git for-each-ref --format=%(refname)%00%(upstream:short)%00%(objectname)%00%(upstream:track)%00%(upstream:remotename)%00%(upstream:remoteref) refs/heads/main refs/remotes/main [1ms]
2025-05-27 08:28:00.553 [info] > git for-each-ref --sort -committerdate --format %(refname)%00%(objectname)%00%(*objectname) [1ms]
2025-05-27 08:28:00.586 [info] > git status -z -uall [36ms]
2025-05-27 08:28:05.603 [info] > git config --get commit.template [1ms]
2025-05-27 08:28:05.609 [info] > git for-each-ref --format=%(refname)%00%(upstream:short)%00%(objectname)%00%(upstream:track)%00%(upstream:remotename)%00%(upstream:remoteref) refs/heads/main refs/remotes/main [2ms]
2025-05-27 08:28:05.615 [info] > git for-each-ref --sort -committerdate --format %(refname)%00%(objectname)%00%(*objectname) [1ms]
2025-05-27 08:28:05.648 [info] > git status -z -uall [36ms]
2025-05-27 08:28:10.673 [info] > git config --get commit.template [3ms]
2025-05-27 08:28:10.673 [info] > git for-each-ref --format=%(refname)%00%(upstream:short)%00%(objectname)%00%(upstream:track)%00%(upstream:remotename)%00%(upstream:remoteref) refs/heads/main refs/remotes/main [1ms]
2025-05-27 08:28:10.678 [info] > git for-each-ref --sort -committerdate --format %(refname)%00%(objectname)%00%(*objectname) [1ms]
2025-05-27 08:28:10.709 [info] > git status -z -uall [34ms]
2025-05-27 08:28:15.731 [info] > git config --get commit.template [1ms]
2025-05-27 08:28:15.736 [info] > git for-each-ref --format=%(refname)%00%(upstream:short)%00%(objectname)%00%(upstream:track)%00%(upstream:remotename)%00%(upstream:remoteref) refs/heads/main refs/remotes/main [1ms]
2025-05-27 08:28:15.742 [info] > git for-each-ref --sort -committerdate --format %(refname)%00%(objectname)%00%(*objectname) [1ms]
2025-05-27 08:28:15.777 [info] > git status -z -uall [38ms]
2025-05-27 08:28:20.795 [info] > git config --get commit.template [5ms]
2025-05-27 08:28:20.797 [info] > git for-each-ref --format=%(refname)%00%(upstream:short)%00%(objectname)%00%(upstream:track)%00%(upstream:remotename)%00%(upstream:remoteref) refs/heads/main refs/remotes/main [2ms]
2025-05-27 08:28:20.806 [info] > git for-each-ref --sort -committerdate --format %(refname)%00%(objectname)%00%(*objectname) [2ms]
2025-05-27 08:28:20.852 [info] > git status -z -uall [50ms]
2025-05-27 08:28:25.884 [info] > git config --get commit.template [3ms]
2025-05-27 08:28:25.884 [info] > git for-each-ref --format=%(refname)%00%(upstream:short)%00%(objectname)%00%(upstream:track)%00%(upstream:remotename)%00%(upstream:remoteref) refs/heads/main refs/remotes/main [1ms]
2025-05-27 08:28:25.890 [info] > git for-each-ref --sort -committerdate --format %(refname)%00%(objectname)%00%(*objectname) [2ms]
2025-05-27 08:28:25.929 [info] > git status -z -uall [42ms]
2025-05-27 08:28:53.260 [info] > git check-ignore -v -z --stdin [3ms]
2025-05-27 08:29:10.635 [info] > git check-ignore -v -z --stdin [4ms]
2025-05-27 08:29:12.591 [info] > git config --get commit.template [3ms]
2025-05-27 08:29:12.591 [info] > git for-each-ref --format=%(refname)%00%(upstream:short)%00%(objectname)%00%(upstream:track)%00%(upstream:remotename)%00%(upstream:remoteref) refs/heads/main refs/remotes/main [1ms]
2025-05-27 08:29:12.596 [info] > git for-each-ref --sort -committerdate --format %(refname)%00%(objectname)%00%(*objectname) [2ms]
2025-05-27 08:29:12.697 [info] > git status -z -uall [104ms] (cancelled)
2025-05-27 08:29:12.699 [info] > git check-ignore -v -z --stdin [3ms]
2025-05-27 08:30:33.694 [info] > git ls-files --stage -- my-first-app/package.json [7ms]
2025-05-27 08:30:33.697 [info] > git cat-file -s 1f72d5d366b06d1de4a0b2d2410bd886d170653e [0ms]
2025-05-27 08:30:33.713 [info] > git show --textconv :my-first-app/package.json [7ms]
2025-05-27 08:30:40.955 [info] > git ls-files --stage -- my-first-app/package.json [5ms]
2025-05-27 08:30:40.958 [info] > git cat-file -s 1f72d5d366b06d1de4a0b2d2410bd886d170653e [1ms]
2025-05-27 08:30:40.968 [info] > git show --textconv :my-first-app/package.json [6ms]
2025-05-27 08:31:39.365 [info] > git config --get commit.template [6ms]
2025-05-27 08:31:39.366 [info] > git for-each-ref --format=%(refname)%00%(upstream:short)%00%(objectname)%00%(upstream:track)%00%(upstream:remotename)%00%(upstream:remoteref) refs/heads/main refs/remotes/main [2ms]
2025-05-27 08:31:39.376 [info] > git for-each-ref --sort -committerdate --format %(refname)%00%(objectname)%00%(*objectname) [1ms]
2025-05-27 08:31:39.471 [info] > git status -z -uall [101ms]
2025-05-27 08:31:39.499 [info] > git merge-base refs/heads/main refs/remotes/origin/main [1ms]
2025-05-27 08:31:39.502 [info] > git blame --root --incremental 9e24041e28741c061b492f7bf9871ce5041aa32c -- my-first-app/package.json [5ms]
2025-05-27 08:31:39.503 [info] > git diff --name-status -z --diff-filter=ADMR 9e24041e28741c061b492f7bf9871ce5041aa32c...refs/remotes/origin/main [2ms]
2025-05-27 08:31:40.562 [info] > git ls-files --stage -- my-first-app/package.json [5ms]
2025-05-27 08:31:40.565 [info] > git cat-file -s 1f72d5d366b06d1de4a0b2d2410bd886d170653e [1ms]
2025-05-27 08:31:40.578 [info] > git show --textconv :my-first-app/package.json [6ms]
2025-05-27 08:31:40.980 [info] > git config --get commit.template [1ms]
2025-05-27 08:31:40.983 [info] > git for-each-ref --format=%(refname)%00%(upstream:short)%00%(objectname)%00%(upstream:track)%00%(upstream:remotename)%00%(upstream:remoteref) refs/heads/main refs/remotes/main [1ms]
2025-05-27 08:31:40.990 [info] > git for-each-ref --sort -committerdate --format %(refname)%00%(objectname)%00%(*objectname) [1ms]
2025-05-27 08:31:41.055 [info] > git status -z -uall [68ms]
2025-05-27 08:31:38.798 [info] > git ls-files --stage -- my-first-app/package.json [6ms]
2025-05-27 08:31:38.801 [info] > git cat-file -s 1f72d5d366b06d1de4a0b2d2410bd886d170653e [1ms]
2025-05-27 08:31:38.814 [info] > git show --textconv :my-first-app/package.json [5ms]
2025-05-27 08:31:41.875 [info] > git config --get commit.template [3ms]
2025-05-27 08:31:41.876 [info] > git for-each-ref --format=%(refname)%00%(upstream:short)%00%(objectname)%00%(upstream:track)%00%(upstream:remotename)%00%(upstream:remoteref) refs/heads/main refs/remotes/main [1ms]
2025-05-27 08:31:41.882 [info] > git for-each-ref --sort -committerdate --format %(refname)%00%(objectname)%00%(*objectname) [1ms]
2025-05-27 08:31:41.949 [info] > git status -z -uall [70ms]
2025-05-27 08:31:46.956 [info] > git config --get commit.template [1ms]
2025-05-27 08:31:46.961 [info] > git for-each-ref --format=%(refname)%00%(upstream:short)%00%(objectname)%00%(upstream:track)%00%(upstream:remotename)%00%(upstream:remoteref) refs/heads/main refs/remotes/main [1ms]
2025-05-27 08:31:46.969 [info] > git for-each-ref --sort -committerdate --format %(refname)%00%(objectname)%00%(*objectname) [1ms]
2025-05-27 08:31:47.035 [info] > git status -z -uall [69ms]
2025-05-27 08:34:23.621 [info] > git config --get commit.template [5ms]
2025-05-27 08:34:23.622 [info] > git for-each-ref --format=%(refname)%00%(upstream:short)%00%(objectname)%00%(upstream:track)%00%(upstream:remotename)%00%(upstream:remoteref) refs/heads/main refs/remotes/main [3ms]
2025-05-27 08:34:23.634 [info] > git for-each-ref --sort -committerdate --format %(refname)%00%(objectname)%00%(*objectname) [1ms]
2025-05-27 08:34:23.747 [info] > git status -z -uall [118ms]
2025-05-27 08:34:28.757 [info] > git config --get commit.template [1ms]
2025-05-27 08:34:28.762 [info] > git for-each-ref --format=%(refname)%00%(upstream:short)%00%(objectname)%00%(upstream:track)%00%(upstream:remotename)%00%(upstream:remoteref) refs/heads/main refs/remotes/main [1ms]
2025-05-27 08:34:28.769 [info] > git for-each-ref --sort -committerdate --format %(refname)%00%(objectname)%00%(*objectname) [1ms]
2025-05-27 08:34:28.840 [info] > git status -z -uall [74ms]
2025-05-27 08:34:33.849 [info] > git config --get commit.template [2ms]
2025-05-27 08:34:33.849 [info] > git for-each-ref --format=%(refname)%00%(upstream:short)%00%(objectname)%00%(upstream:track)%00%(upstream:remotename)%00%(upstream:remoteref) refs/heads/main refs/remotes/main [1ms]
2025-05-27 08:34:33.855 [info] > git for-each-ref --sort -committerdate --format %(refname)%00%(objectname)%00%(*objectname) [1ms]
2025-05-27 08:34:33.929 [info] > git status -z -uall [77ms]
2025-05-27 08:34:38.952 [info] > git config --get commit.template [4ms]
2025-05-27 08:34:38.952 [info] > git for-each-ref --format=%(refname)%00%(upstream:short)%00%(objectname)%00%(upstream:track)%00%(upstream:remotename)%00%(upstream:remoteref) refs/heads/main refs/remotes/main [1ms]
2025-05-27 08:34:38.958 [info] > git for-each-ref --sort -committerdate --format %(refname)%00%(objectname)%00%(*objectname) [1ms]
2025-05-27 08:34:39.025 [info] > git status -z -uall [70ms]
2025-05-27 08:34:44.032 [info] > git config --get commit.template [2ms]
2025-05-27 08:34:44.033 [info] > git for-each-ref --format=%(refname)%00%(upstream:short)%00%(objectname)%00%(upstream:track)%00%(upstream:remotename)%00%(upstream:remoteref) refs/heads/main refs/remotes/main [1ms]
2025-05-27 08:34:44.038 [info] > git for-each-ref --sort -committerdate --format %(refname)%00%(objectname)%00%(*objectname) [1ms]
2025-05-27 08:34:44.114 [info] > git status -z -uall [79ms]
2025-05-27 08:35:07.545 [info] > git config --get commit.template [2ms]
2025-05-27 08:35:07.551 [info] > git for-each-ref --format=%(refname)%00%(upstream:short)%00%(objectname)%00%(upstream:track)%00%(upstream:remotename)%00%(upstream:remoteref) refs/heads/main refs/remotes/main [2ms]
2025-05-27 08:35:07.558 [info] > git for-each-ref --sort -committerdate --format %(refname)%00%(objectname)%00%(*objectname) [1ms]
2025-05-27 08:35:07.659 [info] > git status -z -uall [105ms]
2025-05-27 08:35:09.813 [info] > git check-ignore -v -z --stdin [8ms]
2025-05-27 08:35:12.681 [info] > git config --get commit.template [1ms]
2025-05-27 08:35:12.686 [info] > git for-each-ref --format=%(refname)%00%(upstream:short)%00%(objectname)%00%(upstream:track)%00%(upstream:remotename)%00%(upstream:remoteref) refs/heads/main refs/remotes/main [1ms]
2025-05-27 08:35:12.694 [info] > git for-each-ref --sort -committerdate --format %(refname)%00%(objectname)%00%(*objectname) [1ms]
2025-05-27 08:35:12.787 [info] > git status -z -uall [97ms]
2025-05-27 08:35:17.800 [info] > git config --get commit.template [5ms]
2025-05-27 08:35:17.800 [info] > git for-each-ref --format=%(refname)%00%(upstream:short)%00%(objectname)%00%(upstream:track)%00%(upstream:remotename)%00%(upstream:remoteref) refs/heads/main refs/remotes/main [1ms]
2025-05-27 08:35:17.807 [info] > git for-each-ref --sort -committerdate --format %(refname)%00%(objectname)%00%(*objectname) [1ms]
2025-05-27 08:35:17.878 [info] > git status -z -uall [74ms]
2025-05-27 08:35:22.889 [info] > git config --get commit.template [1ms]
2025-05-27 08:35:22.893 [info] > git for-each-ref --format=%(refname)%00%(upstream:short)%00%(objectname)%00%(upstream:track)%00%(upstream:remotename)%00%(upstream:remoteref) refs/heads/main refs/remotes/main [1ms]
2025-05-27 08:35:22.899 [info] > git for-each-ref --sort -committerdate --format %(refname)%00%(objectname)%00%(*objectname) [1ms]
2025-05-27 08:35:22.981 [info] > git status -z -uall [85ms]
2025-05-27 08:35:27.989 [info] > git config --get commit.template [3ms]
2025-05-27 08:35:27.989 [info] > git for-each-ref --format=%(refname)%00%(upstream:short)%00%(objectname)%00%(upstream:track)%00%(upstream:remotename)%00%(upstream:remoteref) refs/heads/main refs/remotes/main [1ms]
2025-05-27 08:35:27.995 [info] > git for-each-ref --sort -committerdate --format %(refname)%00%(objectname)%00%(*objectname) [1ms]
2025-05-27 08:35:28.069 [info] > git status -z -uall [77ms]
2025-05-27 08:35:33.080 [info] > git config --get commit.template [1ms]
2025-05-27 08:35:33.084 [info] > git for-each-ref --format=%(refname)%00%(upstream:short)%00%(objectname)%00%(upstream:track)%00%(upstream:remotename)%00%(upstream:remoteref) refs/heads/main refs/remotes/main [1ms]
2025-05-27 08:35:33.090 [info] > git for-each-ref --sort -committerdate --format %(refname)%00%(objectname)%00%(*objectname) [1ms]
2025-05-27 08:35:33.127 [info] > git status -z -uall [40ms]
2025-05-27 08:35:33.158 [info] > git check-ignore -v -z --stdin [34ms]
2025-05-27 08:35:35.752 [info] > git check-ignore -v -z --stdin [30ms]
2025-05-27 08:35:38.154 [info] > git config --get commit.template [1ms]
2025-05-27 08:35:38.160 [info] > git for-each-ref --format=%(refname)%00%(upstream:short)%00%(objectname)%00%(upstream:track)%00%(upstream:remotename)%00%(upstream:remoteref) refs/heads/main refs/remotes/main [2ms]
2025-05-27 08:35:38.166 [info] > git for-each-ref --sort -committerdate --format %(refname)%00%(objectname)%00%(*objectname) [1ms]
2025-05-27 08:35:38.204 [info] > git status -z -uall [40ms]
2025-05-27 08:35:41.023 [info] > git check-ignore -v -z --stdin [39ms]
2025-05-27 08:35:41.574 [info] > git check-ignore -v -z --stdin [32ms]
2025-05-27 08:35:43.214 [info] > git config --get commit.template [4ms]
2025-05-27 08:35:43.214 [info] > git for-each-ref --format=%(refname)%00%(upstream:short)%00%(objectname)%00%(upstream:track)%00%(upstream:remotename)%00%(upstream:remoteref) refs/heads/main refs/remotes/main [1ms]
2025-05-27 08:35:43.221 [info] > git for-each-ref --sort -committerdate --format %(refname)%00%(objectname)%00%(*objectname) [2ms]
2025-05-27 08:35:43.269 [info] > git status -z -uall [51ms]
2025-05-27 08:35:48.278 [info] > git config --get commit.template [1ms]
2025-05-27 08:35:48.281 [info] > git for-each-ref --format=%(refname)%00%(upstream:short)%00%(objectname)%00%(upstream:track)%00%(upstream:remotename)%00%(upstream:remoteref) refs/heads/main refs/remotes/main [1ms]
2025-05-27 08:35:48.286 [info] > git for-each-ref --sort -committerdate --format %(refname)%00%(objectname)%00%(*objectname) [1ms]
2025-05-27 08:35:48.325 [info] > git status -z -uall [41ms]
2025-05-27 08:35:54.951 [info] > git config --get commit.template [1ms]
2025-05-27 08:35:54.959 [info] > git for-each-ref --format=%(refname)%00%(upstream:short)%00%(objectname)%00%(upstream:track)%00%(upstream:remotename)%00%(upstream:remoteref) refs/heads/main refs/remotes/main [1ms]
2025-05-27 08:35:54.970 [info] > git for-each-ref --sort -committerdate --format %(refname)%00%(objectname)%00%(*objectname) [1ms]
2025-05-27 08:35:55.020 [info] > git status -z -uall [56ms]
2025-05-27 08:36:00.028 [info] > git config --get commit.template [1ms]
2025-05-27 08:36:00.033 [info] > git for-each-ref --format=%(refname)%00%(upstream:short)%00%(objectname)%00%(upstream:track)%00%(upstream:remotename)%00%(upstream:remoteref) refs/heads/main refs/remotes/main [1ms]
2025-05-27 08:36:00.040 [info] > git for-each-ref --sort -committerdate --format %(refname)%00%(objectname)%00%(*objectname) [1ms]
2025-05-27 08:36:00.081 [info] > git status -z -uall [45ms]
2025-05-27 08:36:05.090 [info] > git config --get commit.template [3ms]
2025-05-27 08:36:05.091 [info] > git for-each-ref --format=%(refname)%00%(upstream:short)%00%(objectname)%00%(upstream:track)%00%(upstream:remotename)%00%(upstream:remoteref) refs/heads/main refs/remotes/main [1ms]
2025-05-27 08:36:05.096 [info] > git for-each-ref --sort -committerdate --format %(refname)%00%(objectname)%00%(*objectname) [0ms]
2025-05-27 08:36:05.134 [info] > git status -z -uall [41ms]
2025-05-27 08:36:05.255 [info] > git check-ignore -v -z --stdin [39ms]
2025-05-27 08:36:08.354 [info] > git check-ignore -v -z --stdin [37ms]
2025-05-27 08:36:10.157 [info] > git config --get commit.template [3ms]
2025-05-27 08:36:10.157 [info] > git for-each-ref --format=%(refname)%00%(upstream:short)%00%(objectname)%00%(upstream:track)%00%(upstream:remotename)%00%(upstream:remoteref) refs/heads/main refs/remotes/main [1ms]
2025-05-27 08:36:10.163 [info] > git for-each-ref --sort -committerdate --format %(refname)%00%(objectname)%00%(*objectname) [0ms]
2025-05-27 08:36:10.204 [info] > git status -z -uall [44ms]
2025-05-27 08:36:13.403 [info] > git config --get commit.template [2ms]
2025-05-27 08:36:13.404 [info] > git for-each-ref --format=%(refname)%00%(upstream:short)%00%(objectname)%00%(upstream:track)%00%(upstream:remotename)%00%(upstream:remoteref) refs/heads/main refs/remotes/main [1ms]
2025-05-27 08:36:13.410 [info] > git for-each-ref --sort -committerdate --format %(refname)%00%(objectname)%00%(*objectname) [1ms]
2025-05-27 08:36:13.449 [info] > git status -z -uall [42ms]
2025-05-27 08:36:13.454 [info] > git merge-base refs/heads/main refs/remotes/origin/main [0ms]
2025-05-27 08:36:13.458 [info] > git diff --name-status -z --diff-filter=ADMR 82456abe73ce2eb791e0fcae3788206c6abf995b...refs/remotes/origin/main [1ms]
2025-05-27 08:36:13.782 [info] > git show --textconv :.gitignore [6ms]
2025-05-27 08:36:13.786 [info] > git ls-files --stage -- .gitignore [8ms]
2025-05-27 08:36:13.789 [info] > git cat-file -s f35576183b90680cc51b78a76898c468cf4d1fa8 [1ms]
2025-05-27 08:36:13.799 [info] > git blame --root --incremental 82456abe73ce2eb791e0fcae3788206c6abf995b -- .gitignore [1ms]
2025-05-27 08:36:14.707 [info] > git ls-files --stage -- .gitignore [7ms]
2025-05-27 08:36:14.711 [info] > git cat-file -s f35576183b90680cc51b78a76898c468cf4d1fa8 [1ms]
2025-05-27 08:36:14.721 [info] > git show --textconv :.gitignore [4ms]
2025-05-27 08:36:15.213 [info] > git config --get commit.template [2ms]
2025-05-27 08:36:15.214 [info] > git for-each-ref --format=%(refname)%00%(upstream:short)%00%(objectname)%00%(upstream:track)%00%(upstream:remotename)%00%(upstream:remoteref) refs/heads/main refs/remotes/main [1ms]
2025-05-27 08:36:15.220 [info] > git for-each-ref --sort -committerdate --format %(refname)%00%(objectname)%00%(*objectname) [1ms]
2025-05-27 08:36:15.261 [info] > git status -z -uall [44ms]
2025-05-27 08:36:20.271 [info] > git config --get commit.template [4ms]
2025-05-27 08:36:20.272 [info] > git for-each-ref --format=%(refname)%00%(upstream:short)%00%(objectname)%00%(upstream:track)%00%(upstream:remotename)%00%(upstream:remoteref) refs/heads/main refs/remotes/main [2ms]
2025-05-27 08:36:20.278 [info] > git for-each-ref --sort -committerdate --format %(refname)%00%(objectname)%00%(*objectname) [0ms]
2025-05-27 08:36:20.331 [info] > git status -z -uall [57ms]
2025-05-27 08:36:25.337 [info] > git config --get commit.template [0ms]
2025-05-27 08:36:25.340 [info] > git for-each-ref --format=%(refname)%00%(upstream:short)%00%(objectname)%00%(upstream:track)%00%(upstream:remotename)%00%(upstream:remoteref) refs/heads/main refs/remotes/main [1ms]
2025-05-27 08:36:25.347 [info] > git for-each-ref --sort -committerdate --format %(refname)%00%(objectname)%00%(*objectname) [2ms]
2025-05-27 08:36:25.389 [info] > git status -z -uall [47ms]
2025-05-27 08:36:30.400 [info] > git config --get commit.template [1ms]
2025-05-27 08:36:30.403 [info] > git for-each-ref --format=%(refname)%00%(upstream:short)%00%(objectname)%00%(upstream:track)%00%(upstream:remotename)%00%(upstream:remoteref) refs/heads/main refs/remotes/main [1ms]
2025-05-27 08:36:30.408 [info] > git for-each-ref --sort -committerdate --format %(refname)%00%(objectname)%00%(*objectname) [0ms]
2025-05-27 08:36:30.451 [info] > git status -z -uall [45ms]
2025-05-27 08:36:35.462 [info] > git config --get commit.template [2ms]
2025-05-27 08:36:35.466 [info] > git for-each-ref --format=%(refname)%00%(upstream:short)%00%(objectname)%00%(upstream:track)%00%(upstream:remotename)%00%(upstream:remoteref) refs/heads/main refs/remotes/main [1ms]
2025-05-27 08:36:35.473 [info] > git for-each-ref --sort -committerdate --format %(refname)%00%(objectname)%00%(*objectname) [1ms]
2025-05-27 08:36:35.511 [info] > git status -z -uall [40ms]
2025-05-27 08:36:40.536 [info] > git config --get commit.template [4ms]
2025-05-27 08:36:40.537 [info] > git for-each-ref --format=%(refname)%00%(upstream:short)%00%(objectname)%00%(upstream:track)%00%(upstream:remotename)%00%(upstream:remoteref) refs/heads/main refs/remotes/main [1ms]
2025-05-27 08:36:40.542 [info] > git for-each-ref --sort -committerdate --format %(refname)%00%(objectname)%00%(*objectname) [0ms]
2025-05-27 08:36:40.585 [info] > git status -z -uall [45ms]
