2025-05-23 08:52:01.172 [info] [main] Log level: Info
2025-05-23 08:52:01.172 [info] [main] Validating found git in: "git"
2025-05-23 08:52:01.172 [info] [main] Using git "2.43.0" from "git"
2025-05-23 08:52:01.172 [info] [Model][doInitialScan] Initial repository scan started
2025-05-23 08:52:01.172 [info] > git rev-parse --show-toplevel [4ms]
2025-05-23 08:52:01.172 [info] fatal: not a git repository (or any of the parent directories): .git
2025-05-23 08:52:01.172 [info] > git rev-parse --show-toplevel [2ms]
2025-05-23 08:52:01.172 [info] fatal: not a git repository (or any of the parent directories): .git
2025-05-23 08:52:01.173 [info] > git rev-parse --show-toplevel [3ms]
2025-05-23 08:52:01.173 [info] fatal: not a git repository (or any of the parent directories): .git
2025-05-23 08:52:01.187 [info] > git rev-parse --show-toplevel [10ms]
2025-05-23 08:52:01.187 [info] fatal: not a git repository (or any of the parent directories): .git
2025-05-23 08:52:01.192 [info] > git rev-parse --show-toplevel [2ms]
2025-05-23 08:52:01.192 [info] fatal: not a git repository (or any of the parent directories): .git
2025-05-23 08:52:01.196 [info] > git rev-parse --show-toplevel [1ms]
2025-05-23 08:52:01.196 [info] fatal: not a git repository (or any of the parent directories): .git
2025-05-23 08:52:01.200 [info] > git rev-parse --show-toplevel [1ms]
2025-05-23 08:52:01.200 [info] fatal: not a git repository (or any of the parent directories): .git
2025-05-23 08:52:01.204 [info] > git rev-parse --show-toplevel [1ms]
2025-05-23 08:52:01.204 [info] fatal: not a git repository (or any of the parent directories): .git
2025-05-23 08:52:01.208 [info] > git rev-parse --show-toplevel [1ms]
2025-05-23 08:52:01.208 [info] fatal: not a git repository (or any of the parent directories): .git
2025-05-23 08:52:01.212 [info] > git rev-parse --show-toplevel [2ms]
2025-05-23 08:52:01.212 [info] fatal: not a git repository (or any of the parent directories): .git
2025-05-23 08:52:01.218 [info] > git rev-parse --show-toplevel [4ms]
2025-05-23 08:52:01.218 [info] fatal: not a git repository (or any of the parent directories): .git
2025-05-23 08:52:01.221 [info] [Model][doInitialScan] Initial repository scan completed - repositories (0), closed repositories (0), parent repositories (0), unsafe repositories (0)
2025-05-23 08:52:01.448 [info] > git rev-parse --show-toplevel [1ms]
2025-05-23 08:52:01.448 [info] fatal: not a git repository (or any of the parent directories): .git
2025-05-23 08:52:03.812 [info] > git rev-parse --show-toplevel [8ms]
2025-05-23 08:52:03.812 [info] fatal: not a git repository (or any of the parent directories): .git
