2025-05-27 06:40:49.725 [info] Extension host with pid 97971 started
2025-05-27 06:40:49.781 [info] Lock '/home/prachighatge/.vscode-server/data/User/workspaceStorage/f9f0e80ace99e668b3e867bcad2b6309/vscode.lock': Lock acquired.
2025-05-27 06:40:49.802 [info] ExtensionService#_doActivateExtension vscode.emmet, startup: false, activationEvent: 'onLanguage'
2025-05-27 06:40:49.803 [info] ExtensionService#_doActivateExtension vscode.configuration-editing, startup: false, activationEvent: 'onLanguage:json'
2025-05-27 06:40:49.804 [info] ExtensionService#_doActivateExtension vscode.extension-editing, startup: false, activationEvent: 'onLanguage:json'
2025-05-27 06:40:49.804 [info] ExtensionService#_doActivateExtension vscode.json-language-features, startup: false, activationEvent: 'onLanguage:json'
2025-05-27 06:40:49.805 [info] ExtensionService#_doActivateExtension vscode.npm, startup: false, activationEvent: 'onLanguage:json'
2025-05-27 06:40:50.462 [info] ExtensionService#_doActivateExtension vscode.git-base, startup: true, activationEvent: '*', root cause: vscode.git
2025-05-27 06:40:50.477 [info] ExtensionService#_doActivateExtension vscode.git, startup: true, activationEvent: '*'
2025-05-27 06:40:50.477 [info] ExtensionService#_doActivateExtension vscode.github, startup: true, activationEvent: '*'
2025-05-27 06:40:50.640 [info] Eager extensions activated
2025-05-27 06:40:50.640 [info] ExtensionService#_doActivateExtension vscode.debug-auto-launch, startup: false, activationEvent: 'onStartupFinished'
2025-05-27 06:40:50.641 [info] ExtensionService#_doActivateExtension vscode.merge-conflict, startup: false, activationEvent: 'onStartupFinished'
2025-05-27 06:40:51.726 [info] ExtensionService#_doActivateExtension vscode.tunnel-forwarding, startup: false, activationEvent: 'onTunnel'
2025-05-27 06:58:58.039 [info] ExtensionService#_doActivateExtension vscode.typescript-language-features, startup: false, activationEvent: 'onLanguage:javascript'
2025-05-27 08:05:24.592 [info] ExtensionService#_doActivateExtension vscode.css-language-features, startup: false, activationEvent: 'onLanguage:css'
2025-05-27 08:19:47.180 [warning] [Decorations] CAPPING events from decorations provider vscode.git 1319
2025-05-27 08:19:50.115 [warning] [Decorations] CAPPING events from decorations provider vscode.git 1317
2025-05-27 08:19:53.621 [warning] [Decorations] CAPPING events from decorations provider vscode.git 1316
2025-05-27 08:19:58.673 [warning] [Decorations] CAPPING events from decorations provider vscode.git 1316
2025-05-27 08:20:03.729 [warning] [Decorations] CAPPING events from decorations provider vscode.git 1316
2025-05-27 08:20:08.790 [warning] [Decorations] CAPPING events from decorations provider vscode.git 1316
2025-05-27 08:20:13.854 [warning] [Decorations] CAPPING events from decorations provider vscode.git 1316
2025-05-27 08:20:18.913 [warning] [Decorations] CAPPING events from decorations provider vscode.git 1316
2025-05-27 08:20:23.976 [warning] [Decorations] CAPPING events from decorations provider vscode.git 1316
2025-05-27 08:20:29.035 [warning] [Decorations] CAPPING events from decorations provider vscode.git 1316
2025-05-27 08:20:34.090 [warning] [Decorations] CAPPING events from decorations provider vscode.git 1316
2025-05-27 08:20:39.152 [warning] [Decorations] CAPPING events from decorations provider vscode.git 1316
2025-05-27 08:20:44.205 [warning] [Decorations] CAPPING events from decorations provider vscode.git 1316
2025-05-27 08:20:49.262 [warning] [Decorations] CAPPING events from decorations provider vscode.git 1316
2025-05-27 08:20:51.142 [info] Extension host terminating: received terminate message from renderer
2025-05-27 08:20:51.143 [info] Lock '/home/prachighatge/.vscode-server/data/User/workspaceStorage/f9f0e80ace99e668b3e867bcad2b6309/vscode.lock': Marking the lockfile as scheduled to be released in 6000 ms.
2025-05-27 08:20:51.204 [info] Extension host with pid 97971 exiting with code 0
