2025-05-23 14:11:26.892 [info] [main] Log level: Info
2025-05-23 14:11:26.892 [info] [main] Validating found git in: "git"
2025-05-23 14:11:26.892 [info] [main] Using git "2.43.0" from "git"
2025-05-23 14:11:26.892 [info] [Model][doInitialScan] Initial repository scan started
2025-05-23 14:11:26.892 [info] > git rev-parse --show-toplevel [2ms]
2025-05-23 14:11:26.892 [info] fatal: not a git repository (or any of the parent directories): .git
2025-05-23 14:11:26.892 [info] > git rev-parse --show-toplevel [2ms]
2025-05-23 14:11:26.892 [info] fatal: not a git repository (or any of the parent directories): .git
2025-05-23 14:11:26.892 [info] > git rev-parse --show-toplevel [5ms]
2025-05-23 14:11:26.892 [info] fatal: not a git repository (or any of the parent directories): .git
2025-05-23 14:11:26.892 [info] > git rev-parse --show-toplevel [1ms]
2025-05-23 14:11:26.892 [info] fatal: not a git repository (or any of the parent directories): .git
2025-05-23 14:11:26.892 [info] > git rev-parse --show-toplevel [1ms]
2025-05-23 14:11:26.892 [info] fatal: not a git repository (or any of the parent directories): .git
2025-05-23 14:11:26.892 [info] > git rev-parse --show-toplevel [1ms]
2025-05-23 14:11:26.892 [info] fatal: not a git repository (or any of the parent directories): .git
2025-05-23 14:11:26.892 [info] > git rev-parse --show-toplevel [1ms]
2025-05-23 14:11:26.892 [info] fatal: not a git repository (or any of the parent directories): .git
2025-05-23 14:11:26.892 [info] > git rev-parse --show-toplevel [1ms]
2025-05-23 14:11:26.893 [info] fatal: not a git repository (or any of the parent directories): .git
2025-05-23 14:11:26.893 [info] > git rev-parse --show-toplevel [2ms]
2025-05-23 14:11:26.893 [info] fatal: not a git repository (or any of the parent directories): .git
2025-05-23 14:11:26.893 [info] > git rev-parse --show-toplevel [1ms]
2025-05-23 14:11:26.893 [info] fatal: not a git repository (or any of the parent directories): .git
2025-05-23 14:11:26.893 [info] > git rev-parse --show-toplevel [2ms]
2025-05-23 14:11:26.893 [info] fatal: not a git repository (or any of the parent directories): .git
2025-05-23 14:11:26.893 [info] [Model][doInitialScan] Initial repository scan completed - repositories (0), closed repositories (0), parent repositories (0), unsafe repositories (0)
2025-05-23 14:11:27.135 [info] > git rev-parse --show-toplevel [0ms]
2025-05-23 14:11:27.135 [info] fatal: not a git repository (or any of the parent directories): .git
2025-05-23 14:11:27.625 [info] > git rev-parse --show-toplevel [2ms]
2025-05-23 14:11:27.625 [info] fatal: not a git repository (or any of the parent directories): .git
