2025-05-27 09:41:31.275 [info] [main] Log level: Info
2025-05-27 09:41:31.275 [info] [main] Validating found git in: "git"
2025-05-27 09:41:31.275 [info] [main] Using git "2.43.0" from "git"
2025-05-27 09:41:31.275 [info] [Model][doInitialScan] Initial repository scan started
2025-05-27 09:41:31.275 [info] > git rev-parse --show-toplevel [3ms]
2025-05-27 09:41:31.275 [info] > git rev-parse --git-dir --git-common-dir [22ms]
2025-05-27 09:41:31.275 [info] [Model][openRepository] Opened repository (path): /home/prachighatge
2025-05-27 09:41:31.275 [info] [Model][openRepository] Opened repository (real path): /home/prachighatge
2025-05-27 09:41:31.277 [info] > git rev-parse --show-toplevel [8ms]
2025-05-27 09:41:31.278 [info] > git config --get commit.template [11ms]
2025-05-27 09:41:31.284 [info] > git for-each-ref --format=%(refname)%00%(upstream:short)%00%(objectname)%00%(upstream:track)%00%(upstream:remotename)%00%(upstream:remoteref) refs/heads/main refs/remotes/main [3ms]
2025-05-27 09:41:31.292 [info] > git rev-parse --show-toplevel [4ms]
2025-05-27 09:41:31.305 [info] > git rev-parse --show-toplevel [10ms]
2025-05-27 09:41:31.315 [info] > git for-each-ref --sort -committerdate --format %(refname)%00%(objectname)%00%(*objectname) [11ms]
2025-05-27 09:41:31.324 [info] > git rev-parse --show-toplevel [10ms]
2025-05-27 09:41:31.333 [info] > git rev-parse --show-toplevel [4ms]
2025-05-27 09:41:31.340 [info] > git rev-parse --show-toplevel [2ms]
2025-05-27 09:41:31.344 [info] > git rev-parse --show-toplevel [1ms]
2025-05-27 09:41:31.348 [info] > git rev-parse --show-toplevel [1ms]
2025-05-27 09:41:31.352 [info] > git rev-parse --show-toplevel [0ms]
2025-05-27 09:41:31.356 [info] > git rev-parse --show-toplevel [1ms]
2025-05-27 09:41:31.359 [info] [Model][doInitialScan] Initial repository scan completed - repositories (1), closed repositories (0), parent repositories (0), unsafe repositories (0)
2025-05-27 09:41:31.380 [info] > git status -z -uall [81ms]
2025-05-27 09:41:31.405 [info] > git for-each-ref --format=%(refname)%00%(upstream:short)%00%(objectname)%00%(upstream:track)%00%(upstream:remotename)%00%(upstream:remoteref) refs/heads/main refs/remotes/main [7ms]
2025-05-27 09:41:31.409 [info] > git config --get --local branch.main.vscode-merge-base [1ms]
2025-05-27 09:41:31.409 [warning] [Git][config] git config failed: Failed to execute git
2025-05-27 09:41:31.412 [info] > git config --get commit.template [9ms]
2025-05-27 09:41:31.416 [info] > git for-each-ref --format=%(refname)%00%(upstream:short)%00%(objectname)%00%(upstream:track)%00%(upstream:remotename)%00%(upstream:remoteref) refs/heads/main refs/remotes/main [1ms]
2025-05-27 09:41:31.449 [info] > git reflog main --grep-reflog=branch: Created from *. [37ms]
2025-05-27 09:41:31.451 [info] > git for-each-ref --sort -committerdate --format %(refname)%00%(objectname)%00%(*objectname) [27ms]
2025-05-27 09:41:31.452 [info] > git symbolic-ref --short refs/remotes/origin/HEAD [2ms]
2025-05-27 09:41:31.452 [info] fatal: ref refs/remotes/origin/HEAD is not a symbolic ref
2025-05-27 09:41:31.452 [warning] [Repository][getDefaultBranch] Failed to get default branch details: Failed to execute git.
2025-05-27 09:41:31.458 [info] > git merge-base refs/heads/main refs/remotes/origin/main [3ms]
2025-05-27 09:41:31.461 [info] > git diff --name-status -z --diff-filter=ADMR ccc927b4c05d270f1bb291818c627b893080305c...refs/remotes/origin/main [1ms]
2025-05-27 09:41:31.578 [info] > git status -z -uall [158ms]
2025-05-27 09:41:31.620 [info] > git show --textconv :my-first-app/package.json [8ms]
2025-05-27 09:41:31.621 [info] > git ls-files --stage -- my-first-app/package.json [6ms]
2025-05-27 09:41:31.625 [info] > git cat-file -s b425bf546972fe1503c9075a154b6b81451132c5 [2ms]
2025-05-27 09:41:31.752 [info] > git blame --root --incremental ccc927b4c05d270f1bb291818c627b893080305c -- my-first-app/package.json [5ms]
2025-05-27 09:41:31.817 [info] > git check-ignore -v -z --stdin [41ms]
2025-05-27 09:41:44.466 [info] > git config --get commit.template [3ms]
2025-05-27 09:41:44.466 [info] > git for-each-ref --format=%(refname)%00%(upstream:short)%00%(objectname)%00%(upstream:track)%00%(upstream:remotename)%00%(upstream:remoteref) refs/heads/main refs/remotes/main [1ms]
2025-05-27 09:41:44.471 [info] > git for-each-ref --sort -committerdate --format %(refname)%00%(objectname)%00%(*objectname) [1ms]
2025-05-27 09:41:44.513 [info] > git status -z -uall [44ms]
2025-05-27 09:41:49.526 [info] > git config --get commit.template [2ms]
2025-05-27 09:41:49.531 [info] > git for-each-ref --format=%(refname)%00%(upstream:short)%00%(objectname)%00%(upstream:track)%00%(upstream:remotename)%00%(upstream:remoteref) refs/heads/main refs/remotes/main [1ms]
2025-05-27 09:41:49.540 [info] > git for-each-ref --sort -committerdate --format %(refname)%00%(objectname)%00%(*objectname) [1ms]
2025-05-27 09:41:49.591 [info] > git status -z -uall [54ms]
2025-05-27 09:42:11.677 [info] > git config --get commit.template [0ms]
2025-05-27 09:42:11.680 [info] > git for-each-ref --format=%(refname)%00%(upstream:short)%00%(objectname)%00%(upstream:track)%00%(upstream:remotename)%00%(upstream:remoteref) refs/heads/main refs/remotes/main [1ms]
2025-05-27 09:42:11.690 [info] > git for-each-ref --sort -committerdate --format %(refname)%00%(objectname)%00%(*objectname) [2ms]
2025-05-27 09:42:11.743 [info] > git status -z -uall [59ms]
2025-05-27 09:42:16.794 [info] > git config --get commit.template [2ms]
2025-05-27 09:42:16.797 [info] > git for-each-ref --format=%(refname)%00%(upstream:short)%00%(objectname)%00%(upstream:track)%00%(upstream:remotename)%00%(upstream:remoteref) refs/heads/main refs/remotes/main [1ms]
2025-05-27 09:42:16.802 [info] > git for-each-ref --sort -committerdate --format %(refname)%00%(objectname)%00%(*objectname) [1ms]
2025-05-27 09:42:16.843 [info] > git status -z -uall [44ms]
2025-05-27 09:42:21.852 [info] > git config --get commit.template [1ms]
2025-05-27 09:42:21.855 [info] > git for-each-ref --format=%(refname)%00%(upstream:short)%00%(objectname)%00%(upstream:track)%00%(upstream:remotename)%00%(upstream:remoteref) refs/heads/main refs/remotes/main [1ms]
2025-05-27 09:42:21.860 [info] > git for-each-ref --sort -committerdate --format %(refname)%00%(objectname)%00%(*objectname) [1ms]
2025-05-27 09:42:21.902 [info] > git status -z -uall [45ms]
2025-05-27 09:42:26.911 [info] > git config --get commit.template [2ms]
2025-05-27 09:42:26.912 [info] > git for-each-ref --format=%(refname)%00%(upstream:short)%00%(objectname)%00%(upstream:track)%00%(upstream:remotename)%00%(upstream:remoteref) refs/heads/main refs/remotes/main [1ms]
2025-05-27 09:42:26.918 [info] > git for-each-ref --sort -committerdate --format %(refname)%00%(objectname)%00%(*objectname) [1ms]
2025-05-27 09:42:26.964 [info] > git status -z -uall [50ms]
2025-05-27 09:42:31.974 [info] > git config --get commit.template [2ms]
2025-05-27 09:42:31.974 [info] > git for-each-ref --format=%(refname)%00%(upstream:short)%00%(objectname)%00%(upstream:track)%00%(upstream:remotename)%00%(upstream:remoteref) refs/heads/main refs/remotes/main [1ms]
2025-05-27 09:42:31.979 [info] > git for-each-ref --sort -committerdate --format %(refname)%00%(objectname)%00%(*objectname) [1ms]
2025-05-27 09:42:32.020 [info] > git status -z -uall [44ms]
2025-05-27 09:42:37.028 [info] > git config --get commit.template [0ms]
2025-05-27 09:42:37.030 [info] > git for-each-ref --format=%(refname)%00%(upstream:short)%00%(objectname)%00%(upstream:track)%00%(upstream:remotename)%00%(upstream:remoteref) refs/heads/main refs/remotes/main [1ms]
2025-05-27 09:42:37.035 [info] > git for-each-ref --sort -committerdate --format %(refname)%00%(objectname)%00%(*objectname) [0ms]
2025-05-27 09:42:37.078 [info] > git status -z -uall [46ms]
2025-05-27 09:42:42.089 [info] > git config --get commit.template [4ms]
2025-05-27 09:42:42.089 [info] > git for-each-ref --format=%(refname)%00%(upstream:short)%00%(objectname)%00%(upstream:track)%00%(upstream:remotename)%00%(upstream:remoteref) refs/heads/main refs/remotes/main [1ms]
2025-05-27 09:42:42.094 [info] > git for-each-ref --sort -committerdate --format %(refname)%00%(objectname)%00%(*objectname) [1ms]
2025-05-27 09:42:42.136 [info] > git status -z -uall [45ms]
2025-05-27 09:42:47.183 [info] > git config --get commit.template [1ms]
2025-05-27 09:42:47.186 [info] > git for-each-ref --format=%(refname)%00%(upstream:short)%00%(objectname)%00%(upstream:track)%00%(upstream:remotename)%00%(upstream:remoteref) refs/heads/main refs/remotes/main [1ms]
2025-05-27 09:42:47.191 [info] > git for-each-ref --sort -committerdate --format %(refname)%00%(objectname)%00%(*objectname) [1ms]
2025-05-27 09:42:47.232 [info] > git status -z -uall [44ms]
2025-05-27 09:42:52.243 [info] > git config --get commit.template [1ms]
2025-05-27 09:42:52.246 [info] > git for-each-ref --format=%(refname)%00%(upstream:short)%00%(objectname)%00%(upstream:track)%00%(upstream:remotename)%00%(upstream:remoteref) refs/heads/main refs/remotes/main [1ms]
2025-05-27 09:42:52.251 [info] > git for-each-ref --sort -committerdate --format %(refname)%00%(objectname)%00%(*objectname) [1ms]
2025-05-27 09:42:52.292 [info] > git status -z -uall [43ms]
2025-05-27 09:42:57.303 [info] > git config --get commit.template [3ms]
2025-05-27 09:42:57.303 [info] > git for-each-ref --format=%(refname)%00%(upstream:short)%00%(objectname)%00%(upstream:track)%00%(upstream:remotename)%00%(upstream:remoteref) refs/heads/main refs/remotes/main [1ms]
2025-05-27 09:42:57.310 [info] > git for-each-ref --sort -committerdate --format %(refname)%00%(objectname)%00%(*objectname) [2ms]
2025-05-27 09:42:57.358 [info] > git status -z -uall [51ms]
2025-05-27 09:43:02.368 [info] > git config --get commit.template [2ms]
2025-05-27 09:43:02.369 [info] > git for-each-ref --format=%(refname)%00%(upstream:short)%00%(objectname)%00%(upstream:track)%00%(upstream:remotename)%00%(upstream:remoteref) refs/heads/main refs/remotes/main [1ms]
2025-05-27 09:43:02.373 [info] > git for-each-ref --sort -committerdate --format %(refname)%00%(objectname)%00%(*objectname) [0ms]
2025-05-27 09:43:02.416 [info] > git status -z -uall [45ms]
2025-05-27 09:43:07.426 [info] > git config --get commit.template [3ms]
2025-05-27 09:43:07.426 [info] > git for-each-ref --format=%(refname)%00%(upstream:short)%00%(objectname)%00%(upstream:track)%00%(upstream:remotename)%00%(upstream:remoteref) refs/heads/main refs/remotes/main [1ms]
2025-05-27 09:43:07.431 [info] > git for-each-ref --sort -committerdate --format %(refname)%00%(objectname)%00%(*objectname) [1ms]
2025-05-27 09:43:07.474 [info] > git status -z -uall [45ms]
2025-05-27 09:43:12.509 [info] > git config --get commit.template [1ms]
2025-05-27 09:43:12.512 [info] > git for-each-ref --format=%(refname)%00%(upstream:short)%00%(objectname)%00%(upstream:track)%00%(upstream:remotename)%00%(upstream:remoteref) refs/heads/main refs/remotes/main [1ms]
2025-05-27 09:43:12.517 [info] > git for-each-ref --sort -committerdate --format %(refname)%00%(objectname)%00%(*objectname) [1ms]
2025-05-27 09:43:12.558 [info] > git status -z -uall [43ms]
2025-05-27 09:43:17.571 [info] > git config --get commit.template [4ms]
2025-05-27 09:43:17.571 [info] > git for-each-ref --format=%(refname)%00%(upstream:short)%00%(objectname)%00%(upstream:track)%00%(upstream:remotename)%00%(upstream:remoteref) refs/heads/main refs/remotes/main [0ms]
2025-05-27 09:43:17.576 [info] > git for-each-ref --sort -committerdate --format %(refname)%00%(objectname)%00%(*objectname) [1ms]
2025-05-27 09:43:17.619 [info] > git status -z -uall [45ms]
2025-05-27 09:43:22.628 [info] > git config --get commit.template [0ms]
2025-05-27 09:43:22.632 [info] > git for-each-ref --format=%(refname)%00%(upstream:short)%00%(objectname)%00%(upstream:track)%00%(upstream:remotename)%00%(upstream:remoteref) refs/heads/main refs/remotes/main [1ms]
2025-05-27 09:43:22.636 [info] > git for-each-ref --sort -committerdate --format %(refname)%00%(objectname)%00%(*objectname) [0ms]
2025-05-27 09:43:22.679 [info] > git status -z -uall [45ms]
2025-05-27 09:43:27.688 [info] > git config --get commit.template [3ms]
2025-05-27 09:43:27.689 [info] > git for-each-ref --format=%(refname)%00%(upstream:short)%00%(objectname)%00%(upstream:track)%00%(upstream:remotename)%00%(upstream:remoteref) refs/heads/main refs/remotes/main [1ms]
2025-05-27 09:43:27.694 [info] > git for-each-ref --sort -committerdate --format %(refname)%00%(objectname)%00%(*objectname) [1ms]
2025-05-27 09:43:27.743 [info] > git status -z -uall [52ms]
2025-05-27 09:43:32.758 [info] > git config --get commit.template [2ms]
2025-05-27 09:43:32.759 [info] > git for-each-ref --format=%(refname)%00%(upstream:short)%00%(objectname)%00%(upstream:track)%00%(upstream:remotename)%00%(upstream:remoteref) refs/heads/main refs/remotes/main [1ms]
2025-05-27 09:43:32.764 [info] > git for-each-ref --sort -committerdate --format %(refname)%00%(objectname)%00%(*objectname) [1ms]
2025-05-27 09:43:32.809 [info] > git status -z -uall [48ms]
2025-05-27 09:43:37.821 [info] > git config --get commit.template [3ms]
2025-05-27 09:43:37.822 [info] > git for-each-ref --format=%(refname)%00%(upstream:short)%00%(objectname)%00%(upstream:track)%00%(upstream:remotename)%00%(upstream:remoteref) refs/heads/main refs/remotes/main [1ms]
2025-05-27 09:43:37.827 [info] > git for-each-ref --sort -committerdate --format %(refname)%00%(objectname)%00%(*objectname) [1ms]
2025-05-27 09:43:37.873 [info] > git status -z -uall [49ms]
2025-05-27 09:43:42.871 [info] > git config --get commit.template [2ms]
2025-05-27 09:43:42.872 [info] > git for-each-ref --format=%(refname)%00%(upstream:short)%00%(objectname)%00%(upstream:track)%00%(upstream:remotename)%00%(upstream:remoteref) refs/heads/main refs/remotes/main [1ms]
2025-05-27 09:43:42.876 [info] > git for-each-ref --sort -committerdate --format %(refname)%00%(objectname)%00%(*objectname) [1ms]
2025-05-27 09:43:42.919 [info] > git status -z -uall [46ms]
2025-05-27 09:43:47.928 [info] > git config --get commit.template [2ms]
2025-05-27 09:43:47.928 [info] > git for-each-ref --format=%(refname)%00%(upstream:short)%00%(objectname)%00%(upstream:track)%00%(upstream:remotename)%00%(upstream:remoteref) refs/heads/main refs/remotes/main [1ms]
2025-05-27 09:43:47.932 [info] > git for-each-ref --sort -committerdate --format %(refname)%00%(objectname)%00%(*objectname) [1ms]
2025-05-27 09:43:47.978 [info] > git status -z -uall [48ms]
2025-05-27 09:43:52.987 [info] > git config --get commit.template [3ms]
2025-05-27 09:43:52.988 [info] > git for-each-ref --format=%(refname)%00%(upstream:short)%00%(objectname)%00%(upstream:track)%00%(upstream:remotename)%00%(upstream:remoteref) refs/heads/main refs/remotes/main [1ms]
2025-05-27 09:43:52.992 [info] > git for-each-ref --sort -committerdate --format %(refname)%00%(objectname)%00%(*objectname) [1ms]
2025-05-27 09:43:53.034 [info] > git status -z -uall [45ms]
2025-05-27 09:43:58.059 [info] > git config --get commit.template [2ms]
2025-05-27 09:43:58.060 [info] > git for-each-ref --format=%(refname)%00%(upstream:short)%00%(objectname)%00%(upstream:track)%00%(upstream:remotename)%00%(upstream:remoteref) refs/heads/main refs/remotes/main [1ms]
2025-05-27 09:43:58.065 [info] > git for-each-ref --sort -committerdate --format %(refname)%00%(objectname)%00%(*objectname) [1ms]
2025-05-27 09:43:58.116 [info] > git status -z -uall [54ms]
2025-05-27 09:44:03.126 [info] > git config --get commit.template [2ms]
2025-05-27 09:44:03.126 [info] > git for-each-ref --format=%(refname)%00%(upstream:short)%00%(objectname)%00%(upstream:track)%00%(upstream:remotename)%00%(upstream:remoteref) refs/heads/main refs/remotes/main [1ms]
2025-05-27 09:44:03.132 [info] > git for-each-ref --sort -committerdate --format %(refname)%00%(objectname)%00%(*objectname) [1ms]
2025-05-27 09:44:03.182 [info] > git status -z -uall [53ms]
2025-05-27 09:44:08.190 [info] > git config --get commit.template [3ms]
2025-05-27 09:44:08.190 [info] > git for-each-ref --format=%(refname)%00%(upstream:short)%00%(objectname)%00%(upstream:track)%00%(upstream:remotename)%00%(upstream:remoteref) refs/heads/main refs/remotes/main [1ms]
2025-05-27 09:44:08.195 [info] > git for-each-ref --sort -committerdate --format %(refname)%00%(objectname)%00%(*objectname) [1ms]
2025-05-27 09:44:08.240 [info] > git status -z -uall [48ms]
2025-05-27 09:44:13.269 [info] > git config --get commit.template [1ms]
2025-05-27 09:44:13.271 [info] > git for-each-ref --format=%(refname)%00%(upstream:short)%00%(objectname)%00%(upstream:track)%00%(upstream:remotename)%00%(upstream:remoteref) refs/heads/main refs/remotes/main [1ms]
2025-05-27 09:44:13.276 [info] > git for-each-ref --sort -committerdate --format %(refname)%00%(objectname)%00%(*objectname) [1ms]
2025-05-27 09:44:13.322 [info] > git status -z -uall [49ms]
2025-05-27 09:44:18.329 [info] > git config --get commit.template [2ms]
2025-05-27 09:44:18.330 [info] > git for-each-ref --format=%(refname)%00%(upstream:short)%00%(objectname)%00%(upstream:track)%00%(upstream:remotename)%00%(upstream:remoteref) refs/heads/main refs/remotes/main [1ms]
2025-05-27 09:44:18.335 [info] > git for-each-ref --sort -committerdate --format %(refname)%00%(objectname)%00%(*objectname) [1ms]
2025-05-27 09:44:18.378 [info] > git status -z -uall [46ms]
2025-05-27 09:44:23.389 [info] > git config --get commit.template [4ms]
2025-05-27 09:44:23.389 [info] > git for-each-ref --format=%(refname)%00%(upstream:short)%00%(objectname)%00%(upstream:track)%00%(upstream:remotename)%00%(upstream:remoteref) refs/heads/main refs/remotes/main [1ms]
2025-05-27 09:44:23.393 [info] > git for-each-ref --sort -committerdate --format %(refname)%00%(objectname)%00%(*objectname) [1ms]
2025-05-27 09:44:23.439 [info] > git status -z -uall [48ms]
2025-05-27 09:44:27.259 [info] > git show --textconv :.bash_history [9ms]
2025-05-27 09:44:27.260 [info] > git ls-files --stage -- .bash_history [8ms]
2025-05-27 09:44:27.263 [info] > git cat-file -s 5a8c56230b9a8b2850afaf807e3b817ca640c188 [1ms]
2025-05-27 09:44:28.447 [info] > git config --get commit.template [2ms]
2025-05-27 09:44:28.448 [info] > git for-each-ref --format=%(refname)%00%(upstream:short)%00%(objectname)%00%(upstream:track)%00%(upstream:remotename)%00%(upstream:remoteref) refs/heads/main refs/remotes/main [1ms]
2025-05-27 09:44:28.453 [info] > git for-each-ref --sort -committerdate --format %(refname)%00%(objectname)%00%(*objectname) [1ms]
2025-05-27 09:44:28.503 [info] > git status -z -uall [53ms]
2025-05-27 09:44:33.514 [info] > git config --get commit.template [3ms]
2025-05-27 09:44:33.515 [info] > git for-each-ref --format=%(refname)%00%(upstream:short)%00%(objectname)%00%(upstream:track)%00%(upstream:remotename)%00%(upstream:remoteref) refs/heads/main refs/remotes/main [0ms]
2025-05-27 09:44:33.519 [info] > git for-each-ref --sort -committerdate --format %(refname)%00%(objectname)%00%(*objectname) [1ms]
2025-05-27 09:44:33.561 [info] > git status -z -uall [44ms]
2025-05-27 09:44:38.572 [info] > git config --get commit.template [4ms]
2025-05-27 09:44:38.574 [info] > git for-each-ref --format=%(refname)%00%(upstream:short)%00%(objectname)%00%(upstream:track)%00%(upstream:remotename)%00%(upstream:remoteref) refs/heads/main refs/remotes/main [2ms]
2025-05-27 09:44:38.580 [info] > git for-each-ref --sort -committerdate --format %(refname)%00%(objectname)%00%(*objectname) [1ms]
2025-05-27 09:44:38.628 [info] > git status -z -uall [51ms]
2025-05-27 09:44:43.563 [info] > git config --get commit.template [4ms]
2025-05-27 09:44:43.564 [info] > git for-each-ref --format=%(refname)%00%(upstream:short)%00%(objectname)%00%(upstream:track)%00%(upstream:remotename)%00%(upstream:remoteref) refs/heads/main refs/remotes/main [2ms]
2025-05-27 09:44:43.569 [info] > git for-each-ref --sort -committerdate --format %(refname)%00%(objectname)%00%(*objectname) [1ms]
2025-05-27 09:44:43.609 [info] > git status -z -uall [43ms]
2025-05-27 09:44:48.621 [info] > git config --get commit.template [3ms]
2025-05-27 09:44:48.622 [info] > git for-each-ref --format=%(refname)%00%(upstream:short)%00%(objectname)%00%(upstream:track)%00%(upstream:remotename)%00%(upstream:remoteref) refs/heads/main refs/remotes/main [1ms]
2025-05-27 09:44:48.626 [info] > git for-each-ref --sort -committerdate --format %(refname)%00%(objectname)%00%(*objectname) [1ms]
2025-05-27 09:44:48.669 [info] > git status -z -uall [45ms]
2025-05-27 09:44:53.677 [info] > git config --get commit.template [3ms]
2025-05-27 09:44:53.677 [info] > git for-each-ref --format=%(refname)%00%(upstream:short)%00%(objectname)%00%(upstream:track)%00%(upstream:remotename)%00%(upstream:remoteref) refs/heads/main refs/remotes/main [0ms]
2025-05-27 09:44:53.682 [info] > git for-each-ref --sort -committerdate --format %(refname)%00%(objectname)%00%(*objectname) [1ms]
2025-05-27 09:44:53.727 [info] > git status -z -uall [48ms]
2025-05-27 09:44:58.735 [info] > git config --get commit.template [1ms]
2025-05-27 09:44:58.738 [info] > git for-each-ref --format=%(refname)%00%(upstream:short)%00%(objectname)%00%(upstream:track)%00%(upstream:remotename)%00%(upstream:remoteref) refs/heads/main refs/remotes/main [1ms]
2025-05-27 09:44:58.744 [info] > git for-each-ref --sort -committerdate --format %(refname)%00%(objectname)%00%(*objectname) [2ms]
2025-05-27 09:44:58.790 [info] > git status -z -uall [50ms]
2025-05-27 09:45:03.802 [info] > git config --get commit.template [3ms]
2025-05-27 09:45:03.803 [info] > git for-each-ref --format=%(refname)%00%(upstream:short)%00%(objectname)%00%(upstream:track)%00%(upstream:remotename)%00%(upstream:remoteref) refs/heads/main refs/remotes/main [1ms]
2025-05-27 09:45:03.807 [info] > git for-each-ref --sort -committerdate --format %(refname)%00%(objectname)%00%(*objectname) [1ms]
2025-05-27 09:45:03.848 [info] > git status -z -uall [43ms]
2025-05-27 09:45:08.859 [info] > git config --get commit.template [4ms]
2025-05-27 09:45:08.859 [info] > git for-each-ref --format=%(refname)%00%(upstream:short)%00%(objectname)%00%(upstream:track)%00%(upstream:remotename)%00%(upstream:remoteref) refs/heads/main refs/remotes/main [1ms]
2025-05-27 09:45:08.866 [info] > git for-each-ref --sort -committerdate --format %(refname)%00%(objectname)%00%(*objectname) [1ms]
2025-05-27 09:45:08.914 [info] > git status -z -uall [52ms]
2025-05-27 09:45:13.870 [info] > git config --get commit.template [3ms]
2025-05-27 09:45:13.871 [info] > git for-each-ref --format=%(refname)%00%(upstream:short)%00%(objectname)%00%(upstream:track)%00%(upstream:remotename)%00%(upstream:remoteref) refs/heads/main refs/remotes/main [1ms]
2025-05-27 09:45:13.876 [info] > git for-each-ref --sort -committerdate --format %(refname)%00%(objectname)%00%(*objectname) [1ms]
2025-05-27 09:45:13.920 [info] > git status -z -uall [47ms]
2025-05-27 09:45:18.926 [info] > git config --get commit.template [1ms]
2025-05-27 09:45:18.928 [info] > git for-each-ref --format=%(refname)%00%(upstream:short)%00%(objectname)%00%(upstream:track)%00%(upstream:remotename)%00%(upstream:remoteref) refs/heads/main refs/remotes/main [1ms]
2025-05-27 09:45:18.932 [info] > git for-each-ref --sort -committerdate --format %(refname)%00%(objectname)%00%(*objectname) [1ms]
2025-05-27 09:45:18.975 [info] > git status -z -uall [45ms]
2025-05-27 09:45:23.984 [info] > git config --get commit.template [1ms]
2025-05-27 09:45:23.987 [info] > git for-each-ref --format=%(refname)%00%(upstream:short)%00%(objectname)%00%(upstream:track)%00%(upstream:remotename)%00%(upstream:remoteref) refs/heads/main refs/remotes/main [1ms]
2025-05-27 09:45:23.992 [info] > git for-each-ref --sort -committerdate --format %(refname)%00%(objectname)%00%(*objectname) [1ms]
2025-05-27 09:45:24.037 [info] > git status -z -uall [48ms]
2025-05-27 09:45:29.049 [info] > git config --get commit.template [4ms]
2025-05-27 09:45:29.049 [info] > git for-each-ref --format=%(refname)%00%(upstream:short)%00%(objectname)%00%(upstream:track)%00%(upstream:remotename)%00%(upstream:remoteref) refs/heads/main refs/remotes/main [1ms]
2025-05-27 09:45:29.054 [info] > git for-each-ref --sort -committerdate --format %(refname)%00%(objectname)%00%(*objectname) [1ms]
2025-05-27 09:45:29.102 [info] > git status -z -uall [50ms]
