2025-05-23 14:01:22.587 [info] [main] Log level: Info
2025-05-23 14:01:22.587 [info] [main] Validating found git in: "git"
2025-05-23 14:01:22.587 [info] [main] Using git "2.43.0" from "git"
2025-05-23 14:01:22.587 [info] [Model][doInitialScan] Initial repository scan started
2025-05-23 14:01:22.587 [info] > git rev-parse --show-toplevel [6ms]
2025-05-23 14:01:22.587 [info] fatal: not a git repository (or any of the parent directories): .git
2025-05-23 14:01:22.588 [info] > git rev-parse --show-toplevel [2ms]
2025-05-23 14:01:22.588 [info] fatal: not a git repository (or any of the parent directories): .git
2025-05-23 14:01:22.606 [info] > git rev-parse --show-toplevel [15ms]
2025-05-23 14:01:22.606 [info] fatal: not a git repository (or any of the parent directories): .git
2025-05-23 14:01:22.612 [info] > git rev-parse --show-toplevel [2ms]
2025-05-23 14:01:22.612 [info] fatal: not a git repository (or any of the parent directories): .git
2025-05-23 14:01:22.617 [info] > git rev-parse --show-toplevel [1ms]
2025-05-23 14:01:22.617 [info] fatal: not a git repository (or any of the parent directories): .git
2025-05-23 14:01:22.622 [info] > git rev-parse --show-toplevel [1ms]
2025-05-23 14:01:22.622 [info] fatal: not a git repository (or any of the parent directories): .git
2025-05-23 14:01:22.627 [info] > git rev-parse --show-toplevel [1ms]
2025-05-23 14:01:22.627 [info] fatal: not a git repository (or any of the parent directories): .git
2025-05-23 14:01:22.631 [info] > git rev-parse --show-toplevel [1ms]
2025-05-23 14:01:22.631 [info] fatal: not a git repository (or any of the parent directories): .git
2025-05-23 14:01:22.636 [info] > git rev-parse --show-toplevel [1ms]
2025-05-23 14:01:22.636 [info] fatal: not a git repository (or any of the parent directories): .git
2025-05-23 14:01:22.641 [info] > git rev-parse --show-toplevel [2ms]
2025-05-23 14:01:22.641 [info] fatal: not a git repository (or any of the parent directories): .git
2025-05-23 14:01:22.645 [info] > git rev-parse --show-toplevel [1ms]
2025-05-23 14:01:22.645 [info] fatal: not a git repository (or any of the parent directories): .git
2025-05-23 14:01:22.651 [info] > git rev-parse --show-toplevel [2ms]
2025-05-23 14:01:22.651 [info] fatal: not a git repository (or any of the parent directories): .git
2025-05-23 14:01:22.654 [info] > git rev-parse --show-toplevel [1ms]
2025-05-23 14:01:22.654 [info] fatal: not a git repository (or any of the parent directories): .git
2025-05-23 14:01:22.656 [info] [Model][doInitialScan] Initial repository scan completed - repositories (0), closed repositories (0), parent repositories (0), unsafe repositories (0)
2025-05-23 14:01:23.389 [info] > git rev-parse --show-toplevel [1ms]
2025-05-23 14:01:23.389 [info] fatal: not a git repository (or any of the parent directories): .git
2025-05-23 14:01:51.972 [info] > git rev-parse --show-toplevel [2ms]
2025-05-23 14:01:51.972 [info] fatal: not a git repository (or any of the parent directories): .git
2025-05-23 14:01:54.631 [info] > git rev-parse --show-toplevel [2ms]
2025-05-23 14:01:54.631 [info] fatal: not a git repository (or any of the parent directories): .git
2025-05-23 14:01:56.083 [info] > git rev-parse --show-toplevel [1ms]
2025-05-23 14:01:56.083 [info] fatal: not a git repository (or any of the parent directories): .git
2025-05-23 14:01:58.212 [info] > git rev-parse --show-toplevel [1ms]
2025-05-23 14:01:58.212 [info] fatal: not a git repository (or any of the parent directories): .git
2025-05-23 14:01:59.519 [info] > git rev-parse --show-toplevel [2ms]
2025-05-23 14:01:59.519 [info] fatal: not a git repository (or any of the parent directories): .git
2025-05-23 14:03:18.401 [info] > git rev-parse --show-toplevel [13ms]
2025-05-23 14:03:18.402 [info] fatal: not a git repository (or any of the parent directories): .git
2025-05-23 14:05:35.801 [info] > git rev-parse --show-toplevel [1ms]
2025-05-23 14:05:35.801 [info] fatal: not a git repository (or any of the parent directories): .git
2025-05-23 14:06:20.236 [info] > git rev-parse --show-toplevel [4ms]
2025-05-23 14:06:20.236 [info] fatal: not a git repository (or any of the parent directories): .git
2025-05-23 14:09:14.533 [info] > git rev-parse --show-toplevel [3ms]
2025-05-23 14:09:14.534 [info] fatal: not a git repository (or any of the parent directories): .git
2025-05-23 14:09:16.345 [info] > git rev-parse --show-toplevel [2ms]
2025-05-23 14:09:16.345 [info] fatal: not a git repository (or any of the parent directories): .git
2025-05-23 14:09:17.038 [info] > git rev-parse --show-toplevel [1ms]
2025-05-23 14:09:17.038 [info] fatal: not a git repository (or any of the parent directories): .git
